2025-12-15 09:58:32,378	INFO log_monitor.py:157 -- Starting log monitor with [max open files=200], [is_autoscaler_v2=False]
2025-12-15 09:58:32,384	INFO log_monitor.py:279 -- Beginning to track file worker-42c38306a5e59dadfb10bf7b075e10a3f7ae9b70879cb8e3592f86c7-ffffffff-12440.err
2025-12-15 09:58:32,384	INFO log_monitor.py:279 -- Beginning to track file worker-42c38306a5e59dadfb10bf7b075e10a3f7ae9b70879cb8e3592f86c7-ffffffff-12440.out
2025-12-15 09:58:32,384	INFO log_monitor.py:279 -- Beginning to track file worker-45c385e157ab751dfb9e5aa237e2ca3cfe3eae2c93748eef3085586b-ffffffff-7812.err
2025-12-15 09:58:32,384	INFO log_monitor.py:279 -- Beginning to track file worker-45c385e157ab751dfb9e5aa237e2ca3cfe3eae2c93748eef3085586b-ffffffff-7812.out
2025-12-15 09:58:32,386	INFO log_monitor.py:279 -- Beginning to track file worker-510ba36ea4f821e2955d7dd5d39360683c143f13e6c6c9ab2340a4fd-ffffffff-20088.err
2025-12-15 09:58:32,386	INFO log_monitor.py:279 -- Beginning to track file worker-510ba36ea4f821e2955d7dd5d39360683c143f13e6c6c9ab2340a4fd-ffffffff-20088.out
2025-12-15 09:58:32,386	INFO log_monitor.py:279 -- Beginning to track file worker-a3c0180d9805eea1275b4066bfc0b1e29493185b36e51dfe3ff8b980-ffffffff-22296.err
2025-12-15 09:58:32,386	INFO log_monitor.py:279 -- Beginning to track file worker-a3c0180d9805eea1275b4066bfc0b1e29493185b36e51dfe3ff8b980-ffffffff-22296.out
2025-12-15 09:58:32,388	INFO log_monitor.py:279 -- Beginning to track file worker-b87751b7d8d4b1b88e5c29d564b100137116ecd72d70b9c33ce7862a-ffffffff-6316.err
2025-12-15 09:58:32,388	INFO log_monitor.py:279 -- Beginning to track file worker-b87751b7d8d4b1b88e5c29d564b100137116ecd72d70b9c33ce7862a-ffffffff-6316.out
2025-12-15 09:58:32,388	INFO log_monitor.py:279 -- Beginning to track file raylet.err
2025-12-15 09:58:32,388	INFO log_monitor.py:279 -- Beginning to track file monitor.log
2025-12-15 09:58:32,388	INFO log_monitor.py:279 -- Beginning to track file gcs_server.err
2025-12-15 09:58:32,500	INFO log_monitor.py:279 -- Beginning to track file worker-74648cc71a27d25c27f391c8052107643f02e098258f8c14ab40c08f-ffffffff-23140.err
2025-12-15 09:58:32,500	INFO log_monitor.py:279 -- Beginning to track file worker-74648cc71a27d25c27f391c8052107643f02e098258f8c14ab40c08f-ffffffff-23140.out
2025-12-15 09:58:32,502	INFO log_monitor.py:279 -- Beginning to track file worker-79869abed8331e4c0e1343e7081fdfbd6da3c0805dec3fd2663a9568-ffffffff-5020.err
2025-12-15 09:58:32,502	INFO log_monitor.py:279 -- Beginning to track file worker-79869abed8331e4c0e1343e7081fdfbd6da3c0805dec3fd2663a9568-ffffffff-5020.out
2025-12-15 09:58:32,605	INFO log_monitor.py:279 -- Beginning to track file worker-1c35dc8d1c77b8627967285b71d256db700410c15575b843c791f784-ffffffff-26348.err
2025-12-15 09:58:32,607	INFO log_monitor.py:279 -- Beginning to track file worker-1c35dc8d1c77b8627967285b71d256db700410c15575b843c791f784-ffffffff-26348.out
2025-12-15 09:58:35,011	INFO log_monitor.py:279 -- Beginning to track file worker-0c57325e264d8885abb897d4134cec1ec56acf1416caf424afbe163f-01000000-6792.err
2025-12-15 09:58:35,011	INFO log_monitor.py:279 -- Beginning to track file worker-0c57325e264d8885abb897d4134cec1ec56acf1416caf424afbe163f-01000000-6792.out
2025-12-15 09:58:44,560	INFO log_monitor.py:279 -- Beginning to track file worker-0908ac46f6b5929dbd1c6e5e4e913a358369fb1221fdba94bc3f9acf-01000000-15388.err
2025-12-15 09:58:44,562	INFO log_monitor.py:279 -- Beginning to track file worker-0908ac46f6b5929dbd1c6e5e4e913a358369fb1221fdba94bc3f9acf-01000000-15388.out
2025-12-15 09:58:44,562	INFO log_monitor.py:279 -- Beginning to track file worker-3f0d62cdfbb23e67e2169b5e45928d6433d3458aa1aa3f9dbc95b379-01000000-6368.err
2025-12-15 09:58:44,562	INFO log_monitor.py:279 -- Beginning to track file worker-3f0d62cdfbb23e67e2169b5e45928d6433d3458aa1aa3f9dbc95b379-01000000-6368.out
2025-12-15 09:58:44,672	INFO log_monitor.py:279 -- Beginning to track file worker-36c980a9070f626cb1710f574c3b1212e6dd0bb43120148e6fced01e-01000000-18376.err
2025-12-15 09:58:44,673	INFO log_monitor.py:279 -- Beginning to track file worker-36c980a9070f626cb1710f574c3b1212e6dd0bb43120148e6fced01e-01000000-18376.out
2025-12-15 09:58:44,673	INFO log_monitor.py:279 -- Beginning to track file worker-55181557c6737a511d88c3210eb5ad3443a2f8bfe04d85bfcafe9778-01000000-26060.err
2025-12-15 09:58:44,673	INFO log_monitor.py:279 -- Beginning to track file worker-55181557c6737a511d88c3210eb5ad3443a2f8bfe04d85bfcafe9778-01000000-26060.out
2025-12-15 10:07:19,603	ERROR log_monitor.py:365 -- Failed to publish log messages {'ip': '127.0.0.1', 'pid': 'raylet', 'job': None, 'is_err': True, 'lines': ['*** SIGSEGV received at time=1765773439 ***', '    @   00007FF6100FCCF9  (unknown)  (unknown)', '    @   00007FF9A1EDF47F  (unknown)  (unknown)', '    @   00007FF9B92462FF  (unknown)  (unknown)', '    @   00007FF9B90F2327  (unknown)  (unknown)', '    @   00007FF9B9245C3E  (unknown)  (unknown)', '    @   00007FF60F99CA2A  (unknown)  (unknown)', '    @   00007FF60FA2CB94  (unknown)  (unknown)', '    @   00007FF60FA2B66F  (unknown)  (unknown)', '    @   00007FF60FA2E9FD  (unknown)  (unknown)', '    @   00007FF60F99E3D2  (unknown)  (unknown)', '    @   00007FF60F9993B0  (unknown)  (unknown)', '    @   00007FF60F90E9D4  (unknown)  (unknown)', '    @   00007FF60F948781  (unknown)  (unknown)', '    @   00007FF60F72F2D9  (unknown)  (unknown)', '    @   00007FF60FABFBC9  (unknown)  (unknown)', '    @   00007FF60FAB839E  (unknown)  (unknown)', '    @   00007FF60FAB8928  (unknown)  (unknown)', '    @   00007FF61006DFBC  (unknown)  (unknown)', '    @   00007FF610073254  (unknown)  (unknown)', '    @   00007FF6100725B3  (unknown)  (unknown)', '    @   00007FF60F73C26C  (unknown)  (unknown)', '    @   00007FF6100B6D78  (unknown)  (unknown)', '    @   00007FF9B6FFE8D7  (unknown)  (unknown)', '    @   00007FF9B916C53C  (unknown)  (unknown)', '[2025-12-15 10:07:19,396 E 4328 24928] (raylet.exe) logging.cc:474: *** SIGSEGV received at time=1765773439 ***', '[2025-12-15 10:07:19,396 E 4328 24928] (raylet.exe) logging.cc:474:     @   00007FF6100FCCF9  (unknown)  (unknown)', '[2025-12-15 10:07:19,396 E 4328 24928] (raylet.exe) logging.cc:474:     @   00007FF9A1EDF47F  (unknown)  (unknown)', '[2025-12-15 10:07:19,396 E 4328 24928] (raylet.exe) logging.cc:474:     @   00007FF9B92462FF  (unknown)  (unknown)', '[2025-12-15 10:07:19,396 E 4328 24928] (raylet.exe) logging.cc:474:     @   00007FF9B90F2327  (unknown)  (unknown)', '[2025-12-15 10:07:19,396 E 4328 24928] (raylet.exe) logging.cc:474:     @   00007FF9B9245C3E  (unknown)  (unknown)', '[2025-12-15 10:07:19,396 E 4328 24928] (raylet.exe) logging.cc:474:     @   00007FF60F99CA2A  (unknown)  (unknown)', '[2025-12-15 10:07:19,397 E 4328 24928] (raylet.exe) logging.cc:474:     @   00007FF60FA2CB94  (unknown)  (unknown)', '[2025-12-15 10:07:19,397 E 4328 24928] (raylet.exe) logging.cc:474:     @   00007FF60FA2B66F  (unknown)  (unknown)', '[2025-12-15 10:07:19,397 E 4328 24928] (raylet.exe) logging.cc:474:     @   00007FF60FA2E9FD  (unknown)  (unknown)', '[2025-12-15 10:07:19,397 E 4328 24928] (raylet.exe) logging.cc:474:     @   00007FF60F99E3D2  (unknown)  (unknown)', '[2025-12-15 10:07:19,397 E 4328 24928] (raylet.exe) logging.cc:474:     @   00007FF60F9993B0  (unknown)  (unknown)', '[2025-12-15 10:07:19,397 E 4328 24928] (raylet.exe) logging.cc:474:     @   00007FF60F90E9D4  (unknown)  (unknown)', '[2025-12-15 10:07:19,397 E 4328 24928] (raylet.exe) logging.cc:474:     @   00007FF60F948781  (unknown)  (unknown)', '[2025-12-15 10:07:19,397 E 4328 24928] (raylet.exe) logging.cc:474:     @   00007FF60F72F2D9  (unknown)  (unknown)', '[2025-12-15 10:07:19,397 E 4328 24928] (raylet.exe) logging.cc:474:     @   00007FF60FABFBC9  (unknown)  (unknown)', '[2025-12-15 10:07:19,397 E 4328 24928] (raylet.exe) logging.cc:474:     @   00007FF60FAB839E  (unknown)  (unknown)', '[2025-12-15 10:07:19,397 E 4328 24928] (raylet.exe) logging.cc:474:     @   00007FF60FAB8928  (unknown)  (unknown)', '[2025-12-15 10:07:19,397 E 4328 24928] (raylet.exe) logging.cc:474:     @   00007FF61006DFBC  (unknown)  (unknown)', '[2025-12-15 10:07:19,397 E 4328 24928] (raylet.exe) logging.cc:474:     @   00007FF610073254  (unknown)  (unknown)', '[2025-12-15 10:07:19,397 E 4328 24928] (raylet.exe) logging.cc:474:     @   00007FF6100725B3  (unknown)  (unknown)', '[2025-12-15 10:07:19,397 E 4328 24928] (raylet.exe) logging.cc:474:     @   00007FF60F73C26C  (unknown)  (unknown)', '[2025-12-15 10:07:19,397 E 4328 24928] (raylet.exe) logging.cc:474:     @   00007FF6100B6D78  (unknown)  (unknown)', '[2025-12-15 10:07:19,397 E 4328 24928] (raylet.exe) logging.cc:474:     @   00007FF9B6FFE8D7  (unknown)  (unknown)', '[2025-12-15 10:07:19,397 E 4328 24928] (raylet.exe) logging.cc:474:     @   00007FF9B916C53C  (unknown)  (unknown)', 'Stack (most recent call first):', 'Stack (most recent call first):', '  File   File "C:\\Users\\sivas\\AppData\\Roaming\\Python\\Python311\\site-packages\\ray\\_private\\worker.py", line 984 in "C:\\Users\\sivas\\AppData\\Roaming\\Python\\Python311\\site-packages\\ray\\_private\\worker.py"main_loop', '  File , line 984 in main_loop', '  File "C:\\Users\\sivas\\AppData\\Roaming\\Python\\Python311\\site-packages\\ray\\_private\\workers\\default_worker.py", line 323 in <module>', '"C:\\Users\\sivas\\AppData\\Roaming\\Python\\Python311\\site-packages\\ray\\_private\\workers\\default_worker.py", line 323 in <module>'], 'actor_name': None, 'task_name': None}
Traceback (most recent call last):
  File "C:\Users\sivas\AppData\Roaming\Python\Python311\site-packages\ray\_private\log_monitor.py", line 363, in flush
    self.gcs_client.publish_logs(data)
  File "python\\ray\\includes/gcs_client.pxi", line 656, in ray._raylet.InnerGcsClient.publish_logs
  File "python\\ray\\includes/common.pxi", line 133, in ray._raylet.check_status_timeout_as_rpc_error
  File "python\\ray\\includes/common.pxi", line 108, in ray._raylet.check_status
ray.exceptions.RpcError: RPC Error message: CANCELLED; RPC Error details: 
