2025-12-15 09:58:28,758	INFO monitor.py:726 -- Starting monitor using ray installation: C:\Users\sivas\AppData\Roaming\Python\Python311\site-packages\ray\__init__.py
2025-12-15 09:58:28,759	INFO monitor.py:727 -- Ray version: 2.49.2
2025-12-15 09:58:28,759	INFO monitor.py:728 -- Ray commit: 479fa716904109d9df4b56b98ca3c3350e1ec13c
2025-12-15 09:58:28,759	INFO monitor.py:729 -- Monitor started with command: ['C:\\Users\\sivas\\AppData\\Roaming\\Python\\Python311\\site-packages\\ray\\autoscaler\\_private\\monitor.py', '--logs-dir=c:\\Users\\sivas\\final\\ray_temp\\session_2025-12-15_09-58-26_676743_25596\\logs', '--logging-rotate-bytes=536870912', '--logging-rotate-backup-count=5', '--gcs-address=127.0.0.1:64025', '--stdout-filepath=c:\\Users\\sivas\\final\\ray_temp\\session_2025-12-15_09-58-26_676743_25596\\logs\\monitor.out', '--stderr-filepath=c:\\Users\\sivas\\final\\ray_temp\\session_2025-12-15_09-58-26_676743_25596\\logs\\monitor.err', '--monitor-ip=127.0.0.1']
2025-12-15 09:58:28,765	INFO monitor.py:161 -- session_name: session_2025-12-15_09-58-26_676743_25596
2025-12-15 09:58:28,766	WARNING monitor.py:214 -- `prometheus_client` not found, so metrics will not be exported.
2025-12-15 09:58:28,767	INFO monitor.py:218 -- Monitor: Started
2025-12-15 09:58:28,781	INFO autoscaler.py:280 -- disable_node_updaters:False
2025-12-15 09:58:28,781	INFO autoscaler.py:289 -- disable_launch_config_check:True
2025-12-15 09:58:28,781	INFO autoscaler.py:301 -- foreground_node_launch:False
2025-12-15 09:58:28,781	INFO autoscaler.py:311 -- worker_liveness_check:True
2025-12-15 09:58:28,782	INFO autoscaler.py:361 -- StandardAutoscaler: {'cluster_name': 'default', 'max_workers': 0, 'upscaling_speed': 1.0, 'docker': {}, 'idle_timeout_minutes': 0, 'provider': {'type': 'readonly', 'use_node_id_as_ip': True, 'disable_launch_config_check': True}, 'auth': {}, 'available_node_types': {'ray.head.default': {'resources': {}, 'node_config': {}, 'max_workers': 0}}, 'head_node_type': 'ray.head.default', 'file_mounts': {}, 'cluster_synced_files': [], 'file_mounts_sync_continuously': False, 'rsync_exclude': [], 'rsync_filter': [], 'initialization_commands': [], 'setup_commands': [], 'head_setup_commands': [], 'worker_setup_commands': [], 'head_start_ray_commands': [], 'worker_start_ray_commands': []}
2025-12-15 09:58:28,791	INFO monitor.py:404 -- Autoscaler has not yet received load metrics. Waiting.
2025-12-15 09:58:33,799	INFO autoscaler.py:147 -- The autoscaler took 0.0 seconds to fetch the list of non-terminated nodes.
2025-12-15 09:58:33,799	INFO autoscaler.py:408 -- 
======== Autoscaler status: 2025-12-15 09:58:33.799794 ========
Node status
---------------------------------------------------------------
Active:
 1 node_95dee78f09d0786a6c8739f9bd73fc7da8a1073d0f113cf414b55469
Pending:
 (no pending nodes)
Recent failures:
 (no failures)

Resources
---------------------------------------------------------------
Total Usage:
 1.0/8.0 CPU (1.0 used of 5.0 reserved in placement groups)
 0B/573.01MiB memory
 206.51KiB/245.58MiB object_store_memory

Total Constraints:
 (no request_resources() constraints)
Total Demands:
 (no resource demands)
2025-12-15 09:58:33,799	INFO autoscaler.py:463 -- The autoscaler took 0.0 seconds to complete the update iteration.
2025-12-15 09:58:38,811	INFO autoscaler.py:147 -- The autoscaler took 0.0 seconds to fetch the list of non-terminated nodes.
2025-12-15 09:58:38,813	INFO autoscaler.py:408 -- 
======== Autoscaler status: 2025-12-15 09:58:38.813979 ========
Node status
---------------------------------------------------------------
Active:
 1 node_95dee78f09d0786a6c8739f9bd73fc7da8a1073d0f113cf414b55469
Pending:
 (no pending nodes)
Recent failures:
 (no failures)

Resources
---------------------------------------------------------------
Total Usage:
 1.0/8.0 CPU (1.0 used of 5.0 reserved in placement groups)
 0B/573.01MiB memory
 206.51KiB/245.58MiB object_store_memory

Total Constraints:
 (no request_resources() constraints)
Total Demands:
 (no resource demands)
2025-12-15 09:58:38,813	INFO autoscaler.py:463 -- The autoscaler took 0.002 seconds to complete the update iteration.
2025-12-15 09:58:43,818	INFO autoscaler.py:147 -- The autoscaler took 0.0 seconds to fetch the list of non-terminated nodes.
2025-12-15 09:58:43,820	INFO autoscaler.py:408 -- 
======== Autoscaler status: 2025-12-15 09:58:43.818538 ========
Node status
---------------------------------------------------------------
Active:
 1 node_95dee78f09d0786a6c8739f9bd73fc7da8a1073d0f113cf414b55469
Pending:
 (no pending nodes)
Recent failures:
 (no failures)

Resources
---------------------------------------------------------------
Total Usage:
 5.0/8.0 CPU (5.0 used of 5.0 reserved in placement groups)
 0B/573.01MiB memory
 413.87KiB/245.58MiB object_store_memory

Total Constraints:
 (no request_resources() constraints)
Total Demands:
 (no resource demands)
2025-12-15 09:58:43,821	INFO autoscaler.py:463 -- The autoscaler took 0.003 seconds to complete the update iteration.
2025-12-15 09:58:48,827	INFO autoscaler.py:147 -- The autoscaler took 0.0 seconds to fetch the list of non-terminated nodes.
2025-12-15 09:58:48,827	INFO autoscaler.py:408 -- 
======== Autoscaler status: 2025-12-15 09:58:48.827268 ========
Node status
---------------------------------------------------------------
Active:
 1 node_95dee78f09d0786a6c8739f9bd73fc7da8a1073d0f113cf414b55469
Pending:
 (no pending nodes)
Recent failures:
 (no failures)

Resources
---------------------------------------------------------------
Total Usage:
 5.0/8.0 CPU (5.0 used of 5.0 reserved in placement groups)
 0B/573.01MiB memory
 413.87KiB/245.58MiB object_store_memory

Total Constraints:
 (no request_resources() constraints)
Total Demands:
 (no resource demands)
2025-12-15 09:58:48,829	INFO autoscaler.py:463 -- The autoscaler took 0.002 seconds to complete the update iteration.
2025-12-15 09:58:53,834	INFO autoscaler.py:147 -- The autoscaler took 0.0 seconds to fetch the list of non-terminated nodes.
2025-12-15 09:58:53,835	INFO autoscaler.py:408 -- 
======== Autoscaler status: 2025-12-15 09:58:53.835063 ========
Node status
---------------------------------------------------------------
Active:
 1 node_95dee78f09d0786a6c8739f9bd73fc7da8a1073d0f113cf414b55469
Pending:
 (no pending nodes)
Recent failures:
 (no failures)

Resources
---------------------------------------------------------------
Total Usage:
 5.0/8.0 CPU (5.0 used of 5.0 reserved in placement groups)
 0B/573.01MiB memory
 413.87KiB/245.58MiB object_store_memory

Total Constraints:
 (no request_resources() constraints)
Total Demands:
 (no resource demands)
2025-12-15 09:58:53,837	INFO autoscaler.py:463 -- The autoscaler took 0.003 seconds to complete the update iteration.
2025-12-15 09:58:58,841	INFO autoscaler.py:147 -- The autoscaler took 0.0 seconds to fetch the list of non-terminated nodes.
2025-12-15 09:58:58,841	INFO autoscaler.py:408 -- 
======== Autoscaler status: 2025-12-15 09:58:58.841117 ========
Node status
---------------------------------------------------------------
Active:
 1 node_95dee78f09d0786a6c8739f9bd73fc7da8a1073d0f113cf414b55469
Pending:
 (no pending nodes)
Recent failures:
 (no failures)

Resources
---------------------------------------------------------------
Total Usage:
 5.0/8.0 CPU (5.0 used of 5.0 reserved in placement groups)
 0B/573.01MiB memory
 413.87KiB/245.58MiB object_store_memory

Total Constraints:
 (no request_resources() constraints)
Total Demands:
 (no resource demands)
2025-12-15 09:58:58,842	INFO autoscaler.py:463 -- The autoscaler took 0.002 seconds to complete the update iteration.
2025-12-15 09:59:03,846	INFO autoscaler.py:147 -- The autoscaler took 0.0 seconds to fetch the list of non-terminated nodes.
2025-12-15 09:59:03,846	INFO autoscaler.py:408 -- 
======== Autoscaler status: 2025-12-15 09:59:03.846463 ========
Node status
---------------------------------------------------------------
Active:
 1 node_95dee78f09d0786a6c8739f9bd73fc7da8a1073d0f113cf414b55469
Pending:
 (no pending nodes)
Recent failures:
 (no failures)

Resources
---------------------------------------------------------------
Total Usage:
 5.0/8.0 CPU (5.0 used of 5.0 reserved in placement groups)
 0B/573.01MiB memory
 207.36KiB/245.58MiB object_store_memory

Total Constraints:
 (no request_resources() constraints)
Total Demands:
 (no resource demands)
2025-12-15 09:59:03,848	INFO autoscaler.py:463 -- The autoscaler took 0.002 seconds to complete the update iteration.
2025-12-15 09:59:08,852	INFO autoscaler.py:147 -- The autoscaler took 0.0 seconds to fetch the list of non-terminated nodes.
2025-12-15 09:59:08,853	INFO autoscaler.py:408 -- 
======== Autoscaler status: 2025-12-15 09:59:08.853408 ========
Node status
---------------------------------------------------------------
Active:
 1 node_95dee78f09d0786a6c8739f9bd73fc7da8a1073d0f113cf414b55469
Pending:
 (no pending nodes)
Recent failures:
 (no failures)

Resources
---------------------------------------------------------------
Total Usage:
 5.0/8.0 CPU (5.0 used of 5.0 reserved in placement groups)
 0B/573.01MiB memory
 417.40KiB/245.58MiB object_store_memory

Total Constraints:
 (no request_resources() constraints)
Total Demands:
 (no resource demands)
2025-12-15 09:59:08,854	INFO autoscaler.py:463 -- The autoscaler took 0.002 seconds to complete the update iteration.
2025-12-15 09:59:13,859	INFO autoscaler.py:147 -- The autoscaler took 0.0 seconds to fetch the list of non-terminated nodes.
2025-12-15 09:59:13,860	INFO autoscaler.py:408 -- 
======== Autoscaler status: 2025-12-15 09:59:13.860767 ========
Node status
---------------------------------------------------------------
Active:
 1 node_95dee78f09d0786a6c8739f9bd73fc7da8a1073d0f113cf414b55469
Pending:
 (no pending nodes)
Recent failures:
 (no failures)

Resources
---------------------------------------------------------------
Total Usage:
 5.0/8.0 CPU (5.0 used of 5.0 reserved in placement groups)
 0B/573.01MiB memory
 417.40KiB/245.58MiB object_store_memory

Total Constraints:
 (no request_resources() constraints)
Total Demands:
 (no resource demands)
2025-12-15 09:59:13,861	INFO autoscaler.py:463 -- The autoscaler took 0.002 seconds to complete the update iteration.
2025-12-15 09:59:18,866	INFO autoscaler.py:147 -- The autoscaler took 0.0 seconds to fetch the list of non-terminated nodes.
2025-12-15 09:59:18,867	INFO autoscaler.py:408 -- 
======== Autoscaler status: 2025-12-15 09:59:18.867844 ========
Node status
---------------------------------------------------------------
Active:
 1 node_95dee78f09d0786a6c8739f9bd73fc7da8a1073d0f113cf414b55469
Pending:
 (no pending nodes)
Recent failures:
 (no failures)

Resources
---------------------------------------------------------------
Total Usage:
 5.0/8.0 CPU (5.0 used of 5.0 reserved in placement groups)
 0B/573.01MiB memory
 627.53KiB/245.58MiB object_store_memory

Total Constraints:
 (no request_resources() constraints)
Total Demands:
 (no resource demands)
2025-12-15 09:59:18,869	INFO autoscaler.py:463 -- The autoscaler took 0.003 seconds to complete the update iteration.
2025-12-15 09:59:23,873	INFO autoscaler.py:147 -- The autoscaler took 0.0 seconds to fetch the list of non-terminated nodes.
2025-12-15 09:59:23,873	INFO autoscaler.py:408 -- 
======== Autoscaler status: 2025-12-15 09:59:23.873493 ========
Node status
---------------------------------------------------------------
Active:
 1 node_95dee78f09d0786a6c8739f9bd73fc7da8a1073d0f113cf414b55469
Pending:
 (no pending nodes)
Recent failures:
 (no failures)

Resources
---------------------------------------------------------------
Total Usage:
 5.0/8.0 CPU (5.0 used of 5.0 reserved in placement groups)
 0B/573.01MiB memory
 837.65KiB/245.58MiB object_store_memory

Total Constraints:
 (no request_resources() constraints)
Total Demands:
 (no resource demands)
2025-12-15 09:59:23,874	INFO autoscaler.py:463 -- The autoscaler took 0.001 seconds to complete the update iteration.
2025-12-15 09:59:28,879	INFO autoscaler.py:147 -- The autoscaler took 0.0 seconds to fetch the list of non-terminated nodes.
2025-12-15 09:59:28,879	INFO autoscaler.py:408 -- 
======== Autoscaler status: 2025-12-15 09:59:28.879272 ========
Node status
---------------------------------------------------------------
Active:
 1 node_95dee78f09d0786a6c8739f9bd73fc7da8a1073d0f113cf414b55469
Pending:
 (no pending nodes)
Recent failures:
 (no failures)

Resources
---------------------------------------------------------------
Total Usage:
 5.0/8.0 CPU (5.0 used of 5.0 reserved in placement groups)
 0B/573.01MiB memory
 837.65KiB/245.58MiB object_store_memory

Total Constraints:
 (no request_resources() constraints)
Total Demands:
 (no resource demands)
2025-12-15 09:59:28,879	INFO autoscaler.py:463 -- The autoscaler took 0.0 seconds to complete the update iteration.
2025-12-15 09:59:33,885	INFO autoscaler.py:147 -- The autoscaler took 0.0 seconds to fetch the list of non-terminated nodes.
2025-12-15 09:59:33,886	INFO autoscaler.py:408 -- 
======== Autoscaler status: 2025-12-15 09:59:33.885286 ========
Node status
---------------------------------------------------------------
Active:
 1 node_95dee78f09d0786a6c8739f9bd73fc7da8a1073d0f113cf414b55469
Pending:
 (no pending nodes)
Recent failures:
 (no failures)

Resources
---------------------------------------------------------------
Total Usage:
 5.0/8.0 CPU (5.0 used of 5.0 reserved in placement groups)
 0B/573.01MiB memory
 1.02MiB/245.58MiB object_store_memory

Total Constraints:
 (no request_resources() constraints)
Total Demands:
 (no resource demands)
2025-12-15 09:59:33,886	INFO autoscaler.py:463 -- The autoscaler took 0.001 seconds to complete the update iteration.
2025-12-15 09:59:38,892	INFO autoscaler.py:147 -- The autoscaler took 0.0 seconds to fetch the list of non-terminated nodes.
2025-12-15 09:59:38,893	INFO autoscaler.py:408 -- 
======== Autoscaler status: 2025-12-15 09:59:38.893977 ========
Node status
---------------------------------------------------------------
Active:
 1 node_95dee78f09d0786a6c8739f9bd73fc7da8a1073d0f113cf414b55469
Pending:
 (no pending nodes)
Recent failures:
 (no failures)

Resources
---------------------------------------------------------------
Total Usage:
 5.0/8.0 CPU (5.0 used of 5.0 reserved in placement groups)
 0B/573.01MiB memory
 1.02MiB/245.58MiB object_store_memory

Total Constraints:
 (no request_resources() constraints)
Total Demands:
 (no resource demands)
2025-12-15 09:59:38,895	INFO autoscaler.py:463 -- The autoscaler took 0.002 seconds to complete the update iteration.
2025-12-15 09:59:43,899	INFO autoscaler.py:147 -- The autoscaler took 0.0 seconds to fetch the list of non-terminated nodes.
2025-12-15 09:59:43,900	INFO autoscaler.py:408 -- 
======== Autoscaler status: 2025-12-15 09:59:43.900515 ========
Node status
---------------------------------------------------------------
Active:
 1 node_95dee78f09d0786a6c8739f9bd73fc7da8a1073d0f113cf414b55469
Pending:
 (no pending nodes)
Recent failures:
 (no failures)

Resources
---------------------------------------------------------------
Total Usage:
 5.0/8.0 CPU (5.0 used of 5.0 reserved in placement groups)
 0B/573.01MiB memory
 1.23MiB/245.58MiB object_store_memory

Total Constraints:
 (no request_resources() constraints)
Total Demands:
 (no resource demands)
2025-12-15 09:59:43,900	INFO autoscaler.py:463 -- The autoscaler took 0.001 seconds to complete the update iteration.
2025-12-15 09:59:48,906	INFO autoscaler.py:147 -- The autoscaler took 0.0 seconds to fetch the list of non-terminated nodes.
2025-12-15 09:59:48,907	INFO autoscaler.py:408 -- 
======== Autoscaler status: 2025-12-15 09:59:48.907905 ========
Node status
---------------------------------------------------------------
Active:
 1 node_95dee78f09d0786a6c8739f9bd73fc7da8a1073d0f113cf414b55469
Pending:
 (no pending nodes)
Recent failures:
 (no failures)

Resources
---------------------------------------------------------------
Total Usage:
 5.0/8.0 CPU (5.0 used of 5.0 reserved in placement groups)
 0B/573.01MiB memory
 1.43MiB/245.58MiB object_store_memory

Total Constraints:
 (no request_resources() constraints)
Total Demands:
 (no resource demands)
2025-12-15 09:59:48,909	INFO autoscaler.py:463 -- The autoscaler took 0.003 seconds to complete the update iteration.
2025-12-15 09:59:53,911	INFO autoscaler.py:147 -- The autoscaler took 0.0 seconds to fetch the list of non-terminated nodes.
2025-12-15 09:59:53,911	INFO autoscaler.py:408 -- 
======== Autoscaler status: 2025-12-15 09:59:53.911718 ========
Node status
---------------------------------------------------------------
Active:
 1 node_95dee78f09d0786a6c8739f9bd73fc7da8a1073d0f113cf414b55469
Pending:
 (no pending nodes)
Recent failures:
 (no failures)

Resources
---------------------------------------------------------------
Total Usage:
 5.0/8.0 CPU (5.0 used of 5.0 reserved in placement groups)
 0B/573.01MiB memory
 1.43MiB/245.58MiB object_store_memory

Total Constraints:
 (no request_resources() constraints)
Total Demands:
 (no resource demands)
2025-12-15 09:59:53,911	INFO autoscaler.py:463 -- The autoscaler took 0.0 seconds to complete the update iteration.
2025-12-15 09:59:58,919	INFO autoscaler.py:147 -- The autoscaler took 0.0 seconds to fetch the list of non-terminated nodes.
2025-12-15 09:59:58,921	INFO autoscaler.py:408 -- 
======== Autoscaler status: 2025-12-15 09:59:58.919969 ========
Node status
---------------------------------------------------------------
Active:
 1 node_95dee78f09d0786a6c8739f9bd73fc7da8a1073d0f113cf414b55469
Pending:
 (no pending nodes)
Recent failures:
 (no failures)

Resources
---------------------------------------------------------------
Total Usage:
 5.0/8.0 CPU (5.0 used of 5.0 reserved in placement groups)
 0B/573.01MiB memory
 1.64MiB/245.58MiB object_store_memory

Total Constraints:
 (no request_resources() constraints)
Total Demands:
 (no resource demands)
2025-12-15 09:59:58,921	INFO autoscaler.py:463 -- The autoscaler took 0.001 seconds to complete the update iteration.
2025-12-15 10:00:03,926	INFO autoscaler.py:147 -- The autoscaler took 0.0 seconds to fetch the list of non-terminated nodes.
2025-12-15 10:00:03,927	INFO autoscaler.py:408 -- 
======== Autoscaler status: 2025-12-15 10:00:03.927602 ========
Node status
---------------------------------------------------------------
Active:
 1 node_95dee78f09d0786a6c8739f9bd73fc7da8a1073d0f113cf414b55469
Pending:
 (no pending nodes)
Recent failures:
 (no failures)

Resources
---------------------------------------------------------------
Total Usage:
 5.0/8.0 CPU (5.0 used of 5.0 reserved in placement groups)
 0B/573.01MiB memory
 1.64MiB/245.58MiB object_store_memory

Total Constraints:
 (no request_resources() constraints)
Total Demands:
 (no resource demands)
2025-12-15 10:00:03,928	INFO autoscaler.py:463 -- The autoscaler took 0.002 seconds to complete the update iteration.
2025-12-15 10:00:08,931	INFO autoscaler.py:147 -- The autoscaler took 0.0 seconds to fetch the list of non-terminated nodes.
2025-12-15 10:00:08,931	INFO autoscaler.py:408 -- 
======== Autoscaler status: 2025-12-15 10:00:08.931011 ========
Node status
---------------------------------------------------------------
Active:
 1 node_95dee78f09d0786a6c8739f9bd73fc7da8a1073d0f113cf414b55469
Pending:
 (no pending nodes)
Recent failures:
 (no failures)

Resources
---------------------------------------------------------------
Total Usage:
 5.0/8.0 CPU (5.0 used of 5.0 reserved in placement groups)
 0B/573.01MiB memory
 1.84MiB/245.58MiB object_store_memory

Total Constraints:
 (no request_resources() constraints)
Total Demands:
 (no resource demands)
2025-12-15 10:00:08,931	INFO autoscaler.py:463 -- The autoscaler took 0.0 seconds to complete the update iteration.
2025-12-15 10:00:13,938	INFO autoscaler.py:147 -- The autoscaler took 0.0 seconds to fetch the list of non-terminated nodes.
2025-12-15 10:00:13,940	INFO autoscaler.py:408 -- 
======== Autoscaler status: 2025-12-15 10:00:13.940662 ========
Node status
---------------------------------------------------------------
Active:
 1 node_95dee78f09d0786a6c8739f9bd73fc7da8a1073d0f113cf414b55469
Pending:
 (no pending nodes)
Recent failures:
 (no failures)

Resources
---------------------------------------------------------------
Total Usage:
 5.0/8.0 CPU (5.0 used of 5.0 reserved in placement groups)
 0B/573.01MiB memory
 2.05MiB/245.58MiB object_store_memory

Total Constraints:
 (no request_resources() constraints)
Total Demands:
 (no resource demands)
2025-12-15 10:00:13,940	INFO autoscaler.py:463 -- The autoscaler took 0.002 seconds to complete the update iteration.
2025-12-15 10:00:18,944	INFO autoscaler.py:147 -- The autoscaler took 0.0 seconds to fetch the list of non-terminated nodes.
2025-12-15 10:00:18,944	INFO autoscaler.py:408 -- 
======== Autoscaler status: 2025-12-15 10:00:18.944302 ========
Node status
---------------------------------------------------------------
Active:
 1 node_95dee78f09d0786a6c8739f9bd73fc7da8a1073d0f113cf414b55469
Pending:
 (no pending nodes)
Recent failures:
 (no failures)

Resources
---------------------------------------------------------------
Total Usage:
 5.0/8.0 CPU (5.0 used of 5.0 reserved in placement groups)
 0B/573.01MiB memory
 2.05MiB/245.58MiB object_store_memory

Total Constraints:
 (no request_resources() constraints)
Total Demands:
 (no resource demands)
2025-12-15 10:00:18,944	INFO autoscaler.py:463 -- The autoscaler took 0.0 seconds to complete the update iteration.
2025-12-15 10:00:23,952	INFO autoscaler.py:147 -- The autoscaler took 0.0 seconds to fetch the list of non-terminated nodes.
2025-12-15 10:00:23,954	INFO autoscaler.py:408 -- 
======== Autoscaler status: 2025-12-15 10:00:23.954237 ========
Node status
---------------------------------------------------------------
Active:
 1 node_95dee78f09d0786a6c8739f9bd73fc7da8a1073d0f113cf414b55469
Pending:
 (no pending nodes)
Recent failures:
 (no failures)

Resources
---------------------------------------------------------------
Total Usage:
 5.0/8.0 CPU (5.0 used of 5.0 reserved in placement groups)
 0B/573.01MiB memory
 2.46MiB/245.58MiB object_store_memory

Total Constraints:
 (no request_resources() constraints)
Total Demands:
 (no resource demands)
2025-12-15 10:00:23,954	INFO autoscaler.py:463 -- The autoscaler took 0.001 seconds to complete the update iteration.
2025-12-15 10:00:28,959	INFO autoscaler.py:147 -- The autoscaler took 0.0 seconds to fetch the list of non-terminated nodes.
2025-12-15 10:00:28,960	INFO autoscaler.py:408 -- 
======== Autoscaler status: 2025-12-15 10:00:28.959178 ========
Node status
---------------------------------------------------------------
Active:
 1 node_95dee78f09d0786a6c8739f9bd73fc7da8a1073d0f113cf414b55469
Pending:
 (no pending nodes)
Recent failures:
 (no failures)

Resources
---------------------------------------------------------------
Total Usage:
 5.0/8.0 CPU (5.0 used of 5.0 reserved in placement groups)
 0B/573.01MiB memory
 2.67MiB/245.58MiB object_store_memory

Total Constraints:
 (no request_resources() constraints)
Total Demands:
 (no resource demands)
2025-12-15 10:00:28,960	INFO autoscaler.py:463 -- The autoscaler took 0.002 seconds to complete the update iteration.
2025-12-15 10:00:33,965	INFO autoscaler.py:147 -- The autoscaler took 0.0 seconds to fetch the list of non-terminated nodes.
2025-12-15 10:00:33,967	INFO autoscaler.py:408 -- 
======== Autoscaler status: 2025-12-15 10:00:33.967651 ========
Node status
---------------------------------------------------------------
Active:
 1 node_95dee78f09d0786a6c8739f9bd73fc7da8a1073d0f113cf414b55469
Pending:
 (no pending nodes)
Recent failures:
 (no failures)

Resources
---------------------------------------------------------------
Total Usage:
 5.0/8.0 CPU (5.0 used of 5.0 reserved in placement groups)
 0B/573.01MiB memory
 2.67MiB/245.58MiB object_store_memory

Total Constraints:
 (no request_resources() constraints)
Total Demands:
 (no resource demands)
2025-12-15 10:00:33,967	INFO autoscaler.py:463 -- The autoscaler took 0.002 seconds to complete the update iteration.
2025-12-15 10:00:38,974	INFO autoscaler.py:147 -- The autoscaler took 0.0 seconds to fetch the list of non-terminated nodes.
2025-12-15 10:00:38,974	INFO autoscaler.py:408 -- 
======== Autoscaler status: 2025-12-15 10:00:38.974024 ========
Node status
---------------------------------------------------------------
Active:
 1 node_95dee78f09d0786a6c8739f9bd73fc7da8a1073d0f113cf414b55469
Pending:
 (no pending nodes)
Recent failures:
 (no failures)

Resources
---------------------------------------------------------------
Total Usage:
 5.0/8.0 CPU (5.0 used of 5.0 reserved in placement groups)
 0B/573.01MiB memory
 2.87MiB/245.58MiB object_store_memory

Total Constraints:
 (no request_resources() constraints)
Total Demands:
 (no resource demands)
2025-12-15 10:00:38,976	INFO autoscaler.py:463 -- The autoscaler took 0.002 seconds to complete the update iteration.
2025-12-15 10:00:43,980	INFO autoscaler.py:147 -- The autoscaler took 0.0 seconds to fetch the list of non-terminated nodes.
2025-12-15 10:00:43,980	INFO autoscaler.py:408 -- 
======== Autoscaler status: 2025-12-15 10:00:43.980059 ========
Node status
---------------------------------------------------------------
Active:
 1 node_95dee78f09d0786a6c8739f9bd73fc7da8a1073d0f113cf414b55469
Pending:
 (no pending nodes)
Recent failures:
 (no failures)

Resources
---------------------------------------------------------------
Total Usage:
 5.0/8.0 CPU (5.0 used of 5.0 reserved in placement groups)
 0B/573.01MiB memory
 2.87MiB/245.58MiB object_store_memory

Total Constraints:
 (no request_resources() constraints)
Total Demands:
 (no resource demands)
2025-12-15 10:00:43,982	INFO autoscaler.py:463 -- The autoscaler took 0.002 seconds to complete the update iteration.
2025-12-15 10:00:48,987	INFO autoscaler.py:147 -- The autoscaler took 0.0 seconds to fetch the list of non-terminated nodes.
2025-12-15 10:00:48,988	INFO autoscaler.py:408 -- 
======== Autoscaler status: 2025-12-15 10:00:48.988474 ========
Node status
---------------------------------------------------------------
Active:
 1 node_95dee78f09d0786a6c8739f9bd73fc7da8a1073d0f113cf414b55469
Pending:
 (no pending nodes)
Recent failures:
 (no failures)

Resources
---------------------------------------------------------------
Total Usage:
 5.0/8.0 CPU (5.0 used of 5.0 reserved in placement groups)
 0B/573.01MiB memory
 3.08MiB/245.58MiB object_store_memory

Total Constraints:
 (no request_resources() constraints)
Total Demands:
 (no resource demands)
2025-12-15 10:00:48,989	INFO autoscaler.py:463 -- The autoscaler took 0.002 seconds to complete the update iteration.
2025-12-15 10:00:53,994	INFO autoscaler.py:147 -- The autoscaler took 0.0 seconds to fetch the list of non-terminated nodes.
2025-12-15 10:00:53,995	INFO autoscaler.py:408 -- 
======== Autoscaler status: 2025-12-15 10:00:53.994254 ========
Node status
---------------------------------------------------------------
Active:
 1 node_95dee78f09d0786a6c8739f9bd73fc7da8a1073d0f113cf414b55469
Pending:
 (no pending nodes)
Recent failures:
 (no failures)

Resources
---------------------------------------------------------------
Total Usage:
 5.0/8.0 CPU (5.0 used of 5.0 reserved in placement groups)
 0B/573.01MiB memory
 3.28MiB/245.58MiB object_store_memory

Total Constraints:
 (no request_resources() constraints)
Total Demands:
 (no resource demands)
2025-12-15 10:00:53,996	INFO autoscaler.py:463 -- The autoscaler took 0.002 seconds to complete the update iteration.
2025-12-15 10:00:59,006	INFO autoscaler.py:147 -- The autoscaler took 0.0 seconds to fetch the list of non-terminated nodes.
2025-12-15 10:00:59,006	INFO autoscaler.py:408 -- 
======== Autoscaler status: 2025-12-15 10:00:59.006226 ========
Node status
---------------------------------------------------------------
Active:
 1 node_95dee78f09d0786a6c8739f9bd73fc7da8a1073d0f113cf414b55469
Pending:
 (no pending nodes)
Recent failures:
 (no failures)

Resources
---------------------------------------------------------------
Total Usage:
 5.0/8.0 CPU (5.0 used of 5.0 reserved in placement groups)
 0B/573.01MiB memory
 3.28MiB/245.58MiB object_store_memory

Total Constraints:
 (no request_resources() constraints)
Total Demands:
 (no resource demands)
2025-12-15 10:00:59,006	INFO autoscaler.py:463 -- The autoscaler took 0.0 seconds to complete the update iteration.
2025-12-15 10:01:04,016	INFO autoscaler.py:147 -- The autoscaler took 0.0 seconds to fetch the list of non-terminated nodes.
2025-12-15 10:01:04,016	INFO autoscaler.py:408 -- 
======== Autoscaler status: 2025-12-15 10:01:04.016398 ========
Node status
---------------------------------------------------------------
Active:
 1 node_95dee78f09d0786a6c8739f9bd73fc7da8a1073d0f113cf414b55469
Pending:
 (no pending nodes)
Recent failures:
 (no failures)

Resources
---------------------------------------------------------------
Total Usage:
 5.0/8.0 CPU (5.0 used of 5.0 reserved in placement groups)
 0B/573.01MiB memory
 3.49MiB/245.58MiB object_store_memory

Total Constraints:
 (no request_resources() constraints)
Total Demands:
 (no resource demands)
2025-12-15 10:01:04,016	INFO autoscaler.py:463 -- The autoscaler took 0.0 seconds to complete the update iteration.
2025-12-15 10:01:09,024	INFO autoscaler.py:147 -- The autoscaler took 0.0 seconds to fetch the list of non-terminated nodes.
2025-12-15 10:01:09,026	INFO autoscaler.py:408 -- 
======== Autoscaler status: 2025-12-15 10:01:09.024866 ========
Node status
---------------------------------------------------------------
Active:
 1 node_95dee78f09d0786a6c8739f9bd73fc7da8a1073d0f113cf414b55469
Pending:
 (no pending nodes)
Recent failures:
 (no failures)

Resources
---------------------------------------------------------------
Total Usage:
 5.0/8.0 CPU (5.0 used of 5.0 reserved in placement groups)
 0B/573.01MiB memory
 3.49MiB/245.58MiB object_store_memory

Total Constraints:
 (no request_resources() constraints)
Total Demands:
 (no resource demands)
2025-12-15 10:01:09,026	INFO autoscaler.py:463 -- The autoscaler took 0.002 seconds to complete the update iteration.
2025-12-15 10:01:14,032	INFO autoscaler.py:147 -- The autoscaler took 0.0 seconds to fetch the list of non-terminated nodes.
2025-12-15 10:01:14,032	INFO autoscaler.py:408 -- 
======== Autoscaler status: 2025-12-15 10:01:14.032788 ========
Node status
---------------------------------------------------------------
Active:
 1 node_95dee78f09d0786a6c8739f9bd73fc7da8a1073d0f113cf414b55469
Pending:
 (no pending nodes)
Recent failures:
 (no failures)

Resources
---------------------------------------------------------------
Total Usage:
 5.0/8.0 CPU (5.0 used of 5.0 reserved in placement groups)
 0B/573.01MiB memory
 3.69MiB/245.58MiB object_store_memory

Total Constraints:
 (no request_resources() constraints)
Total Demands:
 (no resource demands)
2025-12-15 10:01:14,032	INFO autoscaler.py:463 -- The autoscaler took 0.0 seconds to complete the update iteration.
2025-12-15 10:01:19,049	INFO autoscaler.py:147 -- The autoscaler took 0.0 seconds to fetch the list of non-terminated nodes.
2025-12-15 10:01:19,049	INFO autoscaler.py:408 -- 
======== Autoscaler status: 2025-12-15 10:01:19.049334 ========
Node status
---------------------------------------------------------------
Active:
 1 node_95dee78f09d0786a6c8739f9bd73fc7da8a1073d0f113cf414b55469
Pending:
 (no pending nodes)
Recent failures:
 (no failures)

Resources
---------------------------------------------------------------
Total Usage:
 5.0/8.0 CPU (5.0 used of 5.0 reserved in placement groups)
 0B/573.01MiB memory
 3.90MiB/245.58MiB object_store_memory

Total Constraints:
 (no request_resources() constraints)
Total Demands:
 (no resource demands)
2025-12-15 10:01:19,052	INFO autoscaler.py:463 -- The autoscaler took 0.003 seconds to complete the update iteration.
2025-12-15 10:01:24,056	INFO autoscaler.py:147 -- The autoscaler took 0.0 seconds to fetch the list of non-terminated nodes.
2025-12-15 10:01:24,056	INFO autoscaler.py:408 -- 
======== Autoscaler status: 2025-12-15 10:01:24.056476 ========
Node status
---------------------------------------------------------------
Active:
 1 node_95dee78f09d0786a6c8739f9bd73fc7da8a1073d0f113cf414b55469
Pending:
 (no pending nodes)
Recent failures:
 (no failures)

Resources
---------------------------------------------------------------
Total Usage:
 5.0/8.0 CPU (5.0 used of 5.0 reserved in placement groups)
 0B/573.01MiB memory
 3.90MiB/245.58MiB object_store_memory

Total Constraints:
 (no request_resources() constraints)
Total Demands:
 (no resource demands)
2025-12-15 10:01:24,056	INFO autoscaler.py:463 -- The autoscaler took 0.0 seconds to complete the update iteration.
2025-12-15 10:01:29,061	INFO autoscaler.py:147 -- The autoscaler took 0.0 seconds to fetch the list of non-terminated nodes.
2025-12-15 10:01:29,064	INFO autoscaler.py:408 -- 
======== Autoscaler status: 2025-12-15 10:01:29.064540 ========
Node status
---------------------------------------------------------------
Active:
 1 node_95dee78f09d0786a6c8739f9bd73fc7da8a1073d0f113cf414b55469
Pending:
 (no pending nodes)
Recent failures:
 (no failures)

Resources
---------------------------------------------------------------
Total Usage:
 5.0/8.0 CPU (5.0 used of 5.0 reserved in placement groups)
 0B/573.01MiB memory
 4.10MiB/245.58MiB object_store_memory

Total Constraints:
 (no request_resources() constraints)
Total Demands:
 (no resource demands)
2025-12-15 10:01:29,064	INFO autoscaler.py:463 -- The autoscaler took 0.003 seconds to complete the update iteration.
2025-12-15 10:01:34,069	INFO autoscaler.py:147 -- The autoscaler took 0.0 seconds to fetch the list of non-terminated nodes.
2025-12-15 10:01:34,071	INFO autoscaler.py:408 -- 
======== Autoscaler status: 2025-12-15 10:01:34.071344 ========
Node status
---------------------------------------------------------------
Active:
 1 node_95dee78f09d0786a6c8739f9bd73fc7da8a1073d0f113cf414b55469
Pending:
 (no pending nodes)
Recent failures:
 (no failures)

Resources
---------------------------------------------------------------
Total Usage:
 5.0/8.0 CPU (5.0 used of 5.0 reserved in placement groups)
 0B/573.01MiB memory
 4.31MiB/245.58MiB object_store_memory

Total Constraints:
 (no request_resources() constraints)
Total Demands:
 (no resource demands)
2025-12-15 10:01:34,072	INFO autoscaler.py:463 -- The autoscaler took 0.002 seconds to complete the update iteration.
2025-12-15 10:01:39,076	INFO autoscaler.py:147 -- The autoscaler took 0.0 seconds to fetch the list of non-terminated nodes.
2025-12-15 10:01:39,076	INFO autoscaler.py:408 -- 
======== Autoscaler status: 2025-12-15 10:01:39.076988 ========
Node status
---------------------------------------------------------------
Active:
 1 node_95dee78f09d0786a6c8739f9bd73fc7da8a1073d0f113cf414b55469
Pending:
 (no pending nodes)
Recent failures:
 (no failures)

Resources
---------------------------------------------------------------
Total Usage:
 5.0/8.0 CPU (5.0 used of 5.0 reserved in placement groups)
 0B/573.01MiB memory
 4.31MiB/245.58MiB object_store_memory

Total Constraints:
 (no request_resources() constraints)
Total Demands:
 (no resource demands)
2025-12-15 10:01:39,079	INFO autoscaler.py:463 -- The autoscaler took 0.002 seconds to complete the update iteration.
2025-12-15 10:01:44,084	INFO autoscaler.py:147 -- The autoscaler took 0.0 seconds to fetch the list of non-terminated nodes.
2025-12-15 10:01:44,084	INFO autoscaler.py:408 -- 
======== Autoscaler status: 2025-12-15 10:01:44.084162 ========
Node status
---------------------------------------------------------------
Active:
 1 node_95dee78f09d0786a6c8739f9bd73fc7da8a1073d0f113cf414b55469
Pending:
 (no pending nodes)
Recent failures:
 (no failures)

Resources
---------------------------------------------------------------
Total Usage:
 5.0/8.0 CPU (5.0 used of 5.0 reserved in placement groups)
 0B/573.01MiB memory
 4.72MiB/245.58MiB object_store_memory

Total Constraints:
 (no request_resources() constraints)
Total Demands:
 (no resource demands)
2025-12-15 10:01:44,084	INFO autoscaler.py:463 -- The autoscaler took 0.0 seconds to complete the update iteration.
2025-12-15 10:01:49,090	INFO autoscaler.py:147 -- The autoscaler took 0.0 seconds to fetch the list of non-terminated nodes.
2025-12-15 10:01:49,092	INFO autoscaler.py:408 -- 
======== Autoscaler status: 2025-12-15 10:01:49.090882 ========
Node status
---------------------------------------------------------------
Active:
 1 node_95dee78f09d0786a6c8739f9bd73fc7da8a1073d0f113cf414b55469
Pending:
 (no pending nodes)
Recent failures:
 (no failures)

Resources
---------------------------------------------------------------
Total Usage:
 5.0/8.0 CPU (5.0 used of 5.0 reserved in placement groups)
 0B/573.01MiB memory
 4.72MiB/245.58MiB object_store_memory

Total Constraints:
 (no request_resources() constraints)
Total Demands:
 (no resource demands)
2025-12-15 10:01:49,092	INFO autoscaler.py:463 -- The autoscaler took 0.001 seconds to complete the update iteration.
2025-12-15 10:01:54,107	INFO autoscaler.py:147 -- The autoscaler took 0.0 seconds to fetch the list of non-terminated nodes.
2025-12-15 10:01:54,107	INFO autoscaler.py:408 -- 
======== Autoscaler status: 2025-12-15 10:01:54.107695 ========
Node status
---------------------------------------------------------------
Active:
 1 node_95dee78f09d0786a6c8739f9bd73fc7da8a1073d0f113cf414b55469
Pending:
 (no pending nodes)
Recent failures:
 (no failures)

Resources
---------------------------------------------------------------
Total Usage:
 5.0/8.0 CPU (5.0 used of 5.0 reserved in placement groups)
 0B/573.01MiB memory
 4.92MiB/245.58MiB object_store_memory

Total Constraints:
 (no request_resources() constraints)
Total Demands:
 (no resource demands)
2025-12-15 10:01:54,109	INFO autoscaler.py:463 -- The autoscaler took 0.002 seconds to complete the update iteration.
2025-12-15 10:01:59,112	INFO autoscaler.py:147 -- The autoscaler took 0.0 seconds to fetch the list of non-terminated nodes.
2025-12-15 10:01:59,112	INFO autoscaler.py:408 -- 
======== Autoscaler status: 2025-12-15 10:01:59.112128 ========
Node status
---------------------------------------------------------------
Active:
 1 node_95dee78f09d0786a6c8739f9bd73fc7da8a1073d0f113cf414b55469
Pending:
 (no pending nodes)
Recent failures:
 (no failures)

Resources
---------------------------------------------------------------
Total Usage:
 5.0/8.0 CPU (5.0 used of 5.0 reserved in placement groups)
 0B/573.01MiB memory
 5.13MiB/245.58MiB object_store_memory

Total Constraints:
 (no request_resources() constraints)
Total Demands:
 (no resource demands)
2025-12-15 10:01:59,115	INFO autoscaler.py:463 -- The autoscaler took 0.004 seconds to complete the update iteration.
2025-12-15 10:02:04,120	INFO autoscaler.py:147 -- The autoscaler took 0.0 seconds to fetch the list of non-terminated nodes.
2025-12-15 10:02:04,120	INFO autoscaler.py:408 -- 
======== Autoscaler status: 2025-12-15 10:02:04.120794 ========
Node status
---------------------------------------------------------------
Active:
 1 node_95dee78f09d0786a6c8739f9bd73fc7da8a1073d0f113cf414b55469
Pending:
 (no pending nodes)
Recent failures:
 (no failures)

Resources
---------------------------------------------------------------
Total Usage:
 5.0/8.0 CPU (5.0 used of 5.0 reserved in placement groups)
 0B/573.01MiB memory
 5.13MiB/245.58MiB object_store_memory

Total Constraints:
 (no request_resources() constraints)
Total Demands:
 (no resource demands)
2025-12-15 10:02:04,122	INFO autoscaler.py:463 -- The autoscaler took 0.002 seconds to complete the update iteration.
2025-12-15 10:02:09,127	INFO autoscaler.py:147 -- The autoscaler took 0.0 seconds to fetch the list of non-terminated nodes.
2025-12-15 10:02:09,128	INFO autoscaler.py:408 -- 
======== Autoscaler status: 2025-12-15 10:02:09.127000 ========
Node status
---------------------------------------------------------------
Active:
 1 node_95dee78f09d0786a6c8739f9bd73fc7da8a1073d0f113cf414b55469
Pending:
 (no pending nodes)
Recent failures:
 (no failures)

Resources
---------------------------------------------------------------
Total Usage:
 5.0/8.0 CPU (5.0 used of 5.0 reserved in placement groups)
 0B/573.01MiB memory
 5.33MiB/245.58MiB object_store_memory

Total Constraints:
 (no request_resources() constraints)
Total Demands:
 (no resource demands)
2025-12-15 10:02:09,128	INFO autoscaler.py:463 -- The autoscaler took 0.001 seconds to complete the update iteration.
2025-12-15 10:02:14,131	INFO autoscaler.py:147 -- The autoscaler took 0.0 seconds to fetch the list of non-terminated nodes.
2025-12-15 10:02:14,131	INFO autoscaler.py:408 -- 
======== Autoscaler status: 2025-12-15 10:02:14.131322 ========
Node status
---------------------------------------------------------------
Active:
 1 node_95dee78f09d0786a6c8739f9bd73fc7da8a1073d0f113cf414b55469
Pending:
 (no pending nodes)
Recent failures:
 (no failures)

Resources
---------------------------------------------------------------
Total Usage:
 5.0/8.0 CPU (5.0 used of 5.0 reserved in placement groups)
 0B/573.01MiB memory
 5.54MiB/245.58MiB object_store_memory

Total Constraints:
 (no request_resources() constraints)
Total Demands:
 (no resource demands)
2025-12-15 10:02:14,133	INFO autoscaler.py:463 -- The autoscaler took 0.003 seconds to complete the update iteration.
2025-12-15 10:02:19,137	INFO autoscaler.py:147 -- The autoscaler took 0.0 seconds to fetch the list of non-terminated nodes.
2025-12-15 10:02:19,137	INFO autoscaler.py:408 -- 
======== Autoscaler status: 2025-12-15 10:02:19.137223 ========
Node status
---------------------------------------------------------------
Active:
 1 node_95dee78f09d0786a6c8739f9bd73fc7da8a1073d0f113cf414b55469
Pending:
 (no pending nodes)
Recent failures:
 (no failures)

Resources
---------------------------------------------------------------
Total Usage:
 5.0/8.0 CPU (5.0 used of 5.0 reserved in placement groups)
 0B/573.01MiB memory
 5.54MiB/245.58MiB object_store_memory

Total Constraints:
 (no request_resources() constraints)
Total Demands:
 (no resource demands)
2025-12-15 10:02:19,140	INFO autoscaler.py:463 -- The autoscaler took 0.004 seconds to complete the update iteration.
2025-12-15 10:02:24,145	INFO autoscaler.py:147 -- The autoscaler took 0.0 seconds to fetch the list of non-terminated nodes.
2025-12-15 10:02:24,145	INFO autoscaler.py:408 -- 
======== Autoscaler status: 2025-12-15 10:02:24.145933 ========
Node status
---------------------------------------------------------------
Active:
 1 node_95dee78f09d0786a6c8739f9bd73fc7da8a1073d0f113cf414b55469
Pending:
 (no pending nodes)
Recent failures:
 (no failures)

Resources
---------------------------------------------------------------
Total Usage:
 5.0/8.0 CPU (5.0 used of 5.0 reserved in placement groups)
 0B/573.01MiB memory
 5.74MiB/245.58MiB object_store_memory

Total Constraints:
 (no request_resources() constraints)
Total Demands:
 (no resource demands)
2025-12-15 10:02:24,145	INFO autoscaler.py:463 -- The autoscaler took 0.0 seconds to complete the update iteration.
2025-12-15 10:02:29,163	INFO autoscaler.py:147 -- The autoscaler took 0.0 seconds to fetch the list of non-terminated nodes.
2025-12-15 10:02:29,164	INFO autoscaler.py:408 -- 
======== Autoscaler status: 2025-12-15 10:02:29.163034 ========
Node status
---------------------------------------------------------------
Active:
 1 node_95dee78f09d0786a6c8739f9bd73fc7da8a1073d0f113cf414b55469
Pending:
 (no pending nodes)
Recent failures:
 (no failures)

Resources
---------------------------------------------------------------
Total Usage:
 5.0/8.0 CPU (5.0 used of 5.0 reserved in placement groups)
 0B/573.01MiB memory
 5.95MiB/245.58MiB object_store_memory

Total Constraints:
 (no request_resources() constraints)
Total Demands:
 (no resource demands)
2025-12-15 10:02:29,165	INFO autoscaler.py:463 -- The autoscaler took 0.002 seconds to complete the update iteration.
2025-12-15 10:02:34,178	INFO autoscaler.py:147 -- The autoscaler took 0.0 seconds to fetch the list of non-terminated nodes.
2025-12-15 10:02:34,178	INFO autoscaler.py:408 -- 
======== Autoscaler status: 2025-12-15 10:02:34.178267 ========
Node status
---------------------------------------------------------------
Active:
 1 node_95dee78f09d0786a6c8739f9bd73fc7da8a1073d0f113cf414b55469
Pending:
 (no pending nodes)
Recent failures:
 (no failures)

Resources
---------------------------------------------------------------
Total Usage:
 5.0/8.0 CPU (5.0 used of 5.0 reserved in placement groups)
 0B/573.01MiB memory
 5.95MiB/245.58MiB object_store_memory

Total Constraints:
 (no request_resources() constraints)
Total Demands:
 (no resource demands)
2025-12-15 10:02:34,178	INFO autoscaler.py:463 -- The autoscaler took 0.0 seconds to complete the update iteration.
2025-12-15 10:02:39,184	INFO autoscaler.py:147 -- The autoscaler took 0.0 seconds to fetch the list of non-terminated nodes.
2025-12-15 10:02:39,187	INFO autoscaler.py:408 -- 
======== Autoscaler status: 2025-12-15 10:02:39.184173 ========
Node status
---------------------------------------------------------------
Active:
 1 node_95dee78f09d0786a6c8739f9bd73fc7da8a1073d0f113cf414b55469
Pending:
 (no pending nodes)
Recent failures:
 (no failures)

Resources
---------------------------------------------------------------
Total Usage:
 5.0/8.0 CPU (5.0 used of 5.0 reserved in placement groups)
 0B/573.01MiB memory
 6.16MiB/245.58MiB object_store_memory

Total Constraints:
 (no request_resources() constraints)
Total Demands:
 (no resource demands)
2025-12-15 10:02:39,187	INFO autoscaler.py:463 -- The autoscaler took 0.003 seconds to complete the update iteration.
2025-12-15 10:02:44,194	INFO autoscaler.py:147 -- The autoscaler took 0.0 seconds to fetch the list of non-terminated nodes.
2025-12-15 10:02:44,194	INFO autoscaler.py:408 -- 
======== Autoscaler status: 2025-12-15 10:02:44.194175 ========
Node status
---------------------------------------------------------------
Active:
 1 node_95dee78f09d0786a6c8739f9bd73fc7da8a1073d0f113cf414b55469
Pending:
 (no pending nodes)
Recent failures:
 (no failures)

Resources
---------------------------------------------------------------
Total Usage:
 5.0/8.0 CPU (5.0 used of 5.0 reserved in placement groups)
 0B/573.01MiB memory
 6.16MiB/245.58MiB object_store_memory

Total Constraints:
 (no request_resources() constraints)
Total Demands:
 (no resource demands)
2025-12-15 10:02:44,195	INFO autoscaler.py:463 -- The autoscaler took 0.004 seconds to complete the update iteration.
2025-12-15 10:02:49,200	INFO autoscaler.py:147 -- The autoscaler took 0.0 seconds to fetch the list of non-terminated nodes.
2025-12-15 10:02:49,200	INFO autoscaler.py:408 -- 
======== Autoscaler status: 2025-12-15 10:02:49.200616 ========
Node status
---------------------------------------------------------------
Active:
 1 node_95dee78f09d0786a6c8739f9bd73fc7da8a1073d0f113cf414b55469
Pending:
 (no pending nodes)
Recent failures:
 (no failures)

Resources
---------------------------------------------------------------
Total Usage:
 5.0/8.0 CPU (5.0 used of 5.0 reserved in placement groups)
 0B/573.01MiB memory
 6.36MiB/245.58MiB object_store_memory

Total Constraints:
 (no request_resources() constraints)
Total Demands:
 (no resource demands)
2025-12-15 10:02:49,202	INFO autoscaler.py:463 -- The autoscaler took 0.002 seconds to complete the update iteration.
2025-12-15 10:02:54,205	INFO autoscaler.py:147 -- The autoscaler took 0.0 seconds to fetch the list of non-terminated nodes.
2025-12-15 10:02:54,205	INFO autoscaler.py:408 -- 
======== Autoscaler status: 2025-12-15 10:02:54.205479 ========
Node status
---------------------------------------------------------------
Active:
 1 node_95dee78f09d0786a6c8739f9bd73fc7da8a1073d0f113cf414b55469
Pending:
 (no pending nodes)
Recent failures:
 (no failures)

Resources
---------------------------------------------------------------
Total Usage:
 5.0/8.0 CPU (5.0 used of 5.0 reserved in placement groups)
 0B/573.01MiB memory
 6.57MiB/245.58MiB object_store_memory

Total Constraints:
 (no request_resources() constraints)
Total Demands:
 (no resource demands)
2025-12-15 10:02:54,205	INFO autoscaler.py:463 -- The autoscaler took 0.0 seconds to complete the update iteration.
2025-12-15 10:02:59,213	INFO autoscaler.py:147 -- The autoscaler took 0.0 seconds to fetch the list of non-terminated nodes.
2025-12-15 10:02:59,216	INFO autoscaler.py:408 -- 
======== Autoscaler status: 2025-12-15 10:02:59.216576 ========
Node status
---------------------------------------------------------------
Active:
 1 node_95dee78f09d0786a6c8739f9bd73fc7da8a1073d0f113cf414b55469
Pending:
 (no pending nodes)
Recent failures:
 (no failures)

Resources
---------------------------------------------------------------
Total Usage:
 5.0/8.0 CPU (5.0 used of 5.0 reserved in placement groups)
 0B/573.01MiB memory
 6.57MiB/245.58MiB object_store_memory

Total Constraints:
 (no request_resources() constraints)
Total Demands:
 (no resource demands)
2025-12-15 10:02:59,216	INFO autoscaler.py:463 -- The autoscaler took 0.003 seconds to complete the update iteration.
2025-12-15 10:03:04,224	INFO autoscaler.py:147 -- The autoscaler took 0.0 seconds to fetch the list of non-terminated nodes.
2025-12-15 10:03:04,224	INFO autoscaler.py:408 -- 
======== Autoscaler status: 2025-12-15 10:03:04.224873 ========
Node status
---------------------------------------------------------------
Active:
 1 node_95dee78f09d0786a6c8739f9bd73fc7da8a1073d0f113cf414b55469
Pending:
 (no pending nodes)
Recent failures:
 (no failures)

Resources
---------------------------------------------------------------
Total Usage:
 5.0/8.0 CPU (5.0 used of 5.0 reserved in placement groups)
 0B/573.01MiB memory
 6.98MiB/245.58MiB object_store_memory

Total Constraints:
 (no request_resources() constraints)
Total Demands:
 (no resource demands)
2025-12-15 10:03:04,226	INFO autoscaler.py:463 -- The autoscaler took 0.002 seconds to complete the update iteration.
2025-12-15 10:03:09,231	INFO autoscaler.py:147 -- The autoscaler took 0.0 seconds to fetch the list of non-terminated nodes.
2025-12-15 10:03:09,234	INFO autoscaler.py:408 -- 
======== Autoscaler status: 2025-12-15 10:03:09.234272 ========
Node status
---------------------------------------------------------------
Active:
 1 node_95dee78f09d0786a6c8739f9bd73fc7da8a1073d0f113cf414b55469
Pending:
 (no pending nodes)
Recent failures:
 (no failures)

Resources
---------------------------------------------------------------
Total Usage:
 5.0/8.0 CPU (5.0 used of 5.0 reserved in placement groups)
 0B/573.01MiB memory
 6.98MiB/245.58MiB object_store_memory

Total Constraints:
 (no request_resources() constraints)
Total Demands:
 (no resource demands)
2025-12-15 10:03:09,234	INFO autoscaler.py:463 -- The autoscaler took 0.003 seconds to complete the update iteration.
2025-12-15 10:03:14,237	INFO autoscaler.py:147 -- The autoscaler took 0.0 seconds to fetch the list of non-terminated nodes.
2025-12-15 10:03:14,237	INFO autoscaler.py:408 -- 
======== Autoscaler status: 2025-12-15 10:03:14.237797 ========
Node status
---------------------------------------------------------------
Active:
 1 node_95dee78f09d0786a6c8739f9bd73fc7da8a1073d0f113cf414b55469
Pending:
 (no pending nodes)
Recent failures:
 (no failures)

Resources
---------------------------------------------------------------
Total Usage:
 5.0/8.0 CPU (5.0 used of 5.0 reserved in placement groups)
 0B/573.01MiB memory
 7.18MiB/245.58MiB object_store_memory

Total Constraints:
 (no request_resources() constraints)
Total Demands:
 (no resource demands)
2025-12-15 10:03:14,237	INFO autoscaler.py:463 -- The autoscaler took 0.0 seconds to complete the update iteration.
2025-12-15 10:03:19,248	INFO autoscaler.py:147 -- The autoscaler took 0.0 seconds to fetch the list of non-terminated nodes.
2025-12-15 10:03:19,248	INFO autoscaler.py:408 -- 
======== Autoscaler status: 2025-12-15 10:03:19.248250 ========
Node status
---------------------------------------------------------------
Active:
 1 node_95dee78f09d0786a6c8739f9bd73fc7da8a1073d0f113cf414b55469
Pending:
 (no pending nodes)
Recent failures:
 (no failures)

Resources
---------------------------------------------------------------
Total Usage:
 5.0/8.0 CPU (5.0 used of 5.0 reserved in placement groups)
 0B/573.01MiB memory
 7.18MiB/245.58MiB object_store_memory

Total Constraints:
 (no request_resources() constraints)
Total Demands:
 (no resource demands)
2025-12-15 10:03:19,248	INFO autoscaler.py:463 -- The autoscaler took 0.0 seconds to complete the update iteration.
2025-12-15 10:03:24,254	INFO autoscaler.py:147 -- The autoscaler took 0.0 seconds to fetch the list of non-terminated nodes.
2025-12-15 10:03:24,254	INFO autoscaler.py:408 -- 
======== Autoscaler status: 2025-12-15 10:03:24.254245 ========
Node status
---------------------------------------------------------------
Active:
 1 node_95dee78f09d0786a6c8739f9bd73fc7da8a1073d0f113cf414b55469
Pending:
 (no pending nodes)
Recent failures:
 (no failures)

Resources
---------------------------------------------------------------
Total Usage:
 5.0/8.0 CPU (5.0 used of 5.0 reserved in placement groups)
 0B/573.01MiB memory
 7.39MiB/245.58MiB object_store_memory

Total Constraints:
 (no request_resources() constraints)
Total Demands:
 (no resource demands)
2025-12-15 10:03:24,256	INFO autoscaler.py:463 -- The autoscaler took 0.002 seconds to complete the update iteration.
2025-12-15 10:03:29,261	INFO autoscaler.py:147 -- The autoscaler took 0.0 seconds to fetch the list of non-terminated nodes.
2025-12-15 10:03:29,261	INFO autoscaler.py:408 -- 
======== Autoscaler status: 2025-12-15 10:03:29.261222 ========
Node status
---------------------------------------------------------------
Active:
 1 node_95dee78f09d0786a6c8739f9bd73fc7da8a1073d0f113cf414b55469
Pending:
 (no pending nodes)
Recent failures:
 (no failures)

Resources
---------------------------------------------------------------
Total Usage:
 5.0/8.0 CPU (5.0 used of 5.0 reserved in placement groups)
 0B/573.01MiB memory
 7.59MiB/245.58MiB object_store_memory

Total Constraints:
 (no request_resources() constraints)
Total Demands:
 (no resource demands)
2025-12-15 10:03:29,263	INFO autoscaler.py:463 -- The autoscaler took 0.002 seconds to complete the update iteration.
2025-12-15 10:03:34,269	INFO autoscaler.py:147 -- The autoscaler took 0.0 seconds to fetch the list of non-terminated nodes.
2025-12-15 10:03:34,269	INFO autoscaler.py:408 -- 
======== Autoscaler status: 2025-12-15 10:03:34.269227 ========
Node status
---------------------------------------------------------------
Active:
 1 node_95dee78f09d0786a6c8739f9bd73fc7da8a1073d0f113cf414b55469
Pending:
 (no pending nodes)
Recent failures:
 (no failures)

Resources
---------------------------------------------------------------
Total Usage:
 5.0/8.0 CPU (5.0 used of 5.0 reserved in placement groups)
 0B/573.01MiB memory
 7.59MiB/245.58MiB object_store_memory

Total Constraints:
 (no request_resources() constraints)
Total Demands:
 (no resource demands)
2025-12-15 10:03:34,270	INFO autoscaler.py:463 -- The autoscaler took 0.002 seconds to complete the update iteration.
2025-12-15 10:03:39,279	INFO autoscaler.py:147 -- The autoscaler took 0.0 seconds to fetch the list of non-terminated nodes.
2025-12-15 10:03:39,279	INFO autoscaler.py:408 -- 
======== Autoscaler status: 2025-12-15 10:03:39.279596 ========
Node status
---------------------------------------------------------------
Active:
 1 node_95dee78f09d0786a6c8739f9bd73fc7da8a1073d0f113cf414b55469
Pending:
 (no pending nodes)
Recent failures:
 (no failures)

Resources
---------------------------------------------------------------
Total Usage:
 5.0/8.0 CPU (5.0 used of 5.0 reserved in placement groups)
 0B/573.01MiB memory
 7.59MiB/245.58MiB object_store_memory

Total Constraints:
 (no request_resources() constraints)
Total Demands:
 (no resource demands)
2025-12-15 10:03:39,281	INFO autoscaler.py:463 -- The autoscaler took 0.002 seconds to complete the update iteration.
2025-12-15 10:03:44,286	INFO autoscaler.py:147 -- The autoscaler took 0.0 seconds to fetch the list of non-terminated nodes.
2025-12-15 10:03:44,286	INFO autoscaler.py:408 -- 
======== Autoscaler status: 2025-12-15 10:03:44.286677 ========
Node status
---------------------------------------------------------------
Active:
 1 node_95dee78f09d0786a6c8739f9bd73fc7da8a1073d0f113cf414b55469
Pending:
 (no pending nodes)
Recent failures:
 (no failures)

Resources
---------------------------------------------------------------
Total Usage:
 5.0/8.0 CPU (5.0 used of 5.0 reserved in placement groups)
 0B/573.01MiB memory
 7.80MiB/245.58MiB object_store_memory

Total Constraints:
 (no request_resources() constraints)
Total Demands:
 (no resource demands)
2025-12-15 10:03:44,288	INFO autoscaler.py:463 -- The autoscaler took 0.002 seconds to complete the update iteration.
2025-12-15 10:03:49,292	INFO autoscaler.py:147 -- The autoscaler took 0.0 seconds to fetch the list of non-terminated nodes.
2025-12-15 10:03:49,294	INFO autoscaler.py:408 -- 
======== Autoscaler status: 2025-12-15 10:03:49.294098 ========
Node status
---------------------------------------------------------------
Active:
 1 node_95dee78f09d0786a6c8739f9bd73fc7da8a1073d0f113cf414b55469
Pending:
 (no pending nodes)
Recent failures:
 (no failures)

Resources
---------------------------------------------------------------
Total Usage:
 5.0/8.0 CPU (5.0 used of 5.0 reserved in placement groups)
 0B/573.01MiB memory
 7.80MiB/245.58MiB object_store_memory

Total Constraints:
 (no request_resources() constraints)
Total Demands:
 (no resource demands)
2025-12-15 10:03:49,294	INFO autoscaler.py:463 -- The autoscaler took 0.002 seconds to complete the update iteration.
2025-12-15 10:03:54,297	INFO autoscaler.py:147 -- The autoscaler took 0.0 seconds to fetch the list of non-terminated nodes.
2025-12-15 10:03:54,297	INFO autoscaler.py:408 -- 
======== Autoscaler status: 2025-12-15 10:03:54.297597 ========
Node status
---------------------------------------------------------------
Active:
 1 node_95dee78f09d0786a6c8739f9bd73fc7da8a1073d0f113cf414b55469
Pending:
 (no pending nodes)
Recent failures:
 (no failures)

Resources
---------------------------------------------------------------
Total Usage:
 5.0/8.0 CPU (5.0 used of 5.0 reserved in placement groups)
 0B/573.01MiB memory
 8.00MiB/245.58MiB object_store_memory

Total Constraints:
 (no request_resources() constraints)
Total Demands:
 (no resource demands)
2025-12-15 10:03:54,297	INFO autoscaler.py:463 -- The autoscaler took 0.0 seconds to complete the update iteration.
2025-12-15 10:03:59,307	INFO autoscaler.py:147 -- The autoscaler took 0.0 seconds to fetch the list of non-terminated nodes.
2025-12-15 10:03:59,309	INFO autoscaler.py:408 -- 
======== Autoscaler status: 2025-12-15 10:03:59.309919 ========
Node status
---------------------------------------------------------------
Active:
 1 node_95dee78f09d0786a6c8739f9bd73fc7da8a1073d0f113cf414b55469
Pending:
 (no pending nodes)
Recent failures:
 (no failures)

Resources
---------------------------------------------------------------
Total Usage:
 5.0/8.0 CPU (5.0 used of 5.0 reserved in placement groups)
 0B/573.01MiB memory
 8.00MiB/245.58MiB object_store_memory

Total Constraints:
 (no request_resources() constraints)
Total Demands:
 (no resource demands)
2025-12-15 10:03:59,309	INFO autoscaler.py:463 -- The autoscaler took 0.002 seconds to complete the update iteration.
2025-12-15 10:04:04,316	INFO autoscaler.py:147 -- The autoscaler took 0.0 seconds to fetch the list of non-terminated nodes.
2025-12-15 10:04:04,316	INFO autoscaler.py:408 -- 
======== Autoscaler status: 2025-12-15 10:04:04.316380 ========
Node status
---------------------------------------------------------------
Active:
 1 node_95dee78f09d0786a6c8739f9bd73fc7da8a1073d0f113cf414b55469
Pending:
 (no pending nodes)
Recent failures:
 (no failures)

Resources
---------------------------------------------------------------
Total Usage:
 5.0/8.0 CPU (5.0 used of 5.0 reserved in placement groups)
 0B/573.01MiB memory
 8.21MiB/245.58MiB object_store_memory

Total Constraints:
 (no request_resources() constraints)
Total Demands:
 (no resource demands)
2025-12-15 10:04:04,316	INFO autoscaler.py:463 -- The autoscaler took 0.0 seconds to complete the update iteration.
2025-12-15 10:04:09,322	INFO autoscaler.py:147 -- The autoscaler took 0.0 seconds to fetch the list of non-terminated nodes.
2025-12-15 10:04:09,322	INFO autoscaler.py:408 -- 
======== Autoscaler status: 2025-12-15 10:04:09.322746 ========
Node status
---------------------------------------------------------------
Active:
 1 node_95dee78f09d0786a6c8739f9bd73fc7da8a1073d0f113cf414b55469
Pending:
 (no pending nodes)
Recent failures:
 (no failures)

Resources
---------------------------------------------------------------
Total Usage:
 5.0/8.0 CPU (5.0 used of 5.0 reserved in placement groups)
 0B/573.01MiB memory
 8.21MiB/245.58MiB object_store_memory

Total Constraints:
 (no request_resources() constraints)
Total Demands:
 (no resource demands)
2025-12-15 10:04:09,322	INFO autoscaler.py:463 -- The autoscaler took 0.0 seconds to complete the update iteration.
2025-12-15 10:04:14,332	INFO autoscaler.py:147 -- The autoscaler took 0.0 seconds to fetch the list of non-terminated nodes.
2025-12-15 10:04:14,333	INFO autoscaler.py:408 -- 
======== Autoscaler status: 2025-12-15 10:04:14.333076 ========
Node status
---------------------------------------------------------------
Active:
 1 node_95dee78f09d0786a6c8739f9bd73fc7da8a1073d0f113cf414b55469
Pending:
 (no pending nodes)
Recent failures:
 (no failures)

Resources
---------------------------------------------------------------
Total Usage:
 5.0/8.0 CPU (5.0 used of 5.0 reserved in placement groups)
 0B/573.01MiB memory
 8.41MiB/245.58MiB object_store_memory

Total Constraints:
 (no request_resources() constraints)
Total Demands:
 (no resource demands)
2025-12-15 10:04:14,335	INFO autoscaler.py:463 -- The autoscaler took 0.003 seconds to complete the update iteration.
2025-12-15 10:04:19,340	INFO autoscaler.py:147 -- The autoscaler took 0.0 seconds to fetch the list of non-terminated nodes.
2025-12-15 10:04:19,341	INFO autoscaler.py:408 -- 
======== Autoscaler status: 2025-12-15 10:04:19.341505 ========
Node status
---------------------------------------------------------------
Active:
 1 node_95dee78f09d0786a6c8739f9bd73fc7da8a1073d0f113cf414b55469
Pending:
 (no pending nodes)
Recent failures:
 (no failures)

Resources
---------------------------------------------------------------
Total Usage:
 5.0/8.0 CPU (5.0 used of 5.0 reserved in placement groups)
 0B/573.01MiB memory
 8.41MiB/245.58MiB object_store_memory

Total Constraints:
 (no request_resources() constraints)
Total Demands:
 (no resource demands)
2025-12-15 10:04:19,342	INFO autoscaler.py:463 -- The autoscaler took 0.002 seconds to complete the update iteration.
2025-12-15 10:04:24,346	INFO autoscaler.py:147 -- The autoscaler took 0.0 seconds to fetch the list of non-terminated nodes.
2025-12-15 10:04:24,347	INFO autoscaler.py:408 -- 
======== Autoscaler status: 2025-12-15 10:04:24.347972 ========
Node status
---------------------------------------------------------------
Active:
 1 node_95dee78f09d0786a6c8739f9bd73fc7da8a1073d0f113cf414b55469
Pending:
 (no pending nodes)
Recent failures:
 (no failures)

Resources
---------------------------------------------------------------
Total Usage:
 5.0/8.0 CPU (5.0 used of 5.0 reserved in placement groups)
 0B/573.01MiB memory
 8.62MiB/245.58MiB object_store_memory

Total Constraints:
 (no request_resources() constraints)
Total Demands:
 (no resource demands)
2025-12-15 10:04:24,348	INFO autoscaler.py:463 -- The autoscaler took 0.002 seconds to complete the update iteration.
2025-12-15 10:04:29,355	INFO autoscaler.py:147 -- The autoscaler took 0.0 seconds to fetch the list of non-terminated nodes.
2025-12-15 10:04:29,356	INFO autoscaler.py:408 -- 
======== Autoscaler status: 2025-12-15 10:04:29.356347 ========
Node status
---------------------------------------------------------------
Active:
 1 node_95dee78f09d0786a6c8739f9bd73fc7da8a1073d0f113cf414b55469
Pending:
 (no pending nodes)
Recent failures:
 (no failures)

Resources
---------------------------------------------------------------
Total Usage:
 5.0/8.0 CPU (5.0 used of 5.0 reserved in placement groups)
 0B/573.01MiB memory
 8.62MiB/245.58MiB object_store_memory

Total Constraints:
 (no request_resources() constraints)
Total Demands:
 (no resource demands)
2025-12-15 10:04:29,358	INFO autoscaler.py:463 -- The autoscaler took 0.003 seconds to complete the update iteration.
2025-12-15 10:04:34,364	INFO autoscaler.py:147 -- The autoscaler took 0.0 seconds to fetch the list of non-terminated nodes.
2025-12-15 10:04:34,367	INFO autoscaler.py:408 -- 
======== Autoscaler status: 2025-12-15 10:04:34.364960 ========
Node status
---------------------------------------------------------------
Active:
 1 node_95dee78f09d0786a6c8739f9bd73fc7da8a1073d0f113cf414b55469
Pending:
 (no pending nodes)
Recent failures:
 (no failures)

Resources
---------------------------------------------------------------
Total Usage:
 5.0/8.0 CPU (5.0 used of 5.0 reserved in placement groups)
 0B/573.01MiB memory
 8.62MiB/245.58MiB object_store_memory

Total Constraints:
 (no request_resources() constraints)
Total Demands:
 (no resource demands)
2025-12-15 10:04:34,369	INFO autoscaler.py:463 -- The autoscaler took 0.004 seconds to complete the update iteration.
2025-12-15 10:04:39,375	INFO autoscaler.py:147 -- The autoscaler took 0.0 seconds to fetch the list of non-terminated nodes.
2025-12-15 10:04:39,376	INFO autoscaler.py:408 -- 
======== Autoscaler status: 2025-12-15 10:04:39.376985 ========
Node status
---------------------------------------------------------------
Active:
 1 node_95dee78f09d0786a6c8739f9bd73fc7da8a1073d0f113cf414b55469
Pending:
 (no pending nodes)
Recent failures:
 (no failures)

Resources
---------------------------------------------------------------
Total Usage:
 5.0/8.0 CPU (5.0 used of 5.0 reserved in placement groups)
 0B/573.01MiB memory
 8.62MiB/245.58MiB object_store_memory

Total Constraints:
 (no request_resources() constraints)
Total Demands:
 (no resource demands)
2025-12-15 10:04:39,376	INFO autoscaler.py:463 -- The autoscaler took 0.002 seconds to complete the update iteration.
2025-12-15 10:04:44,383	INFO autoscaler.py:147 -- The autoscaler took 0.0 seconds to fetch the list of non-terminated nodes.
2025-12-15 10:04:44,383	INFO autoscaler.py:408 -- 
======== Autoscaler status: 2025-12-15 10:04:44.383666 ========
Node status
---------------------------------------------------------------
Active:
 1 node_95dee78f09d0786a6c8739f9bd73fc7da8a1073d0f113cf414b55469
Pending:
 (no pending nodes)
Recent failures:
 (no failures)

Resources
---------------------------------------------------------------
Total Usage:
 5.0/8.0 CPU (5.0 used of 5.0 reserved in placement groups)
 0B/573.01MiB memory
 8.82MiB/245.58MiB object_store_memory

Total Constraints:
 (no request_resources() constraints)
Total Demands:
 (no resource demands)
2025-12-15 10:04:44,385	INFO autoscaler.py:463 -- The autoscaler took 0.002 seconds to complete the update iteration.
2025-12-15 10:04:49,391	INFO autoscaler.py:147 -- The autoscaler took 0.0 seconds to fetch the list of non-terminated nodes.
2025-12-15 10:04:49,391	INFO autoscaler.py:408 -- 
======== Autoscaler status: 2025-12-15 10:04:49.391535 ========
Node status
---------------------------------------------------------------
Active:
 1 node_95dee78f09d0786a6c8739f9bd73fc7da8a1073d0f113cf414b55469
Pending:
 (no pending nodes)
Recent failures:
 (no failures)

Resources
---------------------------------------------------------------
Total Usage:
 5.0/8.0 CPU (5.0 used of 5.0 reserved in placement groups)
 0B/573.01MiB memory
 8.82MiB/245.58MiB object_store_memory

Total Constraints:
 (no request_resources() constraints)
Total Demands:
 (no resource demands)
2025-12-15 10:04:49,394	INFO autoscaler.py:463 -- The autoscaler took 0.003 seconds to complete the update iteration.
2025-12-15 10:04:54,400	INFO autoscaler.py:147 -- The autoscaler took 0.0 seconds to fetch the list of non-terminated nodes.
2025-12-15 10:04:54,400	INFO autoscaler.py:408 -- 
======== Autoscaler status: 2025-12-15 10:04:54.400080 ========
Node status
---------------------------------------------------------------
Active:
 1 node_95dee78f09d0786a6c8739f9bd73fc7da8a1073d0f113cf414b55469
Pending:
 (no pending nodes)
Recent failures:
 (no failures)

Resources
---------------------------------------------------------------
Total Usage:
 5.0/8.0 CPU (5.0 used of 5.0 reserved in placement groups)
 0B/573.01MiB memory
 9.24MiB/245.58MiB object_store_memory

Total Constraints:
 (no request_resources() constraints)
Total Demands:
 (no resource demands)
2025-12-15 10:04:54,400	INFO autoscaler.py:463 -- The autoscaler took 0.0 seconds to complete the update iteration.
2025-12-15 10:04:59,409	INFO autoscaler.py:147 -- The autoscaler took 0.0 seconds to fetch the list of non-terminated nodes.
2025-12-15 10:04:59,410	INFO autoscaler.py:408 -- 
======== Autoscaler status: 2025-12-15 10:04:59.409279 ========
Node status
---------------------------------------------------------------
Active:
 1 node_95dee78f09d0786a6c8739f9bd73fc7da8a1073d0f113cf414b55469
Pending:
 (no pending nodes)
Recent failures:
 (no failures)

Resources
---------------------------------------------------------------
Total Usage:
 5.0/8.0 CPU (5.0 used of 5.0 reserved in placement groups)
 0B/573.01MiB memory
 9.24MiB/245.58MiB object_store_memory

Total Constraints:
 (no request_resources() constraints)
Total Demands:
 (no resource demands)
2025-12-15 10:04:59,412	INFO autoscaler.py:463 -- The autoscaler took 0.003 seconds to complete the update iteration.
2025-12-15 10:05:04,417	INFO autoscaler.py:147 -- The autoscaler took 0.0 seconds to fetch the list of non-terminated nodes.
2025-12-15 10:05:04,417	INFO autoscaler.py:408 -- 
======== Autoscaler status: 2025-12-15 10:05:04.417309 ========
Node status
---------------------------------------------------------------
Active:
 1 node_95dee78f09d0786a6c8739f9bd73fc7da8a1073d0f113cf414b55469
Pending:
 (no pending nodes)
Recent failures:
 (no failures)

Resources
---------------------------------------------------------------
Total Usage:
 5.0/8.0 CPU (5.0 used of 5.0 reserved in placement groups)
 0B/573.01MiB memory
 9.24MiB/245.58MiB object_store_memory

Total Constraints:
 (no request_resources() constraints)
Total Demands:
 (no resource demands)
2025-12-15 10:05:04,417	INFO autoscaler.py:463 -- The autoscaler took 0.0 seconds to complete the update iteration.
2025-12-15 10:05:09,426	INFO autoscaler.py:147 -- The autoscaler took 0.0 seconds to fetch the list of non-terminated nodes.
2025-12-15 10:05:09,426	INFO autoscaler.py:408 -- 
======== Autoscaler status: 2025-12-15 10:05:09.426263 ========
Node status
---------------------------------------------------------------
Active:
 1 node_95dee78f09d0786a6c8739f9bd73fc7da8a1073d0f113cf414b55469
Pending:
 (no pending nodes)
Recent failures:
 (no failures)

Resources
---------------------------------------------------------------
Total Usage:
 5.0/8.0 CPU (5.0 used of 5.0 reserved in placement groups)
 0B/573.01MiB memory
 9.44MiB/245.58MiB object_store_memory

Total Constraints:
 (no request_resources() constraints)
Total Demands:
 (no resource demands)
2025-12-15 10:05:09,430	INFO autoscaler.py:463 -- The autoscaler took 0.002 seconds to complete the update iteration.
2025-12-15 10:05:14,434	INFO autoscaler.py:147 -- The autoscaler took 0.0 seconds to fetch the list of non-terminated nodes.
2025-12-15 10:05:14,436	INFO autoscaler.py:408 -- 
======== Autoscaler status: 2025-12-15 10:05:14.434539 ========
Node status
---------------------------------------------------------------
Active:
 1 node_95dee78f09d0786a6c8739f9bd73fc7da8a1073d0f113cf414b55469
Pending:
 (no pending nodes)
Recent failures:
 (no failures)

Resources
---------------------------------------------------------------
Total Usage:
 5.0/8.0 CPU (5.0 used of 5.0 reserved in placement groups)
 0B/573.01MiB memory
 9.44MiB/245.58MiB object_store_memory

Total Constraints:
 (no request_resources() constraints)
Total Demands:
 (no resource demands)
2025-12-15 10:05:14,436	INFO autoscaler.py:463 -- The autoscaler took 0.002 seconds to complete the update iteration.
2025-12-15 10:05:19,439	INFO autoscaler.py:147 -- The autoscaler took 0.0 seconds to fetch the list of non-terminated nodes.
2025-12-15 10:05:19,439	INFO autoscaler.py:408 -- 
======== Autoscaler status: 2025-12-15 10:05:19.439963 ========
Node status
---------------------------------------------------------------
Active:
 1 node_95dee78f09d0786a6c8739f9bd73fc7da8a1073d0f113cf414b55469
Pending:
 (no pending nodes)
Recent failures:
 (no failures)

Resources
---------------------------------------------------------------
Total Usage:
 5.0/8.0 CPU (5.0 used of 5.0 reserved in placement groups)
 0B/573.01MiB memory
 9.44MiB/245.58MiB object_store_memory

Total Constraints:
 (no request_resources() constraints)
Total Demands:
 (no resource demands)
2025-12-15 10:05:19,439	INFO autoscaler.py:463 -- The autoscaler took 0.0 seconds to complete the update iteration.
2025-12-15 10:05:24,460	INFO autoscaler.py:147 -- The autoscaler took 0.0 seconds to fetch the list of non-terminated nodes.
2025-12-15 10:05:24,462	INFO autoscaler.py:408 -- 
======== Autoscaler status: 2025-12-15 10:05:24.462275 ========
Node status
---------------------------------------------------------------
Active:
 1 node_95dee78f09d0786a6c8739f9bd73fc7da8a1073d0f113cf414b55469
Pending:
 (no pending nodes)
Recent failures:
 (no failures)

Resources
---------------------------------------------------------------
Total Usage:
 5.0/8.0 CPU (5.0 used of 5.0 reserved in placement groups)
 0B/573.01MiB memory
 9.65MiB/245.58MiB object_store_memory

Total Constraints:
 (no request_resources() constraints)
Total Demands:
 (no resource demands)
2025-12-15 10:05:24,464	INFO autoscaler.py:463 -- The autoscaler took 0.004 seconds to complete the update iteration.
2025-12-15 10:05:29,469	INFO autoscaler.py:147 -- The autoscaler took 0.0 seconds to fetch the list of non-terminated nodes.
2025-12-15 10:05:29,469	INFO autoscaler.py:408 -- 
======== Autoscaler status: 2025-12-15 10:05:29.469528 ========
Node status
---------------------------------------------------------------
Active:
 1 node_95dee78f09d0786a6c8739f9bd73fc7da8a1073d0f113cf414b55469
Pending:
 (no pending nodes)
Recent failures:
 (no failures)

Resources
---------------------------------------------------------------
Total Usage:
 5.0/8.0 CPU (5.0 used of 5.0 reserved in placement groups)
 0B/573.01MiB memory
 9.65MiB/245.58MiB object_store_memory

Total Constraints:
 (no request_resources() constraints)
Total Demands:
 (no resource demands)
2025-12-15 10:05:29,471	INFO autoscaler.py:463 -- The autoscaler took 0.002 seconds to complete the update iteration.
2025-12-15 10:05:34,477	INFO autoscaler.py:147 -- The autoscaler took 0.0 seconds to fetch the list of non-terminated nodes.
2025-12-15 10:05:34,478	INFO autoscaler.py:408 -- 
======== Autoscaler status: 2025-12-15 10:05:34.478301 ========
Node status
---------------------------------------------------------------
Active:
 1 node_95dee78f09d0786a6c8739f9bd73fc7da8a1073d0f113cf414b55469
Pending:
 (no pending nodes)
Recent failures:
 (no failures)

Resources
---------------------------------------------------------------
Total Usage:
 5.0/8.0 CPU (5.0 used of 5.0 reserved in placement groups)
 0B/573.01MiB memory
 9.65MiB/245.58MiB object_store_memory

Total Constraints:
 (no request_resources() constraints)
Total Demands:
 (no resource demands)
2025-12-15 10:05:34,479	INFO autoscaler.py:463 -- The autoscaler took 0.002 seconds to complete the update iteration.
2025-12-15 10:05:39,483	INFO autoscaler.py:147 -- The autoscaler took 0.0 seconds to fetch the list of non-terminated nodes.
2025-12-15 10:05:39,485	INFO autoscaler.py:408 -- 
======== Autoscaler status: 2025-12-15 10:05:39.485724 ========
Node status
---------------------------------------------------------------
Active:
 1 node_95dee78f09d0786a6c8739f9bd73fc7da8a1073d0f113cf414b55469
Pending:
 (no pending nodes)
Recent failures:
 (no failures)

Resources
---------------------------------------------------------------
Total Usage:
 5.0/8.0 CPU (5.0 used of 5.0 reserved in placement groups)
 0B/573.01MiB memory
 9.85MiB/245.58MiB object_store_memory

Total Constraints:
 (no request_resources() constraints)
Total Demands:
 (no resource demands)
2025-12-15 10:05:39,487	INFO autoscaler.py:463 -- The autoscaler took 0.004 seconds to complete the update iteration.
2025-12-15 10:05:44,494	INFO autoscaler.py:147 -- The autoscaler took 0.0 seconds to fetch the list of non-terminated nodes.
2025-12-15 10:05:44,495	INFO autoscaler.py:408 -- 
======== Autoscaler status: 2025-12-15 10:05:44.495322 ========
Node status
---------------------------------------------------------------
Active:
 1 node_95dee78f09d0786a6c8739f9bd73fc7da8a1073d0f113cf414b55469
Pending:
 (no pending nodes)
Recent failures:
 (no failures)

Resources
---------------------------------------------------------------
Total Usage:
 5.0/8.0 CPU (5.0 used of 5.0 reserved in placement groups)
 0B/573.01MiB memory
 9.85MiB/245.58MiB object_store_memory

Total Constraints:
 (no request_resources() constraints)
Total Demands:
 (no resource demands)
2025-12-15 10:05:44,497	INFO autoscaler.py:463 -- The autoscaler took 0.003 seconds to complete the update iteration.
2025-12-15 10:05:49,504	INFO autoscaler.py:147 -- The autoscaler took 0.0 seconds to fetch the list of non-terminated nodes.
2025-12-15 10:05:49,505	INFO autoscaler.py:408 -- 
======== Autoscaler status: 2025-12-15 10:05:49.505733 ========
Node status
---------------------------------------------------------------
Active:
 1 node_95dee78f09d0786a6c8739f9bd73fc7da8a1073d0f113cf414b55469
Pending:
 (no pending nodes)
Recent failures:
 (no failures)

Resources
---------------------------------------------------------------
Total Usage:
 5.0/8.0 CPU (5.0 used of 5.0 reserved in placement groups)
 0B/573.01MiB memory
 9.85MiB/245.58MiB object_store_memory

Total Constraints:
 (no request_resources() constraints)
Total Demands:
 (no resource demands)
2025-12-15 10:05:49,507	INFO autoscaler.py:463 -- The autoscaler took 0.003 seconds to complete the update iteration.
2025-12-15 10:05:54,532	INFO autoscaler.py:147 -- The autoscaler took 0.0 seconds to fetch the list of non-terminated nodes.
2025-12-15 10:05:54,534	INFO autoscaler.py:408 -- 
======== Autoscaler status: 2025-12-15 10:05:54.534908 ========
Node status
---------------------------------------------------------------
Active:
 1 node_95dee78f09d0786a6c8739f9bd73fc7da8a1073d0f113cf414b55469
Pending:
 (no pending nodes)
Recent failures:
 (no failures)

Resources
---------------------------------------------------------------
Total Usage:
 5.0/8.0 CPU (5.0 used of 5.0 reserved in placement groups)
 0B/573.01MiB memory
 10.06MiB/245.58MiB object_store_memory

Total Constraints:
 (no request_resources() constraints)
Total Demands:
 (no resource demands)
2025-12-15 10:05:54,544	INFO autoscaler.py:463 -- The autoscaler took 0.012 seconds to complete the update iteration.
2025-12-15 10:05:59,553	INFO autoscaler.py:147 -- The autoscaler took 0.0 seconds to fetch the list of non-terminated nodes.
2025-12-15 10:05:59,553	INFO autoscaler.py:408 -- 
======== Autoscaler status: 2025-12-15 10:05:59.553975 ========
Node status
---------------------------------------------------------------
Active:
 1 node_95dee78f09d0786a6c8739f9bd73fc7da8a1073d0f113cf414b55469
Pending:
 (no pending nodes)
Recent failures:
 (no failures)

Resources
---------------------------------------------------------------
Total Usage:
 5.0/8.0 CPU (5.0 used of 5.0 reserved in placement groups)
 0B/573.01MiB memory
 10.06MiB/245.58MiB object_store_memory

Total Constraints:
 (no request_resources() constraints)
Total Demands:
 (no resource demands)
2025-12-15 10:05:59,555	INFO autoscaler.py:463 -- The autoscaler took 0.002 seconds to complete the update iteration.
2025-12-15 10:06:04,580	INFO autoscaler.py:147 -- The autoscaler took 0.0 seconds to fetch the list of non-terminated nodes.
2025-12-15 10:06:04,582	INFO autoscaler.py:408 -- 
======== Autoscaler status: 2025-12-15 10:06:04.582175 ========
Node status
---------------------------------------------------------------
Active:
 1 node_95dee78f09d0786a6c8739f9bd73fc7da8a1073d0f113cf414b55469
Pending:
 (no pending nodes)
Recent failures:
 (no failures)

Resources
---------------------------------------------------------------
Total Usage:
 5.0/8.0 CPU (5.0 used of 5.0 reserved in placement groups)
 0B/573.01MiB memory
 10.06MiB/245.58MiB object_store_memory

Total Constraints:
 (no request_resources() constraints)
Total Demands:
 (no resource demands)
2025-12-15 10:06:04,584	INFO autoscaler.py:463 -- The autoscaler took 0.004 seconds to complete the update iteration.
2025-12-15 10:06:09,604	INFO autoscaler.py:147 -- The autoscaler took 0.0 seconds to fetch the list of non-terminated nodes.
2025-12-15 10:06:09,606	INFO autoscaler.py:408 -- 
======== Autoscaler status: 2025-12-15 10:06:09.604719 ========
Node status
---------------------------------------------------------------
Active:
 1 node_95dee78f09d0786a6c8739f9bd73fc7da8a1073d0f113cf414b55469
Pending:
 (no pending nodes)
Recent failures:
 (no failures)

Resources
---------------------------------------------------------------
Total Usage:
 5.0/8.0 CPU (5.0 used of 5.0 reserved in placement groups)
 0B/573.01MiB memory
 10.26MiB/245.58MiB object_store_memory

Total Constraints:
 (no request_resources() constraints)
Total Demands:
 (no resource demands)
2025-12-15 10:06:09,608	INFO autoscaler.py:463 -- The autoscaler took 0.004 seconds to complete the update iteration.
2025-12-15 10:06:14,614	INFO autoscaler.py:147 -- The autoscaler took 0.0 seconds to fetch the list of non-terminated nodes.
2025-12-15 10:06:14,614	INFO autoscaler.py:408 -- 
======== Autoscaler status: 2025-12-15 10:06:14.614950 ========
Node status
---------------------------------------------------------------
Active:
 1 node_95dee78f09d0786a6c8739f9bd73fc7da8a1073d0f113cf414b55469
Pending:
 (no pending nodes)
Recent failures:
 (no failures)

Resources
---------------------------------------------------------------
Total Usage:
 5.0/8.0 CPU (5.0 used of 5.0 reserved in placement groups)
 0B/573.01MiB memory
 10.26MiB/245.58MiB object_store_memory

Total Constraints:
 (no request_resources() constraints)
Total Demands:
 (no resource demands)
2025-12-15 10:06:14,616	INFO autoscaler.py:463 -- The autoscaler took 0.002 seconds to complete the update iteration.
2025-12-15 10:06:19,622	INFO autoscaler.py:147 -- The autoscaler took 0.0 seconds to fetch the list of non-terminated nodes.
2025-12-15 10:06:19,624	INFO autoscaler.py:408 -- 
======== Autoscaler status: 2025-12-15 10:06:19.624666 ========
Node status
---------------------------------------------------------------
Active:
 1 node_95dee78f09d0786a6c8739f9bd73fc7da8a1073d0f113cf414b55469
Pending:
 (no pending nodes)
Recent failures:
 (no failures)

Resources
---------------------------------------------------------------
Total Usage:
 5.0/8.0 CPU (5.0 used of 5.0 reserved in placement groups)
 0B/573.01MiB memory
 10.26MiB/245.58MiB object_store_memory

Total Constraints:
 (no request_resources() constraints)
Total Demands:
 (no resource demands)
2025-12-15 10:06:19,624	INFO autoscaler.py:463 -- The autoscaler took 0.002 seconds to complete the update iteration.
2025-12-15 10:06:24,630	INFO autoscaler.py:147 -- The autoscaler took 0.0 seconds to fetch the list of non-terminated nodes.
2025-12-15 10:06:24,632	INFO autoscaler.py:408 -- 
======== Autoscaler status: 2025-12-15 10:06:24.632785 ========
Node status
---------------------------------------------------------------
Active:
 1 node_95dee78f09d0786a6c8739f9bd73fc7da8a1073d0f113cf414b55469
Pending:
 (no pending nodes)
Recent failures:
 (no failures)

Resources
---------------------------------------------------------------
Total Usage:
 5.0/8.0 CPU (5.0 used of 5.0 reserved in placement groups)
 0B/573.01MiB memory
 10.47MiB/245.58MiB object_store_memory

Total Constraints:
 (no request_resources() constraints)
Total Demands:
 (no resource demands)
2025-12-15 10:06:24,632	INFO autoscaler.py:463 -- The autoscaler took 0.002 seconds to complete the update iteration.
2025-12-15 10:06:29,638	INFO autoscaler.py:147 -- The autoscaler took 0.0 seconds to fetch the list of non-terminated nodes.
2025-12-15 10:06:29,638	INFO autoscaler.py:408 -- 
======== Autoscaler status: 2025-12-15 10:06:29.638109 ========
Node status
---------------------------------------------------------------
Active:
 1 node_95dee78f09d0786a6c8739f9bd73fc7da8a1073d0f113cf414b55469
Pending:
 (no pending nodes)
Recent failures:
 (no failures)

Resources
---------------------------------------------------------------
Total Usage:
 5.0/8.0 CPU (5.0 used of 5.0 reserved in placement groups)
 0B/573.01MiB memory
 10.47MiB/245.58MiB object_store_memory

Total Constraints:
 (no request_resources() constraints)
Total Demands:
 (no resource demands)
2025-12-15 10:06:29,638	INFO autoscaler.py:463 -- The autoscaler took 0.0 seconds to complete the update iteration.
2025-12-15 10:06:34,646	INFO autoscaler.py:147 -- The autoscaler took 0.0 seconds to fetch the list of non-terminated nodes.
2025-12-15 10:06:34,646	INFO autoscaler.py:408 -- 
======== Autoscaler status: 2025-12-15 10:06:34.646719 ========
Node status
---------------------------------------------------------------
Active:
 1 node_95dee78f09d0786a6c8739f9bd73fc7da8a1073d0f113cf414b55469
Pending:
 (no pending nodes)
Recent failures:
 (no failures)

Resources
---------------------------------------------------------------
Total Usage:
 5.0/8.0 CPU (5.0 used of 5.0 reserved in placement groups)
 0B/573.01MiB memory
 10.47MiB/245.58MiB object_store_memory

Total Constraints:
 (no request_resources() constraints)
Total Demands:
 (no resource demands)
2025-12-15 10:06:34,648	INFO autoscaler.py:463 -- The autoscaler took 0.002 seconds to complete the update iteration.
2025-12-15 10:06:39,654	INFO autoscaler.py:147 -- The autoscaler took 0.0 seconds to fetch the list of non-terminated nodes.
2025-12-15 10:06:39,656	INFO autoscaler.py:408 -- 
======== Autoscaler status: 2025-12-15 10:06:39.656965 ========
Node status
---------------------------------------------------------------
Active:
 1 node_95dee78f09d0786a6c8739f9bd73fc7da8a1073d0f113cf414b55469
Pending:
 (no pending nodes)
Recent failures:
 (no failures)

Resources
---------------------------------------------------------------
Total Usage:
 5.0/8.0 CPU (5.0 used of 5.0 reserved in placement groups)
 0B/573.01MiB memory
 10.67MiB/245.58MiB object_store_memory

Total Constraints:
 (no request_resources() constraints)
Total Demands:
 (no resource demands)
2025-12-15 10:06:39,658	INFO autoscaler.py:463 -- The autoscaler took 0.004 seconds to complete the update iteration.
2025-12-15 10:06:44,660	INFO autoscaler.py:147 -- The autoscaler took 0.0 seconds to fetch the list of non-terminated nodes.
2025-12-15 10:06:44,660	INFO autoscaler.py:408 -- 
======== Autoscaler status: 2025-12-15 10:06:44.660989 ========
Node status
---------------------------------------------------------------
Active:
 1 node_95dee78f09d0786a6c8739f9bd73fc7da8a1073d0f113cf414b55469
Pending:
 (no pending nodes)
Recent failures:
 (no failures)

Resources
---------------------------------------------------------------
Total Usage:
 5.0/8.0 CPU (5.0 used of 5.0 reserved in placement groups)
 0B/573.01MiB memory
 10.67MiB/245.58MiB object_store_memory

Total Constraints:
 (no request_resources() constraints)
Total Demands:
 (no resource demands)
2025-12-15 10:06:44,660	INFO autoscaler.py:463 -- The autoscaler took 0.0 seconds to complete the update iteration.
2025-12-15 10:06:49,669	INFO autoscaler.py:147 -- The autoscaler took 0.0 seconds to fetch the list of non-terminated nodes.
2025-12-15 10:06:49,669	INFO autoscaler.py:408 -- 
======== Autoscaler status: 2025-12-15 10:06:49.669508 ========
Node status
---------------------------------------------------------------
Active:
 1 node_95dee78f09d0786a6c8739f9bd73fc7da8a1073d0f113cf414b55469
Pending:
 (no pending nodes)
Recent failures:
 (no failures)

Resources
---------------------------------------------------------------
Total Usage:
 5.0/8.0 CPU (5.0 used of 5.0 reserved in placement groups)
 0B/573.01MiB memory
 10.67MiB/245.58MiB object_store_memory

Total Constraints:
 (no request_resources() constraints)
Total Demands:
 (no resource demands)
2025-12-15 10:06:49,671	INFO autoscaler.py:463 -- The autoscaler took 0.002 seconds to complete the update iteration.
2025-12-15 10:06:54,677	INFO autoscaler.py:147 -- The autoscaler took 0.0 seconds to fetch the list of non-terminated nodes.
2025-12-15 10:06:54,679	INFO autoscaler.py:408 -- 
======== Autoscaler status: 2025-12-15 10:06:54.677558 ========
Node status
---------------------------------------------------------------
Active:
 1 node_95dee78f09d0786a6c8739f9bd73fc7da8a1073d0f113cf414b55469
Pending:
 (no pending nodes)
Recent failures:
 (no failures)

Resources
---------------------------------------------------------------
Total Usage:
 5.0/8.0 CPU (5.0 used of 5.0 reserved in placement groups)
 0B/573.01MiB memory
 10.88MiB/245.58MiB object_store_memory

Total Constraints:
 (no request_resources() constraints)
Total Demands:
 (no resource demands)
2025-12-15 10:06:54,680	INFO autoscaler.py:463 -- The autoscaler took 0.003 seconds to complete the update iteration.
2025-12-15 10:06:59,682	INFO autoscaler.py:147 -- The autoscaler took 0.0 seconds to fetch the list of non-terminated nodes.
2025-12-15 10:06:59,682	INFO autoscaler.py:408 -- 
======== Autoscaler status: 2025-12-15 10:06:59.682356 ========
Node status
---------------------------------------------------------------
Active:
 1 node_95dee78f09d0786a6c8739f9bd73fc7da8a1073d0f113cf414b55469
Pending:
 (no pending nodes)
Recent failures:
 (no failures)

Resources
---------------------------------------------------------------
Total Usage:
 5.0/8.0 CPU (5.0 used of 5.0 reserved in placement groups)
 0B/573.01MiB memory
 10.88MiB/245.58MiB object_store_memory

Total Constraints:
 (no request_resources() constraints)
Total Demands:
 (no resource demands)
2025-12-15 10:06:59,682	INFO autoscaler.py:463 -- The autoscaler took 0.0 seconds to complete the update iteration.
2025-12-15 10:07:04,695	INFO autoscaler.py:147 -- The autoscaler took 0.0 seconds to fetch the list of non-terminated nodes.
2025-12-15 10:07:04,695	INFO autoscaler.py:408 -- 
======== Autoscaler status: 2025-12-15 10:07:04.695391 ========
Node status
---------------------------------------------------------------
Active:
 1 node_95dee78f09d0786a6c8739f9bd73fc7da8a1073d0f113cf414b55469
Pending:
 (no pending nodes)
Recent failures:
 (no failures)

Resources
---------------------------------------------------------------
Total Usage:
 5.0/8.0 CPU (5.0 used of 5.0 reserved in placement groups)
 0B/573.01MiB memory
 11.08MiB/245.58MiB object_store_memory

Total Constraints:
 (no request_resources() constraints)
Total Demands:
 (no resource demands)
2025-12-15 10:07:04,697	INFO autoscaler.py:463 -- The autoscaler took 0.002 seconds to complete the update iteration.
2025-12-15 10:07:09,702	INFO autoscaler.py:147 -- The autoscaler took 0.0 seconds to fetch the list of non-terminated nodes.
2025-12-15 10:07:09,705	INFO autoscaler.py:408 -- 
======== Autoscaler status: 2025-12-15 10:07:09.705289 ========
Node status
---------------------------------------------------------------
Active:
 1 node_95dee78f09d0786a6c8739f9bd73fc7da8a1073d0f113cf414b55469
Pending:
 (no pending nodes)
Recent failures:
 (no failures)

Resources
---------------------------------------------------------------
Total Usage:
 5.0/8.0 CPU (5.0 used of 5.0 reserved in placement groups)
 0B/573.01MiB memory
 11.08MiB/245.58MiB object_store_memory

Total Constraints:
 (no request_resources() constraints)
Total Demands:
 (no resource demands)
2025-12-15 10:07:09,705	INFO autoscaler.py:463 -- The autoscaler took 0.003 seconds to complete the update iteration.
2025-12-15 10:07:14,712	INFO autoscaler.py:147 -- The autoscaler took 0.0 seconds to fetch the list of non-terminated nodes.
2025-12-15 10:07:14,712	INFO autoscaler.py:408 -- 
======== Autoscaler status: 2025-12-15 10:07:14.712249 ========
Node status
---------------------------------------------------------------
Active:
 1 node_95dee78f09d0786a6c8739f9bd73fc7da8a1073d0f113cf414b55469
Pending:
 (no pending nodes)
Recent failures:
 (no failures)

Resources
---------------------------------------------------------------
Total Usage:
 5.0/8.0 CPU (5.0 used of 5.0 reserved in placement groups)
 0B/573.01MiB memory
 11.08MiB/245.58MiB object_store_memory

Total Constraints:
 (no request_resources() constraints)
Total Demands:
 (no resource demands)
2025-12-15 10:07:14,712	INFO autoscaler.py:463 -- The autoscaler took 0.0 seconds to complete the update iteration.
