[2025-12-15 09:58:44,592 I 26060 24276] core_worker_process.cc:739: Constructing CoreWorkerProcess. pid: 26060
[2025-12-15 09:58:44,596 I 26060 24276] io_service_pool.cc:37: IOServicePool is running with 1 io_service.
[2025-12-15 09:58:44,601 I 26060 24276] event.cc:493: Ray Event initialized for CORE_WORKER
[2025-12-15 09:58:44,602 I 26060 24276] event.cc:493: Ray Event initialized for EXPORT_TASK
[2025-12-15 09:58:44,602 I 26060 24276] event.cc:326: Set ray event level to warning
[2025-12-15 09:58:44,602 I 26060 24276] event_aggregator_client.h:50: Initiating the local event aggregator client with port: 61324
[2025-12-15 09:58:44,604 I 26060 24276] grpc_server.cc:141: worker server started, listening on port 50949.
[2025-12-15 09:58:44,606 I 26060 24276] core_worker_process.cc:269: Initializing worker at address: 127.0.0.1:50949 worker_id=55181557c6737a511d88c3210eb5ad3443a2f8bfe04d85bfcafe9778 node_id=95dee78f09d0786a6c8739f9bd73fc7da8a1073d0f113cf414b55469
[2025-12-15 09:58:44,608 I 26060 24276] task_event_buffer.cc:445: Reporting task events to GCS every 1000ms.
[2025-12-15 09:58:44,610 I 26060 15988] core_worker.cc:419: Event stats:


Global stats: 13 total (10 active)
Queueing time: mean = 1.554 us, max = 10.600 us, min = 9.600 us, total = 20.200 us
Execution time:  mean = 38.385 us, total = 499.000 us
Event stats:
	PeriodicalRunner.RunFnPeriodically - 7 total (5 active, 1 running), Execution time: mean = 8.729 us, total = 61.100 us, Queueing time: mean = 2.886 us, max = 10.600 us, min = 9.600 us, total = 20.200 us
	ray::rpc::WorkerInfoGcsService.grpc_client.AddWorkerInfo.OnReplyReceived - 1 total (1 active), Execution time: mean = 0.000 s, total = 0.000 s, Queueing time: mean = 0.000 s, max = -0.000 s, min = 9223372036.855 s, total = 0.000 s
	ray::rpc::WorkerInfoGcsService.grpc_client.AddWorkerInfo - 1 total (0 active), Execution time: mean = 437.900 us, total = 437.900 us, Queueing time: mean = 0.000 s, max = -0.000 s, min = 9223372036.855 s, total = 0.000 s
	ray::rpc::InternalPubSubGcsService.grpc_client.GcsSubscriberCommandBatch - 1 total (1 active), Execution time: mean = 0.000 s, total = 0.000 s, Queueing time: mean = 0.000 s, max = -0.000 s, min = 9223372036.855 s, total = 0.000 s
	Publisher.CheckDeadSubscribers - 1 total (1 active), Execution time: mean = 0.000 s, total = 0.000 s, Queueing time: mean = 0.000 s, max = -0.000 s, min = 9223372036.855 s, total = 0.000 s
	ray::rpc::InternalPubSubGcsService.grpc_client.GcsSubscriberPoll - 1 total (1 active), Execution time: mean = 0.000 s, total = 0.000 s, Queueing time: mean = 0.000 s, max = -0.000 s, min = 9223372036.855 s, total = 0.000 s
	CoreWorker.ExitIfParentRayletDies - 1 total (1 active), Execution time: mean = 0.000 s, total = 0.000 s, Queueing time: mean = 0.000 s, max = -0.000 s, min = 9223372036.855 s, total = 0.000 s

-----------------
Task execution event stats:

Global stats: 0 total (0 active)
Queueing time: mean = -nan(ind) s, max = -0.000 s, min = 9223372036.855 s, total = 0.000 s
Execution time:  mean = -nan(ind) s, total = 0.000 s
Event stats:

-----------------
Task Event stats:

IO Service Stats:

Global stats: 4 total (1 active)
Queueing time: mean = 7.425 us, max = 18.700 us, min = 11.000 us, total = 29.700 us
Execution time:  mean = 302.975 us, total = 1.212 ms
Event stats:
	PeriodicalRunner.RunFnPeriodically - 1 total (0 active), Execution time: mean = 496.100 us, total = 496.100 us, Queueing time: mean = 11.000 us, max = 11.000 us, min = 11.000 us, total = 11.000 us
	ray::rpc::TaskInfoGcsService.grpc_client.AddTaskEventData.OnReplyReceived - 1 total (0 active), Execution time: mean = 36.700 us, total = 36.700 us, Queueing time: mean = 18.700 us, max = 18.700 us, min = 18.700 us, total = 18.700 us
	CoreWorker.deadline_timer.flush_task_events - 1 total (1 active), Execution time: mean = 0.000 s, total = 0.000 s, Queueing time: mean = 0.000 s, max = -0.000 s, min = 9223372036.855 s, total = 0.000 s
	ray::rpc::TaskInfoGcsService.grpc_client.AddTaskEventData - 1 total (0 active), Execution time: mean = 679.100 us, total = 679.100 us, Queueing time: mean = 0.000 s, max = -0.000 s, min = 9223372036.855 s, total = 0.000 s
Other Stats:
	gcs_grpc_in_progress:0
	event_aggregator_grpc_in_progress:0
	current number of task status events in buffer: 0
	current number of profile events in buffer: 0
	current number of dropped task attempts tracked: 0
	total task events sent: 0 MiB
	total number of task attempts sent: 0
	total number of task attempts dropped reported: 0
	total number of sent failure: 0
	num status task events dropped: 0
	num profile task events dropped: 0
	num ray task events reported to aggregator: 0
	num ray task events failed to report to aggregator: 0
	num of task attempts dropped reported to aggregator: 0
	num of failed requests to aggregator: 0

[2025-12-15 09:58:44,612 I 26060 15988] accessor.cc:743: Received notification for node, IsAlive = 1 node_id=95dee78f09d0786a6c8739f9bd73fc7da8a1073d0f113cf414b55469
[2025-12-15 09:58:44,613 I 26060 15988] normal_task_submitter.cc:833: Number of alive nodes:1
[2025-12-15 09:58:44,613 I 26060 24276] actor_task_submitter.cc:73: Set actor max pending calls to -1 actor_id=4460984d00ba359654c6b7b501000000
[2025-12-15 09:58:44,613 I 26060 24276] core_worker.cc:2909: Creating actor actor_id=4460984d00ba359654c6b7b501000000
[2025-12-15 09:58:56,504 I 26060 24276] task_receiver.cc:162: Actor creation task finished, task_id: ffffffffffffffff4460984d00ba359654c6b7b501000000, actor_id: 4460984d00ba359654c6b7b501000000, actor_repr_name: 
[2025-12-15 09:58:56,716 W 26060 3208] metric_exporter.cc:105: [1] Export metrics to agent failed: RpcError: RPC Error message: failed to connect to all addresses; last error: UNAVAILABLE: ipv4:127.0.0.1:61324: Connection refused; RPC Error details:  rpc_code: 14. This won't affect Ray, but you can lose metrics from the cluster.
[2025-12-15 09:59:44,622 I 26060 15988] core_worker.cc:419: Event stats:


Global stats: 901 total (8 active)
Queueing time: mean = 6.448 ms, max = 37.876 ms, min = -0.001 s, total = 5.810 s
Execution time:  mean = 23.185 ms, total = 20.890 s
Event stats:
	CoreWorker.RecoverObjects - 553 total (1 active), Execution time: mean = 9.056 us, total = 5.008 ms, Queueing time: mean = 8.579 ms, max = 37.876 ms, min = -0.001 s, total = 4.744 s
	CoreWorker.InternalHeartbeat - 60 total (1 active), Execution time: mean = 235.770 us, total = 14.146 ms, Queueing time: mean = 7.538 ms, max = 23.581 ms, min = -0.000 s, total = 452.306 ms
	CoreWorker.ExitIfParentRayletDies - 60 total (1 active), Execution time: mean = 64.315 us, total = 3.859 ms, Queueing time: mean = 7.744 ms, max = 23.790 ms, min = 114.300 us, total = 464.666 ms
	NodeManagerService.grpc_client.ReportWorkerBacklog - 60 total (0 active), Execution time: mean = 707.190 us, total = 42.431 ms, Queueing time: mean = 0.000 s, max = -0.000 s, min = 9223372036.855 s, total = 0.000 s
	NodeManagerService.grpc_client.ReportWorkerBacklog.OnReplyReceived - 60 total (0 active), Execution time: mean = 17.988 us, total = 1.079 ms, Queueing time: mean = 36.053 us, max = 974.700 us, min = 7.900 us, total = 2.163 ms
	CoreWorkerService.grpc_server.PushTask - 25 total (0 active), Execution time: mean = 832.344 ms, total = 20.809 s, Queueing time: mean = 0.000 s, max = -0.000 s, min = 9223372036.855 s, total = 0.000 s
	CoreWorkerService.grpc_server.PushTask.HandleRequestImpl - 25 total (0 active), Execution time: mean = 46.048 us, total = 1.151 ms, Queueing time: mean = 32.756 us, max = 148.000 us, min = 8.800 us, total = 818.900 us
	CoreWorker.RecordMetrics - 12 total (1 active), Execution time: mean = 181.783 us, total = 2.181 ms, Queueing time: mean = 7.650 ms, max = 15.490 ms, min = 2.322 ms, total = 91.803 ms
	PeriodicalRunner.RunFnPeriodically - 7 total (0 active), Execution time: mean = 290.843 us, total = 2.036 ms, Queueing time: mean = 874.514 us, max = 2.052 ms, min = 9.600 us, total = 6.122 ms
	CoreWorker.TryDelPendingObjectRefStreams - 6 total (1 active), Execution time: mean = 6.583 us, total = 39.500 us, Queueing time: mean = 7.191 ms, max = 15.522 ms, min = 1.538 ms, total = 43.144 ms
	CoreWorkerService.grpc_server.ActorCallArgWaitComplete - 6 total (0 active), Execution time: mean = 165.783 us, total = 994.700 us, Queueing time: mean = 0.000 s, max = -0.000 s, min = 9223372036.855 s, total = 0.000 s
	NodeManagerService.grpc_client.PinObjectIDs - 6 total (0 active), Execution time: mean = 829.433 us, total = 4.977 ms, Queueing time: mean = 0.000 s, max = -0.000 s, min = 9223372036.855 s, total = 0.000 s
	CoreWorkerService.grpc_server.ActorCallArgWaitComplete.HandleRequestImpl - 6 total (0 active), Execution time: mean = 28.833 us, total = 173.000 us, Queueing time: mean = 39.617 us, max = 83.200 us, min = 7.400 us, total = 237.700 us
	NodeManagerService.grpc_client.PinObjectIDs.OnReplyReceived - 6 total (0 active), Execution time: mean = 137.750 us, total = 826.500 us, Queueing time: mean = 31.483 us, max = 108.600 us, min = 8.400 us, total = 188.900 us
	ray::rpc::NodeInfoGcsService.grpc_client.GetAllNodeInfo - 1 total (0 active), Execution time: mean = 946.700 us, total = 946.700 us, Queueing time: mean = 0.000 s, max = -0.000 s, min = 9223372036.855 s, total = 0.000 s
	Publisher.CheckDeadSubscribers - 1 total (1 active), Execution time: mean = 0.000 s, total = 0.000 s, Queueing time: mean = 0.000 s, max = -0.000 s, min = 9223372036.855 s, total = 0.000 s
	ray::rpc::InternalPubSubGcsService.grpc_client.GcsSubscriberCommandBatch.OnReplyReceived - 1 total (0 active), Execution time: mean = 275.300 us, total = 275.300 us, Queueing time: mean = 1.891 ms, max = 1.891 ms, min = 1.891 ms, total = 1.891 ms
	ray::rpc::WorkerInfoGcsService.grpc_client.AddWorkerInfo.OnReplyReceived - 1 total (0 active), Execution time: mean = 42.200 us, total = 42.200 us, Queueing time: mean = 1.990 ms, max = 1.990 ms, min = 1.990 ms, total = 1.990 ms
	ray::rpc::NodeInfoGcsService.grpc_client.GetAllNodeInfo.OnReplyReceived - 1 total (0 active), Execution time: mean = 168.200 us, total = 168.200 us, Queueing time: mean = 9.100 us, max = 9.100 us, min = 9.100 us, total = 9.100 us
	ray::rpc::InternalPubSubGcsService.grpc_client.GcsSubscriberCommandBatch - 1 total (0 active), Execution time: mean = 424.100 us, total = 424.100 us, Queueing time: mean = 0.000 s, max = -0.000 s, min = 9223372036.855 s, total = 0.000 s
	CoreWorker.PrintEventStats - 1 total (1 active, 1 running), Execution time: mean = 0.000 s, total = 0.000 s, Queueing time: mean = 0.000 s, max = -0.000 s, min = 9223372036.855 s, total = 0.000 s
	ray::rpc::WorkerInfoGcsService.grpc_client.AddWorkerInfo - 1 total (0 active), Execution time: mean = 437.900 us, total = 437.900 us, Queueing time: mean = 0.000 s, max = -0.000 s, min = 9223372036.855 s, total = 0.000 s
	ray::rpc::InternalPubSubGcsService.grpc_client.GcsSubscriberPoll - 1 total (1 active), Execution time: mean = 0.000 s, total = 0.000 s, Queueing time: mean = 0.000 s, max = -0.000 s, min = 9223372036.855 s, total = 0.000 s

-----------------
Task execution event stats:

Global stats: 2446 total (1 active)
Queueing time: mean = 14.654 ms, max = 11.885 s, min = -0.007 s, total = 35.843 s
Execution time:  mean = 8.523 ms, total = 20.847 s
Event stats:
	CoreWorker.CheckSignal - 2414 total (1 active), Execution time: mean = 20.502 us, total = 49.493 ms, Queueing time: mean = 14.848 ms, max = 11.885 s, min = -0.007 s, total = 35.842 s
	CoreWorker.HandlePushTaskActor - 24 total (0 active), Execution time: mean = 370.251 ms, total = 8.886 s, Queueing time: mean = 16.625 us, max = 65.100 us, min = 6.700 us, total = 399.000 us
	CoreWorker.ArgWaitComplete - 6 total (0 active), Execution time: mean = 3.040 ms, total = 18.238 ms, Queueing time: mean = 16.950 us, max = 36.200 us, min = 7.100 us, total = 101.700 us
	CoreWorker.HandlePushTask - 1 total (0 active), Execution time: mean = 11.893 s, total = 11.893 s, Queueing time: mean = 9.000 us, max = 9.000 us, min = 9.000 us, total = 9.000 us
	PeriodicalRunner.RunFnPeriodically - 1 total (0 active), Execution time: mean = 25.900 us, total = 25.900 us, Queueing time: mean = 4.000 us, max = 4.000 us, min = 4.000 us, total = 4.000 us

-----------------
Task Event stats:

IO Service Stats:

Global stats: 181 total (1 active)
Queueing time: mean = 2.502 ms, max = 23.557 ms, min = -0.000 s, total = 452.872 ms
Execution time:  mean = 355.492 us, total = 64.344 ms
Event stats:
	ray::rpc::TaskInfoGcsService.grpc_client.AddTaskEventData.OnReplyReceived - 60 total (0 active), Execution time: mean = 30.512 us, total = 1.831 ms, Queueing time: mean = 32.318 us, max = 389.100 us, min = 6.700 us, total = 1.939 ms
	CoreWorker.deadline_timer.flush_task_events - 60 total (1 active), Execution time: mean = 316.245 us, total = 18.975 ms, Queueing time: mean = 7.515 ms, max = 23.557 ms, min = -0.000 s, total = 450.921 ms
	ray::rpc::TaskInfoGcsService.grpc_client.AddTaskEventData - 60 total (0 active), Execution time: mean = 717.377 us, total = 43.043 ms, Queueing time: mean = 0.000 s, max = -0.000 s, min = 9223372036.855 s, total = 0.000 s
	PeriodicalRunner.RunFnPeriodically - 1 total (0 active), Execution time: mean = 496.100 us, total = 496.100 us, Queueing time: mean = 11.000 us, max = 11.000 us, min = 11.000 us, total = 11.000 us
Other Stats:
	gcs_grpc_in_progress:0
	event_aggregator_grpc_in_progress:0
	current number of task status events in buffer: 0
	current number of profile events in buffer: 0
	current number of dropped task attempts tracked: 0
	total task events sent: 0.0102987 MiB
	total number of task attempts sent: 33
	total number of task attempts dropped reported: 0
	total number of sent failure: 0
	num status task events dropped: 0
	num profile task events dropped: 0
	num ray task events reported to aggregator: 0
	num ray task events failed to report to aggregator: 0
	num of task attempts dropped reported to aggregator: 0
	num of failed requests to aggregator: 0

[2025-12-15 10:00:44,634 I 26060 15988] core_worker.cc:419: Event stats:


Global stats: 1797 total (8 active)
Queueing time: mean = 6.505 ms, max = 37.876 ms, min = -0.001 s, total = 11.690 s
Execution time:  mean = 18.249 ms, total = 32.793 s
Event stats:
	CoreWorker.RecoverObjects - 1106 total (1 active), Execution time: mean = 8.445 us, total = 9.341 ms, Queueing time: mean = 8.577 ms, max = 37.876 ms, min = -0.001 s, total = 9.486 s
	CoreWorker.InternalHeartbeat - 120 total (1 active), Execution time: mean = 236.192 us, total = 28.343 ms, Queueing time: mean = 7.889 ms, max = 23.581 ms, min = -0.000 s, total = 946.703 ms
	CoreWorker.ExitIfParentRayletDies - 120 total (1 active), Execution time: mean = 57.422 us, total = 6.891 ms, Queueing time: mean = 7.953 ms, max = 23.790 ms, min = -0.000 s, total = 954.306 ms
	NodeManagerService.grpc_client.ReportWorkerBacklog - 120 total (0 active), Execution time: mean = 2.820 ms, total = 338.383 ms, Queueing time: mean = 0.000 s, max = -0.000 s, min = 9223372036.855 s, total = 0.000 s
	NodeManagerService.grpc_client.ReportWorkerBacklog.OnReplyReceived - 120 total (0 active), Execution time: mean = 19.344 us, total = 2.321 ms, Queueing time: mean = 40.230 us, max = 1.449 ms, min = 6.800 us, total = 4.828 ms
	CoreWorkerService.grpc_server.PushTask - 53 total (0 active), Execution time: mean = 606.659 ms, total = 32.153 s, Queueing time: mean = 0.000 s, max = -0.000 s, min = 9223372036.855 s, total = 0.000 s
	CoreWorkerService.grpc_server.PushTask.HandleRequestImpl - 53 total (0 active), Execution time: mean = 38.219 us, total = 2.026 ms, Queueing time: mean = 26.064 us, max = 148.000 us, min = 8.100 us, total = 1.381 ms
	CoreWorker.RecordMetrics - 24 total (1 active), Execution time: mean = 170.275 us, total = 4.087 ms, Queueing time: mean = 7.457 ms, max = 15.490 ms, min = 480.200 us, total = 178.973 ms
	CoreWorkerService.grpc_server.ActorCallArgWaitComplete - 13 total (0 active), Execution time: mean = 167.892 us, total = 2.183 ms, Queueing time: mean = 0.000 s, max = -0.000 s, min = 9223372036.855 s, total = 0.000 s
	NodeManagerService.grpc_client.PinObjectIDs - 13 total (0 active), Execution time: mean = 18.376 ms, total = 238.892 ms, Queueing time: mean = 0.000 s, max = -0.000 s, min = 9223372036.855 s, total = 0.000 s
	CoreWorkerService.grpc_server.ActorCallArgWaitComplete.HandleRequestImpl - 13 total (0 active), Execution time: mean = 29.600 us, total = 384.800 us, Queueing time: mean = 53.823 us, max = 171.500 us, min = 7.400 us, total = 699.700 us
	NodeManagerService.grpc_client.PinObjectIDs.OnReplyReceived - 13 total (0 active), Execution time: mean = 143.700 us, total = 1.868 ms, Queueing time: mean = 28.346 us, max = 108.600 us, min = 8.400 us, total = 368.500 us
	CoreWorker.TryDelPendingObjectRefStreams - 12 total (1 active), Execution time: mean = 7.367 us, total = 88.400 us, Queueing time: mean = 8.049 ms, max = 17.658 ms, min = 1.538 ms, total = 96.587 ms
	PeriodicalRunner.RunFnPeriodically - 7 total (0 active), Execution time: mean = 290.843 us, total = 2.036 ms, Queueing time: mean = 874.514 us, max = 2.052 ms, min = 9.600 us, total = 6.122 ms
	CoreWorker.PrintEventStats - 2 total (1 active, 1 running), Execution time: mean = 315.300 us, total = 630.600 us, Queueing time: mean = 5.377 ms, max = 10.753 ms, min = 10.753 ms, total = 10.753 ms
	ray::rpc::NodeInfoGcsService.grpc_client.GetAllNodeInfo - 1 total (0 active), Execution time: mean = 946.700 us, total = 946.700 us, Queueing time: mean = 0.000 s, max = -0.000 s, min = 9223372036.855 s, total = 0.000 s
	Publisher.CheckDeadSubscribers - 1 total (1 active), Execution time: mean = 0.000 s, total = 0.000 s, Queueing time: mean = 0.000 s, max = -0.000 s, min = 9223372036.855 s, total = 0.000 s
	ray::rpc::InternalPubSubGcsService.grpc_client.GcsSubscriberCommandBatch.OnReplyReceived - 1 total (0 active), Execution time: mean = 275.300 us, total = 275.300 us, Queueing time: mean = 1.891 ms, max = 1.891 ms, min = 1.891 ms, total = 1.891 ms
	ray::rpc::WorkerInfoGcsService.grpc_client.AddWorkerInfo.OnReplyReceived - 1 total (0 active), Execution time: mean = 42.200 us, total = 42.200 us, Queueing time: mean = 1.990 ms, max = 1.990 ms, min = 1.990 ms, total = 1.990 ms
	ray::rpc::NodeInfoGcsService.grpc_client.GetAllNodeInfo.OnReplyReceived - 1 total (0 active), Execution time: mean = 168.200 us, total = 168.200 us, Queueing time: mean = 9.100 us, max = 9.100 us, min = 9.100 us, total = 9.100 us
	ray::rpc::InternalPubSubGcsService.grpc_client.GcsSubscriberCommandBatch - 1 total (0 active), Execution time: mean = 424.100 us, total = 424.100 us, Queueing time: mean = 0.000 s, max = -0.000 s, min = 9223372036.855 s, total = 0.000 s
	ray::rpc::WorkerInfoGcsService.grpc_client.AddWorkerInfo - 1 total (0 active), Execution time: mean = 437.900 us, total = 437.900 us, Queueing time: mean = 0.000 s, max = -0.000 s, min = 9223372036.855 s, total = 0.000 s
	ray::rpc::InternalPubSubGcsService.grpc_client.GcsSubscriberPoll - 1 total (1 active), Execution time: mean = 0.000 s, total = 0.000 s, Queueing time: mean = 0.000 s, max = -0.000 s, min = 9223372036.855 s, total = 0.000 s

-----------------
Task execution event stats:

Global stats: 5469 total (1 active)
Queueing time: mean = 12.055 ms, max = 11.885 s, min = -0.007 s, total = 65.929 s
Execution time:  mean = 5.896 ms, total = 32.244 s
Event stats:
	CoreWorker.CheckSignal - 5402 total (1 active), Execution time: mean = 20.462 us, total = 110.533 ms, Queueing time: mean = 12.204 ms, max = 11.885 s, min = -0.007 s, total = 65.928 s
	CoreWorker.HandlePushTaskActor - 52 total (0 active), Execution time: mean = 388.557 ms, total = 20.205 s, Queueing time: mean = 14.825 us, max = 65.100 us, min = 6.500 us, total = 770.900 us
	CoreWorker.ArgWaitComplete - 13 total (0 active), Execution time: mean = 2.717 ms, total = 35.321 ms, Queueing time: mean = 25.138 us, max = 58.500 us, min = 7.100 us, total = 326.800 us
	CoreWorker.HandlePushTask - 1 total (0 active), Execution time: mean = 11.893 s, total = 11.893 s, Queueing time: mean = 9.000 us, max = 9.000 us, min = 9.000 us, total = 9.000 us
	PeriodicalRunner.RunFnPeriodically - 1 total (0 active), Execution time: mean = 25.900 us, total = 25.900 us, Queueing time: mean = 4.000 us, max = 4.000 us, min = 4.000 us, total = 4.000 us

-----------------
Task Event stats:

IO Service Stats:

Global stats: 361 total (1 active)
Queueing time: mean = 2.620 ms, max = 23.557 ms, min = -0.000 s, total = 945.900 ms
Execution time:  mean = 353.673 us, total = 127.676 ms
Event stats:
	ray::rpc::TaskInfoGcsService.grpc_client.AddTaskEventData.OnReplyReceived - 120 total (0 active), Execution time: mean = 27.042 us, total = 3.245 ms, Queueing time: mean = 29.176 us, max = 421.600 us, min = 6.200 us, total = 3.501 ms
	CoreWorker.deadline_timer.flush_task_events - 120 total (1 active), Execution time: mean = 302.508 us, total = 36.301 ms, Queueing time: mean = 7.853 ms, max = 23.557 ms, min = -0.000 s, total = 942.388 ms
	ray::rpc::TaskInfoGcsService.grpc_client.AddTaskEventData - 120 total (0 active), Execution time: mean = 730.283 us, total = 87.634 ms, Queueing time: mean = 0.000 s, max = -0.000 s, min = 9223372036.855 s, total = 0.000 s
	PeriodicalRunner.RunFnPeriodically - 1 total (0 active), Execution time: mean = 496.100 us, total = 496.100 us, Queueing time: mean = 11.000 us, max = 11.000 us, min = 11.000 us, total = 11.000 us
Other Stats:
	gcs_grpc_in_progress:0
	event_aggregator_grpc_in_progress:0
	current number of task status events in buffer: 0
	current number of profile events in buffer: 0
	current number of dropped task attempts tracked: 0
	total task events sent: 0.0217543 MiB
	total number of task attempts sent: 68
	total number of task attempts dropped reported: 0
	total number of sent failure: 0
	num status task events dropped: 0
	num profile task events dropped: 0
	num ray task events reported to aggregator: 0
	num ray task events failed to report to aggregator: 0
	num of task attempts dropped reported to aggregator: 0
	num of failed requests to aggregator: 0

[2025-12-15 10:01:44,637 I 26060 15988] core_worker.cc:419: Event stats:


Global stats: 2700 total (8 active)
Queueing time: mean = 6.456 ms, max = 37.876 ms, min = -0.001 s, total = 17.432 s
Execution time:  mean = 16.577 ms, total = 44.758 s
Event stats:
	CoreWorker.RecoverObjects - 1658 total (1 active), Execution time: mean = 8.265 us, total = 13.703 ms, Queueing time: mean = 8.604 ms, max = 37.876 ms, min = -0.001 s, total = 14.265 s
	CoreWorker.InternalHeartbeat - 179 total (1 active), Execution time: mean = 221.072 us, total = 39.572 ms, Queueing time: mean = 7.469 ms, max = 23.581 ms, min = -0.001 s, total = 1.337 s
	CoreWorker.ExitIfParentRayletDies - 179 total (1 active), Execution time: mean = 65.113 us, total = 11.655 ms, Queueing time: mean = 7.632 ms, max = 23.790 ms, min = -0.000 s, total = 1.366 s
	NodeManagerService.grpc_client.ReportWorkerBacklog - 179 total (0 active), Execution time: mean = 2.104 ms, total = 376.624 ms, Queueing time: mean = 0.000 s, max = -0.000 s, min = 9223372036.855 s, total = 0.000 s
	NodeManagerService.grpc_client.ReportWorkerBacklog.OnReplyReceived - 179 total (0 active), Execution time: mean = 18.556 us, total = 3.321 ms, Queueing time: mean = 36.393 us, max = 1.449 ms, min = 5.500 us, total = 6.514 ms
	CoreWorkerService.grpc_server.PushTask - 85 total (0 active), Execution time: mean = 518.191 ms, total = 44.046 s, Queueing time: mean = 0.000 s, max = -0.000 s, min = 9223372036.855 s, total = 0.000 s
	CoreWorkerService.grpc_server.PushTask.HandleRequestImpl - 85 total (0 active), Execution time: mean = 35.864 us, total = 3.048 ms, Queueing time: mean = 23.189 us, max = 148.000 us, min = 8.100 us, total = 1.971 ms
	CoreWorker.RecordMetrics - 36 total (1 active), Execution time: mean = 160.222 us, total = 5.768 ms, Queueing time: mean = 7.463 ms, max = 15.490 ms, min = 273.000 us, total = 268.658 ms
	CoreWorkerService.grpc_server.ActorCallArgWaitComplete - 21 total (0 active), Execution time: mean = 163.710 us, total = 3.438 ms, Queueing time: mean = 0.000 s, max = -0.000 s, min = 9223372036.855 s, total = 0.000 s
	NodeManagerService.grpc_client.PinObjectIDs - 21 total (0 active), Execution time: mean = 11.701 ms, total = 245.727 ms, Queueing time: mean = 0.000 s, max = -0.000 s, min = 9223372036.855 s, total = 0.000 s
	CoreWorkerService.grpc_server.ActorCallArgWaitComplete.HandleRequestImpl - 21 total (0 active), Execution time: mean = 29.848 us, total = 626.800 us, Queueing time: mean = 43.929 us, max = 171.500 us, min = 7.400 us, total = 922.500 us
	NodeManagerService.grpc_client.PinObjectIDs.OnReplyReceived - 21 total (0 active), Execution time: mean = 133.076 us, total = 2.795 ms, Queueing time: mean = 23.352 us, max = 108.600 us, min = 8.400 us, total = 490.400 us
	CoreWorker.TryDelPendingObjectRefStreams - 18 total (1 active), Execution time: mean = 7.106 us, total = 127.900 us, Queueing time: mean = 8.474 ms, max = 17.658 ms, min = 1.538 ms, total = 152.530 ms
	PeriodicalRunner.RunFnPeriodically - 7 total (0 active), Execution time: mean = 290.843 us, total = 2.036 ms, Queueing time: mean = 874.514 us, max = 2.052 ms, min = 9.600 us, total = 6.122 ms
	CoreWorker.PrintEventStats - 3 total (1 active, 1 running), Execution time: mean = 406.867 us, total = 1.221 ms, Queueing time: mean = 7.631 ms, max = 12.140 ms, min = 10.753 ms, total = 22.893 ms
	ray::rpc::NodeInfoGcsService.grpc_client.GetAllNodeInfo - 1 total (0 active), Execution time: mean = 946.700 us, total = 946.700 us, Queueing time: mean = 0.000 s, max = -0.000 s, min = 9223372036.855 s, total = 0.000 s
	Publisher.CheckDeadSubscribers - 1 total (1 active), Execution time: mean = 0.000 s, total = 0.000 s, Queueing time: mean = 0.000 s, max = -0.000 s, min = 9223372036.855 s, total = 0.000 s
	ray::rpc::InternalPubSubGcsService.grpc_client.GcsSubscriberCommandBatch.OnReplyReceived - 1 total (0 active), Execution time: mean = 275.300 us, total = 275.300 us, Queueing time: mean = 1.891 ms, max = 1.891 ms, min = 1.891 ms, total = 1.891 ms
	ray::rpc::WorkerInfoGcsService.grpc_client.AddWorkerInfo.OnReplyReceived - 1 total (0 active), Execution time: mean = 42.200 us, total = 42.200 us, Queueing time: mean = 1.990 ms, max = 1.990 ms, min = 1.990 ms, total = 1.990 ms
	ray::rpc::NodeInfoGcsService.grpc_client.GetAllNodeInfo.OnReplyReceived - 1 total (0 active), Execution time: mean = 168.200 us, total = 168.200 us, Queueing time: mean = 9.100 us, max = 9.100 us, min = 9.100 us, total = 9.100 us
	ray::rpc::InternalPubSubGcsService.grpc_client.GcsSubscriberCommandBatch - 1 total (0 active), Execution time: mean = 424.100 us, total = 424.100 us, Queueing time: mean = 0.000 s, max = -0.000 s, min = 9223372036.855 s, total = 0.000 s
	ray::rpc::WorkerInfoGcsService.grpc_client.AddWorkerInfo - 1 total (0 active), Execution time: mean = 437.900 us, total = 437.900 us, Queueing time: mean = 0.000 s, max = -0.000 s, min = 9223372036.855 s, total = 0.000 s
	ray::rpc::InternalPubSubGcsService.grpc_client.GcsSubscriberPoll - 1 total (1 active), Execution time: mean = 0.000 s, total = 0.000 s, Queueing time: mean = 0.000 s, max = -0.000 s, min = 9223372036.855 s, total = 0.000 s

-----------------
Task execution event stats:

Global stats: 8474 total (1 active)
Queueing time: mean = 11.357 ms, max = 11.885 s, min = -0.009 s, total = 96.237 s
Execution time:  mean = 5.215 ms, total = 44.189 s
Event stats:
	CoreWorker.CheckSignal - 8367 total (1 active), Execution time: mean = 20.369 us, total = 170.424 ms, Queueing time: mean = 11.502 ms, max = 11.885 s, min = -0.009 s, total = 96.235 s
	CoreWorker.HandlePushTaskActor - 84 total (0 active), Execution time: mean = 381.803 ms, total = 32.071 s, Queueing time: mean = 15.763 us, max = 100.500 us, min = 6.500 us, total = 1.324 ms
	CoreWorker.ArgWaitComplete - 21 total (0 active), Execution time: mean = 2.566 ms, total = 53.895 ms, Queueing time: mean = 25.152 us, max = 58.500 us, min = 7.100 us, total = 528.200 us
	CoreWorker.HandlePushTask - 1 total (0 active), Execution time: mean = 11.893 s, total = 11.893 s, Queueing time: mean = 9.000 us, max = 9.000 us, min = 9.000 us, total = 9.000 us
	PeriodicalRunner.RunFnPeriodically - 1 total (0 active), Execution time: mean = 25.900 us, total = 25.900 us, Queueing time: mean = 4.000 us, max = 4.000 us, min = 4.000 us, total = 4.000 us

-----------------
Task Event stats:

IO Service Stats:

Global stats: 538 total (1 active)
Queueing time: mean = 2.476 ms, max = 23.557 ms, min = -0.000 s, total = 1.332 s
Execution time:  mean = 349.231 us, total = 187.886 ms
Event stats:
	ray::rpc::TaskInfoGcsService.grpc_client.AddTaskEventData.OnReplyReceived - 179 total (0 active), Execution time: mean = 27.128 us, total = 4.856 ms, Queueing time: mean = 30.548 us, max = 421.600 us, min = 6.200 us, total = 5.468 ms
	CoreWorker.deadline_timer.flush_task_events - 179 total (1 active), Execution time: mean = 295.410 us, total = 52.878 ms, Queueing time: mean = 7.412 ms, max = 23.557 ms, min = -0.000 s, total = 1.327 s
	ray::rpc::TaskInfoGcsService.grpc_client.AddTaskEventData - 179 total (0 active), Execution time: mean = 724.333 us, total = 129.656 ms, Queueing time: mean = 0.000 s, max = -0.000 s, min = 9223372036.855 s, total = 0.000 s
	PeriodicalRunner.RunFnPeriodically - 1 total (0 active), Execution time: mean = 496.100 us, total = 496.100 us, Queueing time: mean = 11.000 us, max = 11.000 us, min = 11.000 us, total = 11.000 us
Other Stats:
	gcs_grpc_in_progress:0
	event_aggregator_grpc_in_progress:0
	current number of task status events in buffer: 0
	current number of profile events in buffer: 0
	current number of dropped task attempts tracked: 0
	total task events sent: 0.0348463 MiB
	total number of task attempts sent: 108
	total number of task attempts dropped reported: 0
	total number of sent failure: 0
	num status task events dropped: 0
	num profile task events dropped: 0
	num ray task events reported to aggregator: 0
	num ray task events failed to report to aggregator: 0
	num of task attempts dropped reported to aggregator: 0
	num of failed requests to aggregator: 0

[2025-12-15 10:02:44,648 I 26060 15988] core_worker.cc:419: Event stats:


Global stats: 3604 total (9 active)
Queueing time: mean = 6.452 ms, max = 37.876 ms, min = -0.001 s, total = 23.252 s
Execution time:  mean = 15.171 ms, total = 54.676 s
Event stats:
	CoreWorker.RecoverObjects - 2209 total (1 active), Execution time: mean = 8.185 us, total = 18.081 ms, Queueing time: mean = 8.675 ms, max = 37.876 ms, min = -0.001 s, total = 19.164 s
	CoreWorker.InternalHeartbeat - 239 total (1 active), Execution time: mean = 209.143 us, total = 49.985 ms, Queueing time: mean = 7.208 ms, max = 23.581 ms, min = -0.001 s, total = 1.723 s
	CoreWorker.ExitIfParentRayletDies - 239 total (1 active), Execution time: mean = 70.286 us, total = 16.798 ms, Queueing time: mean = 7.354 ms, max = 23.790 ms, min = -0.000 s, total = 1.758 s
	NodeManagerService.grpc_client.ReportWorkerBacklog - 239 total (0 active), Execution time: mean = 1.731 ms, total = 413.776 ms, Queueing time: mean = 0.000 s, max = -0.000 s, min = 9223372036.855 s, total = 0.000 s
	NodeManagerService.grpc_client.ReportWorkerBacklog.OnReplyReceived - 239 total (0 active), Execution time: mean = 18.012 us, total = 4.305 ms, Queueing time: mean = 33.003 us, max = 1.449 ms, min = 5.500 us, total = 7.888 ms
	CoreWorkerService.grpc_server.PushTask - 117 total (1 active), Execution time: mean = 460.635 ms, total = 53.894 s, Queueing time: mean = 0.000 s, max = -0.000 s, min = 9223372036.855 s, total = 0.000 s
	CoreWorkerService.grpc_server.PushTask.HandleRequestImpl - 117 total (0 active), Execution time: mean = 36.736 us, total = 4.298 ms, Queueing time: mean = 22.346 us, max = 148.000 us, min = 7.800 us, total = 2.615 ms
	CoreWorker.RecordMetrics - 48 total (1 active), Execution time: mean = 155.485 us, total = 7.463 ms, Queueing time: mean = 7.625 ms, max = 15.672 ms, min = 60.300 us, total = 365.992 ms
	CoreWorkerService.grpc_server.ActorCallArgWaitComplete - 29 total (0 active), Execution time: mean = 158.914 us, total = 4.609 ms, Queueing time: mean = 0.000 s, max = -0.000 s, min = 9223372036.855 s, total = 0.000 s
	CoreWorkerService.grpc_server.ActorCallArgWaitComplete.HandleRequestImpl - 29 total (0 active), Execution time: mean = 32.610 us, total = 945.700 us, Queueing time: mean = 37.634 us, max = 171.500 us, min = 7.400 us, total = 1.091 ms
	NodeManagerService.grpc_client.PinObjectIDs - 28 total (0 active), Execution time: mean = 8.978 ms, total = 251.388 ms, Queueing time: mean = 0.000 s, max = -0.000 s, min = 9223372036.855 s, total = 0.000 s
	NodeManagerService.grpc_client.PinObjectIDs.OnReplyReceived - 28 total (0 active), Execution time: mean = 123.896 us, total = 3.469 ms, Queueing time: mean = 20.521 us, max = 108.600 us, min = 8.400 us, total = 574.600 us
	CoreWorker.TryDelPendingObjectRefStreams - 24 total (1 active), Execution time: mean = 7.004 us, total = 168.100 us, Queueing time: mean = 8.097 ms, max = 17.658 ms, min = 936.700 us, total = 194.337 ms
	PeriodicalRunner.RunFnPeriodically - 7 total (0 active), Execution time: mean = 290.843 us, total = 2.036 ms, Queueing time: mean = 874.514 us, max = 2.052 ms, min = 9.600 us, total = 6.122 ms
	CoreWorker.PrintEventStats - 4 total (1 active, 1 running), Execution time: mean = 440.075 us, total = 1.760 ms, Queueing time: mean = 6.325 ms, max = 12.140 ms, min = 2.408 ms, total = 25.301 ms
	ray::rpc::NodeInfoGcsService.grpc_client.GetAllNodeInfo - 1 total (0 active), Execution time: mean = 946.700 us, total = 946.700 us, Queueing time: mean = 0.000 s, max = -0.000 s, min = 9223372036.855 s, total = 0.000 s
	Publisher.CheckDeadSubscribers - 1 total (1 active), Execution time: mean = 0.000 s, total = 0.000 s, Queueing time: mean = 0.000 s, max = -0.000 s, min = 9223372036.855 s, total = 0.000 s
	ray::rpc::InternalPubSubGcsService.grpc_client.GcsSubscriberCommandBatch.OnReplyReceived - 1 total (0 active), Execution time: mean = 275.300 us, total = 275.300 us, Queueing time: mean = 1.891 ms, max = 1.891 ms, min = 1.891 ms, total = 1.891 ms
	ray::rpc::WorkerInfoGcsService.grpc_client.AddWorkerInfo.OnReplyReceived - 1 total (0 active), Execution time: mean = 42.200 us, total = 42.200 us, Queueing time: mean = 1.990 ms, max = 1.990 ms, min = 1.990 ms, total = 1.990 ms
	ray::rpc::NodeInfoGcsService.grpc_client.GetAllNodeInfo.OnReplyReceived - 1 total (0 active), Execution time: mean = 168.200 us, total = 168.200 us, Queueing time: mean = 9.100 us, max = 9.100 us, min = 9.100 us, total = 9.100 us
	ray::rpc::InternalPubSubGcsService.grpc_client.GcsSubscriberCommandBatch - 1 total (0 active), Execution time: mean = 424.100 us, total = 424.100 us, Queueing time: mean = 0.000 s, max = -0.000 s, min = 9223372036.855 s, total = 0.000 s
	ray::rpc::WorkerInfoGcsService.grpc_client.AddWorkerInfo - 1 total (0 active), Execution time: mean = 437.900 us, total = 437.900 us, Queueing time: mean = 0.000 s, max = -0.000 s, min = 9223372036.855 s, total = 0.000 s
	ray::rpc::InternalPubSubGcsService.grpc_client.GcsSubscriberPoll - 1 total (1 active), Execution time: mean = 0.000 s, total = 0.000 s, Queueing time: mean = 0.000 s, max = -0.000 s, min = 9223372036.855 s, total = 0.000 s

-----------------
Task execution event stats:

Global stats: 11575 total (2 active)
Queueing time: mean = 10.825 ms, max = 11.885 s, min = -0.009 s, total = 125.294 s
Execution time:  mean = 4.673 ms, total = 54.090 s
Event stats:
	CoreWorker.CheckSignal - 11428 total (1 active), Execution time: mean = 20.326 us, total = 232.283 ms, Queueing time: mean = 10.964 ms, max = 11.885 s, min = -0.009 s, total = 125.291 s
	CoreWorker.HandlePushTaskActor - 116 total (1 active, 1 running), Execution time: mean = 361.139 ms, total = 41.892 s, Queueing time: mean = 16.414 us, max = 100.500 us, min = 6.500 us, total = 1.904 ms
	CoreWorker.ArgWaitComplete - 29 total (0 active), Execution time: mean = 2.501 ms, total = 72.533 ms, Queueing time: mean = 25.076 us, max = 66.800 us, min = 5.300 us, total = 727.200 us
	CoreWorker.HandlePushTask - 1 total (0 active), Execution time: mean = 11.893 s, total = 11.893 s, Queueing time: mean = 9.000 us, max = 9.000 us, min = 9.000 us, total = 9.000 us
	PeriodicalRunner.RunFnPeriodically - 1 total (0 active), Execution time: mean = 25.900 us, total = 25.900 us, Queueing time: mean = 4.000 us, max = 4.000 us, min = 4.000 us, total = 4.000 us

-----------------
Task Event stats:

IO Service Stats:

Global stats: 718 total (1 active)
Queueing time: mean = 2.389 ms, max = 23.557 ms, min = -0.000 s, total = 1.715 s
Execution time:  mean = 342.573 us, total = 245.968 ms
Event stats:
	ray::rpc::TaskInfoGcsService.grpc_client.AddTaskEventData.OnReplyReceived - 239 total (0 active), Execution time: mean = 26.989 us, total = 6.450 ms, Queueing time: mean = 29.158 us, max = 421.600 us, min = 5.600 us, total = 6.969 ms
	CoreWorker.deadline_timer.flush_task_events - 239 total (1 active), Execution time: mean = 286.416 us, total = 68.454 ms, Queueing time: mean = 7.147 ms, max = 23.557 ms, min = -0.000 s, total = 1.708 s
	ray::rpc::TaskInfoGcsService.grpc_client.AddTaskEventData - 239 total (0 active), Execution time: mean = 713.672 us, total = 170.568 ms, Queueing time: mean = 0.000 s, max = -0.000 s, min = 9223372036.855 s, total = 0.000 s
	PeriodicalRunner.RunFnPeriodically - 1 total (0 active), Execution time: mean = 496.100 us, total = 496.100 us, Queueing time: mean = 11.000 us, max = 11.000 us, min = 11.000 us, total = 11.000 us
Other Stats:
	gcs_grpc_in_progress:0
	event_aggregator_grpc_in_progress:0
	current number of task status events in buffer: 0
	current number of profile events in buffer: 0
	current number of dropped task attempts tracked: 0
	total task events sent: 0.0476408 MiB
	total number of task attempts sent: 147
	total number of task attempts dropped reported: 0
	total number of sent failure: 0
	num status task events dropped: 0
	num profile task events dropped: 0
	num ray task events reported to aggregator: 0
	num ray task events failed to report to aggregator: 0
	num of task attempts dropped reported to aggregator: 0
	num of failed requests to aggregator: 0

[2025-12-15 10:03:44,654 I 26060 15988] core_worker.cc:419: Event stats:


Global stats: 4486 total (8 active)
Queueing time: mean = 6.474 ms, max = 37.876 ms, min = -0.001 s, total = 29.044 s
Execution time:  mean = 15.211 ms, total = 68.237 s
Event stats:
	CoreWorker.RecoverObjects - 2761 total (1 active), Execution time: mean = 8.237 us, total = 22.742 ms, Queueing time: mean = 8.698 ms, max = 37.876 ms, min = -0.001 s, total = 24.014 s
	CoreWorker.InternalHeartbeat - 298 total (1 active), Execution time: mean = 215.440 us, total = 64.201 ms, Queueing time: mean = 7.016 ms, max = 23.581 ms, min = -0.001 s, total = 2.091 s
	CoreWorker.ExitIfParentRayletDies - 298 total (1 active), Execution time: mean = 69.017 us, total = 20.567 ms, Queueing time: mean = 7.169 ms, max = 23.790 ms, min = -0.000 s, total = 2.136 s
	NodeManagerService.grpc_client.ReportWorkerBacklog - 298 total (0 active), Execution time: mean = 1.549 ms, total = 461.640 ms, Queueing time: mean = 0.000 s, max = -0.000 s, min = 9223372036.855 s, total = 0.000 s
	NodeManagerService.grpc_client.ReportWorkerBacklog.OnReplyReceived - 298 total (0 active), Execution time: mean = 18.820 us, total = 5.609 ms, Queueing time: mean = 35.438 us, max = 1.449 ms, min = 5.500 us, total = 10.561 ms
	CoreWorkerService.grpc_server.PushTask - 141 total (0 active), Execution time: mean = 477.799 ms, total = 67.370 s, Queueing time: mean = 0.000 s, max = -0.000 s, min = 9223372036.855 s, total = 0.000 s
	CoreWorkerService.grpc_server.PushTask.HandleRequestImpl - 141 total (0 active), Execution time: mean = 41.815 us, total = 5.896 ms, Queueing time: mean = 25.044 us, max = 241.300 us, min = 7.800 us, total = 3.531 ms
	CoreWorker.RecordMetrics - 60 total (1 active), Execution time: mean = 153.430 us, total = 9.206 ms, Queueing time: mean = 7.937 ms, max = 34.550 ms, min = -0.000 s, total = 476.215 ms
	CoreWorkerService.grpc_server.ActorCallArgWaitComplete - 35 total (0 active), Execution time: mean = 164.840 us, total = 5.769 ms, Queueing time: mean = 0.000 s, max = -0.000 s, min = 9223372036.855 s, total = 0.000 s
	NodeManagerService.grpc_client.PinObjectIDs - 35 total (0 active), Execution time: mean = 7.401 ms, total = 259.020 ms, Queueing time: mean = 0.000 s, max = -0.000 s, min = 9223372036.855 s, total = 0.000 s
	CoreWorkerService.grpc_server.ActorCallArgWaitComplete.HandleRequestImpl - 35 total (0 active), Execution time: mean = 39.883 us, total = 1.396 ms, Queueing time: mean = 41.594 us, max = 215.700 us, min = 7.400 us, total = 1.456 ms
	NodeManagerService.grpc_client.PinObjectIDs.OnReplyReceived - 35 total (0 active), Execution time: mean = 125.566 us, total = 4.395 ms, Queueing time: mean = 20.620 us, max = 108.600 us, min = 8.400 us, total = 721.700 us
	CoreWorker.TryDelPendingObjectRefStreams - 30 total (1 active), Execution time: mean = 6.983 us, total = 209.500 us, Queueing time: mean = 8.341 ms, max = 22.961 ms, min = -0.000 s, total = 250.237 ms
	PeriodicalRunner.RunFnPeriodically - 7 total (0 active), Execution time: mean = 290.843 us, total = 2.036 ms, Queueing time: mean = 874.514 us, max = 2.052 ms, min = 9.600 us, total = 6.122 ms
	CoreWorker.PrintEventStats - 5 total (1 active, 1 running), Execution time: mean = 536.300 us, total = 2.682 ms, Queueing time: mean = 7.072 ms, max = 12.140 ms, min = 2.408 ms, total = 35.359 ms
	Publisher.CheckDeadSubscribers - 2 total (1 active), Execution time: mean = 4.000 us, total = 8.000 us, Queueing time: mean = 7.407 ms, max = 14.814 ms, min = 14.814 ms, total = 14.814 ms
	ray::rpc::NodeInfoGcsService.grpc_client.GetAllNodeInfo - 1 total (0 active), Execution time: mean = 946.700 us, total = 946.700 us, Queueing time: mean = 0.000 s, max = -0.000 s, min = 9223372036.855 s, total = 0.000 s
	ray::rpc::InternalPubSubGcsService.grpc_client.GcsSubscriberCommandBatch.OnReplyReceived - 1 total (0 active), Execution time: mean = 275.300 us, total = 275.300 us, Queueing time: mean = 1.891 ms, max = 1.891 ms, min = 1.891 ms, total = 1.891 ms
	ray::rpc::WorkerInfoGcsService.grpc_client.AddWorkerInfo.OnReplyReceived - 1 total (0 active), Execution time: mean = 42.200 us, total = 42.200 us, Queueing time: mean = 1.990 ms, max = 1.990 ms, min = 1.990 ms, total = 1.990 ms
	ray::rpc::NodeInfoGcsService.grpc_client.GetAllNodeInfo.OnReplyReceived - 1 total (0 active), Execution time: mean = 168.200 us, total = 168.200 us, Queueing time: mean = 9.100 us, max = 9.100 us, min = 9.100 us, total = 9.100 us
	ray::rpc::InternalPubSubGcsService.grpc_client.GcsSubscriberCommandBatch - 1 total (0 active), Execution time: mean = 424.100 us, total = 424.100 us, Queueing time: mean = 0.000 s, max = -0.000 s, min = 9223372036.855 s, total = 0.000 s
	ray::rpc::WorkerInfoGcsService.grpc_client.AddWorkerInfo - 1 total (0 active), Execution time: mean = 437.900 us, total = 437.900 us, Queueing time: mean = 0.000 s, max = -0.000 s, min = 9223372036.855 s, total = 0.000 s
	ray::rpc::InternalPubSubGcsService.grpc_client.GcsSubscriberPoll - 1 total (1 active), Execution time: mean = 0.000 s, total = 0.000 s, Queueing time: mean = 0.000 s, max = -0.000 s, min = 9223372036.855 s, total = 0.000 s

-----------------
Task execution event stats:

Global stats: 14491 total (1 active)
Queueing time: mean = 10.813 ms, max = 11.885 s, min = -0.009 s, total = 156.693 s
Execution time:  mean = 4.666 ms, total = 67.617 s
Event stats:
	CoreWorker.CheckSignal - 14314 total (1 active), Execution time: mean = 20.422 us, total = 292.314 ms, Queueing time: mean = 10.947 ms, max = 11.885 s, min = -0.009 s, total = 156.689 s
	CoreWorker.HandlePushTaskActor - 140 total (0 active), Execution time: mean = 395.305 ms, total = 55.343 s, Queueing time: mean = 16.542 us, max = 100.500 us, min = 6.500 us, total = 2.316 ms
	CoreWorker.ArgWaitComplete - 35 total (0 active), Execution time: mean = 2.544 ms, total = 89.041 ms, Queueing time: mean = 41.463 us, max = 444.000 us, min = 5.300 us, total = 1.451 ms
	CoreWorker.HandlePushTask - 1 total (0 active), Execution time: mean = 11.893 s, total = 11.893 s, Queueing time: mean = 9.000 us, max = 9.000 us, min = 9.000 us, total = 9.000 us
	PeriodicalRunner.RunFnPeriodically - 1 total (0 active), Execution time: mean = 25.900 us, total = 25.900 us, Queueing time: mean = 4.000 us, max = 4.000 us, min = 4.000 us, total = 4.000 us

-----------------
Task Event stats:

IO Service Stats:

Global stats: 895 total (1 active)
Queueing time: mean = 2.349 ms, max = 23.557 ms, min = -0.000 s, total = 2.102 s
Execution time:  mean = 351.902 us, total = 314.952 ms
Event stats:
	ray::rpc::TaskInfoGcsService.grpc_client.AddTaskEventData.OnReplyReceived - 298 total (0 active), Execution time: mean = 27.080 us, total = 8.070 ms, Queueing time: mean = 44.816 us, max = 2.275 ms, min = 5.600 us, total = 13.355 ms
	CoreWorker.deadline_timer.flush_task_events - 298 total (1 active), Execution time: mean = 289.213 us, total = 86.186 ms, Queueing time: mean = 7.010 ms, max = 23.557 ms, min = -0.000 s, total = 2.089 s
	ray::rpc::TaskInfoGcsService.grpc_client.AddTaskEventData - 298 total (0 active), Execution time: mean = 738.929 us, total = 220.201 ms, Queueing time: mean = 0.000 s, max = -0.000 s, min = 9223372036.855 s, total = 0.000 s
	PeriodicalRunner.RunFnPeriodically - 1 total (0 active), Execution time: mean = 496.100 us, total = 496.100 us, Queueing time: mean = 11.000 us, max = 11.000 us, min = 11.000 us, total = 11.000 us
Other Stats:
	gcs_grpc_in_progress:0
	event_aggregator_grpc_in_progress:0
	current number of task status events in buffer: 0
	current number of profile events in buffer: 0
	current number of dropped task attempts tracked: 0
	total task events sent: 0.0577574 MiB
	total number of task attempts sent: 178
	total number of task attempts dropped reported: 0
	total number of sent failure: 0
	num status task events dropped: 0
	num profile task events dropped: 0
	num ray task events reported to aggregator: 0
	num ray task events failed to report to aggregator: 0
	num of task attempts dropped reported to aggregator: 0
	num of failed requests to aggregator: 0

[2025-12-15 10:04:44,669 I 26060 15988] core_worker.cc:419: Event stats:


Global stats: 5356 total (8 active)
Queueing time: mean = 6.551 ms, max = 40.973 ms, min = -0.001 s, total = 35.089 s
Execution time:  mean = 15.233 ms, total = 81.587 s
Event stats:
	CoreWorker.RecoverObjects - 3312 total (1 active), Execution time: mean = 8.432 us, total = 27.928 ms, Queueing time: mean = 8.724 ms, max = 37.876 ms, min = -0.001 s, total = 28.894 s
	CoreWorker.InternalHeartbeat - 358 total (1 active), Execution time: mean = 231.605 us, total = 82.915 ms, Queueing time: mean = 7.185 ms, max = 40.798 ms, min = -0.001 s, total = 2.572 s
	CoreWorker.ExitIfParentRayletDies - 358 total (1 active), Execution time: mean = 69.343 us, total = 24.825 ms, Queueing time: mean = 7.351 ms, max = 40.973 ms, min = -0.000 s, total = 2.632 s
	NodeManagerService.grpc_client.ReportWorkerBacklog - 358 total (0 active), Execution time: mean = 1.479 ms, total = 529.444 ms, Queueing time: mean = 0.000 s, max = -0.000 s, min = 9223372036.855 s, total = 0.000 s
	NodeManagerService.grpc_client.ReportWorkerBacklog.OnReplyReceived - 358 total (0 active), Execution time: mean = 19.953 us, total = 7.143 ms, Queueing time: mean = 95.096 us, max = 16.034 ms, min = 5.500 us, total = 34.044 ms
	CoreWorkerService.grpc_server.PushTask - 161 total (0 active), Execution time: mean = 500.653 ms, total = 80.605 s, Queueing time: mean = 0.000 s, max = -0.000 s, min = 9223372036.855 s, total = 0.000 s
	CoreWorkerService.grpc_server.PushTask.HandleRequestImpl - 161 total (0 active), Execution time: mean = 43.209 us, total = 6.957 ms, Queueing time: mean = 61.999 us, max = 3.463 ms, min = 7.800 us, total = 9.982 ms
	CoreWorker.RecordMetrics - 72 total (1 active), Execution time: mean = 211.285 us, total = 15.213 ms, Queueing time: mean = 7.839 ms, max = 34.550 ms, min = -0.000 s, total = 564.372 ms
	CoreWorkerService.grpc_server.ActorCallArgWaitComplete - 40 total (0 active), Execution time: mean = 215.757 us, total = 8.630 ms, Queueing time: mean = 0.000 s, max = -0.000 s, min = 9223372036.855 s, total = 0.000 s
	NodeManagerService.grpc_client.PinObjectIDs - 40 total (0 active), Execution time: mean = 6.605 ms, total = 264.199 ms, Queueing time: mean = 0.000 s, max = -0.000 s, min = 9223372036.855 s, total = 0.000 s
	CoreWorkerService.grpc_server.ActorCallArgWaitComplete.HandleRequestImpl - 40 total (0 active), Execution time: mean = 38.515 us, total = 1.541 ms, Queueing time: mean = 83.248 us, max = 1.501 ms, min = 7.400 us, total = 3.330 ms
	NodeManagerService.grpc_client.PinObjectIDs.OnReplyReceived - 40 total (0 active), Execution time: mean = 129.625 us, total = 5.185 ms, Queueing time: mean = 22.230 us, max = 108.600 us, min = 8.400 us, total = 889.200 us
	CoreWorker.TryDelPendingObjectRefStreams - 36 total (1 active), Execution time: mean = 7.033 us, total = 253.200 us, Queueing time: mean = 8.688 ms, max = 22.961 ms, min = -0.000 s, total = 312.778 ms
	PeriodicalRunner.RunFnPeriodically - 7 total (0 active), Execution time: mean = 290.843 us, total = 2.036 ms, Queueing time: mean = 874.514 us, max = 2.052 ms, min = 9.600 us, total = 6.122 ms
	CoreWorker.PrintEventStats - 6 total (1 active, 1 running), Execution time: mean = 554.867 us, total = 3.329 ms, Queueing time: mean = 6.821 ms, max = 12.140 ms, min = 2.408 ms, total = 40.924 ms
	Publisher.CheckDeadSubscribers - 2 total (1 active), Execution time: mean = 4.000 us, total = 8.000 us, Queueing time: mean = 7.407 ms, max = 14.814 ms, min = 14.814 ms, total = 14.814 ms
	ray::rpc::NodeInfoGcsService.grpc_client.GetAllNodeInfo - 1 total (0 active), Execution time: mean = 946.700 us, total = 946.700 us, Queueing time: mean = 0.000 s, max = -0.000 s, min = 9223372036.855 s, total = 0.000 s
	ray::rpc::InternalPubSubGcsService.grpc_client.GcsSubscriberCommandBatch.OnReplyReceived - 1 total (0 active), Execution time: mean = 275.300 us, total = 275.300 us, Queueing time: mean = 1.891 ms, max = 1.891 ms, min = 1.891 ms, total = 1.891 ms
	ray::rpc::WorkerInfoGcsService.grpc_client.AddWorkerInfo.OnReplyReceived - 1 total (0 active), Execution time: mean = 42.200 us, total = 42.200 us, Queueing time: mean = 1.990 ms, max = 1.990 ms, min = 1.990 ms, total = 1.990 ms
	ray::rpc::NodeInfoGcsService.grpc_client.GetAllNodeInfo.OnReplyReceived - 1 total (0 active), Execution time: mean = 168.200 us, total = 168.200 us, Queueing time: mean = 9.100 us, max = 9.100 us, min = 9.100 us, total = 9.100 us
	ray::rpc::InternalPubSubGcsService.grpc_client.GcsSubscriberCommandBatch - 1 total (0 active), Execution time: mean = 424.100 us, total = 424.100 us, Queueing time: mean = 0.000 s, max = -0.000 s, min = 9223372036.855 s, total = 0.000 s
	ray::rpc::WorkerInfoGcsService.grpc_client.AddWorkerInfo - 1 total (0 active), Execution time: mean = 437.900 us, total = 437.900 us, Queueing time: mean = 0.000 s, max = -0.000 s, min = 9223372036.855 s, total = 0.000 s
	ray::rpc::InternalPubSubGcsService.grpc_client.GcsSubscriberPoll - 1 total (1 active), Execution time: mean = 0.000 s, total = 0.000 s, Queueing time: mean = 0.000 s, max = -0.000 s, min = 9223372036.855 s, total = 0.000 s

-----------------
Task execution event stats:

Global stats: 17393 total (1 active)
Queueing time: mean = 10.804 ms, max = 11.885 s, min = -0.009 s, total = 187.908 s
Execution time:  mean = 4.650 ms, total = 80.883 s
Event stats:
	CoreWorker.CheckSignal - 17191 total (1 active), Execution time: mean = 20.633 us, total = 354.699 ms, Queueing time: mean = 10.929 ms, max = 11.885 s, min = -0.009 s, total = 187.886 s
	CoreWorker.HandlePushTaskActor - 160 total (0 active), Execution time: mean = 428.293 ms, total = 68.527 s, Queueing time: mean = 126.505 us, max = 16.391 ms, min = 6.500 us, total = 20.241 ms
	CoreWorker.ArgWaitComplete - 40 total (0 active), Execution time: mean = 2.718 ms, total = 108.702 ms, Queueing time: mean = 40.377 us, max = 444.000 us, min = 5.300 us, total = 1.615 ms
	CoreWorker.HandlePushTask - 1 total (0 active), Execution time: mean = 11.893 s, total = 11.893 s, Queueing time: mean = 9.000 us, max = 9.000 us, min = 9.000 us, total = 9.000 us
	PeriodicalRunner.RunFnPeriodically - 1 total (0 active), Execution time: mean = 25.900 us, total = 25.900 us, Queueing time: mean = 4.000 us, max = 4.000 us, min = 4.000 us, total = 4.000 us

-----------------
Task Event stats:

IO Service Stats:

Global stats: 1075 total (1 active)
Queueing time: mean = 2.428 ms, max = 29.427 ms, min = -0.001 s, total = 2.610 s
Execution time:  mean = 377.494 us, total = 405.806 ms
Event stats:
	ray::rpc::TaskInfoGcsService.grpc_client.AddTaskEventData.OnReplyReceived - 358 total (0 active), Execution time: mean = 27.746 us, total = 9.933 ms, Queueing time: mean = 118.366 us, max = 12.065 ms, min = 5.600 us, total = 42.375 ms
	CoreWorker.deadline_timer.flush_task_events - 358 total (1 active), Execution time: mean = 301.768 us, total = 108.033 ms, Queueing time: mean = 7.171 ms, max = 29.427 ms, min = -0.001 s, total = 2.567 s
	ray::rpc::TaskInfoGcsService.grpc_client.AddTaskEventData - 358 total (0 active), Execution time: mean = 802.635 us, total = 287.343 ms, Queueing time: mean = 0.000 s, max = -0.000 s, min = 9223372036.855 s, total = 0.000 s
	PeriodicalRunner.RunFnPeriodically - 1 total (0 active), Execution time: mean = 496.100 us, total = 496.100 us, Queueing time: mean = 11.000 us, max = 11.000 us, min = 11.000 us, total = 11.000 us
Other Stats:
	gcs_grpc_in_progress:0
	event_aggregator_grpc_in_progress:0
	current number of task status events in buffer: 0
	current number of profile events in buffer: 0
	current number of dropped task attempts tracked: 0
	total task events sent: 0.0659399 MiB
	total number of task attempts sent: 203
	total number of task attempts dropped reported: 0
	total number of sent failure: 0
	num status task events dropped: 0
	num profile task events dropped: 0
	num ray task events reported to aggregator: 0
	num ray task events failed to report to aggregator: 0
	num of task attempts dropped reported to aggregator: 0
	num of failed requests to aggregator: 0

[2025-12-15 10:05:44,682 I 26060 15988] core_worker.cc:419: Event stats:


Global stats: 6211 total (8 active)
Queueing time: mean = 6.583 ms, max = 40.973 ms, min = -0.001 s, total = 40.888 s
Execution time:  mean = 15.020 ms, total = 93.291 s
Event stats:
	CoreWorker.RecoverObjects - 3864 total (1 active), Execution time: mean = 8.552 us, total = 33.046 ms, Queueing time: mean = 8.727 ms, max = 37.876 ms, min = -0.001 s, total = 33.719 s
	CoreWorker.InternalHeartbeat - 417 total (1 active), Execution time: mean = 239.103 us, total = 99.706 ms, Queueing time: mean = 7.110 ms, max = 40.798 ms, min = -0.001 s, total = 2.965 s
	CoreWorker.ExitIfParentRayletDies - 417 total (1 active), Execution time: mean = 69.328 us, total = 28.910 ms, Queueing time: mean = 7.283 ms, max = 40.973 ms, min = -0.000 s, total = 3.037 s
	NodeManagerService.grpc_client.ReportWorkerBacklog - 417 total (0 active), Execution time: mean = 1.376 ms, total = 573.806 ms, Queueing time: mean = 0.000 s, max = -0.000 s, min = 9223372036.855 s, total = 0.000 s
	NodeManagerService.grpc_client.ReportWorkerBacklog.OnReplyReceived - 417 total (0 active), Execution time: mean = 20.526 us, total = 8.559 ms, Queueing time: mean = 87.883 us, max = 16.034 ms, min = 5.500 us, total = 36.647 ms
	CoreWorkerService.grpc_server.PushTask - 177 total (0 active), Execution time: mean = 521.051 ms, total = 92.226 s, Queueing time: mean = 0.000 s, max = -0.000 s, min = 9223372036.855 s, total = 0.000 s
	CoreWorkerService.grpc_server.PushTask.HandleRequestImpl - 177 total (0 active), Execution time: mean = 45.738 us, total = 8.096 ms, Queueing time: mean = 60.374 us, max = 3.463 ms, min = 7.800 us, total = 10.686 ms
	CoreWorker.RecordMetrics - 84 total (1 active), Execution time: mean = 202.932 us, total = 17.046 ms, Queueing time: mean = 7.885 ms, max = 34.550 ms, min = -0.000 s, total = 662.362 ms
	CoreWorkerService.grpc_server.ActorCallArgWaitComplete - 44 total (0 active), Execution time: mean = 223.959 us, total = 9.854 ms, Queueing time: mean = 0.000 s, max = -0.000 s, min = 9223372036.855 s, total = 0.000 s
	NodeManagerService.grpc_client.PinObjectIDs - 44 total (0 active), Execution time: mean = 6.101 ms, total = 268.433 ms, Queueing time: mean = 0.000 s, max = -0.000 s, min = 9223372036.855 s, total = 0.000 s
	CoreWorkerService.grpc_server.ActorCallArgWaitComplete.HandleRequestImpl - 44 total (0 active), Execution time: mean = 48.507 us, total = 2.134 ms, Queueing time: mean = 88.580 us, max = 1.501 ms, min = 7.400 us, total = 3.897 ms
	NodeManagerService.grpc_client.PinObjectIDs.OnReplyReceived - 44 total (0 active), Execution time: mean = 134.652 us, total = 5.925 ms, Queueing time: mean = 26.041 us, max = 166.600 us, min = 8.400 us, total = 1.146 ms
	CoreWorker.TryDelPendingObjectRefStreams - 42 total (1 active), Execution time: mean = 6.795 us, total = 285.400 us, Queueing time: mean = 8.888 ms, max = 22.961 ms, min = -0.000 s, total = 373.303 ms
	CoreWorker.PrintEventStats - 7 total (1 active, 1 running), Execution time: mean = 692.500 us, total = 4.848 ms, Queueing time: mean = 7.747 ms, max = 13.303 ms, min = 2.408 ms, total = 54.227 ms
	PeriodicalRunner.RunFnPeriodically - 7 total (0 active), Execution time: mean = 290.843 us, total = 2.036 ms, Queueing time: mean = 874.514 us, max = 2.052 ms, min = 9.600 us, total = 6.122 ms
	Publisher.CheckDeadSubscribers - 2 total (1 active), Execution time: mean = 4.000 us, total = 8.000 us, Queueing time: mean = 7.407 ms, max = 14.814 ms, min = 14.814 ms, total = 14.814 ms
	ray::rpc::NodeInfoGcsService.grpc_client.GetAllNodeInfo - 1 total (0 active), Execution time: mean = 946.700 us, total = 946.700 us, Queueing time: mean = 0.000 s, max = -0.000 s, min = 9223372036.855 s, total = 0.000 s
	ray::rpc::InternalPubSubGcsService.grpc_client.GcsSubscriberCommandBatch.OnReplyReceived - 1 total (0 active), Execution time: mean = 275.300 us, total = 275.300 us, Queueing time: mean = 1.891 ms, max = 1.891 ms, min = 1.891 ms, total = 1.891 ms
	ray::rpc::WorkerInfoGcsService.grpc_client.AddWorkerInfo.OnReplyReceived - 1 total (0 active), Execution time: mean = 42.200 us, total = 42.200 us, Queueing time: mean = 1.990 ms, max = 1.990 ms, min = 1.990 ms, total = 1.990 ms
	ray::rpc::NodeInfoGcsService.grpc_client.GetAllNodeInfo.OnReplyReceived - 1 total (0 active), Execution time: mean = 168.200 us, total = 168.200 us, Queueing time: mean = 9.100 us, max = 9.100 us, min = 9.100 us, total = 9.100 us
	ray::rpc::InternalPubSubGcsService.grpc_client.GcsSubscriberCommandBatch - 1 total (0 active), Execution time: mean = 424.100 us, total = 424.100 us, Queueing time: mean = 0.000 s, max = -0.000 s, min = 9223372036.855 s, total = 0.000 s
	ray::rpc::WorkerInfoGcsService.grpc_client.AddWorkerInfo - 1 total (0 active), Execution time: mean = 437.900 us, total = 437.900 us, Queueing time: mean = 0.000 s, max = -0.000 s, min = 9223372036.855 s, total = 0.000 s
	ray::rpc::InternalPubSubGcsService.grpc_client.GcsSubscriberPoll - 1 total (1 active), Execution time: mean = 0.000 s, total = 0.000 s, Queueing time: mean = 0.000 s, max = -0.000 s, min = 9223372036.855 s, total = 0.000 s

-----------------
Task execution event stats:

Global stats: 20393 total (1 active)
Queueing time: mean = 10.693 ms, max = 11.885 s, min = -0.009 s, total = 218.070 s
Execution time:  mean = 4.539 ms, total = 92.567 s
Event stats:
	CoreWorker.CheckSignal - 20171 total (1 active), Execution time: mean = 21.018 us, total = 423.959 ms, Queueing time: mean = 10.810 ms, max = 11.885 s, min = -0.009 s, total = 218.047 s
	CoreWorker.HandlePushTaskActor - 176 total (0 active), Execution time: mean = 455.259 ms, total = 80.126 s, Queueing time: mean = 118.005 us, max = 16.391 ms, min = 5.800 us, total = 20.769 ms
	CoreWorker.ArgWaitComplete - 44 total (0 active), Execution time: mean = 2.821 ms, total = 124.119 ms, Queueing time: mean = 57.852 us, max = 511.800 us, min = 5.300 us, total = 2.546 ms
	CoreWorker.HandlePushTask - 1 total (0 active), Execution time: mean = 11.893 s, total = 11.893 s, Queueing time: mean = 9.000 us, max = 9.000 us, min = 9.000 us, total = 9.000 us
	PeriodicalRunner.RunFnPeriodically - 1 total (0 active), Execution time: mean = 25.900 us, total = 25.900 us, Queueing time: mean = 4.000 us, max = 4.000 us, min = 4.000 us, total = 4.000 us

-----------------
Task Event stats:

IO Service Stats:

Global stats: 1252 total (1 active)
Queueing time: mean = 2.425 ms, max = 29.427 ms, min = -0.001 s, total = 3.036 s
Execution time:  mean = 379.865 us, total = 475.591 ms
Event stats:
	ray::rpc::TaskInfoGcsService.grpc_client.AddTaskEventData.OnReplyReceived - 417 total (0 active), Execution time: mean = 28.660 us, total = 11.951 ms, Queueing time: mean = 108.286 us, max = 12.065 ms, min = 5.600 us, total = 45.155 ms
	CoreWorker.deadline_timer.flush_task_events - 417 total (1 active), Execution time: mean = 307.655 us, total = 128.292 ms, Queueing time: mean = 7.172 ms, max = 29.427 ms, min = -0.001 s, total = 2.991 s
	ray::rpc::TaskInfoGcsService.grpc_client.AddTaskEventData - 417 total (0 active), Execution time: mean = 803.000 us, total = 334.851 ms, Queueing time: mean = 0.000 s, max = -0.000 s, min = 9223372036.855 s, total = 0.000 s
	PeriodicalRunner.RunFnPeriodically - 1 total (0 active), Execution time: mean = 496.100 us, total = 496.100 us, Queueing time: mean = 11.000 us, max = 11.000 us, min = 11.000 us, total = 11.000 us
Other Stats:
	gcs_grpc_in_progress:0
	event_aggregator_grpc_in_progress:0
	current number of task status events in buffer: 0
	current number of profile events in buffer: 0
	current number of dropped task attempts tracked: 0
	total task events sent: 0.0724859 MiB
	total number of task attempts sent: 223
	total number of task attempts dropped reported: 0
	total number of sent failure: 0
	num status task events dropped: 0
	num profile task events dropped: 0
	num ray task events reported to aggregator: 0
	num ray task events failed to report to aggregator: 0
	num of task attempts dropped reported to aggregator: 0
	num of failed requests to aggregator: 0

[2025-12-15 10:06:44,687 I 26060 15988] core_worker.cc:419: Event stats:


Global stats: 7066 total (8 active)
Queueing time: mean = 6.696 ms, max = 40.973 ms, min = -0.001 s, total = 47.311 s
Execution time:  mean = 14.981 ms, total = 105.855 s
Event stats:
	CoreWorker.RecoverObjects - 4412 total (1 active), Execution time: mean = 8.667 us, total = 38.240 ms, Queueing time: mean = 8.818 ms, max = 39.954 ms, min = -0.001 s, total = 38.904 s
	CoreWorker.InternalHeartbeat - 477 total (1 active), Execution time: mean = 242.595 us, total = 115.718 ms, Queueing time: mean = 7.253 ms, max = 40.798 ms, min = -0.001 s, total = 3.460 s
	CoreWorker.ExitIfParentRayletDies - 477 total (1 active), Execution time: mean = 69.581 us, total = 33.190 ms, Queueing time: mean = 7.428 ms, max = 40.973 ms, min = -0.000 s, total = 3.543 s
	NodeManagerService.grpc_client.ReportWorkerBacklog - 477 total (0 active), Execution time: mean = 1.328 ms, total = 633.559 ms, Queueing time: mean = 0.000 s, max = -0.000 s, min = 9223372036.855 s, total = 0.000 s
	NodeManagerService.grpc_client.ReportWorkerBacklog.OnReplyReceived - 477 total (0 active), Execution time: mean = 21.769 us, total = 10.384 ms, Queueing time: mean = 190.600 us, max = 32.826 ms, min = 5.500 us, total = 90.916 ms
	CoreWorkerService.grpc_server.PushTask - 193 total (0 active), Execution time: mean = 542.391 ms, total = 104.682 s, Queueing time: mean = 0.000 s, max = -0.000 s, min = 9223372036.855 s, total = 0.000 s
	CoreWorkerService.grpc_server.PushTask.HandleRequestImpl - 193 total (0 active), Execution time: mean = 62.466 us, total = 12.056 ms, Queueing time: mean = 65.816 us, max = 3.463 ms, min = 7.800 us, total = 12.702 ms
	CoreWorker.RecordMetrics - 96 total (1 active), Execution time: mean = 195.591 us, total = 18.777 ms, Queueing time: mean = 8.063 ms, max = 34.550 ms, min = -0.000 s, total = 774.056 ms
	CoreWorker.TryDelPendingObjectRefStreams - 48 total (1 active), Execution time: mean = 6.940 us, total = 333.100 us, Queueing time: mean = 8.821 ms, max = 22.961 ms, min = -0.000 s, total = 423.408 ms
	CoreWorkerService.grpc_server.ActorCallArgWaitComplete - 48 total (0 active), Execution time: mean = 380.898 us, total = 18.283 ms, Queueing time: mean = 0.000 s, max = -0.000 s, min = 9223372036.855 s, total = 0.000 s
	NodeManagerService.grpc_client.PinObjectIDs - 48 total (0 active), Execution time: mean = 5.685 ms, total = 272.880 ms, Queueing time: mean = 0.000 s, max = -0.000 s, min = 9223372036.855 s, total = 0.000 s
	CoreWorkerService.grpc_server.ActorCallArgWaitComplete.HandleRequestImpl - 48 total (0 active), Execution time: mean = 57.569 us, total = 2.763 ms, Queueing time: mean = 228.627 us, max = 3.499 ms, min = 7.400 us, total = 10.974 ms
	NodeManagerService.grpc_client.PinObjectIDs.OnReplyReceived - 48 total (0 active), Execution time: mean = 138.210 us, total = 6.634 ms, Queueing time: mean = 26.960 us, max = 166.600 us, min = 8.400 us, total = 1.294 ms
	CoreWorker.PrintEventStats - 8 total (1 active, 1 running), Execution time: mean = 776.812 us, total = 6.215 ms, Queueing time: mean = 8.287 ms, max = 13.303 ms, min = 2.408 ms, total = 66.292 ms
	PeriodicalRunner.RunFnPeriodically - 7 total (0 active), Execution time: mean = 290.843 us, total = 2.036 ms, Queueing time: mean = 874.514 us, max = 2.052 ms, min = 9.600 us, total = 6.122 ms
	Publisher.CheckDeadSubscribers - 2 total (1 active), Execution time: mean = 4.000 us, total = 8.000 us, Queueing time: mean = 7.407 ms, max = 14.814 ms, min = 14.814 ms, total = 14.814 ms
	ray::rpc::NodeInfoGcsService.grpc_client.GetAllNodeInfo - 1 total (0 active), Execution time: mean = 946.700 us, total = 946.700 us, Queueing time: mean = 0.000 s, max = -0.000 s, min = 9223372036.855 s, total = 0.000 s
	ray::rpc::InternalPubSubGcsService.grpc_client.GcsSubscriberCommandBatch.OnReplyReceived - 1 total (0 active), Execution time: mean = 275.300 us, total = 275.300 us, Queueing time: mean = 1.891 ms, max = 1.891 ms, min = 1.891 ms, total = 1.891 ms
	ray::rpc::WorkerInfoGcsService.grpc_client.AddWorkerInfo.OnReplyReceived - 1 total (0 active), Execution time: mean = 42.200 us, total = 42.200 us, Queueing time: mean = 1.990 ms, max = 1.990 ms, min = 1.990 ms, total = 1.990 ms
	ray::rpc::NodeInfoGcsService.grpc_client.GetAllNodeInfo.OnReplyReceived - 1 total (0 active), Execution time: mean = 168.200 us, total = 168.200 us, Queueing time: mean = 9.100 us, max = 9.100 us, min = 9.100 us, total = 9.100 us
	ray::rpc::InternalPubSubGcsService.grpc_client.GcsSubscriberCommandBatch - 1 total (0 active), Execution time: mean = 424.100 us, total = 424.100 us, Queueing time: mean = 0.000 s, max = -0.000 s, min = 9223372036.855 s, total = 0.000 s
	ray::rpc::WorkerInfoGcsService.grpc_client.AddWorkerInfo - 1 total (0 active), Execution time: mean = 437.900 us, total = 437.900 us, Queueing time: mean = 0.000 s, max = -0.000 s, min = 9223372036.855 s, total = 0.000 s
	ray::rpc::InternalPubSubGcsService.grpc_client.GcsSubscriberPoll - 1 total (1 active), Execution time: mean = 0.000 s, total = 0.000 s, Queueing time: mean = 0.000 s, max = -0.000 s, min = 9223372036.855 s, total = 0.000 s

-----------------
Task execution event stats:

Global stats: 23323 total (1 active)
Queueing time: mean = 10.673 ms, max = 11.885 s, min = -0.009 s, total = 248.931 s
Execution time:  mean = 4.505 ms, total = 105.067 s
Event stats:
	CoreWorker.CheckSignal - 23081 total (1 active), Execution time: mean = 21.144 us, total = 488.030 ms, Queueing time: mean = 10.784 ms, max = 11.885 s, min = -0.009 s, total = 248.904 s
	CoreWorker.HandlePushTaskActor - 192 total (0 active), Execution time: mean = 482.005 ms, total = 92.545 s, Queueing time: mean = 117.648 us, max = 16.391 ms, min = 5.800 us, total = 22.588 ms
	CoreWorker.ArgWaitComplete - 48 total (0 active), Execution time: mean = 2.932 ms, total = 140.754 ms, Queueing time: mean = 95.994 us, max = 614.600 us, min = 5.300 us, total = 4.608 ms
	CoreWorker.HandlePushTask - 1 total (0 active), Execution time: mean = 11.893 s, total = 11.893 s, Queueing time: mean = 9.000 us, max = 9.000 us, min = 9.000 us, total = 9.000 us
	PeriodicalRunner.RunFnPeriodically - 1 total (0 active), Execution time: mean = 25.900 us, total = 25.900 us, Queueing time: mean = 4.000 us, max = 4.000 us, min = 4.000 us, total = 4.000 us

-----------------
Task Event stats:

IO Service Stats:

Global stats: 1432 total (1 active)
Queueing time: mean = 2.500 ms, max = 36.499 ms, min = -0.001 s, total = 3.579 s
Execution time:  mean = 423.089 us, total = 605.864 ms
Event stats:
	ray::rpc::TaskInfoGcsService.grpc_client.AddTaskEventData.OnReplyReceived - 477 total (0 active), Execution time: mean = 29.709 us, total = 14.171 ms, Queueing time: mean = 145.413 us, max = 12.065 ms, min = 5.600 us, total = 69.362 ms
	CoreWorker.deadline_timer.flush_task_events - 477 total (1 active), Execution time: mean = 315.071 us, total = 150.289 ms, Queueing time: mean = 7.359 ms, max = 36.499 ms, min = -0.001 s, total = 3.510 s
	ray::rpc::TaskInfoGcsService.grpc_client.AddTaskEventData - 477 total (0 active), Execution time: mean = 924.335 us, total = 440.908 ms, Queueing time: mean = 0.000 s, max = -0.000 s, min = 9223372036.855 s, total = 0.000 s
	PeriodicalRunner.RunFnPeriodically - 1 total (0 active), Execution time: mean = 496.100 us, total = 496.100 us, Queueing time: mean = 11.000 us, max = 11.000 us, min = 11.000 us, total = 11.000 us
Other Stats:
	gcs_grpc_in_progress:0
	event_aggregator_grpc_in_progress:0
	current number of task status events in buffer: 0
	current number of profile events in buffer: 0
	current number of dropped task attempts tracked: 0
	total task events sent: 0.0790319 MiB
	total number of task attempts sent: 243
	total number of task attempts dropped reported: 0
	total number of sent failure: 0
	num status task events dropped: 0
	num profile task events dropped: 0
	num ray task events reported to aggregator: 0
	num ray task events failed to report to aggregator: 0
	num of task attempts dropped reported to aggregator: 0
	num of failed requests to aggregator: 0

[2025-12-15 10:07:18,167 I 26060 15988] core_worker.cc:4084: Force kill actor request has received. exiting immediately... The actor is dead because it was killed by `ray.kill`.
[2025-12-15 10:07:18,167 W 26060 15988] core_worker.cc:744: Force exit the process.  Details: Worker exits because the actor is killed. The actor is dead because it was killed by `ray.kill`.
[2025-12-15 10:07:18,216 I 26060 15988] core_worker.cc:580: Sending disconnect message to the local raylet.
[2025-12-15 10:07:18,217 I 26060 15988] raylet_ipc_client.cc:113: RayletIpcClient::Disconnect, exit_type=INTENDED_SYSTEM_EXIT, exit_detail=Worker exits because the actor is killed. The actor is dead because it was killed by `ray.kill`., has creation_task_exception_pb_bytes=0
[2025-12-15 10:07:18,217 W 26060 15988] core_worker.cc:587: Failed to disconnect from the local raylet: IOError: Unknown error
