[2025-12-15 09:58:44,519 I 6368 13496] core_worker_process.cc:739: Constructing CoreWorkerProcess. pid: 6368
[2025-12-15 09:58:44,522 I 6368 13496] io_service_pool.cc:37: IOServicePool is running with 1 io_service.
[2025-12-15 09:58:44,527 I 6368 13496] event.cc:493: Ray Event initialized for CORE_WORKER
[2025-12-15 09:58:44,528 I 6368 13496] event.cc:493: Ray Event initialized for EXPORT_TASK
[2025-12-15 09:58:44,528 I 6368 13496] event.cc:326: Set ray event level to warning
[2025-12-15 09:58:44,528 I 6368 13496] event_aggregator_client.h:50: Initiating the local event aggregator client with port: 61324
[2025-12-15 09:58:44,532 I 6368 13496] grpc_server.cc:141: worker server started, listening on port 50940.
[2025-12-15 09:58:44,535 I 6368 13496] core_worker_process.cc:269: Initializing worker at address: 127.0.0.1:50940 worker_id=3f0d62cdfbb23e67e2169b5e45928d6433d3458aa1aa3f9dbc95b379 node_id=95dee78f09d0786a6c8739f9bd73fc7da8a1073d0f113cf414b55469
[2025-12-15 09:58:44,536 I 6368 13496] task_event_buffer.cc:445: Reporting task events to GCS every 1000ms.
[2025-12-15 09:58:44,539 I 6368 22456] core_worker.cc:419: Event stats:


Global stats: 13 total (10 active)
Queueing time: mean = 2.054 us, max = 16.700 us, min = 10.000 us, total = 26.700 us
Execution time:  mean = 40.354 us, total = 524.600 us
Event stats:
	PeriodicalRunner.RunFnPeriodically - 7 total (5 active, 1 running), Execution time: mean = 10.914 us, total = 76.400 us, Queueing time: mean = 3.814 us, max = 16.700 us, min = 10.000 us, total = 26.700 us
	ray::rpc::WorkerInfoGcsService.grpc_client.AddWorkerInfo - 1 total (0 active), Execution time: mean = 448.200 us, total = 448.200 us, Queueing time: mean = 0.000 s, max = -0.000 s, min = 9223372036.855 s, total = 0.000 s
	ray::rpc::InternalPubSubGcsService.grpc_client.GcsSubscriberCommandBatch - 1 total (1 active), Execution time: mean = 0.000 s, total = 0.000 s, Queueing time: mean = 0.000 s, max = -0.000 s, min = 9223372036.855 s, total = 0.000 s
	CoreWorker.ExitIfParentRayletDies - 1 total (1 active), Execution time: mean = 0.000 s, total = 0.000 s, Queueing time: mean = 0.000 s, max = -0.000 s, min = 9223372036.855 s, total = 0.000 s
	ray::rpc::WorkerInfoGcsService.grpc_client.AddWorkerInfo.OnReplyReceived - 1 total (1 active), Execution time: mean = 0.000 s, total = 0.000 s, Queueing time: mean = 0.000 s, max = -0.000 s, min = 9223372036.855 s, total = 0.000 s
	Publisher.CheckDeadSubscribers - 1 total (1 active), Execution time: mean = 0.000 s, total = 0.000 s, Queueing time: mean = 0.000 s, max = -0.000 s, min = 9223372036.855 s, total = 0.000 s
	ray::rpc::InternalPubSubGcsService.grpc_client.GcsSubscriberPoll - 1 total (1 active), Execution time: mean = 0.000 s, total = 0.000 s, Queueing time: mean = 0.000 s, max = -0.000 s, min = 9223372036.855 s, total = 0.000 s

-----------------
Task execution event stats:

Global stats: 0 total (0 active)
Queueing time: mean = -nan(ind) s, max = -0.000 s, min = 9223372036.855 s, total = 0.000 s
Execution time:  mean = -nan(ind) s, total = 0.000 s
Event stats:

-----------------
Task Event stats:

IO Service Stats:

Global stats: 4 total (1 active)
Queueing time: mean = 4.725 us, max = 10.200 us, min = 8.700 us, total = 18.900 us
Execution time:  mean = 307.750 us, total = 1.231 ms
Event stats:
	PeriodicalRunner.RunFnPeriodically - 1 total (0 active), Execution time: mean = 418.000 us, total = 418.000 us, Queueing time: mean = 8.700 us, max = 8.700 us, min = 8.700 us, total = 8.700 us
	CoreWorker.deadline_timer.flush_task_events - 1 total (1 active), Execution time: mean = 0.000 s, total = 0.000 s, Queueing time: mean = 0.000 s, max = -0.000 s, min = 9223372036.855 s, total = 0.000 s
	ray::rpc::TaskInfoGcsService.grpc_client.AddTaskEventData - 1 total (0 active), Execution time: mean = 780.000 us, total = 780.000 us, Queueing time: mean = 0.000 s, max = -0.000 s, min = 9223372036.855 s, total = 0.000 s
	ray::rpc::TaskInfoGcsService.grpc_client.AddTaskEventData.OnReplyReceived - 1 total (0 active), Execution time: mean = 33.000 us, total = 33.000 us, Queueing time: mean = 10.200 us, max = 10.200 us, min = 10.200 us, total = 10.200 us
Other Stats:
	gcs_grpc_in_progress:0
	event_aggregator_grpc_in_progress:0
	current number of task status events in buffer: 0
	current number of profile events in buffer: 0
	current number of dropped task attempts tracked: 0
	total task events sent: 0 MiB
	total number of task attempts sent: 0
	total number of task attempts dropped reported: 0
	total number of sent failure: 0
	num status task events dropped: 0
	num profile task events dropped: 0
	num ray task events reported to aggregator: 0
	num ray task events failed to report to aggregator: 0
	num of task attempts dropped reported to aggregator: 0
	num of failed requests to aggregator: 0

[2025-12-15 09:58:44,541 I 6368 22456] accessor.cc:743: Received notification for node, IsAlive = 1 node_id=95dee78f09d0786a6c8739f9bd73fc7da8a1073d0f113cf414b55469
[2025-12-15 09:58:44,541 I 6368 22456] normal_task_submitter.cc:833: Number of alive nodes:1
[2025-12-15 09:58:44,542 I 6368 13496] actor_task_submitter.cc:73: Set actor max pending calls to -1 actor_id=5488281f0fea3ff3c899ff6e01000000
[2025-12-15 09:58:44,542 I 6368 13496] core_worker.cc:2909: Creating actor actor_id=5488281f0fea3ff3c899ff6e01000000
[2025-12-15 09:58:56,504 I 6368 13496] task_receiver.cc:162: Actor creation task finished, task_id: ffffffffffffffff5488281f0fea3ff3c899ff6e01000000, actor_id: 5488281f0fea3ff3c899ff6e01000000, actor_repr_name: 
[2025-12-15 09:58:56,646 W 6368 23300] metric_exporter.cc:105: [1] Export metrics to agent failed: RpcError: RPC Error message: failed to connect to all addresses; last error: UNAVAILABLE: ipv4:127.0.0.1:61324: Connection refused; RPC Error details:  rpc_code: 14. This won't affect Ray, but you can lose metrics from the cluster.
[2025-12-15 09:59:44,542 I 6368 22456] core_worker.cc:419: Event stats:


Global stats: 901 total (8 active)
Queueing time: mean = 6.308 ms, max = 23.069 ms, min = -0.001 s, total = 5.683 s
Execution time:  mean = 23.010 ms, total = 20.732 s
Event stats:
	CoreWorker.RecoverObjects - 553 total (1 active), Execution time: mean = 8.458 us, total = 4.677 ms, Queueing time: mean = 8.524 ms, max = 23.069 ms, min = -0.001 s, total = 4.714 s
	NodeManagerService.grpc_client.ReportWorkerBacklog - 60 total (0 active), Execution time: mean = 1.046 ms, total = 62.741 ms, Queueing time: mean = 0.000 s, max = -0.000 s, min = 9223372036.855 s, total = 0.000 s
	NodeManagerService.grpc_client.ReportWorkerBacklog.OnReplyReceived - 60 total (0 active), Execution time: mean = 23.867 us, total = 1.432 ms, Queueing time: mean = 37.103 us, max = 85.500 us, min = 7.200 us, total = 2.226 ms
	CoreWorker.ExitIfParentRayletDies - 60 total (1 active), Execution time: mean = 59.000 us, total = 3.540 ms, Queueing time: mean = 6.975 ms, max = 18.890 ms, min = 218.400 us, total = 418.530 ms
	CoreWorker.InternalHeartbeat - 60 total (1 active), Execution time: mean = 269.312 us, total = 16.159 ms, Queueing time: mean = 6.731 ms, max = 18.686 ms, min = -0.000 s, total = 403.887 ms
	CoreWorkerService.grpc_server.PushTask.HandleRequestImpl - 25 total (0 active), Execution time: mean = 44.408 us, total = 1.110 ms, Queueing time: mean = 30.692 us, max = 197.700 us, min = 7.400 us, total = 767.300 us
	CoreWorkerService.grpc_server.PushTask - 25 total (0 active), Execution time: mean = 825.171 ms, total = 20.629 s, Queueing time: mean = 0.000 s, max = -0.000 s, min = 9223372036.855 s, total = 0.000 s
	CoreWorker.RecordMetrics - 12 total (1 active), Execution time: mean = 211.325 us, total = 2.536 ms, Queueing time: mean = 6.952 ms, max = 15.321 ms, min = -0.000 s, total = 83.430 ms
	PeriodicalRunner.RunFnPeriodically - 7 total (0 active), Execution time: mean = 309.771 us, total = 2.168 ms, Queueing time: mean = 794.857 us, max = 2.165 ms, min = 10.000 us, total = 5.564 ms
	NodeManagerService.grpc_client.PinObjectIDs - 6 total (0 active), Execution time: mean = 708.633 us, total = 4.252 ms, Queueing time: mean = 0.000 s, max = -0.000 s, min = 9223372036.855 s, total = 0.000 s
	NodeManagerService.grpc_client.PinObjectIDs.OnReplyReceived - 6 total (0 active), Execution time: mean = 97.500 us, total = 585.000 us, Queueing time: mean = 15.100 us, max = 20.200 us, min = 9.800 us, total = 90.600 us
	CoreWorkerService.grpc_server.ActorCallArgWaitComplete.HandleRequestImpl - 6 total (0 active), Execution time: mean = 37.450 us, total = 224.700 us, Queueing time: mean = 36.117 us, max = 79.700 us, min = 11.300 us, total = 216.700 us
	CoreWorker.TryDelPendingObjectRefStreams - 6 total (1 active), Execution time: mean = 7.650 us, total = 45.900 us, Queueing time: mean = 8.385 ms, max = 15.176 ms, min = 841.700 us, total = 50.312 ms
	CoreWorkerService.grpc_server.ActorCallArgWaitComplete - 6 total (0 active), Execution time: mean = 180.567 us, total = 1.083 ms, Queueing time: mean = 0.000 s, max = -0.000 s, min = 9223372036.855 s, total = 0.000 s
	ray::rpc::WorkerInfoGcsService.grpc_client.AddWorkerInfo.OnReplyReceived - 1 total (0 active), Execution time: mean = 54.600 us, total = 54.600 us, Queueing time: mean = 2.112 ms, max = 2.112 ms, min = 2.112 ms, total = 2.112 ms
	ray::rpc::NodeInfoGcsService.grpc_client.GetAllNodeInfo.OnReplyReceived - 1 total (0 active), Execution time: mean = 194.700 us, total = 194.700 us, Queueing time: mean = 8.300 us, max = 8.300 us, min = 8.300 us, total = 8.300 us
	ray::rpc::WorkerInfoGcsService.grpc_client.AddWorkerInfo - 1 total (0 active), Execution time: mean = 448.200 us, total = 448.200 us, Queueing time: mean = 0.000 s, max = -0.000 s, min = 9223372036.855 s, total = 0.000 s
	ray::rpc::InternalPubSubGcsService.grpc_client.GcsSubscriberPoll - 1 total (1 active), Execution time: mean = 0.000 s, total = 0.000 s, Queueing time: mean = 0.000 s, max = -0.000 s, min = 9223372036.855 s, total = 0.000 s
	ray::rpc::InternalPubSubGcsService.grpc_client.GcsSubscriberCommandBatch.OnReplyReceived - 1 total (0 active), Execution time: mean = 291.700 us, total = 291.700 us, Queueing time: mean = 2.090 ms, max = 2.090 ms, min = 2.090 ms, total = 2.090 ms
	Publisher.CheckDeadSubscribers - 1 total (1 active), Execution time: mean = 0.000 s, total = 0.000 s, Queueing time: mean = 0.000 s, max = -0.000 s, min = 9223372036.855 s, total = 0.000 s
	ray::rpc::NodeInfoGcsService.grpc_client.GetAllNodeInfo - 1 total (0 active), Execution time: mean = 682.500 us, total = 682.500 us, Queueing time: mean = 0.000 s, max = -0.000 s, min = 9223372036.855 s, total = 0.000 s
	CoreWorker.PrintEventStats - 1 total (1 active, 1 running), Execution time: mean = 0.000 s, total = 0.000 s, Queueing time: mean = 0.000 s, max = -0.000 s, min = 9223372036.855 s, total = 0.000 s
	ray::rpc::InternalPubSubGcsService.grpc_client.GcsSubscriberCommandBatch - 1 total (0 active), Execution time: mean = 364.200 us, total = 364.200 us, Queueing time: mean = 0.000 s, max = -0.000 s, min = 9223372036.855 s, total = 0.000 s

-----------------
Task execution event stats:

Global stats: 2456 total (1 active)
Queueing time: mean = 14.550 ms, max = 11.956 s, min = -0.009 s, total = 35.736 s
Execution time:  mean = 8.415 ms, total = 20.667 s
Event stats:
	CoreWorker.CheckSignal - 2424 total (1 active), Execution time: mean = 20.269 us, total = 49.131 ms, Queueing time: mean = 14.742 ms, max = 11.956 s, min = -0.009 s, total = 35.735 s
	CoreWorker.HandlePushTaskActor - 24 total (0 active), Execution time: mean = 359.768 ms, total = 8.634 s, Queueing time: mean = 20.629 us, max = 64.500 us, min = 6.100 us, total = 495.100 us
	CoreWorker.ArgWaitComplete - 6 total (0 active), Execution time: mean = 3.174 ms, total = 19.046 ms, Queueing time: mean = 19.933 us, max = 46.400 us, min = 7.500 us, total = 119.600 us
	CoreWorker.HandlePushTask - 1 total (0 active), Execution time: mean = 11.964 s, total = 11.964 s, Queueing time: mean = 27.100 us, max = 27.100 us, min = 27.100 us, total = 27.100 us
	PeriodicalRunner.RunFnPeriodically - 1 total (0 active), Execution time: mean = 24.900 us, total = 24.900 us, Queueing time: mean = 6.000 us, max = 6.000 us, min = 6.000 us, total = 6.000 us

-----------------
Task Event stats:

IO Service Stats:

Global stats: 181 total (1 active)
Queueing time: mean = 2.432 ms, max = 17.872 ms, min = -0.000 s, total = 440.144 ms
Execution time:  mean = 343.697 us, total = 62.209 ms
Event stats:
	CoreWorker.deadline_timer.flush_task_events - 60 total (1 active), Execution time: mean = 286.145 us, total = 17.169 ms, Queueing time: mean = 7.303 ms, max = 17.872 ms, min = -0.000 s, total = 438.192 ms
	ray::rpc::TaskInfoGcsService.grpc_client.AddTaskEventData - 60 total (0 active), Execution time: mean = 713.213 us, total = 42.793 ms, Queueing time: mean = 0.000 s, max = -0.000 s, min = 9223372036.855 s, total = 0.000 s
	ray::rpc::TaskInfoGcsService.grpc_client.AddTaskEventData.OnReplyReceived - 60 total (0 active), Execution time: mean = 30.493 us, total = 1.830 ms, Queueing time: mean = 32.398 us, max = 83.900 us, min = 8.600 us, total = 1.944 ms
	PeriodicalRunner.RunFnPeriodically - 1 total (0 active), Execution time: mean = 418.000 us, total = 418.000 us, Queueing time: mean = 8.700 us, max = 8.700 us, min = 8.700 us, total = 8.700 us
Other Stats:
	gcs_grpc_in_progress:0
	event_aggregator_grpc_in_progress:0
	current number of task status events in buffer: 0
	current number of profile events in buffer: 0
	current number of dropped task attempts tracked: 0
	total task events sent: 0.0101938 MiB
	total number of task attempts sent: 32
	total number of task attempts dropped reported: 0
	total number of sent failure: 0
	num status task events dropped: 0
	num profile task events dropped: 0
	num ray task events reported to aggregator: 0
	num ray task events failed to report to aggregator: 0
	num of task attempts dropped reported to aggregator: 0
	num of failed requests to aggregator: 0

[2025-12-15 10:00:44,555 I 6368 22456] core_worker.cc:419: Event stats:


Global stats: 1797 total (8 active)
Queueing time: mean = 6.358 ms, max = 23.069 ms, min = -0.001 s, total = 11.425 s
Execution time:  mean = 18.084 ms, total = 32.497 s
Event stats:
	CoreWorker.RecoverObjects - 1106 total (1 active), Execution time: mean = 8.186 us, total = 9.054 ms, Queueing time: mean = 8.541 ms, max = 23.069 ms, min = -0.001 s, total = 9.447 s
	NodeManagerService.grpc_client.ReportWorkerBacklog - 120 total (0 active), Execution time: mean = 1.178 ms, total = 141.373 ms, Queueing time: mean = 0.000 s, max = -0.000 s, min = 9223372036.855 s, total = 0.000 s
	NodeManagerService.grpc_client.ReportWorkerBacklog.OnReplyReceived - 120 total (0 active), Execution time: mean = 21.812 us, total = 2.617 ms, Queueing time: mean = 35.722 us, max = 124.100 us, min = 7.100 us, total = 4.287 ms
	CoreWorker.ExitIfParentRayletDies - 120 total (1 active), Execution time: mean = 64.961 us, total = 7.795 ms, Queueing time: mean = 7.028 ms, max = 18.890 ms, min = -0.000 s, total = 843.324 ms
	CoreWorker.InternalHeartbeat - 120 total (1 active), Execution time: mean = 251.713 us, total = 30.206 ms, Queueing time: mean = 6.824 ms, max = 18.686 ms, min = -0.000 s, total = 818.919 ms
	CoreWorkerService.grpc_server.PushTask.HandleRequestImpl - 53 total (0 active), Execution time: mean = 39.940 us, total = 2.117 ms, Queueing time: mean = 30.687 us, max = 197.700 us, min = 7.400 us, total = 1.626 ms
	CoreWorkerService.grpc_server.PushTask - 53 total (0 active), Execution time: mean = 603.564 ms, total = 31.989 s, Queueing time: mean = 0.000 s, max = -0.000 s, min = 9223372036.855 s, total = 0.000 s
	CoreWorker.RecordMetrics - 24 total (1 active), Execution time: mean = 181.738 us, total = 4.362 ms, Queueing time: mean = 7.754 ms, max = 15.321 ms, min = -0.000 s, total = 186.104 ms
	NodeManagerService.grpc_client.PinObjectIDs - 13 total (0 active), Execution time: mean = 23.167 ms, total = 301.170 ms, Queueing time: mean = 0.000 s, max = -0.000 s, min = 9223372036.855 s, total = 0.000 s
	NodeManagerService.grpc_client.PinObjectIDs.OnReplyReceived - 13 total (0 active), Execution time: mean = 122.577 us, total = 1.593 ms, Queueing time: mean = 17.800 us, max = 33.000 us, min = 9.800 us, total = 231.400 us
	CoreWorkerService.grpc_server.ActorCallArgWaitComplete.HandleRequestImpl - 13 total (0 active), Execution time: mean = 40.300 us, total = 523.900 us, Queueing time: mean = 55.015 us, max = 416.600 us, min = 10.000 us, total = 715.200 us
	CoreWorkerService.grpc_server.ActorCallArgWaitComplete - 13 total (0 active), Execution time: mean = 182.262 us, total = 2.369 ms, Queueing time: mean = 0.000 s, max = -0.000 s, min = 9223372036.855 s, total = 0.000 s
	CoreWorker.TryDelPendingObjectRefStreams - 12 total (1 active), Execution time: mean = 7.817 us, total = 93.800 us, Queueing time: mean = 9.252 ms, max = 15.328 ms, min = 841.700 us, total = 111.020 ms
	PeriodicalRunner.RunFnPeriodically - 7 total (0 active), Execution time: mean = 309.771 us, total = 2.168 ms, Queueing time: mean = 794.857 us, max = 2.165 ms, min = 10.000 us, total = 5.564 ms
	CoreWorker.PrintEventStats - 2 total (1 active, 1 running), Execution time: mean = 472.250 us, total = 944.500 us, Queueing time: mean = 1.397 ms, max = 2.794 ms, min = 2.794 ms, total = 2.794 ms
	ray::rpc::WorkerInfoGcsService.grpc_client.AddWorkerInfo.OnReplyReceived - 1 total (0 active), Execution time: mean = 54.600 us, total = 54.600 us, Queueing time: mean = 2.112 ms, max = 2.112 ms, min = 2.112 ms, total = 2.112 ms
	ray::rpc::NodeInfoGcsService.grpc_client.GetAllNodeInfo.OnReplyReceived - 1 total (0 active), Execution time: mean = 194.700 us, total = 194.700 us, Queueing time: mean = 8.300 us, max = 8.300 us, min = 8.300 us, total = 8.300 us
	ray::rpc::WorkerInfoGcsService.grpc_client.AddWorkerInfo - 1 total (0 active), Execution time: mean = 448.200 us, total = 448.200 us, Queueing time: mean = 0.000 s, max = -0.000 s, min = 9223372036.855 s, total = 0.000 s
	ray::rpc::InternalPubSubGcsService.grpc_client.GcsSubscriberPoll - 1 total (1 active), Execution time: mean = 0.000 s, total = 0.000 s, Queueing time: mean = 0.000 s, max = -0.000 s, min = 9223372036.855 s, total = 0.000 s
	ray::rpc::InternalPubSubGcsService.grpc_client.GcsSubscriberCommandBatch.OnReplyReceived - 1 total (0 active), Execution time: mean = 291.700 us, total = 291.700 us, Queueing time: mean = 2.090 ms, max = 2.090 ms, min = 2.090 ms, total = 2.090 ms
	Publisher.CheckDeadSubscribers - 1 total (1 active), Execution time: mean = 0.000 s, total = 0.000 s, Queueing time: mean = 0.000 s, max = -0.000 s, min = 9223372036.855 s, total = 0.000 s
	ray::rpc::NodeInfoGcsService.grpc_client.GetAllNodeInfo - 1 total (0 active), Execution time: mean = 682.500 us, total = 682.500 us, Queueing time: mean = 0.000 s, max = -0.000 s, min = 9223372036.855 s, total = 0.000 s
	ray::rpc::InternalPubSubGcsService.grpc_client.GcsSubscriberCommandBatch - 1 total (0 active), Execution time: mean = 364.200 us, total = 364.200 us, Queueing time: mean = 0.000 s, max = -0.000 s, min = 9223372036.855 s, total = 0.000 s

-----------------
Task execution event stats:

Global stats: 5478 total (1 active)
Queueing time: mean = 12.018 ms, max = 11.956 s, min = -0.009 s, total = 65.833 s
Execution time:  mean = 5.856 ms, total = 32.080 s
Event stats:
	CoreWorker.CheckSignal - 5411 total (1 active), Execution time: mean = 20.385 us, total = 110.302 ms, Queueing time: mean = 12.166 ms, max = 11.956 s, min = -0.009 s, total = 65.831 s
	CoreWorker.HandlePushTaskActor - 52 total (0 active), Execution time: mean = 384.009 ms, total = 19.968 s, Queueing time: mean = 19.306 us, max = 75.100 us, min = 6.100 us, total = 1.004 ms
	CoreWorker.ArgWaitComplete - 13 total (0 active), Execution time: mean = 2.830 ms, total = 36.786 ms, Queueing time: mean = 20.354 us, max = 46.400 us, min = 7.500 us, total = 264.600 us
	CoreWorker.HandlePushTask - 1 total (0 active), Execution time: mean = 11.964 s, total = 11.964 s, Queueing time: mean = 27.100 us, max = 27.100 us, min = 27.100 us, total = 27.100 us
	PeriodicalRunner.RunFnPeriodically - 1 total (0 active), Execution time: mean = 24.900 us, total = 24.900 us, Queueing time: mean = 6.000 us, max = 6.000 us, min = 6.000 us, total = 6.000 us

-----------------
Task Event stats:

IO Service Stats:

Global stats: 361 total (1 active)
Queueing time: mean = 2.280 ms, max = 17.872 ms, min = -0.000 s, total = 823.099 ms
Execution time:  mean = 340.763 us, total = 123.015 ms
Event stats:
	CoreWorker.deadline_timer.flush_task_events - 120 total (1 active), Execution time: mean = 280.294 us, total = 33.635 ms, Queueing time: mean = 6.828 ms, max = 17.872 ms, min = -0.000 s, total = 819.392 ms
	ray::rpc::TaskInfoGcsService.grpc_client.AddTaskEventData - 120 total (0 active), Execution time: mean = 712.558 us, total = 85.507 ms, Queueing time: mean = 0.000 s, max = -0.000 s, min = 9223372036.855 s, total = 0.000 s
	ray::rpc::TaskInfoGcsService.grpc_client.AddTaskEventData.OnReplyReceived - 120 total (0 active), Execution time: mean = 28.793 us, total = 3.455 ms, Queueing time: mean = 30.815 us, max = 104.600 us, min = 6.100 us, total = 3.698 ms
	PeriodicalRunner.RunFnPeriodically - 1 total (0 active), Execution time: mean = 418.000 us, total = 418.000 us, Queueing time: mean = 8.700 us, max = 8.700 us, min = 8.700 us, total = 8.700 us
Other Stats:
	gcs_grpc_in_progress:0
	event_aggregator_grpc_in_progress:0
	current number of task status events in buffer: 0
	current number of profile events in buffer: 0
	current number of dropped task attempts tracked: 0
	total task events sent: 0.0216227 MiB
	total number of task attempts sent: 67
	total number of task attempts dropped reported: 0
	total number of sent failure: 0
	num status task events dropped: 0
	num profile task events dropped: 0
	num ray task events reported to aggregator: 0
	num ray task events failed to report to aggregator: 0
	num of task attempts dropped reported to aggregator: 0
	num of failed requests to aggregator: 0

[2025-12-15 10:01:44,568 I 6368 22456] core_worker.cc:419: Event stats:


Global stats: 2700 total (8 active)
Queueing time: mean = 6.375 ms, max = 23.069 ms, min = -0.001 s, total = 17.214 s
Execution time:  mean = 16.467 ms, total = 44.462 s
Event stats:
	CoreWorker.RecoverObjects - 1658 total (1 active), Execution time: mean = 8.123 us, total = 13.468 ms, Queueing time: mean = 8.586 ms, max = 23.069 ms, min = -0.001 s, total = 14.235 s
	NodeManagerService.grpc_client.ReportWorkerBacklog - 179 total (0 active), Execution time: mean = 1.010 ms, total = 180.747 ms, Queueing time: mean = 0.000 s, max = -0.000 s, min = 9223372036.855 s, total = 0.000 s
	NodeManagerService.grpc_client.ReportWorkerBacklog.OnReplyReceived - 179 total (0 active), Execution time: mean = 20.953 us, total = 3.751 ms, Queueing time: mean = 30.866 us, max = 124.100 us, min = 6.200 us, total = 5.525 ms
	CoreWorker.ExitIfParentRayletDies - 179 total (1 active), Execution time: mean = 66.491 us, total = 11.902 ms, Queueing time: mean = 7.058 ms, max = 18.890 ms, min = -0.000 s, total = 1.263 s
	CoreWorker.InternalHeartbeat - 179 total (1 active), Execution time: mean = 237.516 us, total = 42.515 ms, Queueing time: mean = 6.876 ms, max = 18.686 ms, min = -0.000 s, total = 1.231 s
	CoreWorkerService.grpc_server.PushTask.HandleRequestImpl - 85 total (0 active), Execution time: mean = 37.032 us, total = 3.148 ms, Queueing time: mean = 25.862 us, max = 197.700 us, min = 6.600 us, total = 2.198 ms
	CoreWorkerService.grpc_server.PushTask - 85 total (0 active), Execution time: mean = 516.244 ms, total = 43.881 s, Queueing time: mean = 0.000 s, max = -0.000 s, min = 9223372036.855 s, total = 0.000 s
	CoreWorker.RecordMetrics - 36 total (1 active), Execution time: mean = 162.367 us, total = 5.845 ms, Queueing time: mean = 7.650 ms, max = 15.321 ms, min = -0.000 s, total = 275.392 ms
	NodeManagerService.grpc_client.PinObjectIDs - 21 total (0 active), Execution time: mean = 14.647 ms, total = 307.577 ms, Queueing time: mean = 0.000 s, max = -0.000 s, min = 9223372036.855 s, total = 0.000 s
	NodeManagerService.grpc_client.PinObjectIDs.OnReplyReceived - 21 total (0 active), Execution time: mean = 118.338 us, total = 2.485 ms, Queueing time: mean = 16.648 us, max = 33.000 us, min = 9.000 us, total = 349.600 us
	CoreWorkerService.grpc_server.ActorCallArgWaitComplete.HandleRequestImpl - 21 total (0 active), Execution time: mean = 37.005 us, total = 777.100 us, Queueing time: mean = 43.362 us, max = 416.600 us, min = 5.600 us, total = 910.600 us
	CoreWorkerService.grpc_server.ActorCallArgWaitComplete - 21 total (0 active), Execution time: mean = 160.438 us, total = 3.369 ms, Queueing time: mean = 0.000 s, max = -0.000 s, min = 9223372036.855 s, total = 0.000 s
	CoreWorker.TryDelPendingObjectRefStreams - 18 total (1 active), Execution time: mean = 7.239 us, total = 130.300 us, Queueing time: mean = 9.777 ms, max = 15.568 ms, min = 841.700 us, total = 175.994 ms
	PeriodicalRunner.RunFnPeriodically - 7 total (0 active), Execution time: mean = 309.771 us, total = 2.168 ms, Queueing time: mean = 794.857 us, max = 2.165 ms, min = 10.000 us, total = 5.564 ms
	CoreWorker.PrintEventStats - 3 total (1 active, 1 running), Execution time: mean = 496.067 us, total = 1.488 ms, Queueing time: mean = 4.824 ms, max = 11.678 ms, min = 2.794 ms, total = 14.472 ms
	ray::rpc::WorkerInfoGcsService.grpc_client.AddWorkerInfo.OnReplyReceived - 1 total (0 active), Execution time: mean = 54.600 us, total = 54.600 us, Queueing time: mean = 2.112 ms, max = 2.112 ms, min = 2.112 ms, total = 2.112 ms
	ray::rpc::NodeInfoGcsService.grpc_client.GetAllNodeInfo.OnReplyReceived - 1 total (0 active), Execution time: mean = 194.700 us, total = 194.700 us, Queueing time: mean = 8.300 us, max = 8.300 us, min = 8.300 us, total = 8.300 us
	ray::rpc::WorkerInfoGcsService.grpc_client.AddWorkerInfo - 1 total (0 active), Execution time: mean = 448.200 us, total = 448.200 us, Queueing time: mean = 0.000 s, max = -0.000 s, min = 9223372036.855 s, total = 0.000 s
	ray::rpc::InternalPubSubGcsService.grpc_client.GcsSubscriberPoll - 1 total (1 active), Execution time: mean = 0.000 s, total = 0.000 s, Queueing time: mean = 0.000 s, max = -0.000 s, min = 9223372036.855 s, total = 0.000 s
	ray::rpc::InternalPubSubGcsService.grpc_client.GcsSubscriberCommandBatch.OnReplyReceived - 1 total (0 active), Execution time: mean = 291.700 us, total = 291.700 us, Queueing time: mean = 2.090 ms, max = 2.090 ms, min = 2.090 ms, total = 2.090 ms
	Publisher.CheckDeadSubscribers - 1 total (1 active), Execution time: mean = 0.000 s, total = 0.000 s, Queueing time: mean = 0.000 s, max = -0.000 s, min = 9223372036.855 s, total = 0.000 s
	ray::rpc::NodeInfoGcsService.grpc_client.GetAllNodeInfo - 1 total (0 active), Execution time: mean = 682.500 us, total = 682.500 us, Queueing time: mean = 0.000 s, max = -0.000 s, min = 9223372036.855 s, total = 0.000 s
	ray::rpc::InternalPubSubGcsService.grpc_client.GcsSubscriberCommandBatch - 1 total (0 active), Execution time: mean = 364.200 us, total = 364.200 us, Queueing time: mean = 0.000 s, max = -0.000 s, min = 9223372036.855 s, total = 0.000 s

-----------------
Task execution event stats:

Global stats: 8487 total (1 active)
Queueing time: mean = 11.325 ms, max = 11.956 s, min = -0.009 s, total = 96.111 s
Execution time:  mean = 5.187 ms, total = 44.023 s
Event stats:
	CoreWorker.CheckSignal - 8380 total (1 active), Execution time: mean = 20.249 us, total = 169.685 ms, Queueing time: mean = 11.469 ms, max = 11.956 s, min = -0.009 s, total = 96.109 s
	CoreWorker.HandlePushTaskActor - 84 total (0 active), Execution time: mean = 378.962 ms, total = 31.833 s, Queueing time: mean = 19.471 us, max = 100.000 us, min = 6.100 us, total = 1.636 ms
	CoreWorker.ArgWaitComplete - 21 total (0 active), Execution time: mean = 2.662 ms, total = 55.892 ms, Queueing time: mean = 23.186 us, max = 109.600 us, min = 6.700 us, total = 486.900 us
	CoreWorker.HandlePushTask - 1 total (0 active), Execution time: mean = 11.964 s, total = 11.964 s, Queueing time: mean = 27.100 us, max = 27.100 us, min = 27.100 us, total = 27.100 us
	PeriodicalRunner.RunFnPeriodically - 1 total (0 active), Execution time: mean = 24.900 us, total = 24.900 us, Queueing time: mean = 6.000 us, max = 6.000 us, min = 6.000 us, total = 6.000 us

-----------------
Task Event stats:

IO Service Stats:

Global stats: 538 total (1 active)
Queueing time: mean = 2.292 ms, max = 17.872 ms, min = -0.000 s, total = 1.233 s
Execution time:  mean = 336.373 us, total = 180.969 ms
Event stats:
	CoreWorker.deadline_timer.flush_task_events - 179 total (1 active), Execution time: mean = 275.250 us, total = 49.270 ms, Queueing time: mean = 6.862 ms, max = 17.872 ms, min = -0.000 s, total = 1.228 s
	ray::rpc::TaskInfoGcsService.grpc_client.AddTaskEventData - 179 total (0 active), Execution time: mean = 706.096 us, total = 126.391 ms, Queueing time: mean = 0.000 s, max = -0.000 s, min = 9223372036.855 s, total = 0.000 s
	ray::rpc::TaskInfoGcsService.grpc_client.AddTaskEventData.OnReplyReceived - 179 total (0 active), Execution time: mean = 27.317 us, total = 4.890 ms, Queueing time: mean = 27.718 us, max = 104.600 us, min = 5.900 us, total = 4.962 ms
	PeriodicalRunner.RunFnPeriodically - 1 total (0 active), Execution time: mean = 418.000 us, total = 418.000 us, Queueing time: mean = 8.700 us, max = 8.700 us, min = 8.700 us, total = 8.700 us
Other Stats:
	gcs_grpc_in_progress:0
	event_aggregator_grpc_in_progress:0
	current number of task status events in buffer: 0
	current number of profile events in buffer: 0
	current number of dropped task attempts tracked: 0
	total task events sent: 0.0346842 MiB
	total number of task attempts sent: 107
	total number of task attempts dropped reported: 0
	total number of sent failure: 0
	num status task events dropped: 0
	num profile task events dropped: 0
	num ray task events reported to aggregator: 0
	num ray task events failed to report to aggregator: 0
	num of task attempts dropped reported to aggregator: 0
	num of failed requests to aggregator: 0

[2025-12-15 10:02:44,586 I 6368 22456] core_worker.cc:419: Event stats:


Global stats: 3604 total (9 active)
Queueing time: mean = 6.405 ms, max = 23.069 ms, min = -0.001 s, total = 23.082 s
Execution time:  mean = 15.158 ms, total = 54.631 s
Event stats:
	CoreWorker.RecoverObjects - 2209 total (1 active), Execution time: mean = 8.027 us, total = 17.731 ms, Queueing time: mean = 8.660 ms, max = 23.069 ms, min = -0.001 s, total = 19.129 s
	NodeManagerService.grpc_client.ReportWorkerBacklog - 239 total (0 active), Execution time: mean = 920.446 us, total = 219.987 ms, Queueing time: mean = 0.000 s, max = -0.000 s, min = 9223372036.855 s, total = 0.000 s
	NodeManagerService.grpc_client.ReportWorkerBacklog.OnReplyReceived - 239 total (0 active), Execution time: mean = 20.034 us, total = 4.788 ms, Queueing time: mean = 29.811 us, max = 124.100 us, min = 6.200 us, total = 7.125 ms
	CoreWorker.ExitIfParentRayletDies - 239 total (1 active), Execution time: mean = 70.951 us, total = 16.957 ms, Queueing time: mean = 7.061 ms, max = 18.890 ms, min = -0.001 s, total = 1.688 s
	CoreWorker.InternalHeartbeat - 239 total (1 active), Execution time: mean = 226.418 us, total = 54.114 ms, Queueing time: mean = 6.898 ms, max = 18.686 ms, min = -0.001 s, total = 1.649 s
	CoreWorkerService.grpc_server.PushTask.HandleRequestImpl - 117 total (0 active), Execution time: mean = 35.945 us, total = 4.206 ms, Queueing time: mean = 24.591 us, max = 197.700 us, min = 6.600 us, total = 2.877 ms
	CoreWorkerService.grpc_server.PushTask - 117 total (1 active), Execution time: mean = 461.345 ms, total = 53.977 s, Queueing time: mean = 0.000 s, max = -0.000 s, min = 9223372036.855 s, total = 0.000 s
	CoreWorker.RecordMetrics - 48 total (1 active), Execution time: mean = 157.129 us, total = 7.542 ms, Queueing time: mean = 7.325 ms, max = 15.356 ms, min = -0.000 s, total = 351.611 ms
	CoreWorkerService.grpc_server.ActorCallArgWaitComplete.HandleRequestImpl - 29 total (0 active), Execution time: mean = 32.648 us, total = 946.800 us, Queueing time: mean = 37.476 us, max = 416.600 us, min = 5.600 us, total = 1.087 ms
	CoreWorkerService.grpc_server.ActorCallArgWaitComplete - 29 total (0 active), Execution time: mean = 148.417 us, total = 4.304 ms, Queueing time: mean = 0.000 s, max = -0.000 s, min = 9223372036.855 s, total = 0.000 s
	NodeManagerService.grpc_client.PinObjectIDs - 28 total (0 active), Execution time: mean = 11.191 ms, total = 313.346 ms, Queueing time: mean = 0.000 s, max = -0.000 s, min = 9223372036.855 s, total = 0.000 s
	NodeManagerService.grpc_client.PinObjectIDs.OnReplyReceived - 28 total (0 active), Execution time: mean = 113.239 us, total = 3.171 ms, Queueing time: mean = 16.171 us, max = 34.100 us, min = 6.800 us, total = 452.800 us
	CoreWorker.TryDelPendingObjectRefStreams - 24 total (1 active), Execution time: mean = 7.092 us, total = 170.200 us, Queueing time: mean = 9.040 ms, max = 15.568 ms, min = 841.700 us, total = 216.962 ms
	PeriodicalRunner.RunFnPeriodically - 7 total (0 active), Execution time: mean = 309.771 us, total = 2.168 ms, Queueing time: mean = 794.857 us, max = 2.165 ms, min = 10.000 us, total = 5.564 ms
	CoreWorker.PrintEventStats - 4 total (1 active, 1 running), Execution time: mean = 574.075 us, total = 2.296 ms, Queueing time: mean = 6.879 ms, max = 13.044 ms, min = 2.794 ms, total = 27.516 ms
	ray::rpc::WorkerInfoGcsService.grpc_client.AddWorkerInfo.OnReplyReceived - 1 total (0 active), Execution time: mean = 54.600 us, total = 54.600 us, Queueing time: mean = 2.112 ms, max = 2.112 ms, min = 2.112 ms, total = 2.112 ms
	ray::rpc::NodeInfoGcsService.grpc_client.GetAllNodeInfo.OnReplyReceived - 1 total (0 active), Execution time: mean = 194.700 us, total = 194.700 us, Queueing time: mean = 8.300 us, max = 8.300 us, min = 8.300 us, total = 8.300 us
	ray::rpc::WorkerInfoGcsService.grpc_client.AddWorkerInfo - 1 total (0 active), Execution time: mean = 448.200 us, total = 448.200 us, Queueing time: mean = 0.000 s, max = -0.000 s, min = 9223372036.855 s, total = 0.000 s
	ray::rpc::InternalPubSubGcsService.grpc_client.GcsSubscriberPoll - 1 total (1 active), Execution time: mean = 0.000 s, total = 0.000 s, Queueing time: mean = 0.000 s, max = -0.000 s, min = 9223372036.855 s, total = 0.000 s
	ray::rpc::InternalPubSubGcsService.grpc_client.GcsSubscriberCommandBatch.OnReplyReceived - 1 total (0 active), Execution time: mean = 291.700 us, total = 291.700 us, Queueing time: mean = 2.090 ms, max = 2.090 ms, min = 2.090 ms, total = 2.090 ms
	Publisher.CheckDeadSubscribers - 1 total (1 active), Execution time: mean = 0.000 s, total = 0.000 s, Queueing time: mean = 0.000 s, max = -0.000 s, min = 9223372036.855 s, total = 0.000 s
	ray::rpc::NodeInfoGcsService.grpc_client.GetAllNodeInfo - 1 total (0 active), Execution time: mean = 682.500 us, total = 682.500 us, Queueing time: mean = 0.000 s, max = -0.000 s, min = 9223372036.855 s, total = 0.000 s
	ray::rpc::InternalPubSubGcsService.grpc_client.GcsSubscriberCommandBatch - 1 total (0 active), Execution time: mean = 364.200 us, total = 364.200 us, Queueing time: mean = 0.000 s, max = -0.000 s, min = 9223372036.855 s, total = 0.000 s

-----------------
Task execution event stats:

Global stats: 11579 total (2 active)
Queueing time: mean = 10.824 ms, max = 11.956 s, min = -0.009 s, total = 125.328 s
Execution time:  mean = 4.679 ms, total = 54.173 s
Event stats:
	CoreWorker.CheckSignal - 11432 total (1 active), Execution time: mean = 20.238 us, total = 231.360 ms, Queueing time: mean = 10.963 ms, max = 11.956 s, min = -0.009 s, total = 125.325 s
	CoreWorker.HandlePushTaskActor - 116 total (1 active, 1 running), Execution time: mean = 361.227 ms, total = 41.902 s, Queueing time: mean = 19.817 us, max = 100.000 us, min = 5.700 us, total = 2.299 ms
	CoreWorker.ArgWaitComplete - 29 total (0 active), Execution time: mean = 2.567 ms, total = 74.433 ms, Queueing time: mean = 22.538 us, max = 109.600 us, min = 6.700 us, total = 653.600 us
	CoreWorker.HandlePushTask - 1 total (0 active), Execution time: mean = 11.964 s, total = 11.964 s, Queueing time: mean = 27.100 us, max = 27.100 us, min = 27.100 us, total = 27.100 us
	PeriodicalRunner.RunFnPeriodically - 1 total (0 active), Execution time: mean = 24.900 us, total = 24.900 us, Queueing time: mean = 6.000 us, max = 6.000 us, min = 6.000 us, total = 6.000 us

-----------------
Task Event stats:

IO Service Stats:

Global stats: 718 total (1 active)
Queueing time: mean = 2.294 ms, max = 17.872 ms, min = -0.000 s, total = 1.647 s
Execution time:  mean = 335.534 us, total = 240.913 ms
Event stats:
	CoreWorker.deadline_timer.flush_task_events - 239 total (1 active), Execution time: mean = 276.811 us, total = 66.158 ms, Queueing time: mean = 6.865 ms, max = 17.872 ms, min = -0.000 s, total = 1.641 s
	ray::rpc::TaskInfoGcsService.grpc_client.AddTaskEventData - 239 total (0 active), Execution time: mean = 702.864 us, total = 167.984 ms, Queueing time: mean = 0.000 s, max = -0.000 s, min = 9223372036.855 s, total = 0.000 s
	ray::rpc::TaskInfoGcsService.grpc_client.AddTaskEventData.OnReplyReceived - 239 total (0 active), Execution time: mean = 26.582 us, total = 6.353 ms, Queueing time: mean = 26.536 us, max = 117.400 us, min = 5.900 us, total = 6.342 ms
	PeriodicalRunner.RunFnPeriodically - 1 total (0 active), Execution time: mean = 418.000 us, total = 418.000 us, Queueing time: mean = 8.700 us, max = 8.700 us, min = 8.700 us, total = 8.700 us
Other Stats:
	gcs_grpc_in_progress:0
	event_aggregator_grpc_in_progress:0
	current number of task status events in buffer: 9
	current number of profile events in buffer: 13
	current number of dropped task attempts tracked: 0
	total task events sent: 0.046113 MiB
	total number of task attempts sent: 142
	total number of task attempts dropped reported: 0
	total number of sent failure: 0
	num status task events dropped: 0
	num profile task events dropped: 0
	num ray task events reported to aggregator: 0
	num ray task events failed to report to aggregator: 0
	num of task attempts dropped reported to aggregator: 0
	num of failed requests to aggregator: 0

[2025-12-15 10:03:44,591 I 6368 22456] core_worker.cc:419: Event stats:


Global stats: 4486 total (8 active)
Queueing time: mean = 6.415 ms, max = 34.197 ms, min = -0.001 s, total = 28.780 s
Execution time:  mean = 15.268 ms, total = 68.491 s
Event stats:
	CoreWorker.RecoverObjects - 2761 total (1 active), Execution time: mean = 8.297 us, total = 22.908 ms, Queueing time: mean = 8.683 ms, max = 34.197 ms, min = -0.001 s, total = 23.975 s
	NodeManagerService.grpc_client.ReportWorkerBacklog - 298 total (0 active), Execution time: mean = 991.403 us, total = 295.438 ms, Queueing time: mean = 0.000 s, max = -0.000 s, min = 9223372036.855 s, total = 0.000 s
	NodeManagerService.grpc_client.ReportWorkerBacklog.OnReplyReceived - 298 total (0 active), Execution time: mean = 20.330 us, total = 6.058 ms, Queueing time: mean = 37.062 us, max = 961.700 us, min = 6.200 us, total = 11.045 ms
	CoreWorker.ExitIfParentRayletDies - 298 total (1 active), Execution time: mean = 69.146 us, total = 20.605 ms, Queueing time: mean = 6.876 ms, max = 18.890 ms, min = -0.001 s, total = 2.049 s
	CoreWorker.InternalHeartbeat - 298 total (1 active), Execution time: mean = 237.304 us, total = 70.717 ms, Queueing time: mean = 6.651 ms, max = 18.686 ms, min = -0.001 s, total = 1.982 s
	CoreWorkerService.grpc_server.PushTask.HandleRequestImpl - 141 total (0 active), Execution time: mean = 43.528 us, total = 6.137 ms, Queueing time: mean = 27.189 us, max = 414.100 us, min = 6.600 us, total = 3.834 ms
	CoreWorkerService.grpc_server.PushTask - 141 total (0 active), Execution time: mean = 480.296 ms, total = 67.722 s, Queueing time: mean = 0.000 s, max = -0.000 s, min = 9223372036.855 s, total = 0.000 s
	CoreWorker.RecordMetrics - 60 total (1 active), Execution time: mean = 159.275 us, total = 9.556 ms, Queueing time: mean = 7.749 ms, max = 16.382 ms, min = -0.000 s, total = 464.916 ms
	NodeManagerService.grpc_client.PinObjectIDs - 35 total (0 active), Execution time: mean = 9.133 ms, total = 319.660 ms, Queueing time: mean = 0.000 s, max = -0.000 s, min = 9223372036.855 s, total = 0.000 s
	NodeManagerService.grpc_client.PinObjectIDs.OnReplyReceived - 35 total (0 active), Execution time: mean = 115.649 us, total = 4.048 ms, Queueing time: mean = 19.880 us, max = 143.500 us, min = 6.800 us, total = 695.800 us
	CoreWorkerService.grpc_server.ActorCallArgWaitComplete.HandleRequestImpl - 35 total (0 active), Execution time: mean = 33.183 us, total = 1.161 ms, Queueing time: mean = 38.831 us, max = 416.600 us, min = 5.600 us, total = 1.359 ms
	CoreWorkerService.grpc_server.ActorCallArgWaitComplete - 35 total (0 active), Execution time: mean = 150.834 us, total = 5.279 ms, Queueing time: mean = 0.000 s, max = -0.000 s, min = 9223372036.855 s, total = 0.000 s
	CoreWorker.TryDelPendingObjectRefStreams - 30 total (1 active), Execution time: mean = 7.140 us, total = 214.200 us, Queueing time: mean = 7.679 ms, max = 15.568 ms, min = 384.500 us, total = 230.383 ms
	PeriodicalRunner.RunFnPeriodically - 7 total (0 active), Execution time: mean = 309.771 us, total = 2.168 ms, Queueing time: mean = 794.857 us, max = 2.165 ms, min = 10.000 us, total = 5.564 ms
	CoreWorker.PrintEventStats - 5 total (1 active, 1 running), Execution time: mean = 613.900 us, total = 3.070 ms, Queueing time: mean = 8.800 ms, max = 16.486 ms, min = 2.794 ms, total = 44.002 ms
	Publisher.CheckDeadSubscribers - 2 total (1 active), Execution time: mean = 5.450 us, total = 10.900 us, Queueing time: mean = 3.800 ms, max = 7.599 ms, min = 7.599 ms, total = 7.599 ms
	ray::rpc::WorkerInfoGcsService.grpc_client.AddWorkerInfo.OnReplyReceived - 1 total (0 active), Execution time: mean = 54.600 us, total = 54.600 us, Queueing time: mean = 2.112 ms, max = 2.112 ms, min = 2.112 ms, total = 2.112 ms
	ray::rpc::NodeInfoGcsService.grpc_client.GetAllNodeInfo.OnReplyReceived - 1 total (0 active), Execution time: mean = 194.700 us, total = 194.700 us, Queueing time: mean = 8.300 us, max = 8.300 us, min = 8.300 us, total = 8.300 us
	ray::rpc::WorkerInfoGcsService.grpc_client.AddWorkerInfo - 1 total (0 active), Execution time: mean = 448.200 us, total = 448.200 us, Queueing time: mean = 0.000 s, max = -0.000 s, min = 9223372036.855 s, total = 0.000 s
	ray::rpc::InternalPubSubGcsService.grpc_client.GcsSubscriberPoll - 1 total (1 active), Execution time: mean = 0.000 s, total = 0.000 s, Queueing time: mean = 0.000 s, max = -0.000 s, min = 9223372036.855 s, total = 0.000 s
	ray::rpc::InternalPubSubGcsService.grpc_client.GcsSubscriberCommandBatch.OnReplyReceived - 1 total (0 active), Execution time: mean = 291.700 us, total = 291.700 us, Queueing time: mean = 2.090 ms, max = 2.090 ms, min = 2.090 ms, total = 2.090 ms
	ray::rpc::NodeInfoGcsService.grpc_client.GetAllNodeInfo - 1 total (0 active), Execution time: mean = 682.500 us, total = 682.500 us, Queueing time: mean = 0.000 s, max = -0.000 s, min = 9223372036.855 s, total = 0.000 s
	ray::rpc::InternalPubSubGcsService.grpc_client.GcsSubscriberCommandBatch - 1 total (0 active), Execution time: mean = 364.200 us, total = 364.200 us, Queueing time: mean = 0.000 s, max = -0.000 s, min = 9223372036.855 s, total = 0.000 s

-----------------
Task execution event stats:

Global stats: 14476 total (1 active)
Queueing time: mean = 10.835 ms, max = 11.956 s, min = -0.009 s, total = 156.854 s
Execution time:  mean = 4.695 ms, total = 67.969 s
Event stats:
	CoreWorker.CheckSignal - 14299 total (1 active), Execution time: mean = 20.320 us, total = 290.563 ms, Queueing time: mean = 10.969 ms, max = 11.956 s, min = -0.009 s, total = 156.850 s
	CoreWorker.HandlePushTaskActor - 140 total (0 active), Execution time: mean = 397.288 ms, total = 55.620 s, Queueing time: mean = 18.921 us, max = 100.000 us, min = 5.700 us, total = 2.649 ms
	CoreWorker.ArgWaitComplete - 35 total (0 active), Execution time: mean = 2.673 ms, total = 93.563 ms, Queueing time: mean = 25.543 us, max = 109.600 us, min = 6.700 us, total = 894.000 us
	CoreWorker.HandlePushTask - 1 total (0 active), Execution time: mean = 11.964 s, total = 11.964 s, Queueing time: mean = 27.100 us, max = 27.100 us, min = 27.100 us, total = 27.100 us
	PeriodicalRunner.RunFnPeriodically - 1 total (0 active), Execution time: mean = 24.900 us, total = 24.900 us, Queueing time: mean = 6.000 us, max = 6.000 us, min = 6.000 us, total = 6.000 us

-----------------
Task Event stats:

IO Service Stats:

Global stats: 895 total (1 active)
Queueing time: mean = 2.217 ms, max = 18.282 ms, min = -0.001 s, total = 1.984 s
Execution time:  mean = 354.301 us, total = 317.099 ms
Event stats:
	CoreWorker.deadline_timer.flush_task_events - 298 total (1 active), Execution time: mean = 280.166 us, total = 83.490 ms, Queueing time: mean = 6.623 ms, max = 18.282 ms, min = -0.001 s, total = 1.974 s
	ray::rpc::TaskInfoGcsService.grpc_client.AddTaskEventData - 298 total (0 active), Execution time: mean = 756.058 us, total = 225.305 ms, Queueing time: mean = 0.000 s, max = -0.000 s, min = 9223372036.855 s, total = 0.000 s
	ray::rpc::TaskInfoGcsService.grpc_client.AddTaskEventData.OnReplyReceived - 298 total (0 active), Execution time: mean = 26.464 us, total = 7.886 ms, Queueing time: mean = 34.833 us, max = 802.700 us, min = 5.900 us, total = 10.380 ms
	PeriodicalRunner.RunFnPeriodically - 1 total (0 active), Execution time: mean = 418.000 us, total = 418.000 us, Queueing time: mean = 8.700 us, max = 8.700 us, min = 8.700 us, total = 8.700 us
Other Stats:
	gcs_grpc_in_progress:0
	event_aggregator_grpc_in_progress:0
	current number of task status events in buffer: 0
	current number of profile events in buffer: 0
	current number of dropped task attempts tracked: 0
	total task events sent: 0.0575418 MiB
	total number of task attempts sent: 177
	total number of task attempts dropped reported: 0
	total number of sent failure: 0
	num status task events dropped: 0
	num profile task events dropped: 0
	num ray task events reported to aggregator: 0
	num ray task events failed to report to aggregator: 0
	num of task attempts dropped reported to aggregator: 0
	num of failed requests to aggregator: 0

[2025-12-15 10:04:44,606 I 6368 22456] core_worker.cc:419: Event stats:


Global stats: 5356 total (8 active)
Queueing time: mean = 6.479 ms, max = 34.214 ms, min = -0.001 s, total = 34.702 s
Execution time:  mean = 15.258 ms, total = 81.722 s
Event stats:
	CoreWorker.RecoverObjects - 3312 total (1 active), Execution time: mean = 8.445 us, total = 27.969 ms, Queueing time: mean = 8.712 ms, max = 34.214 ms, min = -0.001 s, total = 28.854 s
	NodeManagerService.grpc_client.ReportWorkerBacklog - 358 total (0 active), Execution time: mean = 1.020 ms, total = 365.259 ms, Queueing time: mean = 0.000 s, max = -0.000 s, min = 9223372036.855 s, total = 0.000 s
	NodeManagerService.grpc_client.ReportWorkerBacklog.OnReplyReceived - 358 total (0 active), Execution time: mean = 22.565 us, total = 8.078 ms, Queueing time: mean = 49.309 us, max = 1.569 ms, min = 6.200 us, total = 17.653 ms
	CoreWorker.ExitIfParentRayletDies - 358 total (1 active), Execution time: mean = 68.228 us, total = 24.426 ms, Queueing time: mean = 6.973 ms, max = 18.890 ms, min = -0.001 s, total = 2.496 s
	CoreWorker.InternalHeartbeat - 358 total (1 active), Execution time: mean = 243.709 us, total = 87.248 ms, Queueing time: mean = 6.882 ms, max = 29.848 ms, min = -0.001 s, total = 2.464 s
	CoreWorkerService.grpc_server.PushTask.HandleRequestImpl - 161 total (0 active), Execution time: mean = 46.883 us, total = 7.548 ms, Queueing time: mean = 50.383 us, max = 3.305 ms, min = 6.600 us, total = 8.112 ms
	CoreWorkerService.grpc_server.PushTask - 161 total (0 active), Execution time: mean = 502.136 ms, total = 80.844 s, Queueing time: mean = 0.000 s, max = -0.000 s, min = 9223372036.855 s, total = 0.000 s
	CoreWorker.RecordMetrics - 72 total (1 active), Execution time: mean = 165.806 us, total = 11.938 ms, Queueing time: mean = 7.497 ms, max = 16.382 ms, min = -0.000 s, total = 539.752 ms
	NodeManagerService.grpc_client.PinObjectIDs - 40 total (0 active), Execution time: mean = 8.115 ms, total = 324.605 ms, Queueing time: mean = 0.000 s, max = -0.000 s, min = 9223372036.855 s, total = 0.000 s
	NodeManagerService.grpc_client.PinObjectIDs.OnReplyReceived - 40 total (0 active), Execution time: mean = 119.132 us, total = 4.765 ms, Queueing time: mean = 20.505 us, max = 143.500 us, min = 6.800 us, total = 820.200 us
	CoreWorkerService.grpc_server.ActorCallArgWaitComplete.HandleRequestImpl - 40 total (0 active), Execution time: mean = 33.612 us, total = 1.345 ms, Queueing time: mean = 40.008 us, max = 416.600 us, min = 5.600 us, total = 1.600 ms
	CoreWorkerService.grpc_server.ActorCallArgWaitComplete - 40 total (0 active), Execution time: mean = 159.428 us, total = 6.377 ms, Queueing time: mean = 0.000 s, max = -0.000 s, min = 9223372036.855 s, total = 0.000 s
	CoreWorker.TryDelPendingObjectRefStreams - 36 total (1 active), Execution time: mean = 7.264 us, total = 261.500 us, Queueing time: mean = 7.068 ms, max = 15.568 ms, min = 384.500 us, total = 254.462 ms
	PeriodicalRunner.RunFnPeriodically - 7 total (0 active), Execution time: mean = 309.771 us, total = 2.168 ms, Queueing time: mean = 794.857 us, max = 2.165 ms, min = 10.000 us, total = 5.564 ms
	CoreWorker.PrintEventStats - 6 total (1 active, 1 running), Execution time: mean = 687.633 us, total = 4.126 ms, Queueing time: mean = 8.131 ms, max = 16.486 ms, min = 2.794 ms, total = 48.785 ms
	Publisher.CheckDeadSubscribers - 2 total (1 active), Execution time: mean = 5.450 us, total = 10.900 us, Queueing time: mean = 3.800 ms, max = 7.599 ms, min = 7.599 ms, total = 7.599 ms
	ray::rpc::WorkerInfoGcsService.grpc_client.AddWorkerInfo.OnReplyReceived - 1 total (0 active), Execution time: mean = 54.600 us, total = 54.600 us, Queueing time: mean = 2.112 ms, max = 2.112 ms, min = 2.112 ms, total = 2.112 ms
	ray::rpc::NodeInfoGcsService.grpc_client.GetAllNodeInfo.OnReplyReceived - 1 total (0 active), Execution time: mean = 194.700 us, total = 194.700 us, Queueing time: mean = 8.300 us, max = 8.300 us, min = 8.300 us, total = 8.300 us
	ray::rpc::WorkerInfoGcsService.grpc_client.AddWorkerInfo - 1 total (0 active), Execution time: mean = 448.200 us, total = 448.200 us, Queueing time: mean = 0.000 s, max = -0.000 s, min = 9223372036.855 s, total = 0.000 s
	ray::rpc::InternalPubSubGcsService.grpc_client.GcsSubscriberPoll - 1 total (1 active), Execution time: mean = 0.000 s, total = 0.000 s, Queueing time: mean = 0.000 s, max = -0.000 s, min = 9223372036.855 s, total = 0.000 s
	ray::rpc::InternalPubSubGcsService.grpc_client.GcsSubscriberCommandBatch.OnReplyReceived - 1 total (0 active), Execution time: mean = 291.700 us, total = 291.700 us, Queueing time: mean = 2.090 ms, max = 2.090 ms, min = 2.090 ms, total = 2.090 ms
	ray::rpc::NodeInfoGcsService.grpc_client.GetAllNodeInfo - 1 total (0 active), Execution time: mean = 682.500 us, total = 682.500 us, Queueing time: mean = 0.000 s, max = -0.000 s, min = 9223372036.855 s, total = 0.000 s
	ray::rpc::InternalPubSubGcsService.grpc_client.GcsSubscriberCommandBatch - 1 total (0 active), Execution time: mean = 364.200 us, total = 364.200 us, Queueing time: mean = 0.000 s, max = -0.000 s, min = 9223372036.855 s, total = 0.000 s

-----------------
Task execution event stats:

Global stats: 17388 total (1 active)
Queueing time: mean = 10.809 ms, max = 11.956 s, min = -0.009 s, total = 187.950 s
Execution time:  mean = 4.667 ms, total = 81.145 s
Event stats:
	CoreWorker.CheckSignal - 17186 total (1 active), Execution time: mean = 20.761 us, total = 356.806 ms, Queueing time: mean = 10.936 ms, max = 11.956 s, min = -0.009 s, total = 187.944 s
	CoreWorker.HandlePushTaskActor - 160 total (0 active), Execution time: mean = 429.452 ms, total = 68.712 s, Queueing time: mean = 18.948 us, max = 100.000 us, min = 5.700 us, total = 3.032 ms
	CoreWorker.ArgWaitComplete - 40 total (0 active), Execution time: mean = 2.786 ms, total = 111.428 ms, Queueing time: mean = 71.630 us, max = 1.866 ms, min = 6.700 us, total = 2.865 ms
	CoreWorker.HandlePushTask - 1 total (0 active), Execution time: mean = 11.964 s, total = 11.964 s, Queueing time: mean = 27.100 us, max = 27.100 us, min = 27.100 us, total = 27.100 us
	PeriodicalRunner.RunFnPeriodically - 1 total (0 active), Execution time: mean = 24.900 us, total = 24.900 us, Queueing time: mean = 6.000 us, max = 6.000 us, min = 6.000 us, total = 6.000 us

-----------------
Task Event stats:

IO Service Stats:

Global stats: 1075 total (1 active)
Queueing time: mean = 2.316 ms, max = 40.557 ms, min = -0.001 s, total = 2.489 s
Execution time:  mean = 363.720 us, total = 390.999 ms
Event stats:
	CoreWorker.deadline_timer.flush_task_events - 358 total (1 active), Execution time: mean = 285.141 us, total = 102.081 ms, Queueing time: mean = 6.899 ms, max = 40.557 ms, min = -0.001 s, total = 2.470 s
	ray::rpc::TaskInfoGcsService.grpc_client.AddTaskEventData - 358 total (0 active), Execution time: mean = 778.747 us, total = 278.791 ms, Queueing time: mean = 0.000 s, max = -0.000 s, min = 9223372036.855 s, total = 0.000 s
	ray::rpc::TaskInfoGcsService.grpc_client.AddTaskEventData.OnReplyReceived - 358 total (0 active), Execution time: mean = 27.121 us, total = 9.709 ms, Queueing time: mean = 54.412 us, max = 6.795 ms, min = 5.900 us, total = 19.480 ms
	PeriodicalRunner.RunFnPeriodically - 1 total (0 active), Execution time: mean = 418.000 us, total = 418.000 us, Queueing time: mean = 8.700 us, max = 8.700 us, min = 8.700 us, total = 8.700 us
Other Stats:
	gcs_grpc_in_progress:0
	event_aggregator_grpc_in_progress:0
	current number of task status events in buffer: 0
	current number of profile events in buffer: 0
	current number of dropped task attempts tracked: 0
	total task events sent: 0.0657053 MiB
	total number of task attempts sent: 202
	total number of task attempts dropped reported: 0
	total number of sent failure: 0
	num status task events dropped: 0
	num profile task events dropped: 0
	num ray task events reported to aggregator: 0
	num ray task events failed to report to aggregator: 0
	num of task attempts dropped reported to aggregator: 0
	num of failed requests to aggregator: 0

[2025-12-15 10:05:44,620 I 6368 22456] core_worker.cc:419: Event stats:


Global stats: 6216 total (8 active)
Queueing time: mean = 6.521 ms, max = 34.214 ms, min = -0.001 s, total = 40.534 s
Execution time:  mean = 15.032 ms, total = 93.440 s
Event stats:
	CoreWorker.RecoverObjects - 3865 total (1 active), Execution time: mean = 8.708 us, total = 33.656 ms, Queueing time: mean = 8.705 ms, max = 34.214 ms, min = -0.001 s, total = 33.643 s
	NodeManagerService.grpc_client.ReportWorkerBacklog - 418 total (0 active), Execution time: mean = 1.002 ms, total = 418.954 ms, Queueing time: mean = 0.000 s, max = -0.000 s, min = 9223372036.855 s, total = 0.000 s
	NodeManagerService.grpc_client.ReportWorkerBacklog.OnReplyReceived - 418 total (0 active), Execution time: mean = 24.116 us, total = 10.081 ms, Queueing time: mean = 70.615 us, max = 4.034 ms, min = 6.200 us, total = 29.517 ms
	CoreWorker.ExitIfParentRayletDies - 418 total (1 active), Execution time: mean = 66.046 us, total = 27.607 ms, Queueing time: mean = 7.022 ms, max = 24.692 ms, min = -0.001 s, total = 2.935 s
	CoreWorker.InternalHeartbeat - 418 total (1 active), Execution time: mean = 254.740 us, total = 106.481 ms, Queueing time: mean = 6.923 ms, max = 29.848 ms, min = -0.001 s, total = 2.894 s
	CoreWorkerService.grpc_server.PushTask.HandleRequestImpl - 177 total (0 active), Execution time: mean = 50.094 us, total = 8.867 ms, Queueing time: mean = 49.427 us, max = 3.305 ms, min = 6.600 us, total = 8.748 ms
	CoreWorkerService.grpc_server.PushTask - 177 total (0 active), Execution time: mean = 522.412 ms, total = 92.467 s, Queueing time: mean = 0.000 s, max = -0.000 s, min = 9223372036.855 s, total = 0.000 s
	CoreWorker.RecordMetrics - 84 total (1 active), Execution time: mean = 167.950 us, total = 14.108 ms, Queueing time: mean = 7.441 ms, max = 16.382 ms, min = -0.000 s, total = 625.084 ms
	NodeManagerService.grpc_client.PinObjectIDs - 44 total (0 active), Execution time: mean = 7.485 ms, total = 329.328 ms, Queueing time: mean = 0.000 s, max = -0.000 s, min = 9223372036.855 s, total = 0.000 s
	NodeManagerService.grpc_client.PinObjectIDs.OnReplyReceived - 44 total (0 active), Execution time: mean = 125.961 us, total = 5.542 ms, Queueing time: mean = 22.323 us, max = 143.500 us, min = 6.800 us, total = 982.200 us
	CoreWorkerService.grpc_server.ActorCallArgWaitComplete.HandleRequestImpl - 44 total (0 active), Execution time: mean = 35.036 us, total = 1.542 ms, Queueing time: mean = 39.368 us, max = 416.600 us, min = 5.600 us, total = 1.732 ms
	CoreWorkerService.grpc_server.ActorCallArgWaitComplete - 44 total (0 active), Execution time: mean = 161.370 us, total = 7.100 ms, Queueing time: mean = 0.000 s, max = -0.000 s, min = 9223372036.855 s, total = 0.000 s
	CoreWorker.TryDelPendingObjectRefStreams - 42 total (1 active), Execution time: mean = 7.419 us, total = 311.600 us, Queueing time: mean = 7.532 ms, max = 18.045 ms, min = -0.000 s, total = 316.350 ms
	PeriodicalRunner.RunFnPeriodically - 7 total (0 active), Execution time: mean = 309.771 us, total = 2.168 ms, Queueing time: mean = 794.857 us, max = 2.165 ms, min = 10.000 us, total = 5.564 ms
	CoreWorker.PrintEventStats - 7 total (1 active, 1 running), Execution time: mean = 729.443 us, total = 5.106 ms, Queueing time: mean = 8.890 ms, max = 16.486 ms, min = 2.794 ms, total = 62.232 ms
	Publisher.CheckDeadSubscribers - 2 total (1 active), Execution time: mean = 5.450 us, total = 10.900 us, Queueing time: mean = 3.800 ms, max = 7.599 ms, min = 7.599 ms, total = 7.599 ms
	ray::rpc::WorkerInfoGcsService.grpc_client.AddWorkerInfo.OnReplyReceived - 1 total (0 active), Execution time: mean = 54.600 us, total = 54.600 us, Queueing time: mean = 2.112 ms, max = 2.112 ms, min = 2.112 ms, total = 2.112 ms
	ray::rpc::NodeInfoGcsService.grpc_client.GetAllNodeInfo.OnReplyReceived - 1 total (0 active), Execution time: mean = 194.700 us, total = 194.700 us, Queueing time: mean = 8.300 us, max = 8.300 us, min = 8.300 us, total = 8.300 us
	ray::rpc::WorkerInfoGcsService.grpc_client.AddWorkerInfo - 1 total (0 active), Execution time: mean = 448.200 us, total = 448.200 us, Queueing time: mean = 0.000 s, max = -0.000 s, min = 9223372036.855 s, total = 0.000 s
	ray::rpc::InternalPubSubGcsService.grpc_client.GcsSubscriberPoll - 1 total (1 active), Execution time: mean = 0.000 s, total = 0.000 s, Queueing time: mean = 0.000 s, max = -0.000 s, min = 9223372036.855 s, total = 0.000 s
	ray::rpc::InternalPubSubGcsService.grpc_client.GcsSubscriberCommandBatch.OnReplyReceived - 1 total (0 active), Execution time: mean = 291.700 us, total = 291.700 us, Queueing time: mean = 2.090 ms, max = 2.090 ms, min = 2.090 ms, total = 2.090 ms
	ray::rpc::NodeInfoGcsService.grpc_client.GetAllNodeInfo - 1 total (0 active), Execution time: mean = 682.500 us, total = 682.500 us, Queueing time: mean = 0.000 s, max = -0.000 s, min = 9223372036.855 s, total = 0.000 s
	ray::rpc::InternalPubSubGcsService.grpc_client.GcsSubscriberCommandBatch - 1 total (0 active), Execution time: mean = 364.200 us, total = 364.200 us, Queueing time: mean = 0.000 s, max = -0.000 s, min = 9223372036.855 s, total = 0.000 s

-----------------
Task execution event stats:

Global stats: 20389 total (1 active)
Queueing time: mean = 10.697 ms, max = 11.956 s, min = -0.009 s, total = 218.107 s
Execution time:  mean = 4.553 ms, total = 92.825 s
Event stats:
	CoreWorker.CheckSignal - 20167 total (1 active), Execution time: mean = 20.834 us, total = 420.165 ms, Queueing time: mean = 10.815 ms, max = 11.956 s, min = -0.009 s, total = 218.100 s
	CoreWorker.HandlePushTaskActor - 176 total (0 active), Execution time: mean = 456.327 ms, total = 80.314 s, Queueing time: mean = 18.270 us, max = 100.000 us, min = 5.700 us, total = 3.216 ms
	CoreWorker.ArgWaitComplete - 44 total (0 active), Execution time: mean = 2.890 ms, total = 127.153 ms, Queueing time: mean = 72.393 us, max = 1.866 ms, min = 6.700 us, total = 3.185 ms
	CoreWorker.HandlePushTask - 1 total (0 active), Execution time: mean = 11.964 s, total = 11.964 s, Queueing time: mean = 27.100 us, max = 27.100 us, min = 27.100 us, total = 27.100 us
	PeriodicalRunner.RunFnPeriodically - 1 total (0 active), Execution time: mean = 24.900 us, total = 24.900 us, Queueing time: mean = 6.000 us, max = 6.000 us, min = 6.000 us, total = 6.000 us

-----------------
Task Event stats:

IO Service Stats:

Global stats: 1255 total (1 active)
Queueing time: mean = 2.297 ms, max = 40.557 ms, min = -0.001 s, total = 2.883 s
Execution time:  mean = 369.427 us, total = 463.630 ms
Event stats:
	CoreWorker.deadline_timer.flush_task_events - 418 total (1 active), Execution time: mean = 286.836 us, total = 119.897 ms, Queueing time: mean = 6.810 ms, max = 40.557 ms, min = -0.001 s, total = 2.847 s
	ray::rpc::TaskInfoGcsService.grpc_client.AddTaskEventData - 418 total (0 active), Execution time: mean = 793.838 us, total = 331.824 ms, Queueing time: mean = 0.000 s, max = -0.000 s, min = 9223372036.855 s, total = 0.000 s
	ray::rpc::TaskInfoGcsService.grpc_client.AddTaskEventData.OnReplyReceived - 418 total (0 active), Execution time: mean = 27.490 us, total = 11.491 ms, Queueing time: mean = 86.674 us, max = 11.656 ms, min = 5.900 us, total = 36.230 ms
	PeriodicalRunner.RunFnPeriodically - 1 total (0 active), Execution time: mean = 418.000 us, total = 418.000 us, Queueing time: mean = 8.700 us, max = 8.700 us, min = 8.700 us, total = 8.700 us
Other Stats:
	gcs_grpc_in_progress:0
	event_aggregator_grpc_in_progress:0
	current number of task status events in buffer: 0
	current number of profile events in buffer: 0
	current number of dropped task attempts tracked: 0
	total task events sent: 0.0722361 MiB
	total number of task attempts sent: 222
	total number of task attempts dropped reported: 0
	total number of sent failure: 0
	num status task events dropped: 0
	num profile task events dropped: 0
	num ray task events reported to aggregator: 0
	num ray task events failed to report to aggregator: 0
	num of task attempts dropped reported to aggregator: 0
	num of failed requests to aggregator: 0

[2025-12-15 10:06:44,621 I 6368 22456] core_worker.cc:419: Event stats:


Global stats: 7066 total (8 active)
Queueing time: mean = 6.638 ms, max = 41.921 ms, min = -0.001 s, total = 46.901 s
Execution time:  mean = 14.997 ms, total = 105.969 s
Event stats:
	CoreWorker.RecoverObjects - 4412 total (1 active), Execution time: mean = 8.705 us, total = 38.407 ms, Queueing time: mean = 8.811 ms, max = 39.890 ms, min = -0.001 s, total = 38.874 s
	NodeManagerService.grpc_client.ReportWorkerBacklog - 477 total (0 active), Execution time: mean = 1.009 ms, total = 481.388 ms, Queueing time: mean = 0.000 s, max = -0.000 s, min = 9223372036.855 s, total = 0.000 s
	NodeManagerService.grpc_client.ReportWorkerBacklog.OnReplyReceived - 477 total (0 active), Execution time: mean = 25.189 us, total = 12.015 ms, Queueing time: mean = 133.391 us, max = 21.204 ms, min = 6.200 us, total = 63.628 ms
	CoreWorker.ExitIfParentRayletDies - 477 total (1 active), Execution time: mean = 66.217 us, total = 31.585 ms, Queueing time: mean = 7.132 ms, max = 24.692 ms, min = -0.001 s, total = 3.402 s
	CoreWorker.InternalHeartbeat - 477 total (1 active), Execution time: mean = 261.005 us, total = 124.500 ms, Queueing time: mean = 7.102 ms, max = 41.921 ms, min = -0.001 s, total = 3.388 s
	CoreWorkerService.grpc_server.PushTask.HandleRequestImpl - 193 total (0 active), Execution time: mean = 65.124 us, total = 12.569 ms, Queueing time: mean = 65.121 us, max = 3.305 ms, min = 6.600 us, total = 12.568 ms
	CoreWorkerService.grpc_server.PushTask - 193 total (0 active), Execution time: mean = 543.447 ms, total = 104.885 s, Queueing time: mean = 0.000 s, max = -0.000 s, min = 9223372036.855 s, total = 0.000 s
	CoreWorker.RecordMetrics - 96 total (1 active), Execution time: mean = 164.254 us, total = 15.768 ms, Queueing time: mean = 7.480 ms, max = 16.382 ms, min = -0.000 s, total = 718.080 ms
	NodeManagerService.grpc_client.PinObjectIDs - 48 total (0 active), Execution time: mean = 6.948 ms, total = 333.500 ms, Queueing time: mean = 0.000 s, max = -0.000 s, min = 9223372036.855 s, total = 0.000 s
	NodeManagerService.grpc_client.PinObjectIDs.OnReplyReceived - 48 total (0 active), Execution time: mean = 130.333 us, total = 6.256 ms, Queueing time: mean = 21.798 us, max = 143.500 us, min = 6.800 us, total = 1.046 ms
	CoreWorkerService.grpc_server.ActorCallArgWaitComplete.HandleRequestImpl - 48 total (0 active), Execution time: mean = 94.160 us, total = 4.520 ms, Queueing time: mean = 70.792 us, max = 852.100 us, min = 5.600 us, total = 3.398 ms
	CoreWorker.TryDelPendingObjectRefStreams - 48 total (1 active), Execution time: mean = 9.052 us, total = 434.500 us, Queueing time: mean = 7.220 ms, max = 18.045 ms, min = -0.000 s, total = 346.567 ms
	CoreWorkerService.grpc_server.ActorCallArgWaitComplete - 48 total (0 active), Execution time: mean = 259.035 us, total = 12.434 ms, Queueing time: mean = 0.000 s, max = -0.000 s, min = 9223372036.855 s, total = 0.000 s
	CoreWorker.PrintEventStats - 8 total (1 active, 1 running), Execution time: mean = 807.763 us, total = 6.462 ms, Queueing time: mean = 9.374 ms, max = 16.486 ms, min = 2.794 ms, total = 74.991 ms
	PeriodicalRunner.RunFnPeriodically - 7 total (0 active), Execution time: mean = 309.771 us, total = 2.168 ms, Queueing time: mean = 794.857 us, max = 2.165 ms, min = 10.000 us, total = 5.564 ms
	Publisher.CheckDeadSubscribers - 2 total (1 active), Execution time: mean = 5.450 us, total = 10.900 us, Queueing time: mean = 3.800 ms, max = 7.599 ms, min = 7.599 ms, total = 7.599 ms
	ray::rpc::WorkerInfoGcsService.grpc_client.AddWorkerInfo.OnReplyReceived - 1 total (0 active), Execution time: mean = 54.600 us, total = 54.600 us, Queueing time: mean = 2.112 ms, max = 2.112 ms, min = 2.112 ms, total = 2.112 ms
	ray::rpc::NodeInfoGcsService.grpc_client.GetAllNodeInfo.OnReplyReceived - 1 total (0 active), Execution time: mean = 194.700 us, total = 194.700 us, Queueing time: mean = 8.300 us, max = 8.300 us, min = 8.300 us, total = 8.300 us
	ray::rpc::WorkerInfoGcsService.grpc_client.AddWorkerInfo - 1 total (0 active), Execution time: mean = 448.200 us, total = 448.200 us, Queueing time: mean = 0.000 s, max = -0.000 s, min = 9223372036.855 s, total = 0.000 s
	ray::rpc::InternalPubSubGcsService.grpc_client.GcsSubscriberPoll - 1 total (1 active), Execution time: mean = 0.000 s, total = 0.000 s, Queueing time: mean = 0.000 s, max = -0.000 s, min = 9223372036.855 s, total = 0.000 s
	ray::rpc::InternalPubSubGcsService.grpc_client.GcsSubscriberCommandBatch.OnReplyReceived - 1 total (0 active), Execution time: mean = 291.700 us, total = 291.700 us, Queueing time: mean = 2.090 ms, max = 2.090 ms, min = 2.090 ms, total = 2.090 ms
	ray::rpc::NodeInfoGcsService.grpc_client.GetAllNodeInfo - 1 total (0 active), Execution time: mean = 682.500 us, total = 682.500 us, Queueing time: mean = 0.000 s, max = -0.000 s, min = 9223372036.855 s, total = 0.000 s
	ray::rpc::InternalPubSubGcsService.grpc_client.GcsSubscriberCommandBatch - 1 total (0 active), Execution time: mean = 364.200 us, total = 364.200 us, Queueing time: mean = 0.000 s, max = -0.000 s, min = 9223372036.855 s, total = 0.000 s

-----------------
Task execution event stats:

Global stats: 23320 total (1 active)
Queueing time: mean = 10.676 ms, max = 11.956 s, min = -0.009 s, total = 248.954 s
Execution time:  mean = 4.515 ms, total = 105.292 s
Event stats:
	CoreWorker.CheckSignal - 23078 total (1 active), Execution time: mean = 20.825 us, total = 480.607 ms, Queueing time: mean = 10.787 ms, max = 11.956 s, min = -0.009 s, total = 248.947 s
	CoreWorker.HandlePushTaskActor - 192 total (0 active), Execution time: mean = 482.820 ms, total = 92.701 s, Queueing time: mean = 19.891 us, max = 169.400 us, min = 5.700 us, total = 3.819 ms
	CoreWorker.ArgWaitComplete - 48 total (0 active), Execution time: mean = 3.023 ms, total = 145.112 ms, Queueing time: mean = 70.319 us, max = 1.866 ms, min = 6.700 us, total = 3.375 ms
	CoreWorker.HandlePushTask - 1 total (0 active), Execution time: mean = 11.964 s, total = 11.964 s, Queueing time: mean = 27.100 us, max = 27.100 us, min = 27.100 us, total = 27.100 us
	PeriodicalRunner.RunFnPeriodically - 1 total (0 active), Execution time: mean = 24.900 us, total = 24.900 us, Queueing time: mean = 6.000 us, max = 6.000 us, min = 6.000 us, total = 6.000 us

-----------------
Task Event stats:

IO Service Stats:

Global stats: 1432 total (1 active)
Queueing time: mean = 2.345 ms, max = 40.557 ms, min = -0.001 s, total = 3.358 s
Execution time:  mean = 373.102 us, total = 534.283 ms
Event stats:
	CoreWorker.deadline_timer.flush_task_events - 477 total (1 active), Execution time: mean = 290.945 us, total = 138.781 ms, Queueing time: mean = 6.916 ms, max = 40.557 ms, min = -0.001 s, total = 3.299 s
	ray::rpc::TaskInfoGcsService.grpc_client.AddTaskEventData - 477 total (0 active), Execution time: mean = 799.978 us, total = 381.589 ms, Queueing time: mean = 0.000 s, max = -0.000 s, min = 9223372036.855 s, total = 0.000 s
	ray::rpc::TaskInfoGcsService.grpc_client.AddTaskEventData.OnReplyReceived - 477 total (0 active), Execution time: mean = 28.290 us, total = 13.494 ms, Queueing time: mean = 123.879 us, max = 13.890 ms, min = 5.900 us, total = 59.090 ms
	PeriodicalRunner.RunFnPeriodically - 1 total (0 active), Execution time: mean = 418.000 us, total = 418.000 us, Queueing time: mean = 8.700 us, max = 8.700 us, min = 8.700 us, total = 8.700 us
Other Stats:
	gcs_grpc_in_progress:0
	event_aggregator_grpc_in_progress:0
	current number of task status events in buffer: 0
	current number of profile events in buffer: 0
	current number of dropped task attempts tracked: 0
	total task events sent: 0.0787668 MiB
	total number of task attempts sent: 242
	total number of task attempts dropped reported: 0
	total number of sent failure: 0
	num status task events dropped: 0
	num profile task events dropped: 0
	num ray task events reported to aggregator: 0
	num ray task events failed to report to aggregator: 0
	num of task attempts dropped reported to aggregator: 0
	num of failed requests to aggregator: 0

[2025-12-15 10:07:18,167 I 6368 22456] core_worker.cc:4084: Force kill actor request has received. exiting immediately... The actor is dead because it was killed by `ray.kill`.
[2025-12-15 10:07:18,167 W 6368 22456] core_worker.cc:744: Force exit the process.  Details: Worker exits because the actor is killed. The actor is dead because it was killed by `ray.kill`.
[2025-12-15 10:07:18,218 I 6368 22456] core_worker.cc:580: Sending disconnect message to the local raylet.
[2025-12-15 10:07:18,218 I 6368 22456] raylet_ipc_client.cc:113: RayletIpcClient::Disconnect, exit_type=INTENDED_SYSTEM_EXIT, exit_detail=Worker exits because the actor is killed. The actor is dead because it was killed by `ray.kill`., has creation_task_exception_pb_bytes=0
[2025-12-15 10:07:18,218 W 6368 22456] core_worker.cc:587: Failed to disconnect from the local raylet: IOError: Unknown error
