[2025-12-15 09:58:44,650 I 18376 20016] core_worker_process.cc:739: Constructing CoreWorkerProcess. pid: 18376
[2025-12-15 09:58:44,654 I 18376 20016] io_service_pool.cc:37: IOServicePool is running with 1 io_service.
[2025-12-15 09:58:44,659 I 18376 20016] event.cc:493: Ray Event initialized for CORE_WORKER
[2025-12-15 09:58:44,661 I 18376 20016] event.cc:493: Ray Event initialized for EXPORT_TASK
[2025-12-15 09:58:44,661 I 18376 20016] event.cc:326: Set ray event level to warning
[2025-12-15 09:58:44,661 I 18376 20016] event_aggregator_client.h:50: Initiating the local event aggregator client with port: 61324
[2025-12-15 09:58:44,664 I 18376 20016] grpc_server.cc:141: worker server started, listening on port 50955.
[2025-12-15 09:58:44,666 I 18376 20016] core_worker_process.cc:269: Initializing worker at address: 127.0.0.1:50955 worker_id=36c980a9070f626cb1710f574c3b1212e6dd0bb43120148e6fced01e node_id=95dee78f09d0786a6c8739f9bd73fc7da8a1073d0f113cf414b55469
[2025-12-15 09:58:44,667 I 18376 20016] task_event_buffer.cc:445: Reporting task events to GCS every 1000ms.
[2025-12-15 09:58:44,670 I 18376 9196] core_worker.cc:419: Event stats:


Global stats: 14 total (10 active)
Queueing time: mean = 1.750 us, max = 14.100 us, min = 10.400 us, total = 24.500 us
Execution time:  mean = 83.814 us, total = 1.173 ms
Event stats:
	PeriodicalRunner.RunFnPeriodically - 7 total (5 active, 1 running), Execution time: mean = 23.057 us, total = 161.400 us, Queueing time: mean = 3.500 us, max = 14.100 us, min = 10.400 us, total = 24.500 us
	ray::rpc::InternalPubSubGcsService.grpc_client.GcsSubscriberCommandBatch.OnReplyReceived - 1 total (1 active), Execution time: mean = 0.000 s, total = 0.000 s, Queueing time: mean = 0.000 s, max = -0.000 s, min = 9223372036.855 s, total = 0.000 s
	Publisher.CheckDeadSubscribers - 1 total (1 active), Execution time: mean = 0.000 s, total = 0.000 s, Queueing time: mean = 0.000 s, max = -0.000 s, min = 9223372036.855 s, total = 0.000 s
	CoreWorker.ExitIfParentRayletDies - 1 total (1 active), Execution time: mean = 0.000 s, total = 0.000 s, Queueing time: mean = 0.000 s, max = -0.000 s, min = 9223372036.855 s, total = 0.000 s
	ray::rpc::WorkerInfoGcsService.grpc_client.AddWorkerInfo - 1 total (0 active), Execution time: mean = 588.100 us, total = 588.100 us, Queueing time: mean = 0.000 s, max = -0.000 s, min = 9223372036.855 s, total = 0.000 s
	ray::rpc::InternalPubSubGcsService.grpc_client.GcsSubscriberPoll - 1 total (1 active), Execution time: mean = 0.000 s, total = 0.000 s, Queueing time: mean = 0.000 s, max = -0.000 s, min = 9223372036.855 s, total = 0.000 s
	ray::rpc::InternalPubSubGcsService.grpc_client.GcsSubscriberCommandBatch - 1 total (0 active), Execution time: mean = 423.900 us, total = 423.900 us, Queueing time: mean = 0.000 s, max = -0.000 s, min = 9223372036.855 s, total = 0.000 s
	ray::rpc::WorkerInfoGcsService.grpc_client.AddWorkerInfo.OnReplyReceived - 1 total (1 active), Execution time: mean = 0.000 s, total = 0.000 s, Queueing time: mean = 0.000 s, max = -0.000 s, min = 9223372036.855 s, total = 0.000 s

-----------------
Task execution event stats:

Global stats: 0 total (0 active)
Queueing time: mean = -nan(ind) s, max = -0.000 s, min = 9223372036.855 s, total = 0.000 s
Execution time:  mean = -nan(ind) s, total = 0.000 s
Event stats:

-----------------
Task Event stats:

IO Service Stats:

Global stats: 4 total (1 active)
Queueing time: mean = 8.225 us, max = 21.300 us, min = 11.600 us, total = 32.900 us
Execution time:  mean = 314.600 us, total = 1.258 ms
Event stats:
	CoreWorker.deadline_timer.flush_task_events - 1 total (1 active), Execution time: mean = 0.000 s, total = 0.000 s, Queueing time: mean = 0.000 s, max = -0.000 s, min = 9223372036.855 s, total = 0.000 s
	ray::rpc::TaskInfoGcsService.grpc_client.AddTaskEventData.OnReplyReceived - 1 total (0 active), Execution time: mean = 32.700 us, total = 32.700 us, Queueing time: mean = 21.300 us, max = 21.300 us, min = 21.300 us, total = 21.300 us
	PeriodicalRunner.RunFnPeriodically - 1 total (0 active), Execution time: mean = 505.500 us, total = 505.500 us, Queueing time: mean = 11.600 us, max = 11.600 us, min = 11.600 us, total = 11.600 us
	ray::rpc::TaskInfoGcsService.grpc_client.AddTaskEventData - 1 total (0 active), Execution time: mean = 720.200 us, total = 720.200 us, Queueing time: mean = 0.000 s, max = -0.000 s, min = 9223372036.855 s, total = 0.000 s
Other Stats:
	gcs_grpc_in_progress:0
	event_aggregator_grpc_in_progress:0
	current number of task status events in buffer: 0
	current number of profile events in buffer: 0
	current number of dropped task attempts tracked: 0
	total task events sent: 0 MiB
	total number of task attempts sent: 0
	total number of task attempts dropped reported: 0
	total number of sent failure: 0
	num status task events dropped: 0
	num profile task events dropped: 0
	num ray task events reported to aggregator: 0
	num ray task events failed to report to aggregator: 0
	num of task attempts dropped reported to aggregator: 0
	num of failed requests to aggregator: 0

[2025-12-15 09:58:44,673 I 18376 9196] accessor.cc:743: Received notification for node, IsAlive = 1 node_id=95dee78f09d0786a6c8739f9bd73fc7da8a1073d0f113cf414b55469
[2025-12-15 09:58:44,673 I 18376 9196] normal_task_submitter.cc:833: Number of alive nodes:1
[2025-12-15 09:58:44,674 I 18376 20016] actor_task_submitter.cc:73: Set actor max pending calls to -1 actor_id=c59283e3a0be38b623b5980a01000000
[2025-12-15 09:58:44,674 I 18376 20016] core_worker.cc:2909: Creating actor actor_id=c59283e3a0be38b623b5980a01000000
[2025-12-15 09:58:56,504 I 18376 20016] task_receiver.cc:162: Actor creation task finished, task_id: ffffffffffffffffc59283e3a0be38b623b5980a01000000, actor_id: c59283e3a0be38b623b5980a01000000, actor_repr_name: 
[2025-12-15 09:58:56,718 W 18376 4536] metric_exporter.cc:105: [1] Export metrics to agent failed: RpcError: RPC Error message: failed to connect to all addresses; last error: UNAVAILABLE: ipv4:127.0.0.1:61324: Connection refused; RPC Error details:  rpc_code: 14. This won't affect Ray, but you can lose metrics from the cluster.
[2025-12-15 09:59:44,685 I 18376 9196] core_worker.cc:419: Event stats:


Global stats: 902 total (8 active)
Queueing time: mean = 6.261 ms, max = 21.907 ms, min = -0.001 s, total = 5.648 s
Execution time:  mean = 22.837 ms, total = 20.599 s
Event stats:
	CoreWorker.RecoverObjects - 554 total (1 active), Execution time: mean = 8.166 us, total = 4.524 ms, Queueing time: mean = 8.476 ms, max = 21.907 ms, min = -0.001 s, total = 4.695 s
	CoreWorker.ExitIfParentRayletDies - 60 total (1 active), Execution time: mean = 60.452 us, total = 3.627 ms, Queueing time: mean = 6.738 ms, max = 16.192 ms, min = 183.900 us, total = 404.273 ms
	CoreWorker.InternalHeartbeat - 60 total (1 active), Execution time: mean = 235.175 us, total = 14.111 ms, Queueing time: mean = 6.529 ms, max = 16.052 ms, min = 27.000 us, total = 391.732 ms
	NodeManagerService.grpc_client.ReportWorkerBacklog - 60 total (0 active), Execution time: mean = 1.414 ms, total = 84.867 ms, Queueing time: mean = 0.000 s, max = -0.000 s, min = 9223372036.855 s, total = 0.000 s
	NodeManagerService.grpc_client.ReportWorkerBacklog.OnReplyReceived - 60 total (0 active), Execution time: mean = 21.737 us, total = 1.304 ms, Queueing time: mean = 33.437 us, max = 288.300 us, min = 7.100 us, total = 2.006 ms
	CoreWorkerService.grpc_server.PushTask - 25 total (0 active), Execution time: mean = 819.012 ms, total = 20.475 s, Queueing time: mean = 0.000 s, max = -0.000 s, min = 9223372036.855 s, total = 0.000 s
	CoreWorkerService.grpc_server.PushTask.HandleRequestImpl - 25 total (0 active), Execution time: mean = 50.752 us, total = 1.269 ms, Queueing time: mean = 26.688 us, max = 131.800 us, min = 9.300 us, total = 667.200 us
	CoreWorker.RecordMetrics - 12 total (1 active), Execution time: mean = 203.817 us, total = 2.446 ms, Queueing time: mean = 9.178 ms, max = 15.188 ms, min = 2.795 ms, total = 110.139 ms
	PeriodicalRunner.RunFnPeriodically - 7 total (0 active), Execution time: mean = 365.614 us, total = 2.559 ms, Queueing time: mean = 1.004 ms, max = 2.546 ms, min = 10.400 us, total = 7.028 ms
	CoreWorkerService.grpc_server.ActorCallArgWaitComplete.HandleRequestImpl - 6 total (0 active), Execution time: mean = 31.283 us, total = 187.700 us, Queueing time: mean = 42.150 us, max = 102.300 us, min = 8.200 us, total = 252.900 us
	CoreWorker.TryDelPendingObjectRefStreams - 6 total (1 active), Execution time: mean = 5.683 us, total = 34.100 us, Queueing time: mean = 5.112 ms, max = 12.946 ms, min = 1.894 ms, total = 30.674 ms
	CoreWorkerService.grpc_server.ActorCallArgWaitComplete - 6 total (0 active), Execution time: mean = 180.333 us, total = 1.082 ms, Queueing time: mean = 0.000 s, max = -0.000 s, min = 9223372036.855 s, total = 0.000 s
	NodeManagerService.grpc_client.PinObjectIDs - 6 total (0 active), Execution time: mean = 715.967 us, total = 4.296 ms, Queueing time: mean = 0.000 s, max = -0.000 s, min = 9223372036.855 s, total = 0.000 s
	NodeManagerService.grpc_client.PinObjectIDs.OnReplyReceived - 6 total (0 active), Execution time: mean = 100.667 us, total = 604.000 us, Queueing time: mean = 28.100 us, max = 96.000 us, min = 10.900 us, total = 168.600 us
	Publisher.CheckDeadSubscribers - 1 total (1 active), Execution time: mean = 0.000 s, total = 0.000 s, Queueing time: mean = 0.000 s, max = -0.000 s, min = 9223372036.855 s, total = 0.000 s
	ray::rpc::InternalPubSubGcsService.grpc_client.GcsSubscriberCommandBatch.OnReplyReceived - 1 total (0 active), Execution time: mean = 503.700 us, total = 503.700 us, Queueing time: mean = 2.486 ms, max = 2.486 ms, min = 2.486 ms, total = 2.486 ms
	ray::rpc::NodeInfoGcsService.grpc_client.GetAllNodeInfo - 1 total (0 active), Execution time: mean = 617.700 us, total = 617.700 us, Queueing time: mean = 0.000 s, max = -0.000 s, min = 9223372036.855 s, total = 0.000 s
	CoreWorker.PrintEventStats - 1 total (1 active, 1 running), Execution time: mean = 0.000 s, total = 0.000 s, Queueing time: mean = 0.000 s, max = -0.000 s, min = 9223372036.855 s, total = 0.000 s
	ray::rpc::InternalPubSubGcsService.grpc_client.GcsSubscriberCommandBatch - 1 total (0 active), Execution time: mean = 423.900 us, total = 423.900 us, Queueing time: mean = 0.000 s, max = -0.000 s, min = 9223372036.855 s, total = 0.000 s
	ray::rpc::WorkerInfoGcsService.grpc_client.AddWorkerInfo.OnReplyReceived - 1 total (0 active), Execution time: mean = 46.400 us, total = 46.400 us, Queueing time: mean = 2.511 ms, max = 2.511 ms, min = 2.511 ms, total = 2.511 ms
	ray::rpc::NodeInfoGcsService.grpc_client.GetAllNodeInfo.OnReplyReceived - 1 total (0 active), Execution time: mean = 152.700 us, total = 152.700 us, Queueing time: mean = 225.900 us, max = 225.900 us, min = 225.900 us, total = 225.900 us
	ray::rpc::WorkerInfoGcsService.grpc_client.AddWorkerInfo - 1 total (0 active), Execution time: mean = 588.100 us, total = 588.100 us, Queueing time: mean = 0.000 s, max = -0.000 s, min = 9223372036.855 s, total = 0.000 s
	ray::rpc::InternalPubSubGcsService.grpc_client.GcsSubscriberPoll - 1 total (1 active), Execution time: mean = 0.000 s, total = 0.000 s, Queueing time: mean = 0.000 s, max = -0.000 s, min = 9223372036.855 s, total = 0.000 s

-----------------
Task execution event stats:

Global stats: 2467 total (1 active)
Queueing time: mean = 14.445 ms, max = 11.825 s, min = -0.008 s, total = 35.636 s
Execution time:  mean = 8.315 ms, total = 20.513 s
Event stats:
	CoreWorker.CheckSignal - 2435 total (1 active), Execution time: mean = 20.424 us, total = 49.732 ms, Queueing time: mean = 14.635 ms, max = 11.825 s, min = -0.008 s, total = 35.635 s
	CoreWorker.HandlePushTaskActor - 24 total (0 active), Execution time: mean = 358.870 ms, total = 8.613 s, Queueing time: mean = 20.567 us, max = 60.300 us, min = 6.800 us, total = 493.600 us
	CoreWorker.ArgWaitComplete - 6 total (0 active), Execution time: mean = 2.920 ms, total = 17.520 ms, Queueing time: mean = 21.250 us, max = 49.600 us, min = 8.400 us, total = 127.500 us
	CoreWorker.HandlePushTask - 1 total (0 active), Execution time: mean = 11.833 s, total = 11.833 s, Queueing time: mean = 10.600 us, max = 10.600 us, min = 10.600 us, total = 10.600 us
	PeriodicalRunner.RunFnPeriodically - 1 total (0 active), Execution time: mean = 25.000 us, total = 25.000 us, Queueing time: mean = 4.200 us, max = 4.200 us, min = 4.200 us, total = 4.200 us

-----------------
Task Event stats:

IO Service Stats:

Global stats: 181 total (1 active)
Queueing time: mean = 2.515 ms, max = 17.807 ms, min = -0.001 s, total = 455.144 ms
Execution time:  mean = 385.867 us, total = 69.842 ms
Event stats:
	CoreWorker.deadline_timer.flush_task_events - 60 total (1 active), Execution time: mean = 328.265 us, total = 19.696 ms, Queueing time: mean = 7.549 ms, max = 17.807 ms, min = -0.001 s, total = 452.969 ms
	ray::rpc::TaskInfoGcsService.grpc_client.AddTaskEventData.OnReplyReceived - 60 total (0 active), Execution time: mean = 35.942 us, total = 2.156 ms, Queueing time: mean = 36.052 us, max = 118.500 us, min = 7.300 us, total = 2.163 ms
	ray::rpc::TaskInfoGcsService.grpc_client.AddTaskEventData - 60 total (0 active), Execution time: mean = 791.402 us, total = 47.484 ms, Queueing time: mean = 0.000 s, max = -0.000 s, min = 9223372036.855 s, total = 0.000 s
	PeriodicalRunner.RunFnPeriodically - 1 total (0 active), Execution time: mean = 505.500 us, total = 505.500 us, Queueing time: mean = 11.600 us, max = 11.600 us, min = 11.600 us, total = 11.600 us
Other Stats:
	gcs_grpc_in_progress:0
	event_aggregator_grpc_in_progress:0
	current number of task status events in buffer: 0
	current number of profile events in buffer: 0
	current number of dropped task attempts tracked: 0
	total task events sent: 0.0102177 MiB
	total number of task attempts sent: 32
	total number of task attempts dropped reported: 0
	total number of sent failure: 0
	num status task events dropped: 0
	num profile task events dropped: 0
	num ray task events reported to aggregator: 0
	num ray task events failed to report to aggregator: 0
	num of task attempts dropped reported to aggregator: 0
	num of failed requests to aggregator: 0

[2025-12-15 10:00:44,698 I 18376 9196] core_worker.cc:419: Event stats:


Global stats: 1797 total (8 active)
Queueing time: mean = 6.403 ms, max = 21.907 ms, min = -0.001 s, total = 11.506 s
Execution time:  mean = 18.086 ms, total = 32.501 s
Event stats:
	CoreWorker.RecoverObjects - 1106 total (1 active), Execution time: mean = 8.038 us, total = 8.890 ms, Queueing time: mean = 8.522 ms, max = 21.907 ms, min = -0.001 s, total = 9.425 s
	CoreWorker.ExitIfParentRayletDies - 120 total (1 active), Execution time: mean = 68.079 us, total = 8.169 ms, Queueing time: mean = 7.571 ms, max = 16.285 ms, min = -0.000 s, total = 908.527 ms
	CoreWorker.InternalHeartbeat - 120 total (1 active), Execution time: mean = 210.967 us, total = 25.316 ms, Queueing time: mean = 7.408 ms, max = 16.160 ms, min = -0.000 s, total = 889.014 ms
	NodeManagerService.grpc_client.ReportWorkerBacklog - 120 total (0 active), Execution time: mean = 3.271 ms, total = 392.517 ms, Queueing time: mean = 0.000 s, max = -0.000 s, min = 9223372036.855 s, total = 0.000 s
	NodeManagerService.grpc_client.ReportWorkerBacklog.OnReplyReceived - 120 total (0 active), Execution time: mean = 19.593 us, total = 2.351 ms, Queueing time: mean = 41.369 us, max = 1.476 ms, min = 7.100 us, total = 4.964 ms
	CoreWorkerService.grpc_server.PushTask - 53 total (0 active), Execution time: mean = 598.643 ms, total = 31.728 s, Queueing time: mean = 0.000 s, max = -0.000 s, min = 9223372036.855 s, total = 0.000 s
	CoreWorkerService.grpc_server.PushTask.HandleRequestImpl - 53 total (0 active), Execution time: mean = 47.658 us, total = 2.526 ms, Queueing time: mean = 28.438 us, max = 215.300 us, min = 8.800 us, total = 1.507 ms
	CoreWorker.RecordMetrics - 24 total (1 active), Execution time: mean = 173.637 us, total = 4.167 ms, Queueing time: mean = 7.570 ms, max = 15.188 ms, min = 443.200 us, total = 181.675 ms
	CoreWorkerService.grpc_server.ActorCallArgWaitComplete.HandleRequestImpl - 13 total (0 active), Execution time: mean = 35.577 us, total = 462.500 us, Queueing time: mean = 38.169 us, max = 126.800 us, min = 7.500 us, total = 496.200 us
	CoreWorkerService.grpc_server.ActorCallArgWaitComplete - 13 total (0 active), Execution time: mean = 158.731 us, total = 2.063 ms, Queueing time: mean = 0.000 s, max = -0.000 s, min = 9223372036.855 s, total = 0.000 s
	NodeManagerService.grpc_client.PinObjectIDs - 13 total (0 active), Execution time: mean = 24.563 ms, total = 319.320 ms, Queueing time: mean = 0.000 s, max = -0.000 s, min = 9223372036.855 s, total = 0.000 s
	NodeManagerService.grpc_client.PinObjectIDs.OnReplyReceived - 13 total (0 active), Execution time: mean = 112.908 us, total = 1.468 ms, Queueing time: mean = 20.577 us, max = 96.000 us, min = 9.600 us, total = 267.500 us
	CoreWorker.TryDelPendingObjectRefStreams - 12 total (1 active), Execution time: mean = 7.300 us, total = 87.600 us, Queueing time: mean = 5.663 ms, max = 12.946 ms, min = 1.367 ms, total = 67.953 ms
	PeriodicalRunner.RunFnPeriodically - 7 total (0 active), Execution time: mean = 365.614 us, total = 2.559 ms, Queueing time: mean = 1.004 ms, max = 2.546 ms, min = 10.400 us, total = 7.028 ms
	CoreWorker.PrintEventStats - 2 total (1 active, 1 running), Execution time: mean = 357.200 us, total = 714.400 us, Queueing time: mean = 6.892 ms, max = 13.783 ms, min = 13.783 ms, total = 13.783 ms
	Publisher.CheckDeadSubscribers - 1 total (1 active), Execution time: mean = 0.000 s, total = 0.000 s, Queueing time: mean = 0.000 s, max = -0.000 s, min = 9223372036.855 s, total = 0.000 s
	ray::rpc::InternalPubSubGcsService.grpc_client.GcsSubscriberCommandBatch.OnReplyReceived - 1 total (0 active), Execution time: mean = 503.700 us, total = 503.700 us, Queueing time: mean = 2.486 ms, max = 2.486 ms, min = 2.486 ms, total = 2.486 ms
	ray::rpc::NodeInfoGcsService.grpc_client.GetAllNodeInfo - 1 total (0 active), Execution time: mean = 617.700 us, total = 617.700 us, Queueing time: mean = 0.000 s, max = -0.000 s, min = 9223372036.855 s, total = 0.000 s
	ray::rpc::InternalPubSubGcsService.grpc_client.GcsSubscriberCommandBatch - 1 total (0 active), Execution time: mean = 423.900 us, total = 423.900 us, Queueing time: mean = 0.000 s, max = -0.000 s, min = 9223372036.855 s, total = 0.000 s
	ray::rpc::WorkerInfoGcsService.grpc_client.AddWorkerInfo.OnReplyReceived - 1 total (0 active), Execution time: mean = 46.400 us, total = 46.400 us, Queueing time: mean = 2.511 ms, max = 2.511 ms, min = 2.511 ms, total = 2.511 ms
	ray::rpc::NodeInfoGcsService.grpc_client.GetAllNodeInfo.OnReplyReceived - 1 total (0 active), Execution time: mean = 152.700 us, total = 152.700 us, Queueing time: mean = 225.900 us, max = 225.900 us, min = 225.900 us, total = 225.900 us
	ray::rpc::WorkerInfoGcsService.grpc_client.AddWorkerInfo - 1 total (0 active), Execution time: mean = 588.100 us, total = 588.100 us, Queueing time: mean = 0.000 s, max = -0.000 s, min = 9223372036.855 s, total = 0.000 s
	ray::rpc::InternalPubSubGcsService.grpc_client.GcsSubscriberPoll - 1 total (1 active), Execution time: mean = 0.000 s, total = 0.000 s, Queueing time: mean = 0.000 s, max = -0.000 s, min = 9223372036.855 s, total = 0.000 s

-----------------
Task execution event stats:

Global stats: 5498 total (1 active)
Queueing time: mean = 11.940 ms, max = 11.825 s, min = -0.008 s, total = 65.643 s
Execution time:  mean = 5.787 ms, total = 31.817 s
Event stats:
	CoreWorker.CheckSignal - 5431 total (1 active), Execution time: mean = 20.475 us, total = 111.201 ms, Queueing time: mean = 12.087 ms, max = 11.825 s, min = -0.008 s, total = 65.642 s
	CoreWorker.HandlePushTaskActor - 52 total (0 active), Execution time: mean = 381.524 ms, total = 19.839 s, Queueing time: mean = 24.360 us, max = 114.200 us, min = 6.000 us, total = 1.267 ms
	CoreWorker.ArgWaitComplete - 13 total (0 active), Execution time: mean = 2.608 ms, total = 33.904 ms, Queueing time: mean = 21.923 us, max = 49.600 us, min = 8.300 us, total = 285.000 us
	CoreWorker.HandlePushTask - 1 total (0 active), Execution time: mean = 11.833 s, total = 11.833 s, Queueing time: mean = 10.600 us, max = 10.600 us, min = 10.600 us, total = 10.600 us
	PeriodicalRunner.RunFnPeriodically - 1 total (0 active), Execution time: mean = 25.000 us, total = 25.000 us, Queueing time: mean = 4.200 us, max = 4.200 us, min = 4.200 us, total = 4.200 us

-----------------
Task Event stats:

IO Service Stats:

Global stats: 361 total (1 active)
Queueing time: mean = 2.539 ms, max = 17.807 ms, min = -0.001 s, total = 916.601 ms
Execution time:  mean = 378.508 us, total = 136.641 ms
Event stats:
	CoreWorker.deadline_timer.flush_task_events - 120 total (1 active), Execution time: mean = 319.144 us, total = 38.297 ms, Queueing time: mean = 7.600 ms, max = 17.807 ms, min = -0.001 s, total = 912.046 ms
	ray::rpc::TaskInfoGcsService.grpc_client.AddTaskEventData.OnReplyReceived - 120 total (0 active), Execution time: mean = 33.015 us, total = 3.962 ms, Queueing time: mean = 37.861 us, max = 118.500 us, min = 7.300 us, total = 4.543 ms
	ray::rpc::TaskInfoGcsService.grpc_client.AddTaskEventData - 120 total (0 active), Execution time: mean = 782.306 us, total = 93.877 ms, Queueing time: mean = 0.000 s, max = -0.000 s, min = 9223372036.855 s, total = 0.000 s
	PeriodicalRunner.RunFnPeriodically - 1 total (0 active), Execution time: mean = 505.500 us, total = 505.500 us, Queueing time: mean = 11.600 us, max = 11.600 us, min = 11.600 us, total = 11.600 us
Other Stats:
	gcs_grpc_in_progress:0
	event_aggregator_grpc_in_progress:0
	current number of task status events in buffer: 0
	current number of profile events in buffer: 0
	current number of dropped task attempts tracked: 0
	total task events sent: 0.0216732 MiB
	total number of task attempts sent: 67
	total number of task attempts dropped reported: 0
	total number of sent failure: 0
	num status task events dropped: 0
	num profile task events dropped: 0
	num ray task events reported to aggregator: 0
	num ray task events failed to report to aggregator: 0
	num of task attempts dropped reported to aggregator: 0
	num of failed requests to aggregator: 0

[2025-12-15 10:01:44,704 I 18376 9196] core_worker.cc:419: Event stats:


Global stats: 2701 total (8 active)
Queueing time: mean = 6.376 ms, max = 21.907 ms, min = -0.001 s, total = 17.222 s
Execution time:  mean = 16.526 ms, total = 44.638 s
Event stats:
	CoreWorker.RecoverObjects - 1659 total (1 active), Execution time: mean = 8.039 us, total = 13.338 ms, Queueing time: mean = 8.564 ms, max = 21.907 ms, min = -0.001 s, total = 14.208 s
	CoreWorker.ExitIfParentRayletDies - 179 total (1 active), Execution time: mean = 66.689 us, total = 11.937 ms, Queueing time: mean = 7.293 ms, max = 16.770 ms, min = -0.000 s, total = 1.306 s
	CoreWorker.InternalHeartbeat - 179 total (1 active), Execution time: mean = 217.905 us, total = 39.005 ms, Queueing time: mean = 7.129 ms, max = 16.648 ms, min = -0.000 s, total = 1.276 s
	NodeManagerService.grpc_client.ReportWorkerBacklog - 179 total (0 active), Execution time: mean = 2.414 ms, total = 432.060 ms, Queueing time: mean = 0.000 s, max = -0.000 s, min = 9223372036.855 s, total = 0.000 s
	NodeManagerService.grpc_client.ReportWorkerBacklog.OnReplyReceived - 179 total (0 active), Execution time: mean = 19.378 us, total = 3.469 ms, Queueing time: mean = 36.440 us, max = 1.476 ms, min = 7.100 us, total = 6.523 ms
	CoreWorkerService.grpc_server.PushTask - 85 total (0 active), Execution time: mean = 515.177 ms, total = 43.790 s, Queueing time: mean = 0.000 s, max = -0.000 s, min = 9223372036.855 s, total = 0.000 s
	CoreWorkerService.grpc_server.PushTask.HandleRequestImpl - 85 total (0 active), Execution time: mean = 43.462 us, total = 3.694 ms, Queueing time: mean = 28.334 us, max = 215.300 us, min = 6.900 us, total = 2.408 ms
	CoreWorker.RecordMetrics - 36 total (1 active), Execution time: mean = 156.675 us, total = 5.640 ms, Queueing time: mean = 7.631 ms, max = 15.752 ms, min = -0.000 s, total = 274.734 ms
	CoreWorkerService.grpc_server.ActorCallArgWaitComplete.HandleRequestImpl - 21 total (0 active), Execution time: mean = 36.552 us, total = 767.600 us, Queueing time: mean = 38.600 us, max = 126.800 us, min = 7.500 us, total = 810.600 us
	CoreWorkerService.grpc_server.ActorCallArgWaitComplete - 21 total (0 active), Execution time: mean = 171.214 us, total = 3.595 ms, Queueing time: mean = 0.000 s, max = -0.000 s, min = 9223372036.855 s, total = 0.000 s
	NodeManagerService.grpc_client.PinObjectIDs - 21 total (0 active), Execution time: mean = 15.508 ms, total = 325.675 ms, Queueing time: mean = 0.000 s, max = -0.000 s, min = 9223372036.855 s, total = 0.000 s
	NodeManagerService.grpc_client.PinObjectIDs.OnReplyReceived - 21 total (0 active), Execution time: mean = 114.200 us, total = 2.398 ms, Queueing time: mean = 28.662 us, max = 96.000 us, min = 9.600 us, total = 601.900 us
	CoreWorker.TryDelPendingObjectRefStreams - 18 total (1 active), Execution time: mean = 7.133 us, total = 128.400 us, Queueing time: mean = 6.016 ms, max = 14.605 ms, min = 139.100 us, total = 108.285 ms
	PeriodicalRunner.RunFnPeriodically - 7 total (0 active), Execution time: mean = 365.614 us, total = 2.559 ms, Queueing time: mean = 1.004 ms, max = 2.546 ms, min = 10.400 us, total = 7.028 ms
	CoreWorker.PrintEventStats - 3 total (1 active, 1 running), Execution time: mean = 442.267 us, total = 1.327 ms, Queueing time: mean = 8.946 ms, max = 13.783 ms, min = 13.056 ms, total = 26.839 ms
	Publisher.CheckDeadSubscribers - 1 total (1 active), Execution time: mean = 0.000 s, total = 0.000 s, Queueing time: mean = 0.000 s, max = -0.000 s, min = 9223372036.855 s, total = 0.000 s
	ray::rpc::InternalPubSubGcsService.grpc_client.GcsSubscriberCommandBatch.OnReplyReceived - 1 total (0 active), Execution time: mean = 503.700 us, total = 503.700 us, Queueing time: mean = 2.486 ms, max = 2.486 ms, min = 2.486 ms, total = 2.486 ms
	ray::rpc::NodeInfoGcsService.grpc_client.GetAllNodeInfo - 1 total (0 active), Execution time: mean = 617.700 us, total = 617.700 us, Queueing time: mean = 0.000 s, max = -0.000 s, min = 9223372036.855 s, total = 0.000 s
	ray::rpc::InternalPubSubGcsService.grpc_client.GcsSubscriberCommandBatch - 1 total (0 active), Execution time: mean = 423.900 us, total = 423.900 us, Queueing time: mean = 0.000 s, max = -0.000 s, min = 9223372036.855 s, total = 0.000 s
	ray::rpc::WorkerInfoGcsService.grpc_client.AddWorkerInfo.OnReplyReceived - 1 total (0 active), Execution time: mean = 46.400 us, total = 46.400 us, Queueing time: mean = 2.511 ms, max = 2.511 ms, min = 2.511 ms, total = 2.511 ms
	ray::rpc::NodeInfoGcsService.grpc_client.GetAllNodeInfo.OnReplyReceived - 1 total (0 active), Execution time: mean = 152.700 us, total = 152.700 us, Queueing time: mean = 225.900 us, max = 225.900 us, min = 225.900 us, total = 225.900 us
	ray::rpc::WorkerInfoGcsService.grpc_client.AddWorkerInfo - 1 total (0 active), Execution time: mean = 588.100 us, total = 588.100 us, Queueing time: mean = 0.000 s, max = -0.000 s, min = 9223372036.855 s, total = 0.000 s
	ray::rpc::InternalPubSubGcsService.grpc_client.GcsSubscriberPoll - 1 total (1 active), Execution time: mean = 0.000 s, total = 0.000 s, Queueing time: mean = 0.000 s, max = -0.000 s, min = 9223372036.855 s, total = 0.000 s

-----------------
Task execution event stats:

Global stats: 8494 total (1 active)
Queueing time: mean = 11.307 ms, max = 11.825 s, min = -0.010 s, total = 96.043 s
Execution time:  mean = 5.172 ms, total = 43.928 s
Event stats:
	CoreWorker.CheckSignal - 8387 total (1 active), Execution time: mean = 20.463 us, total = 171.627 ms, Queueing time: mean = 11.451 ms, max = 11.825 s, min = -0.010 s, total = 96.041 s
	CoreWorker.HandlePushTaskActor - 84 total (0 active), Execution time: mean = 379.420 ms, total = 31.871 s, Queueing time: mean = 25.071 us, max = 203.100 us, min = 6.000 us, total = 2.106 ms
	CoreWorker.ArgWaitComplete - 21 total (0 active), Execution time: mean = 2.466 ms, total = 51.793 ms, Queueing time: mean = 28.019 us, max = 172.600 us, min = 8.200 us, total = 588.400 us
	CoreWorker.HandlePushTask - 1 total (0 active), Execution time: mean = 11.833 s, total = 11.833 s, Queueing time: mean = 10.600 us, max = 10.600 us, min = 10.600 us, total = 10.600 us
	PeriodicalRunner.RunFnPeriodically - 1 total (0 active), Execution time: mean = 25.000 us, total = 25.000 us, Queueing time: mean = 4.200 us, max = 4.200 us, min = 4.200 us, total = 4.200 us

-----------------
Task Event stats:

IO Service Stats:

Global stats: 538 total (1 active)
Queueing time: mean = 2.362 ms, max = 17.807 ms, min = -0.001 s, total = 1.271 s
Execution time:  mean = 368.293 us, total = 198.142 ms
Event stats:
	CoreWorker.deadline_timer.flush_task_events - 179 total (1 active), Execution time: mean = 310.528 us, total = 55.584 ms, Queueing time: mean = 7.063 ms, max = 17.807 ms, min = -0.001 s, total = 1.264 s
	ray::rpc::TaskInfoGcsService.grpc_client.AddTaskEventData.OnReplyReceived - 179 total (0 active), Execution time: mean = 31.314 us, total = 5.605 ms, Queueing time: mean = 36.380 us, max = 183.900 us, min = 7.300 us, total = 6.512 ms
	ray::rpc::TaskInfoGcsService.grpc_client.AddTaskEventData - 179 total (0 active), Execution time: mean = 762.270 us, total = 136.446 ms, Queueing time: mean = 0.000 s, max = -0.000 s, min = 9223372036.855 s, total = 0.000 s
	PeriodicalRunner.RunFnPeriodically - 1 total (0 active), Execution time: mean = 505.500 us, total = 505.500 us, Queueing time: mean = 11.600 us, max = 11.600 us, min = 11.600 us, total = 11.600 us
Other Stats:
	gcs_grpc_in_progress:0
	event_aggregator_grpc_in_progress:0
	current number of task status events in buffer: 0
	current number of profile events in buffer: 0
	current number of dropped task attempts tracked: 0
	total task events sent: 0.0347652 MiB
	total number of task attempts sent: 107
	total number of task attempts dropped reported: 0
	total number of sent failure: 0
	num status task events dropped: 0
	num profile task events dropped: 0
	num ray task events reported to aggregator: 0
	num ray task events failed to report to aggregator: 0
	num of task attempts dropped reported to aggregator: 0
	num of failed requests to aggregator: 0

[2025-12-15 10:02:44,711 I 18376 9196] core_worker.cc:419: Event stats:


Global stats: 3605 total (9 active)
Queueing time: mean = 6.384 ms, max = 21.907 ms, min = -0.001 s, total = 23.015 s
Execution time:  mean = 15.183 ms, total = 54.733 s
Event stats:
	CoreWorker.RecoverObjects - 2210 total (1 active), Execution time: mean = 8.036 us, total = 17.759 ms, Queueing time: mean = 8.648 ms, max = 21.907 ms, min = -0.001 s, total = 19.113 s
	CoreWorker.ExitIfParentRayletDies - 239 total (1 active), Execution time: mean = 60.333 us, total = 14.419 ms, Queueing time: mean = 7.112 ms, max = 16.770 ms, min = -0.000 s, total = 1.700 s
	CoreWorker.InternalHeartbeat - 239 total (1 active), Execution time: mean = 223.933 us, total = 53.520 ms, Queueing time: mean = 6.941 ms, max = 16.648 ms, min = -0.000 s, total = 1.659 s
	NodeManagerService.grpc_client.ReportWorkerBacklog - 239 total (0 active), Execution time: mean = 1.977 ms, total = 472.580 ms, Queueing time: mean = 0.000 s, max = -0.000 s, min = 9223372036.855 s, total = 0.000 s
	NodeManagerService.grpc_client.ReportWorkerBacklog.OnReplyReceived - 239 total (0 active), Execution time: mean = 18.798 us, total = 4.493 ms, Queueing time: mean = 33.531 us, max = 1.476 ms, min = 6.600 us, total = 8.014 ms
	CoreWorkerService.grpc_server.PushTask - 117 total (1 active), Execution time: mean = 459.919 ms, total = 53.811 s, Queueing time: mean = 0.000 s, max = -0.000 s, min = 9223372036.855 s, total = 0.000 s
	CoreWorkerService.grpc_server.PushTask.HandleRequestImpl - 117 total (0 active), Execution time: mean = 41.809 us, total = 4.892 ms, Queueing time: mean = 30.891 us, max = 653.900 us, min = 6.900 us, total = 3.614 ms
	CoreWorker.RecordMetrics - 48 total (1 active), Execution time: mean = 151.058 us, total = 7.251 ms, Queueing time: mean = 7.363 ms, max = 15.752 ms, min = -0.000 s, total = 353.428 ms
	CoreWorkerService.grpc_server.ActorCallArgWaitComplete.HandleRequestImpl - 29 total (0 active), Execution time: mean = 42.307 us, total = 1.227 ms, Queueing time: mean = 34.479 us, max = 126.800 us, min = 7.500 us, total = 999.900 us
	CoreWorkerService.grpc_server.ActorCallArgWaitComplete - 29 total (0 active), Execution time: mean = 172.955 us, total = 5.016 ms, Queueing time: mean = 0.000 s, max = -0.000 s, min = 9223372036.855 s, total = 0.000 s
	NodeManagerService.grpc_client.PinObjectIDs - 28 total (0 active), Execution time: mean = 11.842 ms, total = 331.579 ms, Queueing time: mean = 0.000 s, max = -0.000 s, min = 9223372036.855 s, total = 0.000 s
	NodeManagerService.grpc_client.PinObjectIDs.OnReplyReceived - 28 total (0 active), Execution time: mean = 109.382 us, total = 3.063 ms, Queueing time: mean = 24.639 us, max = 96.000 us, min = 8.800 us, total = 689.900 us
	CoreWorker.TryDelPendingObjectRefStreams - 24 total (1 active), Execution time: mean = 7.542 us, total = 181.000 us, Queueing time: mean = 5.570 ms, max = 15.880 ms, min = 139.100 us, total = 133.676 ms
	PeriodicalRunner.RunFnPeriodically - 7 total (0 active), Execution time: mean = 365.614 us, total = 2.559 ms, Queueing time: mean = 1.004 ms, max = 2.546 ms, min = 10.400 us, total = 7.028 ms
	CoreWorker.PrintEventStats - 4 total (1 active, 1 running), Execution time: mean = 460.125 us, total = 1.841 ms, Queueing time: mean = 7.843 ms, max = 13.783 ms, min = 4.532 ms, total = 31.371 ms
	Publisher.CheckDeadSubscribers - 1 total (1 active), Execution time: mean = 0.000 s, total = 0.000 s, Queueing time: mean = 0.000 s, max = -0.000 s, min = 9223372036.855 s, total = 0.000 s
	ray::rpc::InternalPubSubGcsService.grpc_client.GcsSubscriberCommandBatch.OnReplyReceived - 1 total (0 active), Execution time: mean = 503.700 us, total = 503.700 us, Queueing time: mean = 2.486 ms, max = 2.486 ms, min = 2.486 ms, total = 2.486 ms
	ray::rpc::NodeInfoGcsService.grpc_client.GetAllNodeInfo - 1 total (0 active), Execution time: mean = 617.700 us, total = 617.700 us, Queueing time: mean = 0.000 s, max = -0.000 s, min = 9223372036.855 s, total = 0.000 s
	ray::rpc::InternalPubSubGcsService.grpc_client.GcsSubscriberCommandBatch - 1 total (0 active), Execution time: mean = 423.900 us, total = 423.900 us, Queueing time: mean = 0.000 s, max = -0.000 s, min = 9223372036.855 s, total = 0.000 s
	ray::rpc::WorkerInfoGcsService.grpc_client.AddWorkerInfo.OnReplyReceived - 1 total (0 active), Execution time: mean = 46.400 us, total = 46.400 us, Queueing time: mean = 2.511 ms, max = 2.511 ms, min = 2.511 ms, total = 2.511 ms
	ray::rpc::NodeInfoGcsService.grpc_client.GetAllNodeInfo.OnReplyReceived - 1 total (0 active), Execution time: mean = 152.700 us, total = 152.700 us, Queueing time: mean = 225.900 us, max = 225.900 us, min = 225.900 us, total = 225.900 us
	ray::rpc::WorkerInfoGcsService.grpc_client.AddWorkerInfo - 1 total (0 active), Execution time: mean = 588.100 us, total = 588.100 us, Queueing time: mean = 0.000 s, max = -0.000 s, min = 9223372036.855 s, total = 0.000 s
	ray::rpc::InternalPubSubGcsService.grpc_client.GcsSubscriberPoll - 1 total (1 active), Execution time: mean = 0.000 s, total = 0.000 s, Queueing time: mean = 0.000 s, max = -0.000 s, min = 9223372036.855 s, total = 0.000 s

-----------------
Task execution event stats:

Global stats: 11581 total (2 active)
Queueing time: mean = 10.809 ms, max = 11.825 s, min = -0.010 s, total = 125.175 s
Execution time:  mean = 4.663 ms, total = 53.997 s
Event stats:
	CoreWorker.CheckSignal - 11434 total (1 active), Execution time: mean = 20.372 us, total = 232.928 ms, Queueing time: mean = 10.947 ms, max = 11.825 s, min = -0.010 s, total = 125.171 s
	CoreWorker.HandlePushTaskActor - 116 total (1 active, 1 running), Execution time: mean = 360.868 ms, total = 41.861 s, Queueing time: mean = 24.070 us, max = 203.100 us, min = 6.000 us, total = 2.792 ms
	CoreWorker.ArgWaitComplete - 29 total (0 active), Execution time: mean = 2.438 ms, total = 70.697 ms, Queueing time: mean = 34.655 us, max = 172.600 us, min = 8.200 us, total = 1.005 ms
	CoreWorker.HandlePushTask - 1 total (0 active), Execution time: mean = 11.833 s, total = 11.833 s, Queueing time: mean = 10.600 us, max = 10.600 us, min = 10.600 us, total = 10.600 us
	PeriodicalRunner.RunFnPeriodically - 1 total (0 active), Execution time: mean = 25.000 us, total = 25.000 us, Queueing time: mean = 4.200 us, max = 4.200 us, min = 4.200 us, total = 4.200 us

-----------------
Task Event stats:

IO Service Stats:

Global stats: 718 total (1 active)
Queueing time: mean = 2.303 ms, max = 17.807 ms, min = -0.001 s, total = 1.654 s
Execution time:  mean = 356.947 us, total = 256.288 ms
Event stats:
	CoreWorker.deadline_timer.flush_task_events - 239 total (1 active), Execution time: mean = 299.533 us, total = 71.588 ms, Queueing time: mean = 6.886 ms, max = 17.807 ms, min = -0.001 s, total = 1.646 s
	ray::rpc::TaskInfoGcsService.grpc_client.AddTaskEventData.OnReplyReceived - 239 total (0 active), Execution time: mean = 30.283 us, total = 7.238 ms, Queueing time: mean = 33.132 us, max = 183.900 us, min = 7.300 us, total = 7.918 ms
	ray::rpc::TaskInfoGcsService.grpc_client.AddTaskEventData - 239 total (0 active), Execution time: mean = 740.402 us, total = 176.956 ms, Queueing time: mean = 0.000 s, max = -0.000 s, min = 9223372036.855 s, total = 0.000 s
	PeriodicalRunner.RunFnPeriodically - 1 total (0 active), Execution time: mean = 505.500 us, total = 505.500 us, Queueing time: mean = 11.600 us, max = 11.600 us, min = 11.600 us, total = 11.600 us
Other Stats:
	gcs_grpc_in_progress:0
	event_aggregator_grpc_in_progress:0
	current number of task status events in buffer: 0
	current number of profile events in buffer: 0
	current number of dropped task attempts tracked: 0
	total task events sent: 0.0475597 MiB
	total number of task attempts sent: 146
	total number of task attempts dropped reported: 0
	total number of sent failure: 0
	num status task events dropped: 0
	num profile task events dropped: 0
	num ray task events reported to aggregator: 0
	num ray task events failed to report to aggregator: 0
	num of task attempts dropped reported to aggregator: 0
	num of failed requests to aggregator: 0

[2025-12-15 10:03:44,717 I 18376 9196] core_worker.cc:419: Event stats:


Global stats: 4486 total (8 active)
Queueing time: mean = 6.412 ms, max = 34.221 ms, min = -0.001 s, total = 28.766 s
Execution time:  mean = 15.264 ms, total = 68.472 s
Event stats:
	CoreWorker.RecoverObjects - 2761 total (1 active), Execution time: mean = 8.413 us, total = 23.229 ms, Queueing time: mean = 8.676 ms, max = 34.221 ms, min = -0.001 s, total = 23.953 s
	CoreWorker.ExitIfParentRayletDies - 298 total (1 active), Execution time: mean = 61.813 us, total = 18.420 ms, Queueing time: mean = 6.974 ms, max = 16.770 ms, min = -0.000 s, total = 2.078 s
	CoreWorker.InternalHeartbeat - 298 total (1 active), Execution time: mean = 223.713 us, total = 66.666 ms, Queueing time: mean = 6.806 ms, max = 16.648 ms, min = -0.001 s, total = 2.028 s
	NodeManagerService.grpc_client.ReportWorkerBacklog - 298 total (0 active), Execution time: mean = 1.734 ms, total = 516.672 ms, Queueing time: mean = 0.000 s, max = -0.000 s, min = 9223372036.855 s, total = 0.000 s
	NodeManagerService.grpc_client.ReportWorkerBacklog.OnReplyReceived - 298 total (0 active), Execution time: mean = 18.721 us, total = 5.579 ms, Queueing time: mean = 35.463 us, max = 1.476 ms, min = 6.200 us, total = 10.568 ms
	CoreWorkerService.grpc_server.PushTask - 141 total (0 active), Execution time: mean = 478.500 ms, total = 67.469 s, Queueing time: mean = 0.000 s, max = -0.000 s, min = 9223372036.855 s, total = 0.000 s
	CoreWorkerService.grpc_server.PushTask.HandleRequestImpl - 141 total (0 active), Execution time: mean = 47.553 us, total = 6.705 ms, Queueing time: mean = 38.743 us, max = 1.039 ms, min = 6.900 us, total = 5.463 ms
	CoreWorker.RecordMetrics - 60 total (1 active), Execution time: mean = 149.303 us, total = 8.958 ms, Queueing time: mean = 7.410 ms, max = 16.310 ms, min = -0.000 s, total = 444.577 ms
	CoreWorkerService.grpc_server.ActorCallArgWaitComplete.HandleRequestImpl - 35 total (0 active), Execution time: mean = 43.269 us, total = 1.514 ms, Queueing time: mean = 36.629 us, max = 156.000 us, min = 7.500 us, total = 1.282 ms
	CoreWorkerService.grpc_server.ActorCallArgWaitComplete - 35 total (0 active), Execution time: mean = 181.317 us, total = 6.346 ms, Queueing time: mean = 0.000 s, max = -0.000 s, min = 9223372036.855 s, total = 0.000 s
	NodeManagerService.grpc_client.PinObjectIDs - 35 total (0 active), Execution time: mean = 9.649 ms, total = 337.722 ms, Queueing time: mean = 0.000 s, max = -0.000 s, min = 9223372036.855 s, total = 0.000 s
	NodeManagerService.grpc_client.PinObjectIDs.OnReplyReceived - 35 total (0 active), Execution time: mean = 117.103 us, total = 4.099 ms, Queueing time: mean = 65.866 us, max = 1.534 ms, min = 8.800 us, total = 2.305 ms
	CoreWorker.TryDelPendingObjectRefStreams - 30 total (1 active), Execution time: mean = 7.373 us, total = 221.200 us, Queueing time: mean = 6.317 ms, max = 23.028 ms, min = -0.000 s, total = 189.509 ms
	PeriodicalRunner.RunFnPeriodically - 7 total (0 active), Execution time: mean = 365.614 us, total = 2.559 ms, Queueing time: mean = 1.004 ms, max = 2.546 ms, min = 10.400 us, total = 7.028 ms
	CoreWorker.PrintEventStats - 5 total (1 active, 1 running), Execution time: mean = 562.640 us, total = 2.813 ms, Queueing time: mean = 7.656 ms, max = 13.783 ms, min = 4.532 ms, total = 38.281 ms
	Publisher.CheckDeadSubscribers - 2 total (1 active), Execution time: mean = 2.400 us, total = 4.800 us, Queueing time: mean = 843.100 us, max = 1.686 ms, min = 1.686 ms, total = 1.686 ms
	ray::rpc::InternalPubSubGcsService.grpc_client.GcsSubscriberCommandBatch.OnReplyReceived - 1 total (0 active), Execution time: mean = 503.700 us, total = 503.700 us, Queueing time: mean = 2.486 ms, max = 2.486 ms, min = 2.486 ms, total = 2.486 ms
	ray::rpc::NodeInfoGcsService.grpc_client.GetAllNodeInfo - 1 total (0 active), Execution time: mean = 617.700 us, total = 617.700 us, Queueing time: mean = 0.000 s, max = -0.000 s, min = 9223372036.855 s, total = 0.000 s
	ray::rpc::InternalPubSubGcsService.grpc_client.GcsSubscriberCommandBatch - 1 total (0 active), Execution time: mean = 423.900 us, total = 423.900 us, Queueing time: mean = 0.000 s, max = -0.000 s, min = 9223372036.855 s, total = 0.000 s
	ray::rpc::WorkerInfoGcsService.grpc_client.AddWorkerInfo.OnReplyReceived - 1 total (0 active), Execution time: mean = 46.400 us, total = 46.400 us, Queueing time: mean = 2.511 ms, max = 2.511 ms, min = 2.511 ms, total = 2.511 ms
	ray::rpc::NodeInfoGcsService.grpc_client.GetAllNodeInfo.OnReplyReceived - 1 total (0 active), Execution time: mean = 152.700 us, total = 152.700 us, Queueing time: mean = 225.900 us, max = 225.900 us, min = 225.900 us, total = 225.900 us
	ray::rpc::WorkerInfoGcsService.grpc_client.AddWorkerInfo - 1 total (0 active), Execution time: mean = 588.100 us, total = 588.100 us, Queueing time: mean = 0.000 s, max = -0.000 s, min = 9223372036.855 s, total = 0.000 s
	ray::rpc::InternalPubSubGcsService.grpc_client.GcsSubscriberPoll - 1 total (1 active), Execution time: mean = 0.000 s, total = 0.000 s, Queueing time: mean = 0.000 s, max = -0.000 s, min = 9223372036.855 s, total = 0.000 s

-----------------
Task execution event stats:

Global stats: 14492 total (1 active)
Queueing time: mean = 10.812 ms, max = 11.825 s, min = -0.010 s, total = 156.689 s
Execution time:  mean = 4.672 ms, total = 67.704 s
Event stats:
	CoreWorker.CheckSignal - 14315 total (1 active), Execution time: mean = 20.458 us, total = 292.850 ms, Queueing time: mean = 10.945 ms, max = 11.825 s, min = -0.010 s, total = 156.682 s
	CoreWorker.HandlePushTaskActor - 140 total (0 active), Execution time: mean = 396.351 ms, total = 55.489 s, Queueing time: mean = 25.145 us, max = 203.100 us, min = 5.800 us, total = 3.520 ms
	CoreWorker.ArgWaitComplete - 35 total (0 active), Execution time: mean = 2.534 ms, total = 88.673 ms, Queueing time: mean = 104.637 us, max = 2.282 ms, min = 8.200 us, total = 3.662 ms
	CoreWorker.HandlePushTask - 1 total (0 active), Execution time: mean = 11.833 s, total = 11.833 s, Queueing time: mean = 10.600 us, max = 10.600 us, min = 10.600 us, total = 10.600 us
	PeriodicalRunner.RunFnPeriodically - 1 total (0 active), Execution time: mean = 25.000 us, total = 25.000 us, Queueing time: mean = 4.200 us, max = 4.200 us, min = 4.200 us, total = 4.200 us

-----------------
Task Event stats:

IO Service Stats:

Global stats: 895 total (1 active)
Queueing time: mean = 2.278 ms, max = 17.807 ms, min = -0.001 s, total = 2.039 s
Execution time:  mean = 364.554 us, total = 326.276 ms
Event stats:
	CoreWorker.deadline_timer.flush_task_events - 298 total (1 active), Execution time: mean = 303.545 us, total = 90.456 ms, Queueing time: mean = 6.794 ms, max = 17.807 ms, min = -0.001 s, total = 2.025 s
	ray::rpc::TaskInfoGcsService.grpc_client.AddTaskEventData.OnReplyReceived - 298 total (0 active), Execution time: mean = 30.058 us, total = 8.957 ms, Queueing time: mean = 48.696 us, max = 2.241 ms, min = 7.000 us, total = 14.511 ms
	ray::rpc::TaskInfoGcsService.grpc_client.AddTaskEventData - 298 total (0 active), Execution time: mean = 759.588 us, total = 226.357 ms, Queueing time: mean = 0.000 s, max = -0.000 s, min = 9223372036.855 s, total = 0.000 s
	PeriodicalRunner.RunFnPeriodically - 1 total (0 active), Execution time: mean = 505.500 us, total = 505.500 us, Queueing time: mean = 11.600 us, max = 11.600 us, min = 11.600 us, total = 11.600 us
Other Stats:
	gcs_grpc_in_progress:0
	event_aggregator_grpc_in_progress:0
	current number of task status events in buffer: 0
	current number of profile events in buffer: 0
	current number of dropped task attempts tracked: 0
	total task events sent: 0.0576763 MiB
	total number of task attempts sent: 177
	total number of task attempts dropped reported: 0
	total number of sent failure: 0
	num status task events dropped: 0
	num profile task events dropped: 0
	num ray task events reported to aggregator: 0
	num ray task events failed to report to aggregator: 0
	num of task attempts dropped reported to aggregator: 0
	num of failed requests to aggregator: 0

[2025-12-15 10:04:44,733 I 18376 9196] core_worker.cc:419: Event stats:


Global stats: 5356 total (8 active)
Queueing time: mean = 6.491 ms, max = 41.011 ms, min = -0.001 s, total = 34.767 s
Execution time:  mean = 15.258 ms, total = 81.724 s
Event stats:
	CoreWorker.RecoverObjects - 3312 total (1 active), Execution time: mean = 8.479 us, total = 28.083 ms, Queueing time: mean = 8.706 ms, max = 34.242 ms, min = -0.001 s, total = 28.833 s
	CoreWorker.ExitIfParentRayletDies - 358 total (1 active), Execution time: mean = 69.742 us, total = 24.968 ms, Queueing time: mean = 7.137 ms, max = 41.011 ms, min = -0.001 s, total = 2.555 s
	CoreWorker.InternalHeartbeat - 358 total (1 active), Execution time: mean = 284.686 us, total = 101.918 ms, Queueing time: mean = 6.962 ms, max = 22.481 ms, min = -0.001 s, total = 2.492 s
	NodeManagerService.grpc_client.ReportWorkerBacklog - 358 total (0 active), Execution time: mean = 1.685 ms, total = 603.216 ms, Queueing time: mean = 0.000 s, max = -0.000 s, min = 9223372036.855 s, total = 0.000 s
	NodeManagerService.grpc_client.ReportWorkerBacklog.OnReplyReceived - 358 total (0 active), Execution time: mean = 20.879 us, total = 7.475 ms, Queueing time: mean = 101.220 us, max = 16.042 ms, min = 5.300 us, total = 36.237 ms
	CoreWorkerService.grpc_server.PushTask - 161 total (0 active), Execution time: mean = 500.364 ms, total = 80.559 s, Queueing time: mean = 0.000 s, max = -0.000 s, min = 9223372036.855 s, total = 0.000 s
	CoreWorkerService.grpc_server.PushTask.HandleRequestImpl - 161 total (0 active), Execution time: mean = 122.573 us, total = 19.734 ms, Queueing time: mean = 56.842 us, max = 1.381 ms, min = 6.900 us, total = 9.152 ms
	CoreWorker.RecordMetrics - 72 total (1 active), Execution time: mean = 162.831 us, total = 11.724 ms, Queueing time: mean = 7.293 ms, max = 16.310 ms, min = -0.000 s, total = 525.118 ms
	CoreWorkerService.grpc_server.ActorCallArgWaitComplete.HandleRequestImpl - 40 total (0 active), Execution time: mean = 43.865 us, total = 1.755 ms, Queueing time: mean = 89.127 us, max = 2.037 ms, min = 7.500 us, total = 3.565 ms
	CoreWorkerService.grpc_server.ActorCallArgWaitComplete - 40 total (0 active), Execution time: mean = 238.875 us, total = 9.555 ms, Queueing time: mean = 0.000 s, max = -0.000 s, min = 9223372036.855 s, total = 0.000 s
	NodeManagerService.grpc_client.PinObjectIDs - 40 total (0 active), Execution time: mean = 8.578 ms, total = 343.113 ms, Queueing time: mean = 0.000 s, max = -0.000 s, min = 9223372036.855 s, total = 0.000 s
	NodeManagerService.grpc_client.PinObjectIDs.OnReplyReceived - 40 total (0 active), Execution time: mean = 123.218 us, total = 4.929 ms, Queueing time: mean = 69.017 us, max = 1.534 ms, min = 8.800 us, total = 2.761 ms
	CoreWorker.TryDelPendingObjectRefStreams - 36 total (1 active), Execution time: mean = 7.425 us, total = 267.300 us, Queueing time: mean = 7.002 ms, max = 23.028 ms, min = -0.000 s, total = 252.080 ms
	PeriodicalRunner.RunFnPeriodically - 7 total (0 active), Execution time: mean = 365.614 us, total = 2.559 ms, Queueing time: mean = 1.004 ms, max = 2.546 ms, min = 10.400 us, total = 7.028 ms
	CoreWorker.PrintEventStats - 6 total (1 active, 1 running), Execution time: mean = 575.400 us, total = 3.452 ms, Queueing time: mean = 7.227 ms, max = 13.783 ms, min = 4.532 ms, total = 43.359 ms
	Publisher.CheckDeadSubscribers - 2 total (1 active), Execution time: mean = 2.400 us, total = 4.800 us, Queueing time: mean = 843.100 us, max = 1.686 ms, min = 1.686 ms, total = 1.686 ms
	ray::rpc::InternalPubSubGcsService.grpc_client.GcsSubscriberCommandBatch.OnReplyReceived - 1 total (0 active), Execution time: mean = 503.700 us, total = 503.700 us, Queueing time: mean = 2.486 ms, max = 2.486 ms, min = 2.486 ms, total = 2.486 ms
	ray::rpc::NodeInfoGcsService.grpc_client.GetAllNodeInfo - 1 total (0 active), Execution time: mean = 617.700 us, total = 617.700 us, Queueing time: mean = 0.000 s, max = -0.000 s, min = 9223372036.855 s, total = 0.000 s
	ray::rpc::InternalPubSubGcsService.grpc_client.GcsSubscriberCommandBatch - 1 total (0 active), Execution time: mean = 423.900 us, total = 423.900 us, Queueing time: mean = 0.000 s, max = -0.000 s, min = 9223372036.855 s, total = 0.000 s
	ray::rpc::WorkerInfoGcsService.grpc_client.AddWorkerInfo.OnReplyReceived - 1 total (0 active), Execution time: mean = 46.400 us, total = 46.400 us, Queueing time: mean = 2.511 ms, max = 2.511 ms, min = 2.511 ms, total = 2.511 ms
	ray::rpc::NodeInfoGcsService.grpc_client.GetAllNodeInfo.OnReplyReceived - 1 total (0 active), Execution time: mean = 152.700 us, total = 152.700 us, Queueing time: mean = 225.900 us, max = 225.900 us, min = 225.900 us, total = 225.900 us
	ray::rpc::WorkerInfoGcsService.grpc_client.AddWorkerInfo - 1 total (0 active), Execution time: mean = 588.100 us, total = 588.100 us, Queueing time: mean = 0.000 s, max = -0.000 s, min = 9223372036.855 s, total = 0.000 s
	ray::rpc::InternalPubSubGcsService.grpc_client.GcsSubscriberPoll - 1 total (1 active), Execution time: mean = 0.000 s, total = 0.000 s, Queueing time: mean = 0.000 s, max = -0.000 s, min = 9223372036.855 s, total = 0.000 s

-----------------
Task execution event stats:

Global stats: 17407 total (1 active)
Queueing time: mean = 10.786 ms, max = 11.825 s, min = -0.010 s, total = 187.756 s
Execution time:  mean = 4.645 ms, total = 80.847 s
Event stats:
	CoreWorker.CheckSignal - 17205 total (1 active), Execution time: mean = 21.110 us, total = 363.193 ms, Queueing time: mean = 10.912 ms, max = 11.825 s, min = -0.010 s, total = 187.747 s
	CoreWorker.HandlePushTaskActor - 160 total (0 active), Execution time: mean = 428.396 ms, total = 68.543 s, Queueing time: mean = 31.343 us, max = 626.000 us, min = 4.900 us, total = 5.015 ms
	CoreWorker.ArgWaitComplete - 40 total (0 active), Execution time: mean = 2.694 ms, total = 107.747 ms, Queueing time: mean = 101.272 us, max = 2.282 ms, min = 8.200 us, total = 4.051 ms
	CoreWorker.HandlePushTask - 1 total (0 active), Execution time: mean = 11.833 s, total = 11.833 s, Queueing time: mean = 10.600 us, max = 10.600 us, min = 10.600 us, total = 10.600 us
	PeriodicalRunner.RunFnPeriodically - 1 total (0 active), Execution time: mean = 25.000 us, total = 25.000 us, Queueing time: mean = 4.200 us, max = 4.200 us, min = 4.200 us, total = 4.200 us

-----------------
Task Event stats:

IO Service Stats:

Global stats: 1075 total (1 active)
Queueing time: mean = 2.371 ms, max = 29.907 ms, min = -0.001 s, total = 2.549 s
Execution time:  mean = 398.440 us, total = 428.323 ms
Event stats:
	CoreWorker.deadline_timer.flush_task_events - 358 total (1 active), Execution time: mean = 308.467 us, total = 110.431 ms, Queueing time: mean = 6.998 ms, max = 29.907 ms, min = -0.001 s, total = 2.505 s
	ray::rpc::TaskInfoGcsService.grpc_client.AddTaskEventData.OnReplyReceived - 358 total (0 active), Execution time: mean = 30.420 us, total = 10.890 ms, Queueing time: mean = 122.305 us, max = 12.030 ms, min = 7.000 us, total = 43.785 ms
	ray::rpc::TaskInfoGcsService.grpc_client.AddTaskEventData - 358 total (0 active), Execution time: mean = 856.134 us, total = 306.496 ms, Queueing time: mean = 0.000 s, max = -0.000 s, min = 9223372036.855 s, total = 0.000 s
	PeriodicalRunner.RunFnPeriodically - 1 total (0 active), Execution time: mean = 505.500 us, total = 505.500 us, Queueing time: mean = 11.600 us, max = 11.600 us, min = 11.600 us, total = 11.600 us
Other Stats:
	gcs_grpc_in_progress:0
	event_aggregator_grpc_in_progress:0
	current number of task status events in buffer: 0
	current number of profile events in buffer: 0
	current number of dropped task attempts tracked: 0
	total task events sent: 0.0658588 MiB
	total number of task attempts sent: 202
	total number of task attempts dropped reported: 0
	total number of sent failure: 0
	num status task events dropped: 0
	num profile task events dropped: 0
	num ray task events reported to aggregator: 0
	num ray task events failed to report to aggregator: 0
	num of task attempts dropped reported to aggregator: 0
	num of failed requests to aggregator: 0

[2025-12-15 10:05:44,742 I 18376 9196] core_worker.cc:419: Event stats:


Global stats: 6215 total (8 active)
Queueing time: mean = 6.516 ms, max = 41.011 ms, min = -0.001 s, total = 40.497 s
Execution time:  mean = 15.024 ms, total = 93.372 s
Event stats:
	CoreWorker.RecoverObjects - 3864 total (1 active), Execution time: mean = 8.532 us, total = 32.967 ms, Queueing time: mean = 8.711 ms, max = 34.242 ms, min = -0.001 s, total = 33.659 s
	CoreWorker.ExitIfParentRayletDies - 418 total (1 active), Execution time: mean = 69.057 us, total = 28.866 ms, Queueing time: mean = 6.874 ms, max = 41.011 ms, min = -0.001 s, total = 2.873 s
	CoreWorker.InternalHeartbeat - 418 total (1 active), Execution time: mean = 284.156 us, total = 118.777 ms, Queueing time: mean = 6.920 ms, max = 27.706 ms, min = -0.001 s, total = 2.892 s
	NodeManagerService.grpc_client.ReportWorkerBacklog - 418 total (0 active), Execution time: mean = 1.550 ms, total = 647.771 ms, Queueing time: mean = 0.000 s, max = -0.000 s, min = 9223372036.855 s, total = 0.000 s
	NodeManagerService.grpc_client.ReportWorkerBacklog.OnReplyReceived - 418 total (0 active), Execution time: mean = 21.287 us, total = 8.898 ms, Queueing time: mean = 105.192 us, max = 16.042 ms, min = 5.300 us, total = 43.970 ms
	CoreWorkerService.grpc_server.PushTask - 177 total (0 active), Execution time: mean = 520.432 ms, total = 92.116 s, Queueing time: mean = 0.000 s, max = -0.000 s, min = 9223372036.855 s, total = 0.000 s
	CoreWorkerService.grpc_server.PushTask.HandleRequestImpl - 177 total (0 active), Execution time: mean = 118.518 us, total = 20.978 ms, Queueing time: mean = 58.073 us, max = 1.381 ms, min = 6.900 us, total = 10.279 ms
	CoreWorker.RecordMetrics - 84 total (1 active), Execution time: mean = 162.875 us, total = 13.681 ms, Queueing time: mean = 7.387 ms, max = 16.310 ms, min = -0.000 s, total = 620.481 ms
	CoreWorkerService.grpc_server.ActorCallArgWaitComplete.HandleRequestImpl - 44 total (0 active), Execution time: mean = 57.457 us, total = 2.528 ms, Queueing time: mean = 145.089 us, max = 2.037 ms, min = 7.500 us, total = 6.384 ms
	CoreWorkerService.grpc_server.ActorCallArgWaitComplete - 44 total (0 active), Execution time: mean = 306.320 us, total = 13.478 ms, Queueing time: mean = 0.000 s, max = -0.000 s, min = 9223372036.855 s, total = 0.000 s
	NodeManagerService.grpc_client.PinObjectIDs - 44 total (0 active), Execution time: mean = 7.997 ms, total = 351.878 ms, Queueing time: mean = 0.000 s, max = -0.000 s, min = 9223372036.855 s, total = 0.000 s
	NodeManagerService.grpc_client.PinObjectIDs.OnReplyReceived - 44 total (0 active), Execution time: mean = 130.634 us, total = 5.748 ms, Queueing time: mean = 157.441 us, max = 4.066 ms, min = 8.800 us, total = 6.927 ms
	CoreWorker.TryDelPendingObjectRefStreams - 42 total (1 active), Execution time: mean = 7.769 us, total = 326.300 us, Queueing time: mean = 7.443 ms, max = 23.028 ms, min = -0.000 s, total = 312.619 ms
	CoreWorker.PrintEventStats - 7 total (1 active, 1 running), Execution time: mean = 693.586 us, total = 4.855 ms, Queueing time: mean = 8.260 ms, max = 14.458 ms, min = 4.532 ms, total = 57.817 ms
	PeriodicalRunner.RunFnPeriodically - 7 total (0 active), Execution time: mean = 365.614 us, total = 2.559 ms, Queueing time: mean = 1.004 ms, max = 2.546 ms, min = 10.400 us, total = 7.028 ms
	Publisher.CheckDeadSubscribers - 2 total (1 active), Execution time: mean = 2.400 us, total = 4.800 us, Queueing time: mean = 843.100 us, max = 1.686 ms, min = 1.686 ms, total = 1.686 ms
	ray::rpc::InternalPubSubGcsService.grpc_client.GcsSubscriberCommandBatch.OnReplyReceived - 1 total (0 active), Execution time: mean = 503.700 us, total = 503.700 us, Queueing time: mean = 2.486 ms, max = 2.486 ms, min = 2.486 ms, total = 2.486 ms
	ray::rpc::NodeInfoGcsService.grpc_client.GetAllNodeInfo - 1 total (0 active), Execution time: mean = 617.700 us, total = 617.700 us, Queueing time: mean = 0.000 s, max = -0.000 s, min = 9223372036.855 s, total = 0.000 s
	ray::rpc::InternalPubSubGcsService.grpc_client.GcsSubscriberCommandBatch - 1 total (0 active), Execution time: mean = 423.900 us, total = 423.900 us, Queueing time: mean = 0.000 s, max = -0.000 s, min = 9223372036.855 s, total = 0.000 s
	ray::rpc::WorkerInfoGcsService.grpc_client.AddWorkerInfo.OnReplyReceived - 1 total (0 active), Execution time: mean = 46.400 us, total = 46.400 us, Queueing time: mean = 2.511 ms, max = 2.511 ms, min = 2.511 ms, total = 2.511 ms
	ray::rpc::NodeInfoGcsService.grpc_client.GetAllNodeInfo.OnReplyReceived - 1 total (0 active), Execution time: mean = 152.700 us, total = 152.700 us, Queueing time: mean = 225.900 us, max = 225.900 us, min = 225.900 us, total = 225.900 us
	ray::rpc::WorkerInfoGcsService.grpc_client.AddWorkerInfo - 1 total (0 active), Execution time: mean = 588.100 us, total = 588.100 us, Queueing time: mean = 0.000 s, max = -0.000 s, min = 9223372036.855 s, total = 0.000 s
	ray::rpc::InternalPubSubGcsService.grpc_client.GcsSubscriberPoll - 1 total (1 active), Execution time: mean = 0.000 s, total = 0.000 s, Queueing time: mean = 0.000 s, max = -0.000 s, min = 9223372036.855 s, total = 0.000 s

-----------------
Task execution event stats:

Global stats: 20414 total (1 active)
Queueing time: mean = 10.671 ms, max = 11.825 s, min = -0.010 s, total = 217.846 s
Execution time:  mean = 4.529 ms, total = 92.458 s
Event stats:
	CoreWorker.CheckSignal - 20192 total (1 active), Execution time: mean = 21.256 us, total = 429.209 ms, Queueing time: mean = 10.788 ms, max = 11.825 s, min = -0.010 s, total = 217.835 s
	CoreWorker.HandlePushTaskActor - 176 total (0 active), Execution time: mean = 454.973 ms, total = 80.075 s, Queueing time: mean = 30.379 us, max = 626.000 us, min = 4.900 us, total = 5.347 ms
	CoreWorker.ArgWaitComplete - 44 total (0 active), Execution time: mean = 2.740 ms, total = 120.573 ms, Queueing time: mean = 128.514 us, max = 2.282 ms, min = 8.200 us, total = 5.655 ms
	CoreWorker.HandlePushTask - 1 total (0 active), Execution time: mean = 11.833 s, total = 11.833 s, Queueing time: mean = 10.600 us, max = 10.600 us, min = 10.600 us, total = 10.600 us
	PeriodicalRunner.RunFnPeriodically - 1 total (0 active), Execution time: mean = 25.000 us, total = 25.000 us, Queueing time: mean = 4.200 us, max = 4.200 us, min = 4.200 us, total = 4.200 us

-----------------
Task Event stats:

IO Service Stats:

Global stats: 1255 total (1 active)
Queueing time: mean = 2.382 ms, max = 29.907 ms, min = -0.001 s, total = 2.989 s
Execution time:  mean = 398.467 us, total = 500.077 ms
Event stats:
	CoreWorker.deadline_timer.flush_task_events - 418 total (1 active), Execution time: mean = 315.959 us, total = 132.071 ms, Queueing time: mean = 7.040 ms, max = 29.907 ms, min = -0.001 s, total = 2.943 s
	ray::rpc::TaskInfoGcsService.grpc_client.AddTaskEventData.OnReplyReceived - 418 total (0 active), Execution time: mean = 31.663 us, total = 13.235 ms, Queueing time: mean = 111.122 us, max = 12.030 ms, min = 7.000 us, total = 46.449 ms
	ray::rpc::TaskInfoGcsService.grpc_client.AddTaskEventData - 418 total (0 active), Execution time: mean = 847.524 us, total = 354.265 ms, Queueing time: mean = 0.000 s, max = -0.000 s, min = 9223372036.855 s, total = 0.000 s
	PeriodicalRunner.RunFnPeriodically - 1 total (0 active), Execution time: mean = 505.500 us, total = 505.500 us, Queueing time: mean = 11.600 us, max = 11.600 us, min = 11.600 us, total = 11.600 us
Other Stats:
	gcs_grpc_in_progress:0
	event_aggregator_grpc_in_progress:0
	current number of task status events in buffer: 0
	current number of profile events in buffer: 0
	current number of dropped task attempts tracked: 0
	total task events sent: 0.0724049 MiB
	total number of task attempts sent: 222
	total number of task attempts dropped reported: 0
	total number of sent failure: 0
	num status task events dropped: 0
	num profile task events dropped: 0
	num ray task events reported to aggregator: 0
	num ray task events failed to report to aggregator: 0
	num of task attempts dropped reported to aggregator: 0
	num of failed requests to aggregator: 0

[2025-12-15 10:06:44,752 I 18376 9196] core_worker.cc:419: Event stats:


Global stats: 7067 total (8 active)
Queueing time: mean = 6.621 ms, max = 41.011 ms, min = -0.001 s, total = 46.791 s
Execution time:  mean = 14.990 ms, total = 105.932 s
Event stats:
	CoreWorker.RecoverObjects - 4413 total (1 active), Execution time: mean = 8.458 us, total = 37.324 ms, Queueing time: mean = 8.805 ms, max = 38.836 ms, min = -0.001 s, total = 38.857 s
	CoreWorker.ExitIfParentRayletDies - 477 total (1 active), Execution time: mean = 68.397 us, total = 32.626 ms, Queueing time: mean = 6.855 ms, max = 41.011 ms, min = -0.001 s, total = 3.270 s
	CoreWorker.InternalHeartbeat - 477 total (1 active), Execution time: mean = 296.170 us, total = 141.273 ms, Queueing time: mean = 7.072 ms, max = 36.428 ms, min = -0.001 s, total = 3.373 s
	NodeManagerService.grpc_client.ReportWorkerBacklog - 477 total (0 active), Execution time: mean = 1.502 ms, total = 716.218 ms, Queueing time: mean = 0.000 s, max = -0.000 s, min = 9223372036.855 s, total = 0.000 s
	NodeManagerService.grpc_client.ReportWorkerBacklog.OnReplyReceived - 477 total (0 active), Execution time: mean = 21.922 us, total = 10.457 ms, Queueing time: mean = 202.765 us, max = 32.526 ms, min = 5.300 us, total = 96.719 ms
	CoreWorkerService.grpc_server.PushTask - 193 total (0 active), Execution time: mean = 541.755 ms, total = 104.559 s, Queueing time: mean = 0.000 s, max = -0.000 s, min = 9223372036.855 s, total = 0.000 s
	CoreWorkerService.grpc_server.PushTask.HandleRequestImpl - 193 total (0 active), Execution time: mean = 118.682 us, total = 22.906 ms, Queueing time: mean = 94.824 us, max = 2.940 ms, min = 6.900 us, total = 18.301 ms
	CoreWorker.RecordMetrics - 96 total (1 active), Execution time: mean = 160.351 us, total = 15.394 ms, Queueing time: mean = 7.466 ms, max = 20.041 ms, min = -0.000 s, total = 716.717 ms
	CoreWorkerService.grpc_server.ActorCallArgWaitComplete.HandleRequestImpl - 48 total (0 active), Execution time: mean = 58.708 us, total = 2.818 ms, Queueing time: mean = 220.567 us, max = 3.279 ms, min = 7.500 us, total = 10.587 ms
	CoreWorker.TryDelPendingObjectRefStreams - 48 total (1 active), Execution time: mean = 7.833 us, total = 376.000 us, Queueing time: mean = 7.558 ms, max = 23.028 ms, min = -0.000 s, total = 362.781 ms
	CoreWorkerService.grpc_server.ActorCallArgWaitComplete - 48 total (0 active), Execution time: mean = 385.854 us, total = 18.521 ms, Queueing time: mean = 0.000 s, max = -0.000 s, min = 9223372036.855 s, total = 0.000 s
	NodeManagerService.grpc_client.PinObjectIDs - 48 total (0 active), Execution time: mean = 7.428 ms, total = 356.521 ms, Queueing time: mean = 0.000 s, max = -0.000 s, min = 9223372036.855 s, total = 0.000 s
	NodeManagerService.grpc_client.PinObjectIDs.OnReplyReceived - 48 total (0 active), Execution time: mean = 133.944 us, total = 6.429 ms, Queueing time: mean = 148.906 us, max = 4.066 ms, min = 8.800 us, total = 7.147 ms
	CoreWorker.PrintEventStats - 8 total (1 active, 1 running), Execution time: mean = 915.050 us, total = 7.320 ms, Queueing time: mean = 8.120 ms, max = 14.458 ms, min = 4.532 ms, total = 64.963 ms
	PeriodicalRunner.RunFnPeriodically - 7 total (0 active), Execution time: mean = 365.614 us, total = 2.559 ms, Queueing time: mean = 1.004 ms, max = 2.546 ms, min = 10.400 us, total = 7.028 ms
	Publisher.CheckDeadSubscribers - 2 total (1 active), Execution time: mean = 2.400 us, total = 4.800 us, Queueing time: mean = 843.100 us, max = 1.686 ms, min = 1.686 ms, total = 1.686 ms
	ray::rpc::InternalPubSubGcsService.grpc_client.GcsSubscriberCommandBatch.OnReplyReceived - 1 total (0 active), Execution time: mean = 503.700 us, total = 503.700 us, Queueing time: mean = 2.486 ms, max = 2.486 ms, min = 2.486 ms, total = 2.486 ms
	ray::rpc::NodeInfoGcsService.grpc_client.GetAllNodeInfo - 1 total (0 active), Execution time: mean = 617.700 us, total = 617.700 us, Queueing time: mean = 0.000 s, max = -0.000 s, min = 9223372036.855 s, total = 0.000 s
	ray::rpc::InternalPubSubGcsService.grpc_client.GcsSubscriberCommandBatch - 1 total (0 active), Execution time: mean = 423.900 us, total = 423.900 us, Queueing time: mean = 0.000 s, max = -0.000 s, min = 9223372036.855 s, total = 0.000 s
	ray::rpc::WorkerInfoGcsService.grpc_client.AddWorkerInfo.OnReplyReceived - 1 total (0 active), Execution time: mean = 46.400 us, total = 46.400 us, Queueing time: mean = 2.511 ms, max = 2.511 ms, min = 2.511 ms, total = 2.511 ms
	ray::rpc::NodeInfoGcsService.grpc_client.GetAllNodeInfo.OnReplyReceived - 1 total (0 active), Execution time: mean = 152.700 us, total = 152.700 us, Queueing time: mean = 225.900 us, max = 225.900 us, min = 225.900 us, total = 225.900 us
	ray::rpc::WorkerInfoGcsService.grpc_client.AddWorkerInfo - 1 total (0 active), Execution time: mean = 588.100 us, total = 588.100 us, Queueing time: mean = 0.000 s, max = -0.000 s, min = 9223372036.855 s, total = 0.000 s
	ray::rpc::InternalPubSubGcsService.grpc_client.GcsSubscriberPoll - 1 total (1 active), Execution time: mean = 0.000 s, total = 0.000 s, Queueing time: mean = 0.000 s, max = -0.000 s, min = 9223372036.855 s, total = 0.000 s

-----------------
Task execution event stats:

Global stats: 23343 total (1 active)
Queueing time: mean = 10.655 ms, max = 11.825 s, min = -0.010 s, total = 248.717 s
Execution time:  mean = 4.496 ms, total = 104.947 s
Event stats:
	CoreWorker.CheckSignal - 23101 total (1 active), Execution time: mean = 21.529 us, total = 497.330 ms, Queueing time: mean = 10.766 ms, max = 11.825 s, min = -0.010 s, total = 248.703 s
	CoreWorker.HandlePushTaskActor - 192 total (0 active), Execution time: mean = 481.672 ms, total = 92.481 s, Queueing time: mean = 40.344 us, max = 1.087 ms, min = 4.900 us, total = 7.746 ms
	CoreWorker.ArgWaitComplete - 48 total (0 active), Execution time: mean = 2.825 ms, total = 135.624 ms, Queueing time: mean = 137.331 us, max = 2.282 ms, min = 8.200 us, total = 6.592 ms
	CoreWorker.HandlePushTask - 1 total (0 active), Execution time: mean = 11.833 s, total = 11.833 s, Queueing time: mean = 10.600 us, max = 10.600 us, min = 10.600 us, total = 10.600 us
	PeriodicalRunner.RunFnPeriodically - 1 total (0 active), Execution time: mean = 25.000 us, total = 25.000 us, Queueing time: mean = 4.200 us, max = 4.200 us, min = 4.200 us, total = 4.200 us

-----------------
Task Event stats:

IO Service Stats:

Global stats: 1432 total (1 active)
Queueing time: mean = 2.458 ms, max = 37.350 ms, min = -0.001 s, total = 3.519 s
Execution time:  mean = 435.519 us, total = 623.664 ms
Event stats:
	CoreWorker.deadline_timer.flush_task_events - 477 total (1 active), Execution time: mean = 320.354 us, total = 152.809 ms, Queueing time: mean = 7.227 ms, max = 37.350 ms, min = -0.001 s, total = 3.447 s
	ray::rpc::TaskInfoGcsService.grpc_client.AddTaskEventData.OnReplyReceived - 477 total (0 active), Execution time: mean = 32.365 us, total = 15.438 ms, Queueing time: mean = 150.883 us, max = 12.030 ms, min = 7.000 us, total = 71.971 ms
	ray::rpc::TaskInfoGcsService.grpc_client.AddTaskEventData - 477 total (0 active), Execution time: mean = 953.693 us, total = 454.911 ms, Queueing time: mean = 0.000 s, max = -0.000 s, min = 9223372036.855 s, total = 0.000 s
	PeriodicalRunner.RunFnPeriodically - 1 total (0 active), Execution time: mean = 505.500 us, total = 505.500 us, Queueing time: mean = 11.600 us, max = 11.600 us, min = 11.600 us, total = 11.600 us
Other Stats:
	gcs_grpc_in_progress:0
	event_aggregator_grpc_in_progress:0
	current number of task status events in buffer: 0
	current number of profile events in buffer: 0
	current number of dropped task attempts tracked: 0
	total task events sent: 0.0789509 MiB
	total number of task attempts sent: 242
	total number of task attempts dropped reported: 0
	total number of sent failure: 0
	num status task events dropped: 0
	num profile task events dropped: 0
	num ray task events reported to aggregator: 0
	num ray task events failed to report to aggregator: 0
	num of task attempts dropped reported to aggregator: 0
	num of failed requests to aggregator: 0

[2025-12-15 10:07:18,167 I 18376 9196] core_worker.cc:4084: Force kill actor request has received. exiting immediately... The actor is dead because it was killed by `ray.kill`.
[2025-12-15 10:07:18,167 W 18376 9196] core_worker.cc:744: Force exit the process.  Details: Worker exits because the actor is killed. The actor is dead because it was killed by `ray.kill`.
[2025-12-15 10:07:18,222 I 18376 9196] core_worker.cc:580: Sending disconnect message to the local raylet.
[2025-12-15 10:07:18,222 I 18376 9196] raylet_ipc_client.cc:113: RayletIpcClient::Disconnect, exit_type=INTENDED_SYSTEM_EXIT, exit_detail=Worker exits because the actor is killed. The actor is dead because it was killed by `ray.kill`., has creation_task_exception_pb_bytes=0
[2025-12-15 10:07:18,223 W 18376 9196] core_worker.cc:587: Failed to disconnect from the local raylet: IOError: Unknown error
