[2025-12-15 09:58:32,354 I 20088 4936] core_worker_process.cc:739: Constructing CoreWorkerProcess. pid: 20088
[2025-12-15 09:58:32,367 I 20088 4936] io_service_pool.cc:37: IOServicePool is running with 1 io_service.
[2025-12-15 09:58:32,377 I 20088 4936] event.cc:493: Ray Event initialized for CORE_WORKER
[2025-12-15 09:58:32,378 I 20088 4936] event.cc:493: Ray Event initialized for EXPORT_TASK
[2025-12-15 09:58:32,378 I 20088 4936] event.cc:326: Set ray event level to warning
[2025-12-15 09:58:32,378 I 20088 4936] event_aggregator_client.h:50: Initiating the local event aggregator client with port: 61324
[2025-12-15 09:58:32,383 I 20088 4936] grpc_server.cc:141: worker server started, listening on port 50842.
[2025-12-15 09:58:32,386 I 20088 4936] core_worker_process.cc:269: Initializing worker at address: 127.0.0.1:50842 worker_id=510ba36ea4f821e2955d7dd5d39360683c143f13e6c6c9ab2340a4fd node_id=95dee78f09d0786a6c8739f9bd73fc7da8a1073d0f113cf414b55469
[2025-12-15 09:58:32,389 I 20088 4936] task_event_buffer.cc:445: Reporting task events to GCS every 1000ms.
[2025-12-15 09:58:32,394 I 20088 4088] core_worker.cc:419: Event stats:


Global stats: 14 total (10 active)
Queueing time: mean = 83.443 us, max = 815.600 us, min = 352.600 us, total = 1.168 ms
Execution time:  mean = 97.800 us, total = 1.369 ms
Event stats:
	PeriodicalRunner.RunFnPeriodically - 7 total (5 active, 1 running), Execution time: mean = 9.271 us, total = 64.900 us, Queueing time: mean = 166.886 us, max = 815.600 us, min = 352.600 us, total = 1.168 ms
	ray::rpc::WorkerInfoGcsService.grpc_client.AddWorkerInfo - 1 total (0 active), Execution time: mean = 776.200 us, total = 776.200 us, Queueing time: mean = 0.000 s, max = -0.000 s, min = 9223372036.855 s, total = 0.000 s
	Publisher.CheckDeadSubscribers - 1 total (1 active), Execution time: mean = 0.000 s, total = 0.000 s, Queueing time: mean = 0.000 s, max = -0.000 s, min = 9223372036.855 s, total = 0.000 s
	ray::rpc::InternalPubSubGcsService.grpc_client.GcsSubscriberCommandBatch.OnReplyReceived - 1 total (1 active), Execution time: mean = 0.000 s, total = 0.000 s, Queueing time: mean = 0.000 s, max = -0.000 s, min = 9223372036.855 s, total = 0.000 s
	CoreWorker.ExitIfParentRayletDies - 1 total (1 active), Execution time: mean = 0.000 s, total = 0.000 s, Queueing time: mean = 0.000 s, max = -0.000 s, min = 9223372036.855 s, total = 0.000 s
	ray::rpc::InternalPubSubGcsService.grpc_client.GcsSubscriberCommandBatch - 1 total (0 active), Execution time: mean = 528.100 us, total = 528.100 us, Queueing time: mean = 0.000 s, max = -0.000 s, min = 9223372036.855 s, total = 0.000 s
	ray::rpc::WorkerInfoGcsService.grpc_client.AddWorkerInfo.OnReplyReceived - 1 total (1 active), Execution time: mean = 0.000 s, total = 0.000 s, Queueing time: mean = 0.000 s, max = -0.000 s, min = 9223372036.855 s, total = 0.000 s
	ray::rpc::InternalPubSubGcsService.grpc_client.GcsSubscriberPoll - 1 total (1 active), Execution time: mean = 0.000 s, total = 0.000 s, Queueing time: mean = 0.000 s, max = -0.000 s, min = 9223372036.855 s, total = 0.000 s

-----------------
Task execution event stats:

Global stats: 0 total (0 active)
Queueing time: mean = -nan(ind) s, max = -0.000 s, min = 9223372036.855 s, total = 0.000 s
Execution time:  mean = -nan(ind) s, total = 0.000 s
Event stats:

-----------------
Task Event stats:

IO Service Stats:

Global stats: 4 total (1 active)
Queueing time: mean = 84.375 us, max = 196.700 us, min = 140.800 us, total = 337.500 us
Execution time:  mean = 382.750 us, total = 1.531 ms
Event stats:
	CoreWorker.deadline_timer.flush_task_events - 1 total (1 active), Execution time: mean = 0.000 s, total = 0.000 s, Queueing time: mean = 0.000 s, max = -0.000 s, min = 9223372036.855 s, total = 0.000 s
	ray::rpc::TaskInfoGcsService.grpc_client.AddTaskEventData.OnReplyReceived - 1 total (0 active), Execution time: mean = 39.500 us, total = 39.500 us, Queueing time: mean = 196.700 us, max = 196.700 us, min = 196.700 us, total = 196.700 us
	PeriodicalRunner.RunFnPeriodically - 1 total (0 active), Execution time: mean = 540.200 us, total = 540.200 us, Queueing time: mean = 140.800 us, max = 140.800 us, min = 140.800 us, total = 140.800 us
	ray::rpc::TaskInfoGcsService.grpc_client.AddTaskEventData - 1 total (0 active), Execution time: mean = 951.300 us, total = 951.300 us, Queueing time: mean = 0.000 s, max = -0.000 s, min = 9223372036.855 s, total = 0.000 s
Other Stats:
	gcs_grpc_in_progress:0
	event_aggregator_grpc_in_progress:0
	current number of task status events in buffer: 0
	current number of profile events in buffer: 0
	current number of dropped task attempts tracked: 0
	total task events sent: 0 MiB
	total number of task attempts sent: 0
	total number of task attempts dropped reported: 0
	total number of sent failure: 0
	num status task events dropped: 0
	num profile task events dropped: 0
	num ray task events reported to aggregator: 0
	num ray task events failed to report to aggregator: 0
	num of task attempts dropped reported to aggregator: 0
	num of failed requests to aggregator: 0

[2025-12-15 09:58:32,397 I 20088 4088] accessor.cc:743: Received notification for node, IsAlive = 1 node_id=95dee78f09d0786a6c8739f9bd73fc7da8a1073d0f113cf414b55469
[2025-12-15 09:58:32,397 I 20088 4088] normal_task_submitter.cc:833: Number of alive nodes:1
[2025-12-15 09:58:33,964 I 20088 4088] core_worker.cc:653: Exit signal received, this process will exit after all outstanding tasks have finished, exit_type=INTENDED_SYSTEM_EXIT, detail=Worker exits because it was idle (it doesn't have objects it owns while no task or actor has been scheduled) for a long time.
[2025-12-15 09:58:33,964 I 20088 4936] core_worker.cc:689: Wait for currently executing tasks in the underlying thread pools to finish.
[2025-12-15 09:58:33,964 I 20088 4936] core_worker.cc:723: Releasing local references, then draining reference counter.
[2025-12-15 09:58:33,966 I 20088 4936] core_worker.cc:580: Sending disconnect message to the local raylet.
[2025-12-15 09:58:33,966 I 20088 4936] raylet_ipc_client.cc:113: RayletIpcClient::Disconnect, exit_type=INTENDED_SYSTEM_EXIT, exit_detail=Worker exits because it was idle (it doesn't have objects it owns while no task or actor has been scheduled) for a long time., has creation_task_exception_pb_bytes=0
[2025-12-15 09:58:33,966 I 20088 4936] core_worker.cc:585: Disconnected from the local raylet.
[2025-12-15 09:58:33,966 I 20088 4936] core_worker.cc:502: Shutting down.
[2025-12-15 09:58:33,967 I 20088 4936] task_event_buffer.cc:456: Shutting down TaskEventBuffer.
[2025-12-15 09:58:33,967 I 20088 2056] task_event_buffer.cc:424: Task event buffer io service stopped.
[2025-12-15 09:58:33,967 I 20088 4936] core_worker.cc:520: Waiting for joining a core worker io thread. If it hangs here, there might be deadlock or a high load in the core worker io service.
[2025-12-15 09:58:33,967 I 20088 4088] core_worker_process.cc:203: Core worker main io service stopped.
[2025-12-15 09:58:33,969 I 20088 4936] core_worker.cc:532: Disconnecting a GCS client.
[2025-12-15 09:58:33,969 I 20088 4936] core_worker.cc:539: Core worker ready to be deallocated.
[2025-12-15 09:58:33,969 I 20088 4936] core_worker_process.cc:892: Task execution loop terminated. Removing the global worker.
[2025-12-15 09:58:33,969 I 20088 4936] core_worker.cc:493: Core worker is destructed
[2025-12-15 09:58:33,969 I 20088 4936] task_event_buffer.cc:456: Shutting down TaskEventBuffer.
[2025-12-15 09:58:34,222 I 20088 4936] core_worker_process.cc:788: Destructing CoreWorkerProcessImpl. pid: 20088
[2025-12-15 09:58:34,222 I 20088 4936] io_service_pool.cc:49: IOServicePool is stopped.
[2025-12-15 09:58:34,448 I 20088 4936] stats.h:143: Stats module has shutdown.
[2025-12-15 09:58:34,488 W 20088 4936] core_worker_process.cc:802: The core worker process is not initialized yet or already shutdown.
