[2025-12-15 09:58:32,442 I 5020 4352] core_worker_process.cc:739: Constructing CoreWorkerProcess. pid: 5020
[2025-12-15 09:58:32,447 I 5020 4352] io_service_pool.cc:37: IOServicePool is running with 1 io_service.
[2025-12-15 09:58:32,453 I 5020 4352] event.cc:493: Ray Event initialized for CORE_WORKER
[2025-12-15 09:58:32,453 I 5020 4352] event.cc:493: Ray Event initialized for EXPORT_TASK
[2025-12-15 09:58:32,453 I 5020 4352] event.cc:326: Set ray event level to warning
[2025-12-15 09:58:32,454 I 5020 4352] event_aggregator_client.h:50: Initiating the local event aggregator client with port: 61324
[2025-12-15 09:58:32,457 I 5020 4352] grpc_server.cc:141: worker server started, listening on port 50860.
[2025-12-15 09:58:32,459 I 5020 4352] core_worker_process.cc:269: Initializing worker at address: 127.0.0.1:50860 worker_id=79869abed8331e4c0e1343e7081fdfbd6da3c0805dec3fd2663a9568 node_id=95dee78f09d0786a6c8739f9bd73fc7da8a1073d0f113cf414b55469
[2025-12-15 09:58:32,461 I 5020 4352] task_event_buffer.cc:445: Reporting task events to GCS every 1000ms.
[2025-12-15 09:58:32,464 I 5020 26260] core_worker.cc:419: Event stats:


Global stats: 14 total (10 active)
Queueing time: mean = 7.593 us, max = 97.600 us, min = 8.700 us, total = 106.300 us
Execution time:  mean = 83.629 us, total = 1.171 ms
Event stats:
	PeriodicalRunner.RunFnPeriodically - 7 total (5 active, 1 running), Execution time: mean = 10.643 us, total = 74.500 us, Queueing time: mean = 15.186 us, max = 97.600 us, min = 8.700 us, total = 106.300 us
	ray::rpc::InternalPubSubGcsService.grpc_client.GcsSubscriberCommandBatch.OnReplyReceived - 1 total (1 active), Execution time: mean = 0.000 s, total = 0.000 s, Queueing time: mean = 0.000 s, max = -0.000 s, min = 9223372036.855 s, total = 0.000 s
	Publisher.CheckDeadSubscribers - 1 total (1 active), Execution time: mean = 0.000 s, total = 0.000 s, Queueing time: mean = 0.000 s, max = -0.000 s, min = 9223372036.855 s, total = 0.000 s
	CoreWorker.ExitIfParentRayletDies - 1 total (1 active), Execution time: mean = 0.000 s, total = 0.000 s, Queueing time: mean = 0.000 s, max = -0.000 s, min = 9223372036.855 s, total = 0.000 s
	ray::rpc::WorkerInfoGcsService.grpc_client.AddWorkerInfo - 1 total (0 active), Execution time: mean = 582.500 us, total = 582.500 us, Queueing time: mean = 0.000 s, max = -0.000 s, min = 9223372036.855 s, total = 0.000 s
	ray::rpc::InternalPubSubGcsService.grpc_client.GcsSubscriberPoll - 1 total (1 active), Execution time: mean = 0.000 s, total = 0.000 s, Queueing time: mean = 0.000 s, max = -0.000 s, min = 9223372036.855 s, total = 0.000 s
	ray::rpc::InternalPubSubGcsService.grpc_client.GcsSubscriberCommandBatch - 1 total (0 active), Execution time: mean = 513.800 us, total = 513.800 us, Queueing time: mean = 0.000 s, max = -0.000 s, min = 9223372036.855 s, total = 0.000 s
	ray::rpc::WorkerInfoGcsService.grpc_client.AddWorkerInfo.OnReplyReceived - 1 total (1 active), Execution time: mean = 0.000 s, total = 0.000 s, Queueing time: mean = 0.000 s, max = -0.000 s, min = 9223372036.855 s, total = 0.000 s

-----------------
Task execution event stats:

Global stats: 0 total (0 active)
Queueing time: mean = -nan(ind) s, max = -0.000 s, min = 9223372036.855 s, total = 0.000 s
Execution time:  mean = -nan(ind) s, total = 0.000 s
Event stats:

-----------------
Task Event stats:

IO Service Stats:

Global stats: 4 total (1 active)
Queueing time: mean = 18.625 us, max = 63.500 us, min = 11.000 us, total = 74.500 us
Execution time:  mean = 363.600 us, total = 1.454 ms
Event stats:
	ray::rpc::TaskInfoGcsService.grpc_client.AddTaskEventData - 1 total (0 active), Execution time: mean = 827.700 us, total = 827.700 us, Queueing time: mean = 0.000 s, max = -0.000 s, min = 9223372036.855 s, total = 0.000 s
	ray::rpc::TaskInfoGcsService.grpc_client.AddTaskEventData.OnReplyReceived - 1 total (0 active), Execution time: mean = 32.200 us, total = 32.200 us, Queueing time: mean = 11.000 us, max = 11.000 us, min = 11.000 us, total = 11.000 us
	PeriodicalRunner.RunFnPeriodically - 1 total (0 active), Execution time: mean = 594.500 us, total = 594.500 us, Queueing time: mean = 63.500 us, max = 63.500 us, min = 63.500 us, total = 63.500 us
	CoreWorker.deadline_timer.flush_task_events - 1 total (1 active), Execution time: mean = 0.000 s, total = 0.000 s, Queueing time: mean = 0.000 s, max = -0.000 s, min = 9223372036.855 s, total = 0.000 s
Other Stats:
	gcs_grpc_in_progress:0
	event_aggregator_grpc_in_progress:0
	current number of task status events in buffer: 0
	current number of profile events in buffer: 0
	current number of dropped task attempts tracked: 0
	total task events sent: 0 MiB
	total number of task attempts sent: 0
	total number of task attempts dropped reported: 0
	total number of sent failure: 0
	num status task events dropped: 0
	num profile task events dropped: 0
	num ray task events reported to aggregator: 0
	num ray task events failed to report to aggregator: 0
	num of task attempts dropped reported to aggregator: 0
	num of failed requests to aggregator: 0

[2025-12-15 09:58:32,467 I 5020 26260] accessor.cc:743: Received notification for node, IsAlive = 1 node_id=95dee78f09d0786a6c8739f9bd73fc7da8a1073d0f113cf414b55469
[2025-12-15 09:58:32,467 I 5020 26260] normal_task_submitter.cc:833: Number of alive nodes:1
[2025-12-15 09:58:33,551 I 5020 26260] core_worker.cc:653: Exit signal received, this process will exit after all outstanding tasks have finished, exit_type=INTENDED_SYSTEM_EXIT, detail=Worker exits because it was idle (it doesn't have objects it owns while no task or actor has been scheduled) for a long time.
[2025-12-15 09:58:33,551 I 5020 4352] core_worker.cc:689: Wait for currently executing tasks in the underlying thread pools to finish.
[2025-12-15 09:58:33,552 I 5020 4352] core_worker.cc:723: Releasing local references, then draining reference counter.
[2025-12-15 09:58:33,555 I 5020 4352] core_worker.cc:580: Sending disconnect message to the local raylet.
[2025-12-15 09:58:33,555 I 5020 4352] raylet_ipc_client.cc:113: RayletIpcClient::Disconnect, exit_type=INTENDED_SYSTEM_EXIT, exit_detail=Worker exits because it was idle (it doesn't have objects it owns while no task or actor has been scheduled) for a long time., has creation_task_exception_pb_bytes=0
[2025-12-15 09:58:33,564 I 5020 4352] core_worker.cc:585: Disconnected from the local raylet.
[2025-12-15 09:58:33,564 I 5020 4352] core_worker.cc:502: Shutting down.
[2025-12-15 09:58:33,564 I 5020 4352] task_event_buffer.cc:456: Shutting down TaskEventBuffer.
[2025-12-15 09:58:33,564 I 5020 7808] task_event_buffer.cc:424: Task event buffer io service stopped.
[2025-12-15 09:58:33,565 I 5020 4352] core_worker.cc:520: Waiting for joining a core worker io thread. If it hangs here, there might be deadlock or a high load in the core worker io service.
[2025-12-15 09:58:33,565 I 5020 26260] core_worker_process.cc:203: Core worker main io service stopped.
[2025-12-15 09:58:33,567 I 5020 4352] core_worker.cc:532: Disconnecting a GCS client.
[2025-12-15 09:58:33,567 I 5020 4352] core_worker.cc:539: Core worker ready to be deallocated.
[2025-12-15 09:58:33,567 I 5020 4352] core_worker_process.cc:892: Task execution loop terminated. Removing the global worker.
[2025-12-15 09:58:33,567 I 5020 4352] core_worker.cc:493: Core worker is destructed
[2025-12-15 09:58:33,567 I 5020 4352] task_event_buffer.cc:456: Shutting down TaskEventBuffer.
[2025-12-15 09:58:33,817 I 5020 4352] core_worker_process.cc:788: Destructing CoreWorkerProcessImpl. pid: 5020
[2025-12-15 09:58:33,817 I 5020 4352] io_service_pool.cc:49: IOServicePool is stopped.
[2025-12-15 09:58:34,013 I 5020 4352] stats.h:143: Stats module has shutdown.
[2025-12-15 09:58:34,051 W 5020 4352] core_worker_process.cc:802: The core worker process is not initialized yet or already shutdown.
