[2025-12-15 09:58:32,298 I 22296 25320] core_worker_process.cc:739: Constructing CoreWorkerProcess. pid: 22296
[2025-12-15 09:58:32,328 I 22296 25320] io_service_pool.cc:37: IOServicePool is running with 1 io_service.
[2025-12-15 09:58:32,335 I 22296 25320] event.cc:493: Ray Event initialized for CORE_WORKER
[2025-12-15 09:58:32,336 I 22296 25320] event.cc:493: Ray Event initialized for EXPORT_TASK
[2025-12-15 09:58:32,336 I 22296 25320] event.cc:326: Set ray event level to warning
[2025-12-15 09:58:32,336 I 22296 25320] event_aggregator_client.h:50: Initiating the local event aggregator client with port: 61324
[2025-12-15 09:58:32,347 I 22296 25320] grpc_server.cc:141: worker server started, listening on port 50836.
[2025-12-15 09:58:32,350 I 22296 25320] core_worker_process.cc:269: Initializing worker at address: 127.0.0.1:50836 worker_id=a3c0180d9805eea1275b4066bfc0b1e29493185b36e51dfe3ff8b980 node_id=95dee78f09d0786a6c8739f9bd73fc7da8a1073d0f113cf414b55469
[2025-12-15 09:58:32,362 I 22296 25320] task_event_buffer.cc:445: Reporting task events to GCS every 1000ms.
[2025-12-15 09:58:32,365 I 22296 5116] core_worker.cc:419: Event stats:


Global stats: 12 total (10 active)
Queueing time: mean = 51.733 us, max = 381.700 us, min = 239.100 us, total = 620.800 us
Execution time:  mean = 6.083 us, total = 73.000 us
Event stats:
	PeriodicalRunner.RunFnPeriodically - 7 total (5 active, 1 running), Execution time: mean = 10.429 us, total = 73.000 us, Queueing time: mean = 88.686 us, max = 381.700 us, min = 239.100 us, total = 620.800 us
	ray::rpc::InternalPubSubGcsService.grpc_client.GcsSubscriberPoll - 1 total (1 active), Execution time: mean = 0.000 s, total = 0.000 s, Queueing time: mean = 0.000 s, max = -0.000 s, min = 9223372036.855 s, total = 0.000 s
	ray::rpc::InternalPubSubGcsService.grpc_client.GcsSubscriberCommandBatch - 1 total (1 active), Execution time: mean = 0.000 s, total = 0.000 s, Queueing time: mean = 0.000 s, max = -0.000 s, min = 9223372036.855 s, total = 0.000 s
	CoreWorker.ExitIfParentRayletDies - 1 total (1 active), Execution time: mean = 0.000 s, total = 0.000 s, Queueing time: mean = 0.000 s, max = -0.000 s, min = 9223372036.855 s, total = 0.000 s
	ray::rpc::WorkerInfoGcsService.grpc_client.AddWorkerInfo - 1 total (1 active), Execution time: mean = 0.000 s, total = 0.000 s, Queueing time: mean = 0.000 s, max = -0.000 s, min = 9223372036.855 s, total = 0.000 s
	Publisher.CheckDeadSubscribers - 1 total (1 active), Execution time: mean = 0.000 s, total = 0.000 s, Queueing time: mean = 0.000 s, max = -0.000 s, min = 9223372036.855 s, total = 0.000 s

-----------------
Task execution event stats:

Global stats: 0 total (0 active)
Queueing time: mean = -nan(ind) s, max = -0.000 s, min = 9223372036.855 s, total = 0.000 s
Execution time:  mean = -nan(ind) s, total = 0.000 s
Event stats:

-----------------
Task Event stats:

IO Service Stats:

Global stats: 3 total (2 active)
Queueing time: mean = 21.033 us, max = 63.100 us, min = 63.100 us, total = 63.100 us
Execution time:  mean = 139.067 us, total = 417.200 us
Event stats:
	ray::rpc::TaskInfoGcsService.grpc_client.AddTaskEventData - 1 total (1 active), Execution time: mean = 0.000 s, total = 0.000 s, Queueing time: mean = 0.000 s, max = -0.000 s, min = 9223372036.855 s, total = 0.000 s
	CoreWorker.deadline_timer.flush_task_events - 1 total (1 active), Execution time: mean = 0.000 s, total = 0.000 s, Queueing time: mean = 0.000 s, max = -0.000 s, min = 9223372036.855 s, total = 0.000 s
	PeriodicalRunner.RunFnPeriodically - 1 total (0 active), Execution time: mean = 417.200 us, total = 417.200 us, Queueing time: mean = 63.100 us, max = 63.100 us, min = 63.100 us, total = 63.100 us
Other Stats:
	gcs_grpc_in_progress:1
	event_aggregator_grpc_in_progress:0
	current number of task status events in buffer: 0
	current number of profile events in buffer: 0
	current number of dropped task attempts tracked: 0
	total task events sent: 0 MiB
	total number of task attempts sent: 0
	total number of task attempts dropped reported: 0
	total number of sent failure: 0
	num status task events dropped: 0
	num profile task events dropped: 0
	num ray task events reported to aggregator: 0
	num ray task events failed to report to aggregator: 0
	num of task attempts dropped reported to aggregator: 0
	num of failed requests to aggregator: 0

[2025-12-15 09:58:32,370 I 22296 5116] accessor.cc:743: Received notification for node, IsAlive = 1 node_id=95dee78f09d0786a6c8739f9bd73fc7da8a1073d0f113cf414b55469
[2025-12-15 09:58:32,370 I 22296 5116] normal_task_submitter.cc:833: Number of alive nodes:1
[2025-12-15 09:58:44,425 W 22296 11700] metric_exporter.cc:105: [1] Export metrics to agent failed: RpcError: RPC Error message: failed to connect to all addresses; last error: UNAVAILABLE: ipv4:127.0.0.1:61324: Connection refused; RPC Error details:  rpc_code: 14. This won't affect Ray, but you can lose metrics from the cluster.
[2025-12-15 09:59:32,378 I 22296 5116] core_worker.cc:419: Event stats:


Global stats: 827 total (8 active)
Queueing time: mean = 6.898 ms, max = 24.055 ms, min = -0.001 s, total = 5.705 s
Execution time:  mean = 100.127 us, total = 82.805 ms
Event stats:
	CoreWorker.RecoverObjects - 553 total (1 active), Execution time: mean = 8.816 us, total = 4.875 ms, Queueing time: mean = 8.600 ms, max = 24.055 ms, min = -0.000 s, total = 4.756 s
	NodeManagerService.grpc_client.ReportWorkerBacklog.OnReplyReceived - 60 total (0 active), Execution time: mean = 21.715 us, total = 1.303 ms, Queueing time: mean = 41.087 us, max = 436.200 us, min = 6.700 us, total = 2.465 ms
	NodeManagerService.grpc_client.ReportWorkerBacklog - 60 total (0 active), Execution time: mean = 814.023 us, total = 48.841 ms, Queueing time: mean = 0.000 s, max = -0.000 s, min = 9223372036.855 s, total = 0.000 s
	CoreWorker.ExitIfParentRayletDies - 60 total (1 active), Execution time: mean = 56.325 us, total = 3.380 ms, Queueing time: mean = 6.759 ms, max = 15.793 ms, min = -0.000 s, total = 405.534 ms
	CoreWorker.InternalHeartbeat - 60 total (1 active), Execution time: mean = 260.167 us, total = 15.610 ms, Queueing time: mean = 6.485 ms, max = 15.715 ms, min = -0.000 s, total = 389.072 ms
	CoreWorker.RecordMetrics - 12 total (1 active), Execution time: mean = 52.767 us, total = 633.200 us, Queueing time: mean = 7.595 ms, max = 16.259 ms, min = -0.001 s, total = 91.134 ms
	PeriodicalRunner.RunFnPeriodically - 7 total (0 active), Execution time: mean = 642.286 us, total = 4.496 ms, Queueing time: mean = 1.766 ms, max = 4.861 ms, min = 239.100 us, total = 12.363 ms
	CoreWorker.TryDelPendingObjectRefStreams - 6 total (1 active), Execution time: mean = 4.600 us, total = 27.600 us, Queueing time: mean = 6.658 ms, max = 14.498 ms, min = 30.300 us, total = 39.949 ms
	ray::rpc::NodeInfoGcsService.grpc_client.GetAllNodeInfo - 1 total (0 active), Execution time: mean = 699.800 us, total = 699.800 us, Queueing time: mean = 0.000 s, max = -0.000 s, min = 9223372036.855 s, total = 0.000 s
	ray::rpc::InternalPubSubGcsService.grpc_client.GcsSubscriberPoll - 1 total (1 active), Execution time: mean = 0.000 s, total = 0.000 s, Queueing time: mean = 0.000 s, max = -0.000 s, min = 9223372036.855 s, total = 0.000 s
	CoreWorker.PrintEventStats - 1 total (1 active, 1 running), Execution time: mean = 0.000 s, total = 0.000 s, Queueing time: mean = 0.000 s, max = -0.000 s, min = 9223372036.855 s, total = 0.000 s
	ray::rpc::WorkerInfoGcsService.grpc_client.AddWorkerInfo - 1 total (0 active), Execution time: mean = 1.465 ms, total = 1.465 ms, Queueing time: mean = 0.000 s, max = -0.000 s, min = 9223372036.855 s, total = 0.000 s
	ray::rpc::InternalPubSubGcsService.grpc_client.GcsSubscriberCommandBatch - 1 total (0 active), Execution time: mean = 880.800 us, total = 880.800 us, Queueing time: mean = 0.000 s, max = -0.000 s, min = 9223372036.855 s, total = 0.000 s
	ray::rpc::WorkerInfoGcsService.grpc_client.AddWorkerInfo.OnReplyReceived - 1 total (0 active), Execution time: mean = 24.800 us, total = 24.800 us, Queueing time: mean = 4.376 ms, max = 4.376 ms, min = 4.376 ms, total = 4.376 ms
	ray::rpc::NodeInfoGcsService.grpc_client.GetAllNodeInfo.OnReplyReceived - 1 total (0 active), Execution time: mean = 187.800 us, total = 187.800 us, Queueing time: mean = 8.400 us, max = 8.400 us, min = 8.400 us, total = 8.400 us
	Publisher.CheckDeadSubscribers - 1 total (1 active), Execution time: mean = 0.000 s, total = 0.000 s, Queueing time: mean = 0.000 s, max = -0.000 s, min = 9223372036.855 s, total = 0.000 s
	ray::rpc::InternalPubSubGcsService.grpc_client.GcsSubscriberCommandBatch.OnReplyReceived - 1 total (0 active), Execution time: mean = 381.000 us, total = 381.000 us, Queueing time: mean = 4.229 ms, max = 4.229 ms, min = 4.229 ms, total = 4.229 ms

-----------------
Task execution event stats:

Global stats: 3678 total (1 active)
Queueing time: mean = 6.304 ms, max = 44.431 ms, min = -0.001 s, total = 23.184 s
Execution time:  mean = 22.730 us, total = 83.600 ms
Event stats:
	CoreWorker.CheckSignal - 3677 total (1 active), Execution time: mean = 22.728 us, total = 83.572 ms, Queueing time: mean = 6.305 ms, max = 44.431 ms, min = -0.001 s, total = 23.184 s
	PeriodicalRunner.RunFnPeriodically - 1 total (0 active), Execution time: mean = 27.900 us, total = 27.900 us, Queueing time: mean = 3.800 us, max = 3.800 us, min = 3.800 us, total = 3.800 us

-----------------
Task Event stats:

IO Service Stats:

Global stats: 181 total (1 active)
Queueing time: mean = 2.347 ms, max = 15.810 ms, min = -0.000 s, total = 424.847 ms
Execution time:  mean = 413.216 us, total = 74.792 ms
Event stats:
	CoreWorker.deadline_timer.flush_task_events - 60 total (1 active), Execution time: mean = 338.277 us, total = 20.297 ms, Queueing time: mean = 7.047 ms, max = 15.810 ms, min = -0.000 s, total = 422.831 ms
	ray::rpc::TaskInfoGcsService.grpc_client.AddTaskEventData - 60 total (0 active), Execution time: mean = 874.720 us, total = 52.483 ms, Queueing time: mean = 0.000 s, max = -0.000 s, min = 9223372036.855 s, total = 0.000 s
	ray::rpc::TaskInfoGcsService.grpc_client.AddTaskEventData.OnReplyReceived - 60 total (0 active), Execution time: mean = 26.585 us, total = 1.595 ms, Queueing time: mean = 32.542 us, max = 670.900 us, min = 6.200 us, total = 1.952 ms
	PeriodicalRunner.RunFnPeriodically - 1 total (0 active), Execution time: mean = 417.200 us, total = 417.200 us, Queueing time: mean = 63.100 us, max = 63.100 us, min = 63.100 us, total = 63.100 us
Other Stats:
	gcs_grpc_in_progress:0
	event_aggregator_grpc_in_progress:0
	current number of task status events in buffer: 0
	current number of profile events in buffer: 0
	current number of dropped task attempts tracked: 0
	total task events sent: 0 MiB
	total number of task attempts sent: 0
	total number of task attempts dropped reported: 0
	total number of sent failure: 0
	num status task events dropped: 0
	num profile task events dropped: 0
	num ray task events reported to aggregator: 0
	num ray task events failed to report to aggregator: 0
	num of task attempts dropped reported to aggregator: 0
	num of failed requests to aggregator: 0

[2025-12-15 10:00:32,391 I 22296 5116] core_worker.cc:419: Event stats:


Global stats: 1638 total (8 active)
Queueing time: mean = 6.983 ms, max = 24.055 ms, min = -0.001 s, total = 11.439 s
Execution time:  mean = 96.842 us, total = 158.627 ms
Event stats:
	CoreWorker.RecoverObjects - 1105 total (1 active), Execution time: mean = 8.170 us, total = 9.028 ms, Queueing time: mean = 8.622 ms, max = 24.055 ms, min = -0.000 s, total = 9.527 s
	NodeManagerService.grpc_client.ReportWorkerBacklog.OnReplyReceived - 120 total (0 active), Execution time: mean = 23.723 us, total = 2.847 ms, Queueing time: mean = 39.389 us, max = 436.200 us, min = 6.700 us, total = 4.727 ms
	NodeManagerService.grpc_client.ReportWorkerBacklog - 120 total (0 active), Execution time: mean = 810.151 us, total = 97.218 ms, Queueing time: mean = 0.000 s, max = -0.000 s, min = 9223372036.855 s, total = 0.000 s
	CoreWorker.ExitIfParentRayletDies - 120 total (1 active), Execution time: mean = 60.424 us, total = 7.251 ms, Queueing time: mean = 6.661 ms, max = 19.322 ms, min = -0.000 s, total = 799.345 ms
	CoreWorker.InternalHeartbeat - 120 total (1 active), Execution time: mean = 264.440 us, total = 31.733 ms, Queueing time: mean = 6.422 ms, max = 19.175 ms, min = -0.000 s, total = 770.663 ms
	CoreWorker.RecordMetrics - 24 total (1 active), Execution time: mean = 52.825 us, total = 1.268 ms, Queueing time: mean = 7.781 ms, max = 16.259 ms, min = -0.001 s, total = 186.744 ms
	CoreWorker.TryDelPendingObjectRefStreams - 12 total (1 active), Execution time: mean = 6.483 us, total = 77.800 us, Queueing time: mean = 9.742 ms, max = 16.040 ms, min = 30.300 us, total = 116.899 ms
	PeriodicalRunner.RunFnPeriodically - 7 total (0 active), Execution time: mean = 642.286 us, total = 4.496 ms, Queueing time: mean = 1.766 ms, max = 4.861 ms, min = 239.100 us, total = 12.363 ms
	CoreWorker.PrintEventStats - 2 total (1 active, 1 running), Execution time: mean = 534.900 us, total = 1.070 ms, Queueing time: mean = 6.033 ms, max = 12.066 ms, min = 12.066 ms, total = 12.066 ms
	ray::rpc::NodeInfoGcsService.grpc_client.GetAllNodeInfo - 1 total (0 active), Execution time: mean = 699.800 us, total = 699.800 us, Queueing time: mean = 0.000 s, max = -0.000 s, min = 9223372036.855 s, total = 0.000 s
	ray::rpc::InternalPubSubGcsService.grpc_client.GcsSubscriberPoll - 1 total (1 active), Execution time: mean = 0.000 s, total = 0.000 s, Queueing time: mean = 0.000 s, max = -0.000 s, min = 9223372036.855 s, total = 0.000 s
	ray::rpc::WorkerInfoGcsService.grpc_client.AddWorkerInfo - 1 total (0 active), Execution time: mean = 1.465 ms, total = 1.465 ms, Queueing time: mean = 0.000 s, max = -0.000 s, min = 9223372036.855 s, total = 0.000 s
	ray::rpc::InternalPubSubGcsService.grpc_client.GcsSubscriberCommandBatch - 1 total (0 active), Execution time: mean = 880.800 us, total = 880.800 us, Queueing time: mean = 0.000 s, max = -0.000 s, min = 9223372036.855 s, total = 0.000 s
	ray::rpc::WorkerInfoGcsService.grpc_client.AddWorkerInfo.OnReplyReceived - 1 total (0 active), Execution time: mean = 24.800 us, total = 24.800 us, Queueing time: mean = 4.376 ms, max = 4.376 ms, min = 4.376 ms, total = 4.376 ms
	ray::rpc::NodeInfoGcsService.grpc_client.GetAllNodeInfo.OnReplyReceived - 1 total (0 active), Execution time: mean = 187.800 us, total = 187.800 us, Queueing time: mean = 8.400 us, max = 8.400 us, min = 8.400 us, total = 8.400 us
	Publisher.CheckDeadSubscribers - 1 total (1 active), Execution time: mean = 0.000 s, total = 0.000 s, Queueing time: mean = 0.000 s, max = -0.000 s, min = 9223372036.855 s, total = 0.000 s
	ray::rpc::InternalPubSubGcsService.grpc_client.GcsSubscriberCommandBatch.OnReplyReceived - 1 total (0 active), Execution time: mean = 381.000 us, total = 381.000 us, Queueing time: mean = 4.229 ms, max = 4.229 ms, min = 4.229 ms, total = 4.229 ms

-----------------
Task execution event stats:

Global stats: 7363 total (1 active)
Queueing time: mean = 6.287 ms, max = 44.431 ms, min = -0.001 s, total = 46.289 s
Execution time:  mean = 21.882 us, total = 161.118 ms
Event stats:
	CoreWorker.CheckSignal - 7362 total (1 active), Execution time: mean = 21.881 us, total = 161.090 ms, Queueing time: mean = 6.288 ms, max = 44.431 ms, min = -0.001 s, total = 46.289 s
	PeriodicalRunner.RunFnPeriodically - 1 total (0 active), Execution time: mean = 27.900 us, total = 27.900 us, Queueing time: mean = 3.800 us, max = 3.800 us, min = 3.800 us, total = 3.800 us

-----------------
Task Event stats:

IO Service Stats:

Global stats: 361 total (1 active)
Queueing time: mean = 2.369 ms, max = 19.214 ms, min = -0.000 s, total = 855.154 ms
Execution time:  mean = 476.600 us, total = 172.053 ms
Event stats:
	CoreWorker.deadline_timer.flush_task_events - 120 total (1 active), Execution time: mean = 305.933 us, total = 36.712 ms, Queueing time: mean = 7.098 ms, max = 19.214 ms, min = -0.000 s, total = 851.819 ms
	ray::rpc::TaskInfoGcsService.grpc_client.AddTaskEventData - 120 total (0 active), Execution time: mean = 1.098 ms, total = 131.773 ms, Queueing time: mean = 0.000 s, max = -0.000 s, min = 9223372036.855 s, total = 0.000 s
	ray::rpc::TaskInfoGcsService.grpc_client.AddTaskEventData.OnReplyReceived - 120 total (0 active), Execution time: mean = 26.255 us, total = 3.151 ms, Queueing time: mean = 27.264 us, max = 670.900 us, min = 6.200 us, total = 3.272 ms
	PeriodicalRunner.RunFnPeriodically - 1 total (0 active), Execution time: mean = 417.200 us, total = 417.200 us, Queueing time: mean = 63.100 us, max = 63.100 us, min = 63.100 us, total = 63.100 us
Other Stats:
	gcs_grpc_in_progress:0
	event_aggregator_grpc_in_progress:0
	current number of task status events in buffer: 0
	current number of profile events in buffer: 0
	current number of dropped task attempts tracked: 0
	total task events sent: 0 MiB
	total number of task attempts sent: 0
	total number of task attempts dropped reported: 0
	total number of sent failure: 0
	num status task events dropped: 0
	num profile task events dropped: 0
	num ray task events reported to aggregator: 0
	num ray task events failed to report to aggregator: 0
	num of task attempts dropped reported to aggregator: 0
	num of failed requests to aggregator: 0

[2025-12-15 10:01:32,403 I 22296 5116] core_worker.cc:419: Event stats:


Global stats: 2446 total (8 active)
Queueing time: mean = 6.938 ms, max = 24.055 ms, min = -0.001 s, total = 16.969 s
Execution time:  mean = 91.458 us, total = 223.706 ms
Event stats:
	CoreWorker.RecoverObjects - 1658 total (1 active), Execution time: mean = 7.918 us, total = 13.128 ms, Queueing time: mean = 8.594 ms, max = 24.055 ms, min = -0.000 s, total = 14.249 s
	NodeManagerService.grpc_client.ReportWorkerBacklog.OnReplyReceived - 179 total (0 active), Execution time: mean = 22.263 us, total = 3.985 ms, Queueing time: mean = 35.547 us, max = 436.200 us, min = 6.700 us, total = 6.363 ms
	NodeManagerService.grpc_client.ReportWorkerBacklog - 179 total (0 active), Execution time: mean = 777.382 us, total = 139.151 ms, Queueing time: mean = 0.000 s, max = -0.000 s, min = 9223372036.855 s, total = 0.000 s
	CoreWorker.ExitIfParentRayletDies - 179 total (1 active), Execution time: mean = 52.782 us, total = 9.448 ms, Queueing time: mean = 6.323 ms, max = 19.322 ms, min = -0.000 s, total = 1.132 s
	CoreWorker.InternalHeartbeat - 179 total (1 active), Execution time: mean = 257.922 us, total = 46.168 ms, Queueing time: mean = 6.095 ms, max = 19.175 ms, min = -0.000 s, total = 1.091 s
	CoreWorker.RecordMetrics - 36 total (1 active), Execution time: mean = 50.522 us, total = 1.819 ms, Queueing time: mean = 8.141 ms, max = 16.995 ms, min = -0.001 s, total = 293.087 ms
	CoreWorker.TryDelPendingObjectRefStreams - 18 total (1 active), Execution time: mean = 7.178 us, total = 129.200 us, Queueing time: mean = 8.468 ms, max = 16.040 ms, min = 30.300 us, total = 152.420 ms
	PeriodicalRunner.RunFnPeriodically - 7 total (0 active), Execution time: mean = 642.286 us, total = 4.496 ms, Queueing time: mean = 1.766 ms, max = 4.861 ms, min = 239.100 us, total = 12.363 ms
	CoreWorker.PrintEventStats - 3 total (1 active, 1 running), Execution time: mean = 580.767 us, total = 1.742 ms, Queueing time: mean = 8.135 ms, max = 12.338 ms, min = 12.066 ms, total = 24.404 ms
	ray::rpc::NodeInfoGcsService.grpc_client.GetAllNodeInfo - 1 total (0 active), Execution time: mean = 699.800 us, total = 699.800 us, Queueing time: mean = 0.000 s, max = -0.000 s, min = 9223372036.855 s, total = 0.000 s
	ray::rpc::InternalPubSubGcsService.grpc_client.GcsSubscriberPoll - 1 total (1 active), Execution time: mean = 0.000 s, total = 0.000 s, Queueing time: mean = 0.000 s, max = -0.000 s, min = 9223372036.855 s, total = 0.000 s
	ray::rpc::WorkerInfoGcsService.grpc_client.AddWorkerInfo - 1 total (0 active), Execution time: mean = 1.465 ms, total = 1.465 ms, Queueing time: mean = 0.000 s, max = -0.000 s, min = 9223372036.855 s, total = 0.000 s
	ray::rpc::InternalPubSubGcsService.grpc_client.GcsSubscriberCommandBatch - 1 total (0 active), Execution time: mean = 880.800 us, total = 880.800 us, Queueing time: mean = 0.000 s, max = -0.000 s, min = 9223372036.855 s, total = 0.000 s
	ray::rpc::WorkerInfoGcsService.grpc_client.AddWorkerInfo.OnReplyReceived - 1 total (0 active), Execution time: mean = 24.800 us, total = 24.800 us, Queueing time: mean = 4.376 ms, max = 4.376 ms, min = 4.376 ms, total = 4.376 ms
	ray::rpc::NodeInfoGcsService.grpc_client.GetAllNodeInfo.OnReplyReceived - 1 total (0 active), Execution time: mean = 187.800 us, total = 187.800 us, Queueing time: mean = 8.400 us, max = 8.400 us, min = 8.400 us, total = 8.400 us
	Publisher.CheckDeadSubscribers - 1 total (1 active), Execution time: mean = 0.000 s, total = 0.000 s, Queueing time: mean = 0.000 s, max = -0.000 s, min = 9223372036.855 s, total = 0.000 s
	ray::rpc::InternalPubSubGcsService.grpc_client.GcsSubscriberCommandBatch.OnReplyReceived - 1 total (0 active), Execution time: mean = 381.000 us, total = 381.000 us, Queueing time: mean = 4.229 ms, max = 4.229 ms, min = 4.229 ms, total = 4.229 ms

-----------------
Task execution event stats:

Global stats: 11045 total (1 active)
Queueing time: mean = 6.285 ms, max = 44.431 ms, min = -0.001 s, total = 69.421 s
Execution time:  mean = 21.748 us, total = 240.208 ms
Event stats:
	CoreWorker.CheckSignal - 11044 total (1 active), Execution time: mean = 21.748 us, total = 240.180 ms, Queueing time: mean = 6.286 ms, max = 44.431 ms, min = -0.001 s, total = 69.421 s
	PeriodicalRunner.RunFnPeriodically - 1 total (0 active), Execution time: mean = 27.900 us, total = 27.900 us, Queueing time: mean = 3.800 us, max = 3.800 us, min = 3.800 us, total = 3.800 us

-----------------
Task Event stats:

IO Service Stats:

Global stats: 538 total (1 active)
Queueing time: mean = 2.333 ms, max = 19.214 ms, min = -0.000 s, total = 1.255 s
Execution time:  mean = 459.406 us, total = 247.161 ms
Event stats:
	CoreWorker.deadline_timer.flush_task_events - 179 total (1 active), Execution time: mean = 298.935 us, total = 53.509 ms, Queueing time: mean = 6.984 ms, max = 19.214 ms, min = -0.000 s, total = 1.250 s
	ray::rpc::TaskInfoGcsService.grpc_client.AddTaskEventData - 179 total (0 active), Execution time: mean = 1.054 ms, total = 188.601 ms, Queueing time: mean = 0.000 s, max = -0.000 s, min = 9223372036.855 s, total = 0.000 s
	ray::rpc::TaskInfoGcsService.grpc_client.AddTaskEventData.OnReplyReceived - 179 total (0 active), Execution time: mean = 25.882 us, total = 4.633 ms, Queueing time: mean = 27.556 us, max = 670.900 us, min = 6.200 us, total = 4.933 ms
	PeriodicalRunner.RunFnPeriodically - 1 total (0 active), Execution time: mean = 417.200 us, total = 417.200 us, Queueing time: mean = 63.100 us, max = 63.100 us, min = 63.100 us, total = 63.100 us
Other Stats:
	gcs_grpc_in_progress:0
	event_aggregator_grpc_in_progress:0
	current number of task status events in buffer: 0
	current number of profile events in buffer: 0
	current number of dropped task attempts tracked: 0
	total task events sent: 0 MiB
	total number of task attempts sent: 0
	total number of task attempts dropped reported: 0
	total number of sent failure: 0
	num status task events dropped: 0
	num profile task events dropped: 0
	num ray task events reported to aggregator: 0
	num ray task events failed to report to aggregator: 0
	num of task attempts dropped reported to aggregator: 0
	num of failed requests to aggregator: 0

[2025-12-15 10:02:32,416 I 22296 5116] core_worker.cc:419: Event stats:


Global stats: 3257 total (8 active)
Queueing time: mean = 7.003 ms, max = 24.055 ms, min = -0.001 s, total = 22.807 s
Execution time:  mean = 87.220 us, total = 284.077 ms
Event stats:
	CoreWorker.RecoverObjects - 2210 total (1 active), Execution time: mean = 7.842 us, total = 17.331 ms, Queueing time: mean = 8.633 ms, max = 24.055 ms, min = -0.000 s, total = 19.079 s
	NodeManagerService.grpc_client.ReportWorkerBacklog.OnReplyReceived - 239 total (0 active), Execution time: mean = 21.183 us, total = 5.063 ms, Queueing time: mean = 32.192 us, max = 436.200 us, min = 6.700 us, total = 7.694 ms
	NodeManagerService.grpc_client.ReportWorkerBacklog - 239 total (0 active), Execution time: mean = 740.612 us, total = 177.006 ms, Queueing time: mean = 0.000 s, max = -0.000 s, min = 9223372036.855 s, total = 0.000 s
	CoreWorker.ExitIfParentRayletDies - 239 total (1 active), Execution time: mean = 53.954 us, total = 12.895 ms, Queueing time: mean = 6.509 ms, max = 19.322 ms, min = -0.001 s, total = 1.556 s
	CoreWorker.InternalHeartbeat - 239 total (1 active), Execution time: mean = 245.501 us, total = 58.675 ms, Queueing time: mean = 6.301 ms, max = 19.175 ms, min = -0.000 s, total = 1.506 s
	CoreWorker.RecordMetrics - 48 total (1 active), Execution time: mean = 49.769 us, total = 2.389 ms, Queueing time: mean = 8.116 ms, max = 16.995 ms, min = -0.001 s, total = 389.584 ms
	CoreWorker.TryDelPendingObjectRefStreams - 24 total (1 active), Execution time: mean = 8.054 us, total = 193.300 us, Queueing time: mean = 8.849 ms, max = 16.040 ms, min = 30.300 us, total = 212.377 ms
	PeriodicalRunner.RunFnPeriodically - 7 total (0 active), Execution time: mean = 642.286 us, total = 4.496 ms, Queueing time: mean = 1.766 ms, max = 4.861 ms, min = 239.100 us, total = 12.363 ms
	CoreWorker.PrintEventStats - 4 total (1 active, 1 running), Execution time: mean = 597.600 us, total = 2.390 ms, Queueing time: mean = 9.033 ms, max = 12.338 ms, min = 11.727 ms, total = 36.131 ms
	ray::rpc::NodeInfoGcsService.grpc_client.GetAllNodeInfo - 1 total (0 active), Execution time: mean = 699.800 us, total = 699.800 us, Queueing time: mean = 0.000 s, max = -0.000 s, min = 9223372036.855 s, total = 0.000 s
	ray::rpc::InternalPubSubGcsService.grpc_client.GcsSubscriberPoll - 1 total (1 active), Execution time: mean = 0.000 s, total = 0.000 s, Queueing time: mean = 0.000 s, max = -0.000 s, min = 9223372036.855 s, total = 0.000 s
	ray::rpc::WorkerInfoGcsService.grpc_client.AddWorkerInfo - 1 total (0 active), Execution time: mean = 1.465 ms, total = 1.465 ms, Queueing time: mean = 0.000 s, max = -0.000 s, min = 9223372036.855 s, total = 0.000 s
	ray::rpc::InternalPubSubGcsService.grpc_client.GcsSubscriberCommandBatch - 1 total (0 active), Execution time: mean = 880.800 us, total = 880.800 us, Queueing time: mean = 0.000 s, max = -0.000 s, min = 9223372036.855 s, total = 0.000 s
	ray::rpc::WorkerInfoGcsService.grpc_client.AddWorkerInfo.OnReplyReceived - 1 total (0 active), Execution time: mean = 24.800 us, total = 24.800 us, Queueing time: mean = 4.376 ms, max = 4.376 ms, min = 4.376 ms, total = 4.376 ms
	ray::rpc::NodeInfoGcsService.grpc_client.GetAllNodeInfo.OnReplyReceived - 1 total (0 active), Execution time: mean = 187.800 us, total = 187.800 us, Queueing time: mean = 8.400 us, max = 8.400 us, min = 8.400 us, total = 8.400 us
	Publisher.CheckDeadSubscribers - 1 total (1 active), Execution time: mean = 0.000 s, total = 0.000 s, Queueing time: mean = 0.000 s, max = -0.000 s, min = 9223372036.855 s, total = 0.000 s
	ray::rpc::InternalPubSubGcsService.grpc_client.GcsSubscriberCommandBatch.OnReplyReceived - 1 total (0 active), Execution time: mean = 381.000 us, total = 381.000 us, Queueing time: mean = 4.229 ms, max = 4.229 ms, min = 4.229 ms, total = 4.229 ms

-----------------
Task execution event stats:

Global stats: 14723 total (1 active)
Queueing time: mean = 6.289 ms, max = 44.431 ms, min = -0.001 s, total = 92.596 s
Execution time:  mean = 21.422 us, total = 315.390 ms
Event stats:
	CoreWorker.CheckSignal - 14722 total (1 active), Execution time: mean = 21.421 us, total = 315.363 ms, Queueing time: mean = 6.290 ms, max = 44.431 ms, min = -0.001 s, total = 92.596 s
	PeriodicalRunner.RunFnPeriodically - 1 total (0 active), Execution time: mean = 27.900 us, total = 27.900 us, Queueing time: mean = 3.800 us, max = 3.800 us, min = 3.800 us, total = 3.800 us

-----------------
Task Event stats:

IO Service Stats:

Global stats: 718 total (1 active)
Queueing time: mean = 2.377 ms, max = 19.214 ms, min = -0.000 s, total = 1.707 s
Execution time:  mean = 422.977 us, total = 303.698 ms
Event stats:
	CoreWorker.deadline_timer.flush_task_events - 239 total (1 active), Execution time: mean = 289.398 us, total = 69.166 ms, Queueing time: mean = 7.116 ms, max = 19.214 ms, min = -0.000 s, total = 1.701 s
	ray::rpc::TaskInfoGcsService.grpc_client.AddTaskEventData - 239 total (0 active), Execution time: mean = 954.504 us, total = 228.126 ms, Queueing time: mean = 0.000 s, max = -0.000 s, min = 9223372036.855 s, total = 0.000 s
	ray::rpc::TaskInfoGcsService.grpc_client.AddTaskEventData.OnReplyReceived - 239 total (0 active), Execution time: mean = 25.054 us, total = 5.988 ms, Queueing time: mean = 25.698 us, max = 670.900 us, min = 6.200 us, total = 6.142 ms
	PeriodicalRunner.RunFnPeriodically - 1 total (0 active), Execution time: mean = 417.200 us, total = 417.200 us, Queueing time: mean = 63.100 us, max = 63.100 us, min = 63.100 us, total = 63.100 us
Other Stats:
	gcs_grpc_in_progress:0
	event_aggregator_grpc_in_progress:0
	current number of task status events in buffer: 0
	current number of profile events in buffer: 0
	current number of dropped task attempts tracked: 0
	total task events sent: 0 MiB
	total number of task attempts sent: 0
	total number of task attempts dropped reported: 0
	total number of sent failure: 0
	num status task events dropped: 0
	num profile task events dropped: 0
	num ray task events reported to aggregator: 0
	num ray task events failed to report to aggregator: 0
	num of task attempts dropped reported to aggregator: 0
	num of failed requests to aggregator: 0

[2025-12-15 10:03:32,428 I 22296 5116] core_worker.cc:419: Event stats:


Global stats: 4069 total (8 active)
Queueing time: mean = 7.026 ms, max = 36.825 ms, min = -0.001 s, total = 28.589 s
Execution time:  mean = 85.444 us, total = 347.673 ms
Event stats:
	CoreWorker.RecoverObjects - 2762 total (1 active), Execution time: mean = 7.771 us, total = 21.464 ms, Queueing time: mean = 8.665 ms, max = 36.825 ms, min = -0.001 s, total = 23.933 s
	NodeManagerService.grpc_client.ReportWorkerBacklog.OnReplyReceived - 299 total (0 active), Execution time: mean = 20.480 us, total = 6.123 ms, Queueing time: mean = 29.828 us, max = 436.200 us, min = 6.400 us, total = 8.919 ms
	NodeManagerService.grpc_client.ReportWorkerBacklog - 299 total (0 active), Execution time: mean = 727.857 us, total = 217.629 ms, Queueing time: mean = 0.000 s, max = -0.000 s, min = 9223372036.855 s, total = 0.000 s
	CoreWorker.ExitIfParentRayletDies - 299 total (1 active), Execution time: mean = 55.409 us, total = 16.567 ms, Queueing time: mean = 6.523 ms, max = 19.322 ms, min = -0.001 s, total = 1.950 s
	CoreWorker.InternalHeartbeat - 299 total (1 active), Execution time: mean = 239.828 us, total = 71.709 ms, Queueing time: mean = 6.325 ms, max = 19.175 ms, min = -0.001 s, total = 1.891 s
	CoreWorker.RecordMetrics - 60 total (1 active), Execution time: mean = 48.220 us, total = 2.893 ms, Queueing time: mean = 8.228 ms, max = 16.995 ms, min = -0.001 s, total = 493.655 ms
	CoreWorker.TryDelPendingObjectRefStreams - 30 total (1 active), Execution time: mean = 7.990 us, total = 239.700 us, Queueing time: mean = 8.018 ms, max = 16.040 ms, min = 30.300 us, total = 240.525 ms
	PeriodicalRunner.RunFnPeriodically - 7 total (0 active), Execution time: mean = 642.286 us, total = 4.496 ms, Queueing time: mean = 1.766 ms, max = 4.861 ms, min = 239.100 us, total = 12.363 ms
	CoreWorker.PrintEventStats - 5 total (1 active, 1 running), Execution time: mean = 579.300 us, total = 2.897 ms, Queueing time: mean = 9.674 ms, max = 12.338 ms, min = 11.727 ms, total = 48.371 ms
	Publisher.CheckDeadSubscribers - 2 total (1 active), Execution time: mean = 8.100 us, total = 16.200 us, Queueing time: mean = 812.000 us, max = 1.624 ms, min = 1.624 ms, total = 1.624 ms
	ray::rpc::NodeInfoGcsService.grpc_client.GetAllNodeInfo - 1 total (0 active), Execution time: mean = 699.800 us, total = 699.800 us, Queueing time: mean = 0.000 s, max = -0.000 s, min = 9223372036.855 s, total = 0.000 s
	ray::rpc::InternalPubSubGcsService.grpc_client.GcsSubscriberPoll - 1 total (1 active), Execution time: mean = 0.000 s, total = 0.000 s, Queueing time: mean = 0.000 s, max = -0.000 s, min = 9223372036.855 s, total = 0.000 s
	ray::rpc::WorkerInfoGcsService.grpc_client.AddWorkerInfo - 1 total (0 active), Execution time: mean = 1.465 ms, total = 1.465 ms, Queueing time: mean = 0.000 s, max = -0.000 s, min = 9223372036.855 s, total = 0.000 s
	ray::rpc::InternalPubSubGcsService.grpc_client.GcsSubscriberCommandBatch - 1 total (0 active), Execution time: mean = 880.800 us, total = 880.800 us, Queueing time: mean = 0.000 s, max = -0.000 s, min = 9223372036.855 s, total = 0.000 s
	ray::rpc::WorkerInfoGcsService.grpc_client.AddWorkerInfo.OnReplyReceived - 1 total (0 active), Execution time: mean = 24.800 us, total = 24.800 us, Queueing time: mean = 4.376 ms, max = 4.376 ms, min = 4.376 ms, total = 4.376 ms
	ray::rpc::NodeInfoGcsService.grpc_client.GetAllNodeInfo.OnReplyReceived - 1 total (0 active), Execution time: mean = 187.800 us, total = 187.800 us, Queueing time: mean = 8.400 us, max = 8.400 us, min = 8.400 us, total = 8.400 us
	ray::rpc::InternalPubSubGcsService.grpc_client.GcsSubscriberCommandBatch.OnReplyReceived - 1 total (0 active), Execution time: mean = 381.000 us, total = 381.000 us, Queueing time: mean = 4.229 ms, max = 4.229 ms, min = 4.229 ms, total = 4.229 ms

-----------------
Task execution event stats:

Global stats: 18405 total (1 active)
Queueing time: mean = 6.288 ms, max = 47.341 ms, min = -0.001 s, total = 115.729 s
Execution time:  mean = 21.359 us, total = 393.115 ms
Event stats:
	CoreWorker.CheckSignal - 18404 total (1 active), Execution time: mean = 21.359 us, total = 393.087 ms, Queueing time: mean = 6.288 ms, max = 47.341 ms, min = -0.001 s, total = 115.729 s
	PeriodicalRunner.RunFnPeriodically - 1 total (0 active), Execution time: mean = 27.900 us, total = 27.900 us, Queueing time: mean = 3.800 us, max = 3.800 us, min = 3.800 us, total = 3.800 us

-----------------
Task Event stats:

IO Service Stats:

Global stats: 895 total (1 active)
Queueing time: mean = 2.321 ms, max = 19.214 ms, min = -0.000 s, total = 2.078 s
Execution time:  mean = 420.573 us, total = 376.413 ms
Event stats:
	CoreWorker.deadline_timer.flush_task_events - 298 total (1 active), Execution time: mean = 282.910 us, total = 84.307 ms, Queueing time: mean = 6.941 ms, max = 19.214 ms, min = -0.000 s, total = 2.068 s
	ray::rpc::TaskInfoGcsService.grpc_client.AddTaskEventData - 298 total (0 active), Execution time: mean = 953.834 us, total = 284.243 ms, Queueing time: mean = 0.000 s, max = -0.000 s, min = 9223372036.855 s, total = 0.000 s
	ray::rpc::TaskInfoGcsService.grpc_client.AddTaskEventData.OnReplyReceived - 298 total (0 active), Execution time: mean = 24.985 us, total = 7.446 ms, Queueing time: mean = 31.006 us, max = 811.700 us, min = 6.200 us, total = 9.240 ms
	PeriodicalRunner.RunFnPeriodically - 1 total (0 active), Execution time: mean = 417.200 us, total = 417.200 us, Queueing time: mean = 63.100 us, max = 63.100 us, min = 63.100 us, total = 63.100 us
Other Stats:
	gcs_grpc_in_progress:0
	event_aggregator_grpc_in_progress:0
	current number of task status events in buffer: 0
	current number of profile events in buffer: 0
	current number of dropped task attempts tracked: 0
	total task events sent: 0 MiB
	total number of task attempts sent: 0
	total number of task attempts dropped reported: 0
	total number of sent failure: 0
	num status task events dropped: 0
	num profile task events dropped: 0
	num ray task events reported to aggregator: 0
	num ray task events failed to report to aggregator: 0
	num of task attempts dropped reported to aggregator: 0
	num of failed requests to aggregator: 0

[2025-12-15 10:04:32,441 I 22296 5116] core_worker.cc:419: Event stats:


Global stats: 4875 total (8 active)
Queueing time: mean = 7.066 ms, max = 36.825 ms, min = -0.001 s, total = 34.448 s
Execution time:  mean = 86.175 us, total = 420.103 ms
Event stats:
	CoreWorker.RecoverObjects - 3313 total (1 active), Execution time: mean = 7.720 us, total = 25.577 ms, Queueing time: mean = 8.692 ms, max = 36.825 ms, min = -0.001 s, total = 28.797 s
	NodeManagerService.grpc_client.ReportWorkerBacklog.OnReplyReceived - 358 total (0 active), Execution time: mean = 20.412 us, total = 7.308 ms, Queueing time: mean = 43.158 us, max = 1.874 ms, min = 6.400 us, total = 15.450 ms
	NodeManagerService.grpc_client.ReportWorkerBacklog - 358 total (0 active), Execution time: mean = 741.384 us, total = 265.416 ms, Queueing time: mean = 0.000 s, max = -0.000 s, min = 9223372036.855 s, total = 0.000 s
	CoreWorker.ExitIfParentRayletDies - 358 total (1 active), Execution time: mean = 55.649 us, total = 19.922 ms, Queueing time: mean = 6.627 ms, max = 19.945 ms, min = -0.001 s, total = 2.372 s
	CoreWorker.InternalHeartbeat - 358 total (1 active), Execution time: mean = 239.238 us, total = 85.647 ms, Queueing time: mean = 6.434 ms, max = 19.636 ms, min = -0.001 s, total = 2.303 s
	CoreWorker.RecordMetrics - 72 total (1 active), Execution time: mean = 50.129 us, total = 3.609 ms, Queueing time: mean = 8.381 ms, max = 16.995 ms, min = -0.001 s, total = 603.448 ms
	CoreWorker.TryDelPendingObjectRefStreams - 36 total (1 active), Execution time: mean = 10.000 us, total = 360.000 us, Queueing time: mean = 7.648 ms, max = 16.040 ms, min = 30.300 us, total = 275.315 ms
	PeriodicalRunner.RunFnPeriodically - 7 total (0 active), Execution time: mean = 642.286 us, total = 4.496 ms, Queueing time: mean = 1.766 ms, max = 4.861 ms, min = 239.100 us, total = 12.363 ms
	CoreWorker.PrintEventStats - 6 total (1 active, 1 running), Execution time: mean = 685.417 us, total = 4.112 ms, Queueing time: mean = 9.914 ms, max = 12.338 ms, min = 11.114 ms, total = 59.484 ms
	Publisher.CheckDeadSubscribers - 2 total (1 active), Execution time: mean = 8.100 us, total = 16.200 us, Queueing time: mean = 812.000 us, max = 1.624 ms, min = 1.624 ms, total = 1.624 ms
	ray::rpc::NodeInfoGcsService.grpc_client.GetAllNodeInfo - 1 total (0 active), Execution time: mean = 699.800 us, total = 699.800 us, Queueing time: mean = 0.000 s, max = -0.000 s, min = 9223372036.855 s, total = 0.000 s
	ray::rpc::InternalPubSubGcsService.grpc_client.GcsSubscriberPoll - 1 total (1 active), Execution time: mean = 0.000 s, total = 0.000 s, Queueing time: mean = 0.000 s, max = -0.000 s, min = 9223372036.855 s, total = 0.000 s
	ray::rpc::WorkerInfoGcsService.grpc_client.AddWorkerInfo - 1 total (0 active), Execution time: mean = 1.465 ms, total = 1.465 ms, Queueing time: mean = 0.000 s, max = -0.000 s, min = 9223372036.855 s, total = 0.000 s
	ray::rpc::InternalPubSubGcsService.grpc_client.GcsSubscriberCommandBatch - 1 total (0 active), Execution time: mean = 880.800 us, total = 880.800 us, Queueing time: mean = 0.000 s, max = -0.000 s, min = 9223372036.855 s, total = 0.000 s
	ray::rpc::WorkerInfoGcsService.grpc_client.AddWorkerInfo.OnReplyReceived - 1 total (0 active), Execution time: mean = 24.800 us, total = 24.800 us, Queueing time: mean = 4.376 ms, max = 4.376 ms, min = 4.376 ms, total = 4.376 ms
	ray::rpc::NodeInfoGcsService.grpc_client.GetAllNodeInfo.OnReplyReceived - 1 total (0 active), Execution time: mean = 187.800 us, total = 187.800 us, Queueing time: mean = 8.400 us, max = 8.400 us, min = 8.400 us, total = 8.400 us
	ray::rpc::InternalPubSubGcsService.grpc_client.GcsSubscriberCommandBatch.OnReplyReceived - 1 total (0 active), Execution time: mean = 381.000 us, total = 381.000 us, Queueing time: mean = 4.229 ms, max = 4.229 ms, min = 4.229 ms, total = 4.229 ms

-----------------
Task execution event stats:

Global stats: 22092 total (1 active)
Queueing time: mean = 6.283 ms, max = 47.341 ms, min = -0.001 s, total = 138.811 s
Execution time:  mean = 21.400 us, total = 472.771 ms
Event stats:
	CoreWorker.CheckSignal - 22091 total (1 active), Execution time: mean = 21.400 us, total = 472.743 ms, Queueing time: mean = 6.284 ms, max = 47.341 ms, min = -0.001 s, total = 138.811 s
	PeriodicalRunner.RunFnPeriodically - 1 total (0 active), Execution time: mean = 27.900 us, total = 27.900 us, Queueing time: mean = 3.800 us, max = 3.800 us, min = 3.800 us, total = 3.800 us

-----------------
Task Event stats:

IO Service Stats:

Global stats: 1075 total (1 active)
Queueing time: mean = 2.332 ms, max = 20.550 ms, min = -0.000 s, total = 2.507 s
Execution time:  mean = 409.420 us, total = 440.126 ms
Event stats:
	CoreWorker.deadline_timer.flush_task_events - 358 total (1 active), Execution time: mean = 284.211 us, total = 101.748 ms, Queueing time: mean = 6.970 ms, max = 20.550 ms, min = -0.000 s, total = 2.495 s
	ray::rpc::TaskInfoGcsService.grpc_client.AddTaskEventData - 358 total (0 active), Execution time: mean = 918.472 us, total = 328.813 ms, Queueing time: mean = 0.000 s, max = -0.000 s, min = 9223372036.855 s, total = 0.000 s
	ray::rpc::TaskInfoGcsService.grpc_client.AddTaskEventData.OnReplyReceived - 358 total (0 active), Execution time: mean = 25.554 us, total = 9.148 ms, Queueing time: mean = 33.244 us, max = 811.700 us, min = 6.200 us, total = 11.901 ms
	PeriodicalRunner.RunFnPeriodically - 1 total (0 active), Execution time: mean = 417.200 us, total = 417.200 us, Queueing time: mean = 63.100 us, max = 63.100 us, min = 63.100 us, total = 63.100 us
Other Stats:
	gcs_grpc_in_progress:0
	event_aggregator_grpc_in_progress:0
	current number of task status events in buffer: 0
	current number of profile events in buffer: 0
	current number of dropped task attempts tracked: 0
	total task events sent: 0 MiB
	total number of task attempts sent: 0
	total number of task attempts dropped reported: 0
	total number of sent failure: 0
	num status task events dropped: 0
	num profile task events dropped: 0
	num ray task events reported to aggregator: 0
	num ray task events failed to report to aggregator: 0
	num of task attempts dropped reported to aggregator: 0
	num of failed requests to aggregator: 0

[2025-12-15 10:05:32,454 I 22296 5116] core_worker.cc:419: Event stats:


Global stats: 5685 total (8 active)
Queueing time: mean = 7.090 ms, max = 36.825 ms, min = -0.001 s, total = 40.305 s
Execution time:  mean = 87.345 us, total = 496.558 ms
Event stats:
	CoreWorker.RecoverObjects - 3864 total (1 active), Execution time: mean = 7.781 us, total = 30.065 ms, Queueing time: mean = 8.710 ms, max = 36.825 ms, min = -0.001 s, total = 33.657 s
	NodeManagerService.grpc_client.ReportWorkerBacklog.OnReplyReceived - 418 total (0 active), Execution time: mean = 20.903 us, total = 8.738 ms, Queueing time: mean = 48.999 us, max = 2.250 ms, min = 6.400 us, total = 20.482 ms
	NodeManagerService.grpc_client.ReportWorkerBacklog - 418 total (0 active), Execution time: mean = 751.677 us, total = 314.201 ms, Queueing time: mean = 0.000 s, max = -0.000 s, min = 9223372036.855 s, total = 0.000 s
	CoreWorker.ExitIfParentRayletDies - 418 total (1 active), Execution time: mean = 55.792 us, total = 23.321 ms, Queueing time: mean = 6.650 ms, max = 24.852 ms, min = -0.001 s, total = 2.780 s
	CoreWorker.InternalHeartbeat - 418 total (1 active), Execution time: mean = 244.602 us, total = 102.244 ms, Queueing time: mean = 6.452 ms, max = 24.771 ms, min = -0.001 s, total = 2.697 s
	CoreWorker.RecordMetrics - 84 total (1 active), Execution time: mean = 50.106 us, total = 4.209 ms, Queueing time: mean = 8.495 ms, max = 16.995 ms, min = -0.001 s, total = 713.590 ms
	CoreWorker.TryDelPendingObjectRefStreams - 42 total (1 active), Execution time: mean = 9.524 us, total = 400.000 us, Queueing time: mean = 8.202 ms, max = 16.040 ms, min = 30.300 us, total = 344.466 ms
	PeriodicalRunner.RunFnPeriodically - 7 total (0 active), Execution time: mean = 642.286 us, total = 4.496 ms, Queueing time: mean = 1.766 ms, max = 4.861 ms, min = 239.100 us, total = 12.363 ms
	CoreWorker.PrintEventStats - 7 total (1 active, 1 running), Execution time: mean = 747.214 us, total = 5.231 ms, Queueing time: mean = 10.093 ms, max = 12.338 ms, min = 11.114 ms, total = 70.651 ms
	Publisher.CheckDeadSubscribers - 2 total (1 active), Execution time: mean = 8.100 us, total = 16.200 us, Queueing time: mean = 812.000 us, max = 1.624 ms, min = 1.624 ms, total = 1.624 ms
	ray::rpc::NodeInfoGcsService.grpc_client.GetAllNodeInfo - 1 total (0 active), Execution time: mean = 699.800 us, total = 699.800 us, Queueing time: mean = 0.000 s, max = -0.000 s, min = 9223372036.855 s, total = 0.000 s
	ray::rpc::InternalPubSubGcsService.grpc_client.GcsSubscriberPoll - 1 total (1 active), Execution time: mean = 0.000 s, total = 0.000 s, Queueing time: mean = 0.000 s, max = -0.000 s, min = 9223372036.855 s, total = 0.000 s
	ray::rpc::WorkerInfoGcsService.grpc_client.AddWorkerInfo - 1 total (0 active), Execution time: mean = 1.465 ms, total = 1.465 ms, Queueing time: mean = 0.000 s, max = -0.000 s, min = 9223372036.855 s, total = 0.000 s
	ray::rpc::InternalPubSubGcsService.grpc_client.GcsSubscriberCommandBatch - 1 total (0 active), Execution time: mean = 880.800 us, total = 880.800 us, Queueing time: mean = 0.000 s, max = -0.000 s, min = 9223372036.855 s, total = 0.000 s
	ray::rpc::WorkerInfoGcsService.grpc_client.AddWorkerInfo.OnReplyReceived - 1 total (0 active), Execution time: mean = 24.800 us, total = 24.800 us, Queueing time: mean = 4.376 ms, max = 4.376 ms, min = 4.376 ms, total = 4.376 ms
	ray::rpc::NodeInfoGcsService.grpc_client.GetAllNodeInfo.OnReplyReceived - 1 total (0 active), Execution time: mean = 187.800 us, total = 187.800 us, Queueing time: mean = 8.400 us, max = 8.400 us, min = 8.400 us, total = 8.400 us
	ray::rpc::InternalPubSubGcsService.grpc_client.GcsSubscriberCommandBatch.OnReplyReceived - 1 total (0 active), Execution time: mean = 381.000 us, total = 381.000 us, Queueing time: mean = 4.229 ms, max = 4.229 ms, min = 4.229 ms, total = 4.229 ms

-----------------
Task execution event stats:

Global stats: 25762 total (1 active)
Queueing time: mean = 6.291 ms, max = 47.341 ms, min = -0.001 s, total = 162.065 s
Execution time:  mean = 21.590 us, total = 556.206 ms
Event stats:
	CoreWorker.CheckSignal - 25761 total (1 active), Execution time: mean = 21.590 us, total = 556.178 ms, Queueing time: mean = 6.291 ms, max = 47.341 ms, min = -0.001 s, total = 162.065 s
	PeriodicalRunner.RunFnPeriodically - 1 total (0 active), Execution time: mean = 27.900 us, total = 27.900 us, Queueing time: mean = 3.800 us, max = 3.800 us, min = 3.800 us, total = 3.800 us

-----------------
Task Event stats:

IO Service Stats:

Global stats: 1255 total (1 active)
Queueing time: mean = 2.315 ms, max = 20.550 ms, min = -0.001 s, total = 2.906 s
Execution time:  mean = 415.121 us, total = 520.977 ms
Event stats:
	CoreWorker.deadline_timer.flush_task_events - 418 total (1 active), Execution time: mean = 292.590 us, total = 122.303 ms, Queueing time: mean = 6.882 ms, max = 20.550 ms, min = -0.001 s, total = 2.877 s
	ray::rpc::TaskInfoGcsService.grpc_client.AddTaskEventData - 418 total (0 active), Execution time: mean = 925.592 us, total = 386.897 ms, Queueing time: mean = 0.000 s, max = -0.000 s, min = 9223372036.855 s, total = 0.000 s
	ray::rpc::TaskInfoGcsService.grpc_client.AddTaskEventData.OnReplyReceived - 418 total (0 active), Execution time: mean = 27.175 us, total = 11.359 ms, Queueing time: mean = 69.464 us, max = 14.673 ms, min = 6.200 us, total = 29.036 ms
	PeriodicalRunner.RunFnPeriodically - 1 total (0 active), Execution time: mean = 417.200 us, total = 417.200 us, Queueing time: mean = 63.100 us, max = 63.100 us, min = 63.100 us, total = 63.100 us
Other Stats:
	gcs_grpc_in_progress:0
	event_aggregator_grpc_in_progress:0
	current number of task status events in buffer: 0
	current number of profile events in buffer: 0
	current number of dropped task attempts tracked: 0
	total task events sent: 0 MiB
	total number of task attempts sent: 0
	total number of task attempts dropped reported: 0
	total number of sent failure: 0
	num status task events dropped: 0
	num profile task events dropped: 0
	num ray task events reported to aggregator: 0
	num ray task events failed to report to aggregator: 0
	num of task attempts dropped reported to aggregator: 0
	num of failed requests to aggregator: 0

[2025-12-15 10:06:32,454 I 22296 5116] core_worker.cc:419: Event stats:


Global stats: 6490 total (8 active)
Queueing time: mean = 7.170 ms, max = 46.025 ms, min = -0.001 s, total = 46.534 s
Execution time:  mean = 91.157 us, total = 591.612 ms
Event stats:
	CoreWorker.RecoverObjects - 4414 total (1 active), Execution time: mean = 7.916 us, total = 34.941 ms, Queueing time: mean = 8.778 ms, max = 46.025 ms, min = -0.001 s, total = 38.747 s
	NodeManagerService.grpc_client.ReportWorkerBacklog.OnReplyReceived - 477 total (0 active), Execution time: mean = 21.396 us, total = 10.206 ms, Queueing time: mean = 72.340 us, max = 3.281 ms, min = 6.400 us, total = 34.506 ms
	NodeManagerService.grpc_client.ReportWorkerBacklog - 477 total (0 active), Execution time: mean = 788.077 us, total = 375.913 ms, Queueing time: mean = 0.000 s, max = -0.000 s, min = 9223372036.855 s, total = 0.000 s
	CoreWorker.ExitIfParentRayletDies - 477 total (1 active), Execution time: mean = 59.751 us, total = 28.501 ms, Queueing time: mean = 6.857 ms, max = 24.852 ms, min = -0.001 s, total = 3.271 s
	CoreWorker.InternalHeartbeat - 477 total (1 active), Execution time: mean = 255.868 us, total = 122.049 ms, Queueing time: mean = 6.653 ms, max = 24.771 ms, min = -0.001 s, total = 3.174 s
	CoreWorker.RecordMetrics - 96 total (1 active), Execution time: mean = 50.480 us, total = 4.846 ms, Queueing time: mean = 8.481 ms, max = 17.803 ms, min = -0.001 s, total = 814.132 ms
	CoreWorker.TryDelPendingObjectRefStreams - 48 total (1 active), Execution time: mean = 9.319 us, total = 447.300 us, Queueing time: mean = 8.087 ms, max = 16.040 ms, min = 30.300 us, total = 388.157 ms
	CoreWorker.PrintEventStats - 8 total (1 active, 1 running), Execution time: mean = 819.587 us, total = 6.557 ms, Queueing time: mean = 10.403 ms, max = 12.576 ms, min = 11.114 ms, total = 83.227 ms
	PeriodicalRunner.RunFnPeriodically - 7 total (0 active), Execution time: mean = 642.286 us, total = 4.496 ms, Queueing time: mean = 1.766 ms, max = 4.861 ms, min = 239.100 us, total = 12.363 ms
	Publisher.CheckDeadSubscribers - 2 total (1 active), Execution time: mean = 8.100 us, total = 16.200 us, Queueing time: mean = 812.000 us, max = 1.624 ms, min = 1.624 ms, total = 1.624 ms
	ray::rpc::NodeInfoGcsService.grpc_client.GetAllNodeInfo - 1 total (0 active), Execution time: mean = 699.800 us, total = 699.800 us, Queueing time: mean = 0.000 s, max = -0.000 s, min = 9223372036.855 s, total = 0.000 s
	ray::rpc::InternalPubSubGcsService.grpc_client.GcsSubscriberPoll - 1 total (1 active), Execution time: mean = 0.000 s, total = 0.000 s, Queueing time: mean = 0.000 s, max = -0.000 s, min = 9223372036.855 s, total = 0.000 s
	ray::rpc::WorkerInfoGcsService.grpc_client.AddWorkerInfo - 1 total (0 active), Execution time: mean = 1.465 ms, total = 1.465 ms, Queueing time: mean = 0.000 s, max = -0.000 s, min = 9223372036.855 s, total = 0.000 s
	ray::rpc::InternalPubSubGcsService.grpc_client.GcsSubscriberCommandBatch - 1 total (0 active), Execution time: mean = 880.800 us, total = 880.800 us, Queueing time: mean = 0.000 s, max = -0.000 s, min = 9223372036.855 s, total = 0.000 s
	ray::rpc::WorkerInfoGcsService.grpc_client.AddWorkerInfo.OnReplyReceived - 1 total (0 active), Execution time: mean = 24.800 us, total = 24.800 us, Queueing time: mean = 4.376 ms, max = 4.376 ms, min = 4.376 ms, total = 4.376 ms
	ray::rpc::NodeInfoGcsService.grpc_client.GetAllNodeInfo.OnReplyReceived - 1 total (0 active), Execution time: mean = 187.800 us, total = 187.800 us, Queueing time: mean = 8.400 us, max = 8.400 us, min = 8.400 us, total = 8.400 us
	ray::rpc::InternalPubSubGcsService.grpc_client.GcsSubscriberCommandBatch.OnReplyReceived - 1 total (0 active), Execution time: mean = 381.000 us, total = 381.000 us, Queueing time: mean = 4.229 ms, max = 4.229 ms, min = 4.229 ms, total = 4.229 ms

-----------------
Task execution event stats:

Global stats: 29391 total (1 active)
Queueing time: mean = 6.319 ms, max = 47.341 ms, min = -0.001 s, total = 185.711 s
Execution time:  mean = 21.774 us, total = 639.958 ms
Event stats:
	CoreWorker.CheckSignal - 29390 total (1 active), Execution time: mean = 21.774 us, total = 639.930 ms, Queueing time: mean = 6.319 ms, max = 47.341 ms, min = -0.001 s, total = 185.711 s
	PeriodicalRunner.RunFnPeriodically - 1 total (0 active), Execution time: mean = 27.900 us, total = 27.900 us, Queueing time: mean = 3.800 us, max = 3.800 us, min = 3.800 us, total = 3.800 us

-----------------
Task Event stats:

IO Service Stats:

Global stats: 1432 total (1 active)
Queueing time: mean = 2.440 ms, max = 38.946 ms, min = -0.001 s, total = 3.494 s
Execution time:  mean = 427.479 us, total = 612.150 ms
Event stats:
	CoreWorker.deadline_timer.flush_task_events - 477 total (1 active), Execution time: mean = 294.815 us, total = 140.627 ms, Queueing time: mean = 7.171 ms, max = 38.946 ms, min = -0.001 s, total = 3.420 s
	ray::rpc::TaskInfoGcsService.grpc_client.AddTaskEventData - 477 total (0 active), Execution time: mean = 960.056 us, total = 457.947 ms, Queueing time: mean = 0.000 s, max = -0.000 s, min = 9223372036.855 s, total = 0.000 s
	ray::rpc::TaskInfoGcsService.grpc_client.AddTaskEventData.OnReplyReceived - 477 total (0 active), Execution time: mean = 27.587 us, total = 13.159 ms, Queueing time: mean = 154.780 us, max = 14.673 ms, min = 6.200 us, total = 73.830 ms
	PeriodicalRunner.RunFnPeriodically - 1 total (0 active), Execution time: mean = 417.200 us, total = 417.200 us, Queueing time: mean = 63.100 us, max = 63.100 us, min = 63.100 us, total = 63.100 us
Other Stats:
	gcs_grpc_in_progress:0
	event_aggregator_grpc_in_progress:0
	current number of task status events in buffer: 0
	current number of profile events in buffer: 0
	current number of dropped task attempts tracked: 0
	total task events sent: 0 MiB
	total number of task attempts sent: 0
	total number of task attempts dropped reported: 0
	total number of sent failure: 0
	num status task events dropped: 0
	num profile task events dropped: 0
	num ray task events reported to aggregator: 0
	num ray task events failed to report to aggregator: 0
	num of task attempts dropped reported to aggregator: 0
	num of failed requests to aggregator: 0

[2025-12-15 10:07:19,259 I 22296 5116] accessor.cc:743: Received notification for node, IsAlive = 0 node_id=95dee78f09d0786a6c8739f9bd73fc7da8a1073d0f113cf414b55469
[2025-12-15 10:07:19,259 I 22296 5116] core_worker.cc:820: Node failure. All objects pinned on that node will be lost if object reconstruction is not enabled. node_id=95dee78f09d0786a6c8739f9bd73fc7da8a1073d0f113cf414b55469
[2025-12-15 10:07:19,260 I 22296 25320] core_worker.cc:653: Exit signal received, this process will exit after all outstanding tasks have finished, exit_type=SYSTEM_ERROR, detail=Worker exits unexpectedly by a signal. SystemExit is raised (sys.exit is called). Exit code: 1. The process receives a SIGTERM.
[2025-12-15 10:07:19,260 I 22296 25320] core_worker.cc:689: Wait for currently executing tasks in the underlying thread pools to finish.
[2025-12-15 10:07:19,260 I 22296 5116] normal_task_submitter.cc:833: Number of alive nodes:0
[2025-12-15 10:07:19,260 I 22296 25320] core_worker.cc:723: Releasing local references, then draining reference counter.
[2025-12-15 10:07:19,317 I 22296 25320] core_worker.cc:580: Sending disconnect message to the local raylet.
[2025-12-15 10:07:19,317 I 22296 25320] raylet_ipc_client.cc:113: RayletIpcClient::Disconnect, exit_type=SYSTEM_ERROR, exit_detail=Worker exits unexpectedly by a signal. SystemExit is raised (sys.exit is called). Exit code: 1. The process receives a SIGTERM., has creation_task_exception_pb_bytes=0
[2025-12-15 10:07:19,410 W 22296 25320] raylet_ipc_client.cc:284: Exiting because the Raylet IPC connection failed and the local Raylet is dead. Status: IOError: Unknown error
