Windows fatal exception: access violation

[2025-12-15 10:07:19,252 E 4328 24800] (raylet.exe) agent_manager.cc:86: The raylet exited immediately because one Ray agent failed, agent_name = runtime_env_agent.
The raylet fate shares with the agent. This can happen because
- The version of `grpcio` doesn't follow Ray's requirement. Agent can segfault with the incorrect `grpcio` version. Check the grpcio version `pip freeze | grep grpcio`.
- The agent failed to start because of unexpected error or port conflict. Read the log `cat /tmp/ray/session_latest/logs/{dashboard_agent|runtime_env_agent}.log`. You can find the log file structure here https://docs.ray.io/en/master/ray-observability/user-guides/configure-logging.html#logging-directory-structure.
- The agent is killed by the OS (e.g., out of memory).
[2025-12-15 10:07:19,261 E 4328 11648] (raylet.exe) agent_manager.cc:86: The raylet exited immediately because one Ray agent failed, agent_name = dashboard_agent.
The raylet fate shares with the agent. This can happen because
- The version of `grpcio` doesn't follow Ray's requirement. Agent can segfault with the incorrect `grpcio` version. Check the grpcio version `pip freeze | grep grpcio`.
- The agent failed to start because of unexpected error or port conflict. Read the log `cat /tmp/ray/session_latest/logs/{dashboard_agent|runtime_env_agent}.log`. You can find the log file structure here https://docs.ray.io/en/master/ray-observability/user-guides/configure-logging.html#logging-directory-structure.
- The agent is killed by the OS (e.g., out of memory).
*** SIGSEGV received at time=1765773439 ***
    @   00007FF6100FCCF9  (unknown)  (unknown)
    @   00007FF9A1EDF47F  (unknown)  (unknown)
    @   00007FF9B92462FF  (unknown)  (unknown)
    @   00007FF9B90F2327  (unknown)  (unknown)
    @   00007FF9B9245C3E  (unknown)  (unknown)
    @   00007FF60F99CA2A  (unknown)  (unknown)
    @   00007FF60FA2CB94  (unknown)  (unknown)
    @   00007FF60FA2B66F  (unknown)  (unknown)
    @   00007FF60FA2E9FD  (unknown)  (unknown)
    @   00007FF60F99E3D2  (unknown)  (unknown)
    @   00007FF60F9993B0  (unknown)  (unknown)
    @   00007FF60F90E9D4  (unknown)  (unknown)
    @   00007FF60F948781  (unknown)  (unknown)
    @   00007FF60F72F2D9  (unknown)  (unknown)
    @   00007FF60FABFBC9  (unknown)  (unknown)
    @   00007FF60FAB839E  (unknown)  (unknown)
    @   00007FF60FAB8928  (unknown)  (unknown)
    @   00007FF61006DFBC  (unknown)  (unknown)
    @   00007FF610073254  (unknown)  (unknown)
    @   00007FF6100725B3  (unknown)  (unknown)
    @   00007FF60F73C26C  (unknown)  (unknown)
    @   00007FF6100B6D78  (unknown)  (unknown)
    @   00007FF9B6FFE8D7  (unknown)  (unknown)
    @   00007FF9B916C53C  (unknown)  (unknown)
[2025-12-15 10:07:19,396 E 4328 24928] (raylet.exe) logging.cc:474: *** SIGSEGV received at time=1765773439 ***
[2025-12-15 10:07:19,396 E 4328 24928] (raylet.exe) logging.cc:474:     @   00007FF6100FCCF9  (unknown)  (unknown)
[2025-12-15 10:07:19,396 E 4328 24928] (raylet.exe) logging.cc:474:     @   00007FF9A1EDF47F  (unknown)  (unknown)
[2025-12-15 10:07:19,396 E 4328 24928] (raylet.exe) logging.cc:474:     @   00007FF9B92462FF  (unknown)  (unknown)
[2025-12-15 10:07:19,396 E 4328 24928] (raylet.exe) logging.cc:474:     @   00007FF9B90F2327  (unknown)  (unknown)
[2025-12-15 10:07:19,396 E 4328 24928] (raylet.exe) logging.cc:474:     @   00007FF9B9245C3E  (unknown)  (unknown)
[2025-12-15 10:07:19,396 E 4328 24928] (raylet.exe) logging.cc:474:     @   00007FF60F99CA2A  (unknown)  (unknown)
[2025-12-15 10:07:19,397 E 4328 24928] (raylet.exe) logging.cc:474:     @   00007FF60FA2CB94  (unknown)  (unknown)
[2025-12-15 10:07:19,397 E 4328 24928] (raylet.exe) logging.cc:474:     @   00007FF60FA2B66F  (unknown)  (unknown)
[2025-12-15 10:07:19,397 E 4328 24928] (raylet.exe) logging.cc:474:     @   00007FF60FA2E9FD  (unknown)  (unknown)
[2025-12-15 10:07:19,397 E 4328 24928] (raylet.exe) logging.cc:474:     @   00007FF60F99E3D2  (unknown)  (unknown)
[2025-12-15 10:07:19,397 E 4328 24928] (raylet.exe) logging.cc:474:     @   00007FF60F9993B0  (unknown)  (unknown)
[2025-12-15 10:07:19,397 E 4328 24928] (raylet.exe) logging.cc:474:     @   00007FF60F90E9D4  (unknown)  (unknown)
[2025-12-15 10:07:19,397 E 4328 24928] (raylet.exe) logging.cc:474:     @   00007FF60F948781  (unknown)  (unknown)
[2025-12-15 10:07:19,397 E 4328 24928] (raylet.exe) logging.cc:474:     @   00007FF60F72F2D9  (unknown)  (unknown)
[2025-12-15 10:07:19,397 E 4328 24928] (raylet.exe) logging.cc:474:     @   00007FF60FABFBC9  (unknown)  (unknown)
[2025-12-15 10:07:19,397 E 4328 24928] (raylet.exe) logging.cc:474:     @   00007FF60FAB839E  (unknown)  (unknown)
[2025-12-15 10:07:19,397 E 4328 24928] (raylet.exe) logging.cc:474:     @   00007FF60FAB8928  (unknown)  (unknown)
[2025-12-15 10:07:19,397 E 4328 24928] (raylet.exe) logging.cc:474:     @   00007FF61006DFBC  (unknown)  (unknown)
[2025-12-15 10:07:19,397 E 4328 24928] (raylet.exe) logging.cc:474:     @   00007FF610073254  (unknown)  (unknown)
[2025-12-15 10:07:19,397 E 4328 24928] (raylet.exe) logging.cc:474:     @   00007FF6100725B3  (unknown)  (unknown)
[2025-12-15 10:07:19,397 E 4328 24928] (raylet.exe) logging.cc:474:     @   00007FF60F73C26C  (unknown)  (unknown)
[2025-12-15 10:07:19,397 E 4328 24928] (raylet.exe) logging.cc:474:     @   00007FF6100B6D78  (unknown)  (unknown)
[2025-12-15 10:07:19,397 E 4328 24928] (raylet.exe) logging.cc:474:     @   00007FF9B6FFE8D7  (unknown)  (unknown)
[2025-12-15 10:07:19,397 E 4328 24928] (raylet.exe) logging.cc:474:     @   00007FF9B916C53C  (unknown)  (unknown)
Windows fatal exception: access violation

Windows fatal exception: access violation

Stack (most recent call first):
Stack (most recent call first):
  File   File "C:\Users\sivas\AppData\Roaming\Python\Python311\site-packages\ray\_private\worker.py", line 984 in "C:\Users\sivas\AppData\Roaming\Python\Python311\site-packages\ray\_private\worker.py"main_loop
  File , line 984 in main_loop
  File "C:\Users\sivas\AppData\Roaming\Python\Python311\site-packages\ray\_private\workers\default_worker.py", line 323 in <module>
"C:\Users\sivas\AppData\Roaming\Python\Python311\site-packages\ray\_private\workers\default_worker.py", line 323 in <module>
Windows fatal exception: access violation

Windows fatal exception: access violation

Windows fatal exception: access violation

Windows fatal exception: access violation

Windows fatal exception: access violation

