2025-12-14 20:08:14,589	INFO log_monitor.py:157 -- Starting log monitor with [max open files=200], [is_autoscaler_v2=False]
2025-12-14 20:08:14,591	INFO log_monitor.py:279 -- Beginning to track file raylet.err
2025-12-14 20:08:14,593	INFO log_monitor.py:279 -- Beginning to track file monitor.log
2025-12-14 20:08:14,595	INFO log_monitor.py:279 -- Beginning to track file gcs_server.err
2025-12-14 20:08:16,334	INFO log_monitor.py:279 -- Beginning to track file worker-3f6340fc1b3d44c6dfb021aff5fa36c2fe4abe47647402b8c1145c3a-ffffffff-15432.err
2025-12-14 20:08:16,336	INFO log_monitor.py:279 -- Beginning to track file worker-3f6340fc1b3d44c6dfb021aff5fa36c2fe4abe47647402b8c1145c3a-ffffffff-15432.out
2025-12-14 20:08:16,336	INFO log_monitor.py:279 -- Beginning to track file worker-618e42688052c7de443c6a632983f49b4773490f78c52488599a33b9-ffffffff-25044.err
2025-12-14 20:08:16,336	INFO log_monitor.py:279 -- Beginning to track file worker-618e42688052c7de443c6a632983f49b4773490f78c52488599a33b9-ffffffff-25044.out
2025-12-14 20:08:16,438	INFO log_monitor.py:279 -- Beginning to track file worker-70ecce5d3326081751900383d24babb048e0c95180304977c4b4ec71-ffffffff-15168.err
2025-12-14 20:08:16,441	INFO log_monitor.py:279 -- Beginning to track file worker-70ecce5d3326081751900383d24babb048e0c95180304977c4b4ec71-ffffffff-15168.out
2025-12-14 20:08:16,441	INFO log_monitor.py:279 -- Beginning to track file worker-d861987dc68a615bbabe7763f7e8a2c916ae6ec7e1d24d924ba078de-ffffffff-1356.err
2025-12-14 20:08:16,441	INFO log_monitor.py:279 -- Beginning to track file worker-d861987dc68a615bbabe7763f7e8a2c916ae6ec7e1d24d924ba078de-ffffffff-1356.out
2025-12-14 20:08:16,450	INFO log_monitor.py:279 -- Beginning to track file worker-463088ed9fb4a1da89dba221daf4e0db4f44acdc40d069d87cfdc9ad-ffffffff-6692.err
2025-12-14 20:08:16,452	INFO log_monitor.py:279 -- Beginning to track file worker-463088ed9fb4a1da89dba221daf4e0db4f44acdc40d069d87cfdc9ad-ffffffff-6692.out
2025-12-14 20:08:16,554	INFO log_monitor.py:279 -- Beginning to track file worker-4c8c99584daf42e361db1efca6abc8348a2bf0a7cafd1572fa6a5276-ffffffff-13908.err
2025-12-14 20:08:16,554	INFO log_monitor.py:279 -- Beginning to track file worker-4c8c99584daf42e361db1efca6abc8348a2bf0a7cafd1572fa6a5276-ffffffff-13908.out
2025-12-14 20:08:16,554	INFO log_monitor.py:279 -- Beginning to track file worker-78735d1888763019f73c1baeeed6e4ec5f8740c18c229de23e6db101-ffffffff-4436.err
2025-12-14 20:08:16,554	INFO log_monitor.py:279 -- Beginning to track file worker-78735d1888763019f73c1baeeed6e4ec5f8740c18c229de23e6db101-ffffffff-4436.out
2025-12-14 20:08:16,658	INFO log_monitor.py:279 -- Beginning to track file worker-321b662c7d85328e350061c717157c14e9f42413144eaab2cb123a3a-ffffffff-17512.err
2025-12-14 20:08:16,658	INFO log_monitor.py:279 -- Beginning to track file worker-321b662c7d85328e350061c717157c14e9f42413144eaab2cb123a3a-ffffffff-17512.out
2025-12-14 20:08:19,942	INFO log_monitor.py:279 -- Beginning to track file worker-b5c7d2c47fb20f06345636ddd3bb435ec5461e5fb4bf0c27cceea8ee-01000000-24416.err
2025-12-14 20:08:19,942	INFO log_monitor.py:279 -- Beginning to track file worker-b5c7d2c47fb20f06345636ddd3bb435ec5461e5fb4bf0c27cceea8ee-01000000-24416.out
2025-12-14 20:08:34,634	INFO log_monitor.py:279 -- Beginning to track file worker-8e372e18fcb073f13e396bf748adf24f6cba48954d3329154f1f4cab-01000000-22696.err
2025-12-14 20:08:34,636	INFO log_monitor.py:279 -- Beginning to track file worker-8e372e18fcb073f13e396bf748adf24f6cba48954d3329154f1f4cab-01000000-22696.out
2025-12-14 20:08:34,849	INFO log_monitor.py:279 -- Beginning to track file worker-2840c94498443809a02fd5a662b3a750f1784c0a952dad797ce5a7ad-01000000-2692.err
2025-12-14 20:08:34,851	INFO log_monitor.py:279 -- Beginning to track file worker-2840c94498443809a02fd5a662b3a750f1784c0a952dad797ce5a7ad-01000000-2692.out
2025-12-14 20:08:34,851	INFO log_monitor.py:279 -- Beginning to track file worker-32f5e07a0a14aeca5cd8d5967ce94ccc383a5ed70933d3122fc82132-01000000-3492.err
2025-12-14 20:08:34,851	INFO log_monitor.py:279 -- Beginning to track file worker-32f5e07a0a14aeca5cd8d5967ce94ccc383a5ed70933d3122fc82132-01000000-3492.out
2025-12-14 20:08:34,852	INFO log_monitor.py:279 -- Beginning to track file worker-af7f70f16795b20f1068cd2978f05fa19ffcb965b44da2be797ff747-01000000-8664.err
2025-12-14 20:08:34,852	INFO log_monitor.py:279 -- Beginning to track file worker-af7f70f16795b20f1068cd2978f05fa19ffcb965b44da2be797ff747-01000000-8664.out
