2025-12-14 20:08:11,394	INFO monitor.py:726 -- Starting monitor using ray installation: C:\Users\sivas\AppData\Roaming\Python\Python311\site-packages\ray\__init__.py
2025-12-14 20:08:11,394	INFO monitor.py:727 -- Ray version: 2.49.2
2025-12-14 20:08:11,394	INFO monitor.py:728 -- Ray commit: 479fa716904109d9df4b56b98ca3c3350e1ec13c
2025-12-14 20:08:11,394	INFO monitor.py:729 -- Monitor started with command: ['C:\\Users\\sivas\\AppData\\Roaming\\Python\\Python311\\site-packages\\ray\\autoscaler\\_private\\monitor.py', '--logs-dir=c:\\Users\\sivas\\final\\ray_temp\\session_2025-12-14_20-08-08_286469_14708\\logs', '--logging-rotate-bytes=536870912', '--logging-rotate-backup-count=5', '--gcs-address=127.0.0.1:59105', '--stdout-filepath=c:\\Users\\sivas\\final\\ray_temp\\session_2025-12-14_20-08-08_286469_14708\\logs\\monitor.out', '--stderr-filepath=c:\\Users\\sivas\\final\\ray_temp\\session_2025-12-14_20-08-08_286469_14708\\logs\\monitor.err', '--monitor-ip=127.0.0.1']
2025-12-14 20:08:11,403	INFO monitor.py:161 -- session_name: session_2025-12-14_20-08-08_286469_14708
2025-12-14 20:08:11,404	WARNING monitor.py:214 -- `prometheus_client` not found, so metrics will not be exported.
2025-12-14 20:08:11,404	INFO monitor.py:218 -- Monitor: Started
2025-12-14 20:08:11,428	INFO autoscaler.py:280 -- disable_node_updaters:False
2025-12-14 20:08:11,430	INFO autoscaler.py:289 -- disable_launch_config_check:True
2025-12-14 20:08:11,430	INFO autoscaler.py:301 -- foreground_node_launch:False
2025-12-14 20:08:11,430	INFO autoscaler.py:311 -- worker_liveness_check:True
2025-12-14 20:08:11,431	INFO autoscaler.py:361 -- StandardAutoscaler: {'cluster_name': 'default', 'max_workers': 0, 'upscaling_speed': 1.0, 'docker': {}, 'idle_timeout_minutes': 0, 'provider': {'type': 'readonly', 'use_node_id_as_ip': True, 'disable_launch_config_check': True}, 'auth': {}, 'available_node_types': {'ray.head.default': {'resources': {}, 'node_config': {}, 'max_workers': 0}}, 'head_node_type': 'ray.head.default', 'file_mounts': {}, 'cluster_synced_files': [], 'file_mounts_sync_continuously': False, 'rsync_exclude': [], 'rsync_filter': [], 'initialization_commands': [], 'setup_commands': [], 'head_setup_commands': [], 'worker_setup_commands': [], 'head_start_ray_commands': [], 'worker_start_ray_commands': []}
2025-12-14 20:08:11,435	INFO monitor.py:404 -- Autoscaler has not yet received load metrics. Waiting.
2025-12-14 20:08:16,441	INFO autoscaler.py:147 -- The autoscaler took 0.0 seconds to fetch the list of non-terminated nodes.
2025-12-14 20:08:16,443	INFO autoscaler.py:408 -- 
======== Autoscaler status: 2025-12-14 20:08:16.443966 ========
Node status
---------------------------------------------------------------
Active:
 1 node_8eac24cb3ee9bdcc7e93c46a476c65d4fbeaf419a4e7bed86dd854be
Pending:
 (no pending nodes)
Recent failures:
 (no failures)

Resources
---------------------------------------------------------------
Total Usage:
 0.0/8.0 CPU
 0B/407.88MiB memory
 0B/174.81MiB object_store_memory

Total Constraints:
 (no request_resources() constraints)
Total Demands:
 (no resource demands)
2025-12-14 20:08:16,445	INFO autoscaler.py:463 -- The autoscaler took 0.003 seconds to complete the update iteration.
2025-12-14 20:08:21,451	INFO autoscaler.py:147 -- The autoscaler took 0.0 seconds to fetch the list of non-terminated nodes.
2025-12-14 20:08:21,453	INFO autoscaler.py:408 -- 
======== Autoscaler status: 2025-12-14 20:08:21.453356 ========
Node status
---------------------------------------------------------------
Active:
 1 node_8eac24cb3ee9bdcc7e93c46a476c65d4fbeaf419a4e7bed86dd854be
Pending:
 (no pending nodes)
Recent failures:
 (no failures)

Resources
---------------------------------------------------------------
Total Usage:
 1.0/8.0 CPU (1.0 used of 5.0 reserved in placement groups)
 0B/407.88MiB memory
 206.43KiB/174.81MiB object_store_memory

Total Constraints:
 (no request_resources() constraints)
Total Demands:
 (no resource demands)
2025-12-14 20:08:21,456	INFO autoscaler.py:463 -- The autoscaler took 0.005 seconds to complete the update iteration.
2025-12-14 20:08:26,460	INFO autoscaler.py:147 -- The autoscaler took 0.0 seconds to fetch the list of non-terminated nodes.
2025-12-14 20:08:26,460	INFO autoscaler.py:408 -- 
======== Autoscaler status: 2025-12-14 20:08:26.460647 ========
Node status
---------------------------------------------------------------
Active:
 1 node_8eac24cb3ee9bdcc7e93c46a476c65d4fbeaf419a4e7bed86dd854be
Pending:
 (no pending nodes)
Recent failures:
 (no failures)

Resources
---------------------------------------------------------------
Total Usage:
 1.0/8.0 CPU (1.0 used of 5.0 reserved in placement groups)
 0B/407.88MiB memory
 206.43KiB/174.81MiB object_store_memory

Total Constraints:
 (no request_resources() constraints)
Total Demands:
 (no resource demands)
2025-12-14 20:08:26,461	INFO autoscaler.py:463 -- The autoscaler took 0.001 seconds to complete the update iteration.
2025-12-14 20:08:31,467	INFO autoscaler.py:147 -- The autoscaler took 0.0 seconds to fetch the list of non-terminated nodes.
2025-12-14 20:08:31,467	INFO autoscaler.py:408 -- 
======== Autoscaler status: 2025-12-14 20:08:31.467972 ========
Node status
---------------------------------------------------------------
Active:
 1 node_8eac24cb3ee9bdcc7e93c46a476c65d4fbeaf419a4e7bed86dd854be
Pending:
 (no pending nodes)
Recent failures:
 (no failures)

Resources
---------------------------------------------------------------
Total Usage:
 2.0/8.0 CPU (2.0 used of 5.0 reserved in placement groups)
 0B/407.88MiB memory
 413.70KiB/174.81MiB object_store_memory

Total Constraints:
 (no request_resources() constraints)
Total Demands:
 (no resource demands)
2025-12-14 20:08:31,467	INFO autoscaler.py:463 -- The autoscaler took 0.0 seconds to complete the update iteration.
2025-12-14 20:08:36,474	INFO autoscaler.py:147 -- The autoscaler took 0.0 seconds to fetch the list of non-terminated nodes.
2025-12-14 20:08:36,475	INFO autoscaler.py:408 -- 
======== Autoscaler status: 2025-12-14 20:08:36.475740 ========
Node status
---------------------------------------------------------------
Active:
 1 node_8eac24cb3ee9bdcc7e93c46a476c65d4fbeaf419a4e7bed86dd854be
Pending:
 (no pending nodes)
Recent failures:
 (no failures)

Resources
---------------------------------------------------------------
Total Usage:
 5.0/8.0 CPU (5.0 used of 5.0 reserved in placement groups)
 0B/407.88MiB memory
 413.70KiB/174.81MiB object_store_memory

Total Constraints:
 (no request_resources() constraints)
Total Demands:
 (no resource demands)
2025-12-14 20:08:36,477	INFO autoscaler.py:463 -- The autoscaler took 0.003 seconds to complete the update iteration.
2025-12-14 20:08:41,481	INFO autoscaler.py:147 -- The autoscaler took 0.0 seconds to fetch the list of non-terminated nodes.
2025-12-14 20:08:41,482	INFO autoscaler.py:408 -- 
======== Autoscaler status: 2025-12-14 20:08:41.481199 ========
Node status
---------------------------------------------------------------
Active:
 1 node_8eac24cb3ee9bdcc7e93c46a476c65d4fbeaf419a4e7bed86dd854be
Pending:
 (no pending nodes)
Recent failures:
 (no failures)

Resources
---------------------------------------------------------------
Total Usage:
 5.0/8.0 CPU (5.0 used of 5.0 reserved in placement groups)
 0B/407.88MiB memory
 413.70KiB/174.81MiB object_store_memory

Total Constraints:
 (no request_resources() constraints)
Total Demands:
 (no resource demands)
2025-12-14 20:08:41,483	INFO autoscaler.py:463 -- The autoscaler took 0.003 seconds to complete the update iteration.
2025-12-14 20:08:46,490	INFO autoscaler.py:147 -- The autoscaler took 0.0 seconds to fetch the list of non-terminated nodes.
2025-12-14 20:08:46,492	INFO autoscaler.py:408 -- 
======== Autoscaler status: 2025-12-14 20:08:46.492375 ========
Node status
---------------------------------------------------------------
Active:
 1 node_8eac24cb3ee9bdcc7e93c46a476c65d4fbeaf419a4e7bed86dd854be
Pending:
 (no pending nodes)
Recent failures:
 (no failures)

Resources
---------------------------------------------------------------
Total Usage:
 5.0/8.0 CPU (5.0 used of 5.0 reserved in placement groups)
 0B/407.88MiB memory
 413.70KiB/174.81MiB object_store_memory

Total Constraints:
 (no request_resources() constraints)
Total Demands:
 (no resource demands)
2025-12-14 20:08:46,492	INFO autoscaler.py:463 -- The autoscaler took 0.002 seconds to complete the update iteration.
2025-12-14 20:08:51,497	INFO autoscaler.py:147 -- The autoscaler took 0.0 seconds to fetch the list of non-terminated nodes.
2025-12-14 20:08:51,497	INFO autoscaler.py:408 -- 
======== Autoscaler status: 2025-12-14 20:08:51.497995 ========
Node status
---------------------------------------------------------------
Active:
 1 node_8eac24cb3ee9bdcc7e93c46a476c65d4fbeaf419a4e7bed86dd854be
Pending:
 (no pending nodes)
Recent failures:
 (no failures)

Resources
---------------------------------------------------------------
Total Usage:
 5.0/8.0 CPU (5.0 used of 5.0 reserved in placement groups)
 0B/407.88MiB memory
 413.70KiB/174.81MiB object_store_memory

Total Constraints:
 (no request_resources() constraints)
Total Demands:
 (no resource demands)
2025-12-14 20:08:51,497	INFO autoscaler.py:463 -- The autoscaler took 0.0 seconds to complete the update iteration.
2025-12-14 20:08:56,504	INFO autoscaler.py:147 -- The autoscaler took 0.0 seconds to fetch the list of non-terminated nodes.
2025-12-14 20:08:56,505	INFO autoscaler.py:408 -- 
======== Autoscaler status: 2025-12-14 20:08:56.504168 ========
Node status
---------------------------------------------------------------
Active:
 1 node_8eac24cb3ee9bdcc7e93c46a476c65d4fbeaf419a4e7bed86dd854be
Pending:
 (no pending nodes)
Recent failures:
 (no failures)

Resources
---------------------------------------------------------------
Total Usage:
 5.0/8.0 CPU (5.0 used of 5.0 reserved in placement groups)
 0B/407.88MiB memory
 413.39KiB/174.81MiB object_store_memory

Total Constraints:
 (no request_resources() constraints)
Total Demands:
 (no resource demands)
2025-12-14 20:08:56,505	INFO autoscaler.py:463 -- The autoscaler took 0.001 seconds to complete the update iteration.
2025-12-14 20:09:01,511	INFO autoscaler.py:147 -- The autoscaler took 0.0 seconds to fetch the list of non-terminated nodes.
2025-12-14 20:09:01,511	INFO autoscaler.py:408 -- 
======== Autoscaler status: 2025-12-14 20:09:01.511892 ========
Node status
---------------------------------------------------------------
Active:
 1 node_8eac24cb3ee9bdcc7e93c46a476c65d4fbeaf419a4e7bed86dd854be
Pending:
 (no pending nodes)
Recent failures:
 (no failures)

Resources
---------------------------------------------------------------
Total Usage:
 5.0/8.0 CPU (5.0 used of 5.0 reserved in placement groups)
 0B/407.88MiB memory
 413.39KiB/174.81MiB object_store_memory

Total Constraints:
 (no request_resources() constraints)
Total Demands:
 (no resource demands)
2025-12-14 20:09:01,514	INFO autoscaler.py:463 -- The autoscaler took 0.002 seconds to complete the update iteration.
2025-12-14 20:09:06,517	INFO autoscaler.py:147 -- The autoscaler took 0.0 seconds to fetch the list of non-terminated nodes.
2025-12-14 20:09:06,517	INFO autoscaler.py:408 -- 
======== Autoscaler status: 2025-12-14 20:09:06.517725 ========
Node status
---------------------------------------------------------------
Active:
 1 node_8eac24cb3ee9bdcc7e93c46a476c65d4fbeaf419a4e7bed86dd854be
Pending:
 (no pending nodes)
Recent failures:
 (no failures)

Resources
---------------------------------------------------------------
Total Usage:
 5.0/8.0 CPU (5.0 used of 5.0 reserved in placement groups)
 0B/407.88MiB memory
 413.39KiB/174.81MiB object_store_memory

Total Constraints:
 (no request_resources() constraints)
Total Demands:
 (no resource demands)
2025-12-14 20:09:06,517	INFO autoscaler.py:463 -- The autoscaler took 0.0 seconds to complete the update iteration.
2025-12-14 20:09:11,526	INFO autoscaler.py:147 -- The autoscaler took 0.0 seconds to fetch the list of non-terminated nodes.
2025-12-14 20:09:11,526	INFO autoscaler.py:408 -- 
======== Autoscaler status: 2025-12-14 20:09:11.526297 ========
Node status
---------------------------------------------------------------
Active:
 1 node_8eac24cb3ee9bdcc7e93c46a476c65d4fbeaf419a4e7bed86dd854be
Pending:
 (no pending nodes)
Recent failures:
 (no failures)

Resources
---------------------------------------------------------------
Total Usage:
 5.0/8.0 CPU (5.0 used of 5.0 reserved in placement groups)
 0B/407.88MiB memory
 623.35KiB/174.81MiB object_store_memory

Total Constraints:
 (no request_resources() constraints)
Total Demands:
 (no resource demands)
2025-12-14 20:09:11,526	INFO autoscaler.py:463 -- The autoscaler took 0.0 seconds to complete the update iteration.
2025-12-14 20:09:16,534	INFO autoscaler.py:147 -- The autoscaler took 0.0 seconds to fetch the list of non-terminated nodes.
2025-12-14 20:09:16,536	INFO autoscaler.py:408 -- 
======== Autoscaler status: 2025-12-14 20:09:16.536286 ========
Node status
---------------------------------------------------------------
Active:
 1 node_8eac24cb3ee9bdcc7e93c46a476c65d4fbeaf419a4e7bed86dd854be
Pending:
 (no pending nodes)
Recent failures:
 (no failures)

Resources
---------------------------------------------------------------
Total Usage:
 5.0/8.0 CPU (5.0 used of 5.0 reserved in placement groups)
 0B/407.88MiB memory
 623.35KiB/174.81MiB object_store_memory

Total Constraints:
 (no request_resources() constraints)
Total Demands:
 (no resource demands)
2025-12-14 20:09:16,537	INFO autoscaler.py:463 -- The autoscaler took 0.003 seconds to complete the update iteration.
2025-12-14 20:09:21,542	INFO autoscaler.py:147 -- The autoscaler took 0.0 seconds to fetch the list of non-terminated nodes.
2025-12-14 20:09:21,542	INFO autoscaler.py:408 -- 
======== Autoscaler status: 2025-12-14 20:09:21.542055 ========
Node status
---------------------------------------------------------------
Active:
 1 node_8eac24cb3ee9bdcc7e93c46a476c65d4fbeaf419a4e7bed86dd854be
Pending:
 (no pending nodes)
Recent failures:
 (no failures)

Resources
---------------------------------------------------------------
Total Usage:
 5.0/8.0 CPU (5.0 used of 5.0 reserved in placement groups)
 0B/407.88MiB memory
 833.40KiB/174.81MiB object_store_memory

Total Constraints:
 (no request_resources() constraints)
Total Demands:
 (no resource demands)
2025-12-14 20:09:21,542	INFO autoscaler.py:463 -- The autoscaler took 0.0 seconds to complete the update iteration.
2025-12-14 20:09:26,557	INFO autoscaler.py:147 -- The autoscaler took 0.0 seconds to fetch the list of non-terminated nodes.
2025-12-14 20:09:26,559	INFO autoscaler.py:408 -- 
======== Autoscaler status: 2025-12-14 20:09:26.559036 ========
Node status
---------------------------------------------------------------
Active:
 1 node_8eac24cb3ee9bdcc7e93c46a476c65d4fbeaf419a4e7bed86dd854be
Pending:
 (no pending nodes)
Recent failures:
 (no failures)

Resources
---------------------------------------------------------------
Total Usage:
 5.0/8.0 CPU (5.0 used of 5.0 reserved in placement groups)
 0B/407.88MiB memory
 833.40KiB/174.81MiB object_store_memory

Total Constraints:
 (no request_resources() constraints)
Total Demands:
 (no resource demands)
2025-12-14 20:09:26,559	INFO autoscaler.py:463 -- The autoscaler took 0.002 seconds to complete the update iteration.
2025-12-14 20:09:31,568	INFO autoscaler.py:147 -- The autoscaler took 0.0 seconds to fetch the list of non-terminated nodes.
2025-12-14 20:09:31,568	INFO autoscaler.py:408 -- 
======== Autoscaler status: 2025-12-14 20:09:31.568934 ========
Node status
---------------------------------------------------------------
Active:
 1 node_8eac24cb3ee9bdcc7e93c46a476c65d4fbeaf419a4e7bed86dd854be
Pending:
 (no pending nodes)
Recent failures:
 (no failures)

Resources
---------------------------------------------------------------
Total Usage:
 5.0/8.0 CPU (5.0 used of 5.0 reserved in placement groups)
 0B/407.88MiB memory
 1.02MiB/174.81MiB object_store_memory

Total Constraints:
 (no request_resources() constraints)
Total Demands:
 (no resource demands)
2025-12-14 20:09:31,570	INFO autoscaler.py:463 -- The autoscaler took 0.002 seconds to complete the update iteration.
2025-12-14 20:09:36,575	INFO autoscaler.py:147 -- The autoscaler took 0.0 seconds to fetch the list of non-terminated nodes.
2025-12-14 20:09:36,577	INFO autoscaler.py:408 -- 
======== Autoscaler status: 2025-12-14 20:09:36.577612 ========
Node status
---------------------------------------------------------------
Active:
 1 node_8eac24cb3ee9bdcc7e93c46a476c65d4fbeaf419a4e7bed86dd854be
Pending:
 (no pending nodes)
Recent failures:
 (no failures)

Resources
---------------------------------------------------------------
Total Usage:
 5.0/8.0 CPU (5.0 used of 5.0 reserved in placement groups)
 0B/407.88MiB memory
 1.02MiB/174.81MiB object_store_memory

Total Constraints:
 (no request_resources() constraints)
Total Demands:
 (no resource demands)
2025-12-14 20:09:36,577	INFO autoscaler.py:463 -- The autoscaler took 0.002 seconds to complete the update iteration.
2025-12-14 20:09:41,583	INFO autoscaler.py:147 -- The autoscaler took 0.0 seconds to fetch the list of non-terminated nodes.
2025-12-14 20:09:41,583	INFO autoscaler.py:408 -- 
======== Autoscaler status: 2025-12-14 20:09:41.583321 ========
Node status
---------------------------------------------------------------
Active:
 1 node_8eac24cb3ee9bdcc7e93c46a476c65d4fbeaf419a4e7bed86dd854be
Pending:
 (no pending nodes)
Recent failures:
 (no failures)

Resources
---------------------------------------------------------------
Total Usage:
 5.0/8.0 CPU (5.0 used of 5.0 reserved in placement groups)
 0B/407.88MiB memory
 1.22MiB/174.81MiB object_store_memory

Total Constraints:
 (no request_resources() constraints)
Total Demands:
 (no resource demands)
2025-12-14 20:09:41,585	INFO autoscaler.py:463 -- The autoscaler took 0.002 seconds to complete the update iteration.
2025-12-14 20:09:46,588	INFO autoscaler.py:147 -- The autoscaler took 0.0 seconds to fetch the list of non-terminated nodes.
2025-12-14 20:09:46,591	INFO autoscaler.py:408 -- 
======== Autoscaler status: 2025-12-14 20:09:46.591652 ========
Node status
---------------------------------------------------------------
Active:
 1 node_8eac24cb3ee9bdcc7e93c46a476c65d4fbeaf419a4e7bed86dd854be
Pending:
 (no pending nodes)
Recent failures:
 (no failures)

Resources
---------------------------------------------------------------
Total Usage:
 5.0/8.0 CPU (5.0 used of 5.0 reserved in placement groups)
 0B/407.88MiB memory
 1.22MiB/174.81MiB object_store_memory

Total Constraints:
 (no request_resources() constraints)
Total Demands:
 (no resource demands)
2025-12-14 20:09:46,592	INFO autoscaler.py:463 -- The autoscaler took 0.004 seconds to complete the update iteration.
2025-12-14 20:09:51,599	INFO autoscaler.py:147 -- The autoscaler took 0.0 seconds to fetch the list of non-terminated nodes.
2025-12-14 20:09:51,599	INFO autoscaler.py:408 -- 
======== Autoscaler status: 2025-12-14 20:09:51.599325 ========
Node status
---------------------------------------------------------------
Active:
 1 node_8eac24cb3ee9bdcc7e93c46a476c65d4fbeaf419a4e7bed86dd854be
Pending:
 (no pending nodes)
Recent failures:
 (no failures)

Resources
---------------------------------------------------------------
Total Usage:
 5.0/8.0 CPU (5.0 used of 5.0 reserved in placement groups)
 0B/407.88MiB memory
 1.22MiB/174.81MiB object_store_memory

Total Constraints:
 (no request_resources() constraints)
Total Demands:
 (no resource demands)
2025-12-14 20:09:51,601	INFO autoscaler.py:463 -- The autoscaler took 0.002 seconds to complete the update iteration.
2025-12-14 20:09:56,603	INFO autoscaler.py:147 -- The autoscaler took 0.0 seconds to fetch the list of non-terminated nodes.
2025-12-14 20:09:56,605	INFO autoscaler.py:408 -- 
======== Autoscaler status: 2025-12-14 20:09:56.605488 ========
Node status
---------------------------------------------------------------
Active:
 1 node_8eac24cb3ee9bdcc7e93c46a476c65d4fbeaf419a4e7bed86dd854be
Pending:
 (no pending nodes)
Recent failures:
 (no failures)

Resources
---------------------------------------------------------------
Total Usage:
 5.0/8.0 CPU (5.0 used of 5.0 reserved in placement groups)
 0B/407.88MiB memory
 1.43MiB/174.81MiB object_store_memory

Total Constraints:
 (no request_resources() constraints)
Total Demands:
 (no resource demands)
2025-12-14 20:09:56,605	INFO autoscaler.py:463 -- The autoscaler took 0.002 seconds to complete the update iteration.
2025-12-14 20:10:01,611	INFO autoscaler.py:147 -- The autoscaler took 0.0 seconds to fetch the list of non-terminated nodes.
2025-12-14 20:10:01,612	INFO autoscaler.py:408 -- 
======== Autoscaler status: 2025-12-14 20:10:01.612867 ========
Node status
---------------------------------------------------------------
Active:
 1 node_8eac24cb3ee9bdcc7e93c46a476c65d4fbeaf419a4e7bed86dd854be
Pending:
 (no pending nodes)
Recent failures:
 (no failures)

Resources
---------------------------------------------------------------
Total Usage:
 5.0/8.0 CPU (5.0 used of 5.0 reserved in placement groups)
 0B/407.88MiB memory
 1.43MiB/174.81MiB object_store_memory

Total Constraints:
 (no request_resources() constraints)
Total Demands:
 (no resource demands)
2025-12-14 20:10:01,612	INFO autoscaler.py:463 -- The autoscaler took 0.002 seconds to complete the update iteration.
2025-12-14 20:10:06,620	INFO autoscaler.py:147 -- The autoscaler took 0.0 seconds to fetch the list of non-terminated nodes.
2025-12-14 20:10:06,623	INFO autoscaler.py:408 -- 
======== Autoscaler status: 2025-12-14 20:10:06.623551 ========
Node status
---------------------------------------------------------------
Active:
 1 node_8eac24cb3ee9bdcc7e93c46a476c65d4fbeaf419a4e7bed86dd854be
Pending:
 (no pending nodes)
Recent failures:
 (no failures)

Resources
---------------------------------------------------------------
Total Usage:
 5.0/8.0 CPU (5.0 used of 5.0 reserved in placement groups)
 0B/407.88MiB memory
 1.63MiB/174.81MiB object_store_memory

Total Constraints:
 (no request_resources() constraints)
Total Demands:
 (no resource demands)
2025-12-14 20:10:06,627	INFO autoscaler.py:463 -- The autoscaler took 0.006 seconds to complete the update iteration.
2025-12-14 20:10:11,629	INFO autoscaler.py:147 -- The autoscaler took 0.0 seconds to fetch the list of non-terminated nodes.
2025-12-14 20:10:11,633	INFO autoscaler.py:408 -- 
======== Autoscaler status: 2025-12-14 20:10:11.633850 ========
Node status
---------------------------------------------------------------
Active:
 1 node_8eac24cb3ee9bdcc7e93c46a476c65d4fbeaf419a4e7bed86dd854be
Pending:
 (no pending nodes)
Recent failures:
 (no failures)

Resources
---------------------------------------------------------------
Total Usage:
 5.0/8.0 CPU (5.0 used of 5.0 reserved in placement groups)
 0B/407.88MiB memory
 1.63MiB/174.81MiB object_store_memory

Total Constraints:
 (no request_resources() constraints)
Total Demands:
 (no resource demands)
2025-12-14 20:10:11,635	INFO autoscaler.py:463 -- The autoscaler took 0.006 seconds to complete the update iteration.
2025-12-14 20:10:16,637	INFO autoscaler.py:147 -- The autoscaler took 0.0 seconds to fetch the list of non-terminated nodes.
2025-12-14 20:10:16,640	INFO autoscaler.py:408 -- 
======== Autoscaler status: 2025-12-14 20:10:16.640678 ========
Node status
---------------------------------------------------------------
Active:
 1 node_8eac24cb3ee9bdcc7e93c46a476c65d4fbeaf419a4e7bed86dd854be
Pending:
 (no pending nodes)
Recent failures:
 (no failures)

Resources
---------------------------------------------------------------
Total Usage:
 5.0/8.0 CPU (5.0 used of 5.0 reserved in placement groups)
 0B/407.88MiB memory
 1.84MiB/174.81MiB object_store_memory

Total Constraints:
 (no request_resources() constraints)
Total Demands:
 (no resource demands)
2025-12-14 20:10:16,641	INFO autoscaler.py:463 -- The autoscaler took 0.004 seconds to complete the update iteration.
2025-12-14 20:10:21,645	INFO autoscaler.py:147 -- The autoscaler took 0.0 seconds to fetch the list of non-terminated nodes.
2025-12-14 20:10:21,646	INFO autoscaler.py:408 -- 
======== Autoscaler status: 2025-12-14 20:10:21.646792 ========
Node status
---------------------------------------------------------------
Active:
 1 node_8eac24cb3ee9bdcc7e93c46a476c65d4fbeaf419a4e7bed86dd854be
Pending:
 (no pending nodes)
Recent failures:
 (no failures)

Resources
---------------------------------------------------------------
Total Usage:
 5.0/8.0 CPU (5.0 used of 5.0 reserved in placement groups)
 0B/407.88MiB memory
 1.84MiB/174.81MiB object_store_memory

Total Constraints:
 (no request_resources() constraints)
Total Demands:
 (no resource demands)
2025-12-14 20:10:21,647	INFO autoscaler.py:463 -- The autoscaler took 0.002 seconds to complete the update iteration.
2025-12-14 20:10:26,650	INFO autoscaler.py:147 -- The autoscaler took 0.0 seconds to fetch the list of non-terminated nodes.
2025-12-14 20:10:26,653	INFO autoscaler.py:408 -- 
======== Autoscaler status: 2025-12-14 20:10:26.653710 ========
Node status
---------------------------------------------------------------
Active:
 1 node_8eac24cb3ee9bdcc7e93c46a476c65d4fbeaf419a4e7bed86dd854be
Pending:
 (no pending nodes)
Recent failures:
 (no failures)

Resources
---------------------------------------------------------------
Total Usage:
 5.0/8.0 CPU (5.0 used of 5.0 reserved in placement groups)
 0B/407.88MiB memory
 2.04MiB/174.81MiB object_store_memory

Total Constraints:
 (no request_resources() constraints)
Total Demands:
 (no resource demands)
2025-12-14 20:10:26,653	INFO autoscaler.py:463 -- The autoscaler took 0.003 seconds to complete the update iteration.
2025-12-14 20:10:31,661	INFO autoscaler.py:147 -- The autoscaler took 0.0 seconds to fetch the list of non-terminated nodes.
2025-12-14 20:10:31,662	INFO autoscaler.py:408 -- 
======== Autoscaler status: 2025-12-14 20:10:31.662509 ========
Node status
---------------------------------------------------------------
Active:
 1 node_8eac24cb3ee9bdcc7e93c46a476c65d4fbeaf419a4e7bed86dd854be
Pending:
 (no pending nodes)
Recent failures:
 (no failures)

Resources
---------------------------------------------------------------
Total Usage:
 5.0/8.0 CPU (5.0 used of 5.0 reserved in placement groups)
 0B/407.88MiB memory
 2.04MiB/174.81MiB object_store_memory

Total Constraints:
 (no request_resources() constraints)
Total Demands:
 (no resource demands)
2025-12-14 20:10:31,666	INFO autoscaler.py:463 -- The autoscaler took 0.006 seconds to complete the update iteration.
2025-12-14 20:10:36,673	INFO autoscaler.py:147 -- The autoscaler took 0.0 seconds to fetch the list of non-terminated nodes.
2025-12-14 20:10:36,673	INFO autoscaler.py:408 -- 
======== Autoscaler status: 2025-12-14 20:10:36.673321 ========
Node status
---------------------------------------------------------------
Active:
 1 node_8eac24cb3ee9bdcc7e93c46a476c65d4fbeaf419a4e7bed86dd854be
Pending:
 (no pending nodes)
Recent failures:
 (no failures)

Resources
---------------------------------------------------------------
Total Usage:
 5.0/8.0 CPU (5.0 used of 5.0 reserved in placement groups)
 0B/407.88MiB memory
 2.25MiB/174.81MiB object_store_memory

Total Constraints:
 (no request_resources() constraints)
Total Demands:
 (no resource demands)
2025-12-14 20:10:36,675	INFO autoscaler.py:463 -- The autoscaler took 0.002 seconds to complete the update iteration.
2025-12-14 20:10:41,681	INFO autoscaler.py:147 -- The autoscaler took 0.0 seconds to fetch the list of non-terminated nodes.
2025-12-14 20:10:41,681	INFO autoscaler.py:408 -- 
======== Autoscaler status: 2025-12-14 20:10:41.681076 ========
Node status
---------------------------------------------------------------
Active:
 1 node_8eac24cb3ee9bdcc7e93c46a476c65d4fbeaf419a4e7bed86dd854be
Pending:
 (no pending nodes)
Recent failures:
 (no failures)

Resources
---------------------------------------------------------------
Total Usage:
 5.0/8.0 CPU (5.0 used of 5.0 reserved in placement groups)
 0B/407.88MiB memory
 2.25MiB/174.81MiB object_store_memory

Total Constraints:
 (no request_resources() constraints)
Total Demands:
 (no resource demands)
2025-12-14 20:10:41,682	INFO autoscaler.py:463 -- The autoscaler took 0.001 seconds to complete the update iteration.
2025-12-14 20:10:46,684	INFO autoscaler.py:147 -- The autoscaler took 0.0 seconds to fetch the list of non-terminated nodes.
2025-12-14 20:10:46,684	INFO autoscaler.py:408 -- 
======== Autoscaler status: 2025-12-14 20:10:46.684101 ========
Node status
---------------------------------------------------------------
Active:
 1 node_8eac24cb3ee9bdcc7e93c46a476c65d4fbeaf419a4e7bed86dd854be
Pending:
 (no pending nodes)
Recent failures:
 (no failures)

Resources
---------------------------------------------------------------
Total Usage:
 5.0/8.0 CPU (5.0 used of 5.0 reserved in placement groups)
 0B/407.88MiB memory
 2.45MiB/174.81MiB object_store_memory

Total Constraints:
 (no request_resources() constraints)
Total Demands:
 (no resource demands)
2025-12-14 20:10:46,687	INFO autoscaler.py:463 -- The autoscaler took 0.003 seconds to complete the update iteration.
2025-12-14 20:10:51,690	INFO autoscaler.py:147 -- The autoscaler took 0.0 seconds to fetch the list of non-terminated nodes.
2025-12-14 20:10:51,690	INFO autoscaler.py:408 -- 
======== Autoscaler status: 2025-12-14 20:10:51.690578 ========
Node status
---------------------------------------------------------------
Active:
 1 node_8eac24cb3ee9bdcc7e93c46a476c65d4fbeaf419a4e7bed86dd854be
Pending:
 (no pending nodes)
Recent failures:
 (no failures)

Resources
---------------------------------------------------------------
Total Usage:
 5.0/8.0 CPU (5.0 used of 5.0 reserved in placement groups)
 0B/407.88MiB memory
 2.45MiB/174.81MiB object_store_memory

Total Constraints:
 (no request_resources() constraints)
Total Demands:
 (no resource demands)
2025-12-14 20:10:51,694	INFO autoscaler.py:463 -- The autoscaler took 0.004 seconds to complete the update iteration.
2025-12-14 20:10:56,696	INFO autoscaler.py:147 -- The autoscaler took 0.0 seconds to fetch the list of non-terminated nodes.
2025-12-14 20:10:56,696	INFO autoscaler.py:408 -- 
======== Autoscaler status: 2025-12-14 20:10:56.696966 ========
Node status
---------------------------------------------------------------
Active:
 1 node_8eac24cb3ee9bdcc7e93c46a476c65d4fbeaf419a4e7bed86dd854be
Pending:
 (no pending nodes)
Recent failures:
 (no failures)

Resources
---------------------------------------------------------------
Total Usage:
 5.0/8.0 CPU (5.0 used of 5.0 reserved in placement groups)
 0B/407.88MiB memory
 2.66MiB/174.81MiB object_store_memory

Total Constraints:
 (no request_resources() constraints)
Total Demands:
 (no resource demands)
2025-12-14 20:10:56,700	INFO autoscaler.py:463 -- The autoscaler took 0.003 seconds to complete the update iteration.
2025-12-14 20:11:01,708	INFO autoscaler.py:147 -- The autoscaler took 0.0 seconds to fetch the list of non-terminated nodes.
2025-12-14 20:11:01,712	INFO autoscaler.py:408 -- 
======== Autoscaler status: 2025-12-14 20:11:01.712553 ========
Node status
---------------------------------------------------------------
Active:
 1 node_8eac24cb3ee9bdcc7e93c46a476c65d4fbeaf419a4e7bed86dd854be
Pending:
 (no pending nodes)
Recent failures:
 (no failures)

Resources
---------------------------------------------------------------
Total Usage:
 5.0/8.0 CPU (5.0 used of 5.0 reserved in placement groups)
 0B/407.88MiB memory
 2.66MiB/174.81MiB object_store_memory

Total Constraints:
 (no request_resources() constraints)
Total Demands:
 (no resource demands)
2025-12-14 20:11:01,712	INFO autoscaler.py:463 -- The autoscaler took 0.004 seconds to complete the update iteration.
2025-12-14 20:11:06,718	INFO autoscaler.py:147 -- The autoscaler took 0.0 seconds to fetch the list of non-terminated nodes.
2025-12-14 20:11:06,718	INFO autoscaler.py:408 -- 
======== Autoscaler status: 2025-12-14 20:11:06.718305 ========
Node status
---------------------------------------------------------------
Active:
 1 node_8eac24cb3ee9bdcc7e93c46a476c65d4fbeaf419a4e7bed86dd854be
Pending:
 (no pending nodes)
Recent failures:
 (no failures)

Resources
---------------------------------------------------------------
Total Usage:
 5.0/8.0 CPU (5.0 used of 5.0 reserved in placement groups)
 0B/407.88MiB memory
 2.87MiB/174.81MiB object_store_memory

Total Constraints:
 (no request_resources() constraints)
Total Demands:
 (no resource demands)
2025-12-14 20:11:06,722	INFO autoscaler.py:463 -- The autoscaler took 0.005 seconds to complete the update iteration.
2025-12-14 20:11:11,726	INFO autoscaler.py:147 -- The autoscaler took 0.0 seconds to fetch the list of non-terminated nodes.
2025-12-14 20:11:11,728	INFO autoscaler.py:408 -- 
======== Autoscaler status: 2025-12-14 20:11:11.728234 ========
Node status
---------------------------------------------------------------
Active:
 1 node_8eac24cb3ee9bdcc7e93c46a476c65d4fbeaf419a4e7bed86dd854be
Pending:
 (no pending nodes)
Recent failures:
 (no failures)

Resources
---------------------------------------------------------------
Total Usage:
 5.0/8.0 CPU (5.0 used of 5.0 reserved in placement groups)
 0B/407.88MiB memory
 2.87MiB/174.81MiB object_store_memory

Total Constraints:
 (no request_resources() constraints)
Total Demands:
 (no resource demands)
2025-12-14 20:11:11,728	INFO autoscaler.py:463 -- The autoscaler took 0.002 seconds to complete the update iteration.
2025-12-14 20:11:16,735	INFO autoscaler.py:147 -- The autoscaler took 0.0 seconds to fetch the list of non-terminated nodes.
2025-12-14 20:11:16,735	INFO autoscaler.py:408 -- 
======== Autoscaler status: 2025-12-14 20:11:16.735228 ========
Node status
---------------------------------------------------------------
Active:
 1 node_8eac24cb3ee9bdcc7e93c46a476c65d4fbeaf419a4e7bed86dd854be
Pending:
 (no pending nodes)
Recent failures:
 (no failures)

Resources
---------------------------------------------------------------
Total Usage:
 5.0/8.0 CPU (5.0 used of 5.0 reserved in placement groups)
 0B/407.88MiB memory
 3.07MiB/174.81MiB object_store_memory

Total Constraints:
 (no request_resources() constraints)
Total Demands:
 (no resource demands)
2025-12-14 20:11:16,735	INFO autoscaler.py:463 -- The autoscaler took 0.0 seconds to complete the update iteration.
2025-12-14 20:11:21,741	INFO autoscaler.py:147 -- The autoscaler took 0.0 seconds to fetch the list of non-terminated nodes.
2025-12-14 20:11:21,743	INFO autoscaler.py:408 -- 
======== Autoscaler status: 2025-12-14 20:11:21.741532 ========
Node status
---------------------------------------------------------------
Active:
 1 node_8eac24cb3ee9bdcc7e93c46a476c65d4fbeaf419a4e7bed86dd854be
Pending:
 (no pending nodes)
Recent failures:
 (no failures)

Resources
---------------------------------------------------------------
Total Usage:
 5.0/8.0 CPU (5.0 used of 5.0 reserved in placement groups)
 0B/407.88MiB memory
 3.07MiB/174.81MiB object_store_memory

Total Constraints:
 (no request_resources() constraints)
Total Demands:
 (no resource demands)
2025-12-14 20:11:21,743	INFO autoscaler.py:463 -- The autoscaler took 0.002 seconds to complete the update iteration.
2025-12-14 20:11:26,749	INFO autoscaler.py:147 -- The autoscaler took 0.0 seconds to fetch the list of non-terminated nodes.
2025-12-14 20:11:26,749	INFO autoscaler.py:408 -- 
======== Autoscaler status: 2025-12-14 20:11:26.749338 ========
Node status
---------------------------------------------------------------
Active:
 1 node_8eac24cb3ee9bdcc7e93c46a476c65d4fbeaf419a4e7bed86dd854be
Pending:
 (no pending nodes)
Recent failures:
 (no failures)

Resources
---------------------------------------------------------------
Total Usage:
 5.0/8.0 CPU (5.0 used of 5.0 reserved in placement groups)
 0B/407.88MiB memory
 3.28MiB/174.81MiB object_store_memory

Total Constraints:
 (no request_resources() constraints)
Total Demands:
 (no resource demands)
2025-12-14 20:11:26,751	INFO autoscaler.py:463 -- The autoscaler took 0.002 seconds to complete the update iteration.
2025-12-14 20:11:31,755	INFO autoscaler.py:147 -- The autoscaler took 0.0 seconds to fetch the list of non-terminated nodes.
2025-12-14 20:11:31,755	INFO autoscaler.py:408 -- 
======== Autoscaler status: 2025-12-14 20:11:31.755263 ========
Node status
---------------------------------------------------------------
Active:
 1 node_8eac24cb3ee9bdcc7e93c46a476c65d4fbeaf419a4e7bed86dd854be
Pending:
 (no pending nodes)
Recent failures:
 (no failures)

Resources
---------------------------------------------------------------
Total Usage:
 5.0/8.0 CPU (5.0 used of 5.0 reserved in placement groups)
 0B/407.88MiB memory
 3.28MiB/174.81MiB object_store_memory

Total Constraints:
 (no request_resources() constraints)
Total Demands:
 (no resource demands)
2025-12-14 20:11:31,758	INFO autoscaler.py:463 -- The autoscaler took 0.003 seconds to complete the update iteration.
2025-12-14 20:11:36,762	INFO autoscaler.py:147 -- The autoscaler took 0.0 seconds to fetch the list of non-terminated nodes.
2025-12-14 20:11:36,764	INFO autoscaler.py:408 -- 
======== Autoscaler status: 2025-12-14 20:11:36.764156 ========
Node status
---------------------------------------------------------------
Active:
 1 node_8eac24cb3ee9bdcc7e93c46a476c65d4fbeaf419a4e7bed86dd854be
Pending:
 (no pending nodes)
Recent failures:
 (no failures)

Resources
---------------------------------------------------------------
Total Usage:
 5.0/8.0 CPU (5.0 used of 5.0 reserved in placement groups)
 0B/407.88MiB memory
 3.48MiB/174.81MiB object_store_memory

Total Constraints:
 (no request_resources() constraints)
Total Demands:
 (no resource demands)
2025-12-14 20:11:36,764	INFO autoscaler.py:463 -- The autoscaler took 0.001 seconds to complete the update iteration.
2025-12-14 20:11:41,770	INFO autoscaler.py:147 -- The autoscaler took 0.0 seconds to fetch the list of non-terminated nodes.
2025-12-14 20:11:41,770	INFO autoscaler.py:408 -- 
======== Autoscaler status: 2025-12-14 20:11:41.770184 ========
Node status
---------------------------------------------------------------
Active:
 1 node_8eac24cb3ee9bdcc7e93c46a476c65d4fbeaf419a4e7bed86dd854be
Pending:
 (no pending nodes)
Recent failures:
 (no failures)

Resources
---------------------------------------------------------------
Total Usage:
 5.0/8.0 CPU (5.0 used of 5.0 reserved in placement groups)
 0B/407.88MiB memory
 3.48MiB/174.81MiB object_store_memory

Total Constraints:
 (no request_resources() constraints)
Total Demands:
 (no resource demands)
2025-12-14 20:11:41,772	INFO autoscaler.py:463 -- The autoscaler took 0.002 seconds to complete the update iteration.
2025-12-14 20:11:46,773	INFO autoscaler.py:147 -- The autoscaler took 0.0 seconds to fetch the list of non-terminated nodes.
2025-12-14 20:11:46,780	INFO autoscaler.py:408 -- 
======== Autoscaler status: 2025-12-14 20:11:46.780005 ========
Node status
---------------------------------------------------------------
Active:
 1 node_8eac24cb3ee9bdcc7e93c46a476c65d4fbeaf419a4e7bed86dd854be
Pending:
 (no pending nodes)
Recent failures:
 (no failures)

Resources
---------------------------------------------------------------
Total Usage:
 5.0/8.0 CPU (5.0 used of 5.0 reserved in placement groups)
 0B/407.88MiB memory
 3.48MiB/174.81MiB object_store_memory

Total Constraints:
 (no request_resources() constraints)
Total Demands:
 (no resource demands)
2025-12-14 20:11:46,781	INFO autoscaler.py:463 -- The autoscaler took 0.007 seconds to complete the update iteration.
2025-12-14 20:11:51,784	INFO autoscaler.py:147 -- The autoscaler took 0.0 seconds to fetch the list of non-terminated nodes.
2025-12-14 20:11:51,786	INFO autoscaler.py:408 -- 
======== Autoscaler status: 2025-12-14 20:11:51.786076 ========
Node status
---------------------------------------------------------------
Active:
 1 node_8eac24cb3ee9bdcc7e93c46a476c65d4fbeaf419a4e7bed86dd854be
Pending:
 (no pending nodes)
Recent failures:
 (no failures)

Resources
---------------------------------------------------------------
Total Usage:
 5.0/8.0 CPU (5.0 used of 5.0 reserved in placement groups)
 0B/407.88MiB memory
 3.69MiB/174.81MiB object_store_memory

Total Constraints:
 (no request_resources() constraints)
Total Demands:
 (no resource demands)
2025-12-14 20:11:51,786	INFO autoscaler.py:463 -- The autoscaler took 0.001 seconds to complete the update iteration.
2025-12-14 20:11:56,789	INFO autoscaler.py:147 -- The autoscaler took 0.0 seconds to fetch the list of non-terminated nodes.
2025-12-14 20:11:56,793	INFO autoscaler.py:408 -- 
======== Autoscaler status: 2025-12-14 20:11:56.792651 ========
Node status
---------------------------------------------------------------
Active:
 1 node_8eac24cb3ee9bdcc7e93c46a476c65d4fbeaf419a4e7bed86dd854be
Pending:
 (no pending nodes)
Recent failures:
 (no failures)

Resources
---------------------------------------------------------------
Total Usage:
 5.0/8.0 CPU (5.0 used of 5.0 reserved in placement groups)
 0B/407.88MiB memory
 3.89MiB/174.81MiB object_store_memory

Total Constraints:
 (no request_resources() constraints)
Total Demands:
 (no resource demands)
2025-12-14 20:11:56,793	INFO autoscaler.py:463 -- The autoscaler took 0.004 seconds to complete the update iteration.
2025-12-14 20:12:01,807	INFO autoscaler.py:147 -- The autoscaler took 0.0 seconds to fetch the list of non-terminated nodes.
2025-12-14 20:12:01,807	INFO autoscaler.py:408 -- 
======== Autoscaler status: 2025-12-14 20:12:01.807713 ========
Node status
---------------------------------------------------------------
Active:
 1 node_8eac24cb3ee9bdcc7e93c46a476c65d4fbeaf419a4e7bed86dd854be
Pending:
 (no pending nodes)
Recent failures:
 (no failures)

Resources
---------------------------------------------------------------
Total Usage:
 5.0/8.0 CPU (5.0 used of 5.0 reserved in placement groups)
 0B/407.88MiB memory
 3.89MiB/174.81MiB object_store_memory

Total Constraints:
 (no request_resources() constraints)
Total Demands:
 (no resource demands)
2025-12-14 20:12:01,809	INFO autoscaler.py:463 -- The autoscaler took 0.002 seconds to complete the update iteration.
2025-12-14 20:12:06,815	INFO autoscaler.py:147 -- The autoscaler took 0.0 seconds to fetch the list of non-terminated nodes.
2025-12-14 20:12:06,815	INFO autoscaler.py:408 -- 
======== Autoscaler status: 2025-12-14 20:12:06.815372 ========
Node status
---------------------------------------------------------------
Active:
 1 node_8eac24cb3ee9bdcc7e93c46a476c65d4fbeaf419a4e7bed86dd854be
Pending:
 (no pending nodes)
Recent failures:
 (no failures)

Resources
---------------------------------------------------------------
Total Usage:
 5.0/8.0 CPU (5.0 used of 5.0 reserved in placement groups)
 0B/407.88MiB memory
 4.10MiB/174.81MiB object_store_memory

Total Constraints:
 (no request_resources() constraints)
Total Demands:
 (no resource demands)
2025-12-14 20:12:06,817	INFO autoscaler.py:463 -- The autoscaler took 0.002 seconds to complete the update iteration.
2025-12-14 20:12:11,821	INFO autoscaler.py:147 -- The autoscaler took 0.0 seconds to fetch the list of non-terminated nodes.
2025-12-14 20:12:11,821	INFO autoscaler.py:408 -- 
======== Autoscaler status: 2025-12-14 20:12:11.821165 ========
Node status
---------------------------------------------------------------
Active:
 1 node_8eac24cb3ee9bdcc7e93c46a476c65d4fbeaf419a4e7bed86dd854be
Pending:
 (no pending nodes)
Recent failures:
 (no failures)

Resources
---------------------------------------------------------------
Total Usage:
 5.0/8.0 CPU (5.0 used of 5.0 reserved in placement groups)
 0B/407.88MiB memory
 4.10MiB/174.81MiB object_store_memory

Total Constraints:
 (no request_resources() constraints)
Total Demands:
 (no resource demands)
2025-12-14 20:12:11,824	INFO autoscaler.py:463 -- The autoscaler took 0.003 seconds to complete the update iteration.
2025-12-14 20:12:16,829	INFO autoscaler.py:147 -- The autoscaler took 0.0 seconds to fetch the list of non-terminated nodes.
2025-12-14 20:12:16,830	INFO autoscaler.py:408 -- 
======== Autoscaler status: 2025-12-14 20:12:16.830586 ========
Node status
---------------------------------------------------------------
Active:
 1 node_8eac24cb3ee9bdcc7e93c46a476c65d4fbeaf419a4e7bed86dd854be
Pending:
 (no pending nodes)
Recent failures:
 (no failures)

Resources
---------------------------------------------------------------
Total Usage:
 5.0/8.0 CPU (5.0 used of 5.0 reserved in placement groups)
 0B/407.88MiB memory
 4.30MiB/174.81MiB object_store_memory

Total Constraints:
 (no request_resources() constraints)
Total Demands:
 (no resource demands)
2025-12-14 20:12:16,830	INFO autoscaler.py:463 -- The autoscaler took 0.001 seconds to complete the update iteration.
2025-12-14 20:12:21,836	INFO autoscaler.py:147 -- The autoscaler took 0.0 seconds to fetch the list of non-terminated nodes.
2025-12-14 20:12:21,836	INFO autoscaler.py:408 -- 
======== Autoscaler status: 2025-12-14 20:12:21.836230 ========
Node status
---------------------------------------------------------------
Active:
 1 node_8eac24cb3ee9bdcc7e93c46a476c65d4fbeaf419a4e7bed86dd854be
Pending:
 (no pending nodes)
Recent failures:
 (no failures)

Resources
---------------------------------------------------------------
Total Usage:
 5.0/8.0 CPU (5.0 used of 5.0 reserved in placement groups)
 0B/407.88MiB memory
 4.30MiB/174.81MiB object_store_memory

Total Constraints:
 (no request_resources() constraints)
Total Demands:
 (no resource demands)
2025-12-14 20:12:21,836	INFO autoscaler.py:463 -- The autoscaler took 0.0 seconds to complete the update iteration.
2025-12-14 20:12:26,843	INFO autoscaler.py:147 -- The autoscaler took 0.0 seconds to fetch the list of non-terminated nodes.
2025-12-14 20:12:26,843	INFO autoscaler.py:408 -- 
======== Autoscaler status: 2025-12-14 20:12:26.843233 ========
Node status
---------------------------------------------------------------
Active:
 1 node_8eac24cb3ee9bdcc7e93c46a476c65d4fbeaf419a4e7bed86dd854be
Pending:
 (no pending nodes)
Recent failures:
 (no failures)

Resources
---------------------------------------------------------------
Total Usage:
 5.0/8.0 CPU (5.0 used of 5.0 reserved in placement groups)
 0B/407.88MiB memory
 5.09MiB/174.81MiB object_store_memory

Total Constraints:
 (no request_resources() constraints)
Total Demands:
 (no resource demands)
2025-12-14 20:12:26,843	INFO autoscaler.py:463 -- The autoscaler took 0.0 seconds to complete the update iteration.
2025-12-14 20:12:31,848	INFO autoscaler.py:147 -- The autoscaler took 0.0 seconds to fetch the list of non-terminated nodes.
2025-12-14 20:12:31,850	INFO autoscaler.py:408 -- 
======== Autoscaler status: 2025-12-14 20:12:31.848938 ========
Node status
---------------------------------------------------------------
Active:
 1 node_8eac24cb3ee9bdcc7e93c46a476c65d4fbeaf419a4e7bed86dd854be
Pending:
 (no pending nodes)
Recent failures:
 (no failures)

Resources
---------------------------------------------------------------
Total Usage:
 5.0/8.0 CPU (5.0 used of 5.0 reserved in placement groups)
 0B/407.88MiB memory
 4.51MiB/174.81MiB object_store_memory

Total Constraints:
 (no request_resources() constraints)
Total Demands:
 (no resource demands)
2025-12-14 20:12:31,850	INFO autoscaler.py:463 -- The autoscaler took 0.002 seconds to complete the update iteration.
2025-12-14 20:12:36,866	INFO autoscaler.py:147 -- The autoscaler took 0.0 seconds to fetch the list of non-terminated nodes.
2025-12-14 20:12:36,866	INFO autoscaler.py:408 -- 
======== Autoscaler status: 2025-12-14 20:12:36.866832 ========
Node status
---------------------------------------------------------------
Active:
 1 node_8eac24cb3ee9bdcc7e93c46a476c65d4fbeaf419a4e7bed86dd854be
Pending:
 (no pending nodes)
Recent failures:
 (no failures)

Resources
---------------------------------------------------------------
Total Usage:
 5.0/8.0 CPU (5.0 used of 5.0 reserved in placement groups)
 0B/407.88MiB memory
 4.71MiB/174.81MiB object_store_memory

Total Constraints:
 (no request_resources() constraints)
Total Demands:
 (no resource demands)
2025-12-14 20:12:36,867	INFO autoscaler.py:463 -- The autoscaler took 0.001 seconds to complete the update iteration.
2025-12-14 20:12:41,882	INFO autoscaler.py:147 -- The autoscaler took 0.0 seconds to fetch the list of non-terminated nodes.
2025-12-14 20:12:41,885	INFO autoscaler.py:408 -- 
======== Autoscaler status: 2025-12-14 20:12:41.885155 ========
Node status
---------------------------------------------------------------
Active:
 1 node_8eac24cb3ee9bdcc7e93c46a476c65d4fbeaf419a4e7bed86dd854be
Pending:
 (no pending nodes)
Recent failures:
 (no failures)

Resources
---------------------------------------------------------------
Total Usage:
 5.0/8.0 CPU (5.0 used of 5.0 reserved in placement groups)
 0B/407.88MiB memory
 4.71MiB/174.81MiB object_store_memory

Total Constraints:
 (no request_resources() constraints)
Total Demands:
 (no resource demands)
2025-12-14 20:12:41,885	INFO autoscaler.py:463 -- The autoscaler took 0.003 seconds to complete the update iteration.
2025-12-14 20:12:46,892	INFO autoscaler.py:147 -- The autoscaler took 0.0 seconds to fetch the list of non-terminated nodes.
2025-12-14 20:12:46,892	INFO autoscaler.py:408 -- 
======== Autoscaler status: 2025-12-14 20:12:46.892293 ========
Node status
---------------------------------------------------------------
Active:
 1 node_8eac24cb3ee9bdcc7e93c46a476c65d4fbeaf419a4e7bed86dd854be
Pending:
 (no pending nodes)
Recent failures:
 (no failures)

Resources
---------------------------------------------------------------
Total Usage:
 5.0/8.0 CPU (5.0 used of 5.0 reserved in placement groups)
 0B/407.88MiB memory
 4.92MiB/174.81MiB object_store_memory

Total Constraints:
 (no request_resources() constraints)
Total Demands:
 (no resource demands)
2025-12-14 20:12:46,894	INFO autoscaler.py:463 -- The autoscaler took 0.002 seconds to complete the update iteration.
2025-12-14 20:12:51,897	INFO autoscaler.py:147 -- The autoscaler took 0.0 seconds to fetch the list of non-terminated nodes.
2025-12-14 20:12:51,899	INFO autoscaler.py:408 -- 
======== Autoscaler status: 2025-12-14 20:12:51.897068 ========
Node status
---------------------------------------------------------------
Active:
 1 node_8eac24cb3ee9bdcc7e93c46a476c65d4fbeaf419a4e7bed86dd854be
Pending:
 (no pending nodes)
Recent failures:
 (no failures)

Resources
---------------------------------------------------------------
Total Usage:
 5.0/8.0 CPU (5.0 used of 5.0 reserved in placement groups)
 0B/407.88MiB memory
 4.92MiB/174.81MiB object_store_memory

Total Constraints:
 (no request_resources() constraints)
Total Demands:
 (no resource demands)
2025-12-14 20:12:51,899	INFO autoscaler.py:463 -- The autoscaler took 0.003 seconds to complete the update iteration.
2025-12-14 20:12:56,906	INFO autoscaler.py:147 -- The autoscaler took 0.0 seconds to fetch the list of non-terminated nodes.
2025-12-14 20:12:56,906	INFO autoscaler.py:408 -- 
======== Autoscaler status: 2025-12-14 20:12:56.906705 ========
Node status
---------------------------------------------------------------
Active:
 1 node_8eac24cb3ee9bdcc7e93c46a476c65d4fbeaf419a4e7bed86dd854be
Pending:
 (no pending nodes)
Recent failures:
 (no failures)

Resources
---------------------------------------------------------------
Total Usage:
 5.0/8.0 CPU (5.0 used of 5.0 reserved in placement groups)
 0B/407.88MiB memory
 5.51MiB/174.81MiB object_store_memory

Total Constraints:
 (no request_resources() constraints)
Total Demands:
 (no resource demands)
2025-12-14 20:12:56,908	INFO autoscaler.py:463 -- The autoscaler took 0.002 seconds to complete the update iteration.
2025-12-14 20:13:01,922	INFO autoscaler.py:147 -- The autoscaler took 0.0 seconds to fetch the list of non-terminated nodes.
2025-12-14 20:13:01,922	INFO autoscaler.py:408 -- 
======== Autoscaler status: 2025-12-14 20:13:01.922302 ========
Node status
---------------------------------------------------------------
Active:
 1 node_8eac24cb3ee9bdcc7e93c46a476c65d4fbeaf419a4e7bed86dd854be
Pending:
 (no pending nodes)
Recent failures:
 (no failures)

Resources
---------------------------------------------------------------
Total Usage:
 5.0/8.0 CPU (5.0 used of 5.0 reserved in placement groups)
 0B/407.88MiB memory
 5.12MiB/174.81MiB object_store_memory

Total Constraints:
 (no request_resources() constraints)
Total Demands:
 (no resource demands)
2025-12-14 20:13:01,923	INFO autoscaler.py:463 -- The autoscaler took 0.001 seconds to complete the update iteration.
2025-12-14 20:13:06,927	INFO autoscaler.py:147 -- The autoscaler took 0.0 seconds to fetch the list of non-terminated nodes.
2025-12-14 20:13:06,927	INFO autoscaler.py:408 -- 
======== Autoscaler status: 2025-12-14 20:13:06.927968 ========
Node status
---------------------------------------------------------------
Active:
 1 node_8eac24cb3ee9bdcc7e93c46a476c65d4fbeaf419a4e7bed86dd854be
Pending:
 (no pending nodes)
Recent failures:
 (no failures)

Resources
---------------------------------------------------------------
Total Usage:
 5.0/8.0 CPU (5.0 used of 5.0 reserved in placement groups)
 0B/407.88MiB memory
 5.33MiB/174.81MiB object_store_memory

Total Constraints:
 (no request_resources() constraints)
Total Demands:
 (no resource demands)
2025-12-14 20:13:06,929	INFO autoscaler.py:463 -- The autoscaler took 0.002 seconds to complete the update iteration.
2025-12-14 20:13:11,933	INFO autoscaler.py:147 -- The autoscaler took 0.0 seconds to fetch the list of non-terminated nodes.
2025-12-14 20:13:11,937	INFO autoscaler.py:408 -- 
======== Autoscaler status: 2025-12-14 20:13:11.937249 ========
Node status
---------------------------------------------------------------
Active:
 1 node_8eac24cb3ee9bdcc7e93c46a476c65d4fbeaf419a4e7bed86dd854be
Pending:
 (no pending nodes)
Recent failures:
 (no failures)

Resources
---------------------------------------------------------------
Total Usage:
 5.0/8.0 CPU (5.0 used of 5.0 reserved in placement groups)
 0B/407.88MiB memory
 5.33MiB/174.81MiB object_store_memory

Total Constraints:
 (no request_resources() constraints)
Total Demands:
 (no resource demands)
2025-12-14 20:13:11,938	INFO autoscaler.py:463 -- The autoscaler took 0.005 seconds to complete the update iteration.
2025-12-14 20:13:16,954	INFO autoscaler.py:147 -- The autoscaler took 0.0 seconds to fetch the list of non-terminated nodes.
2025-12-14 20:13:16,954	INFO autoscaler.py:408 -- 
======== Autoscaler status: 2025-12-14 20:13:16.954462 ========
Node status
---------------------------------------------------------------
Active:
 1 node_8eac24cb3ee9bdcc7e93c46a476c65d4fbeaf419a4e7bed86dd854be
Pending:
 (no pending nodes)
Recent failures:
 (no failures)

Resources
---------------------------------------------------------------
Total Usage:
 5.0/8.0 CPU (5.0 used of 5.0 reserved in placement groups)
 0B/407.88MiB memory
 5.53MiB/174.81MiB object_store_memory

Total Constraints:
 (no request_resources() constraints)
Total Demands:
 (no resource demands)
2025-12-14 20:13:16,956	INFO autoscaler.py:463 -- The autoscaler took 0.002 seconds to complete the update iteration.
2025-12-14 20:13:21,960	INFO autoscaler.py:147 -- The autoscaler took 0.0 seconds to fetch the list of non-terminated nodes.
2025-12-14 20:13:21,961	INFO autoscaler.py:408 -- 
======== Autoscaler status: 2025-12-14 20:13:21.961794 ========
Node status
---------------------------------------------------------------
Active:
 1 node_8eac24cb3ee9bdcc7e93c46a476c65d4fbeaf419a4e7bed86dd854be
Pending:
 (no pending nodes)
Recent failures:
 (no failures)

Resources
---------------------------------------------------------------
Total Usage:
 5.0/8.0 CPU (5.0 used of 5.0 reserved in placement groups)
 0B/407.88MiB memory
 5.53MiB/174.81MiB object_store_memory

Total Constraints:
 (no request_resources() constraints)
Total Demands:
 (no resource demands)
2025-12-14 20:13:21,961	INFO autoscaler.py:463 -- The autoscaler took 0.001 seconds to complete the update iteration.
2025-12-14 20:13:26,967	INFO autoscaler.py:147 -- The autoscaler took 0.0 seconds to fetch the list of non-terminated nodes.
2025-12-14 20:13:26,969	INFO autoscaler.py:408 -- 
======== Autoscaler status: 2025-12-14 20:13:26.969055 ========
Node status
---------------------------------------------------------------
Active:
 1 node_8eac24cb3ee9bdcc7e93c46a476c65d4fbeaf419a4e7bed86dd854be
Pending:
 (no pending nodes)
Recent failures:
 (no failures)

Resources
---------------------------------------------------------------
Total Usage:
 5.0/8.0 CPU (5.0 used of 5.0 reserved in placement groups)
 0B/407.88MiB memory
 5.74MiB/174.81MiB object_store_memory

Total Constraints:
 (no request_resources() constraints)
Total Demands:
 (no resource demands)
2025-12-14 20:13:26,969	INFO autoscaler.py:463 -- The autoscaler took 0.001 seconds to complete the update iteration.
2025-12-14 20:13:31,975	INFO autoscaler.py:147 -- The autoscaler took 0.0 seconds to fetch the list of non-terminated nodes.
2025-12-14 20:13:31,975	INFO autoscaler.py:408 -- 
======== Autoscaler status: 2025-12-14 20:13:31.975759 ========
Node status
---------------------------------------------------------------
Active:
 1 node_8eac24cb3ee9bdcc7e93c46a476c65d4fbeaf419a4e7bed86dd854be
Pending:
 (no pending nodes)
Recent failures:
 (no failures)

Resources
---------------------------------------------------------------
Total Usage:
 5.0/8.0 CPU (5.0 used of 5.0 reserved in placement groups)
 0B/407.88MiB memory
 5.74MiB/174.81MiB object_store_memory

Total Constraints:
 (no request_resources() constraints)
Total Demands:
 (no resource demands)
2025-12-14 20:13:31,977	INFO autoscaler.py:463 -- The autoscaler took 0.002 seconds to complete the update iteration.
2025-12-14 20:13:36,985	INFO autoscaler.py:147 -- The autoscaler took 0.0 seconds to fetch the list of non-terminated nodes.
2025-12-14 20:13:36,985	INFO autoscaler.py:408 -- 
======== Autoscaler status: 2025-12-14 20:13:36.985269 ========
Node status
---------------------------------------------------------------
Active:
 1 node_8eac24cb3ee9bdcc7e93c46a476c65d4fbeaf419a4e7bed86dd854be
Pending:
 (no pending nodes)
Recent failures:
 (no failures)

Resources
---------------------------------------------------------------
Total Usage:
 5.0/8.0 CPU (5.0 used of 5.0 reserved in placement groups)
 0B/407.88MiB memory
 5.94MiB/174.81MiB object_store_memory

Total Constraints:
 (no request_resources() constraints)
Total Demands:
 (no resource demands)
2025-12-14 20:13:36,987	INFO autoscaler.py:463 -- The autoscaler took 0.002 seconds to complete the update iteration.
2025-12-14 20:13:42,003	INFO autoscaler.py:147 -- The autoscaler took 0.0 seconds to fetch the list of non-terminated nodes.
2025-12-14 20:13:42,005	INFO autoscaler.py:408 -- 
======== Autoscaler status: 2025-12-14 20:13:42.005067 ========
Node status
---------------------------------------------------------------
Active:
 1 node_8eac24cb3ee9bdcc7e93c46a476c65d4fbeaf419a4e7bed86dd854be
Pending:
 (no pending nodes)
Recent failures:
 (no failures)

Resources
---------------------------------------------------------------
Total Usage:
 5.0/8.0 CPU (5.0 used of 5.0 reserved in placement groups)
 0B/407.88MiB memory
 5.94MiB/174.81MiB object_store_memory

Total Constraints:
 (no request_resources() constraints)
Total Demands:
 (no resource demands)
2025-12-14 20:13:42,005	INFO autoscaler.py:463 -- The autoscaler took 0.001 seconds to complete the update iteration.
2025-12-14 20:13:47,010	INFO autoscaler.py:147 -- The autoscaler took 0.0 seconds to fetch the list of non-terminated nodes.
2025-12-14 20:13:47,010	INFO autoscaler.py:408 -- 
======== Autoscaler status: 2025-12-14 20:13:47.010186 ========
Node status
---------------------------------------------------------------
Active:
 1 node_8eac24cb3ee9bdcc7e93c46a476c65d4fbeaf419a4e7bed86dd854be
Pending:
 (no pending nodes)
Recent failures:
 (no failures)

Resources
---------------------------------------------------------------
Total Usage:
 5.0/8.0 CPU (5.0 used of 5.0 reserved in placement groups)
 0B/407.88MiB memory
 6.15MiB/174.81MiB object_store_memory

Total Constraints:
 (no request_resources() constraints)
Total Demands:
 (no resource demands)
2025-12-14 20:13:47,010	INFO autoscaler.py:463 -- The autoscaler took 0.0 seconds to complete the update iteration.
2025-12-14 20:13:52,019	INFO autoscaler.py:147 -- The autoscaler took 0.0 seconds to fetch the list of non-terminated nodes.
2025-12-14 20:13:52,021	INFO autoscaler.py:408 -- 
======== Autoscaler status: 2025-12-14 20:13:52.021982 ========
Node status
---------------------------------------------------------------
Active:
 1 node_8eac24cb3ee9bdcc7e93c46a476c65d4fbeaf419a4e7bed86dd854be
Pending:
 (no pending nodes)
Recent failures:
 (no failures)

Resources
---------------------------------------------------------------
Total Usage:
 5.0/8.0 CPU (5.0 used of 5.0 reserved in placement groups)
 0B/407.88MiB memory
 6.15MiB/174.81MiB object_store_memory

Total Constraints:
 (no request_resources() constraints)
Total Demands:
 (no resource demands)
2025-12-14 20:13:52,021	INFO autoscaler.py:463 -- The autoscaler took 0.003 seconds to complete the update iteration.
2025-12-14 20:13:57,025	INFO autoscaler.py:147 -- The autoscaler took 0.0 seconds to fetch the list of non-terminated nodes.
2025-12-14 20:13:57,028	INFO autoscaler.py:408 -- 
======== Autoscaler status: 2025-12-14 20:13:57.028585 ========
Node status
---------------------------------------------------------------
Active:
 1 node_8eac24cb3ee9bdcc7e93c46a476c65d4fbeaf419a4e7bed86dd854be
Pending:
 (no pending nodes)
Recent failures:
 (no failures)

Resources
---------------------------------------------------------------
Total Usage:
 5.0/8.0 CPU (5.0 used of 5.0 reserved in placement groups)
 0B/407.88MiB memory
 6.35MiB/174.81MiB object_store_memory

Total Constraints:
 (no request_resources() constraints)
Total Demands:
 (no resource demands)
2025-12-14 20:13:57,028	INFO autoscaler.py:463 -- The autoscaler took 0.003 seconds to complete the update iteration.
2025-12-14 20:14:02,033	INFO autoscaler.py:147 -- The autoscaler took 0.0 seconds to fetch the list of non-terminated nodes.
2025-12-14 20:14:02,033	INFO autoscaler.py:408 -- 
======== Autoscaler status: 2025-12-14 20:14:02.033369 ========
Node status
---------------------------------------------------------------
Active:
 1 node_8eac24cb3ee9bdcc7e93c46a476c65d4fbeaf419a4e7bed86dd854be
Pending:
 (no pending nodes)
Recent failures:
 (no failures)

Resources
---------------------------------------------------------------
Total Usage:
 5.0/8.0 CPU (5.0 used of 5.0 reserved in placement groups)
 0B/407.88MiB memory
 6.35MiB/174.81MiB object_store_memory

Total Constraints:
 (no request_resources() constraints)
Total Demands:
 (no resource demands)
2025-12-14 20:14:02,033	INFO autoscaler.py:463 -- The autoscaler took 0.0 seconds to complete the update iteration.
2025-12-14 20:14:07,040	INFO autoscaler.py:147 -- The autoscaler took 0.0 seconds to fetch the list of non-terminated nodes.
2025-12-14 20:14:07,040	INFO autoscaler.py:408 -- 
======== Autoscaler status: 2025-12-14 20:14:07.040706 ========
Node status
---------------------------------------------------------------
Active:
 1 node_8eac24cb3ee9bdcc7e93c46a476c65d4fbeaf419a4e7bed86dd854be
Pending:
 (no pending nodes)
Recent failures:
 (no failures)

Resources
---------------------------------------------------------------
Total Usage:
 5.0/8.0 CPU (5.0 used of 5.0 reserved in placement groups)
 0B/407.88MiB memory
 6.56MiB/174.81MiB object_store_memory

Total Constraints:
 (no request_resources() constraints)
Total Demands:
 (no resource demands)
2025-12-14 20:14:07,041	INFO autoscaler.py:463 -- The autoscaler took 0.001 seconds to complete the update iteration.
2025-12-14 20:14:12,044	INFO autoscaler.py:147 -- The autoscaler took 0.0 seconds to fetch the list of non-terminated nodes.
2025-12-14 20:14:12,044	INFO autoscaler.py:408 -- 
======== Autoscaler status: 2025-12-14 20:14:12.044502 ========
Node status
---------------------------------------------------------------
Active:
 1 node_8eac24cb3ee9bdcc7e93c46a476c65d4fbeaf419a4e7bed86dd854be
Pending:
 (no pending nodes)
Recent failures:
 (no failures)

Resources
---------------------------------------------------------------
Total Usage:
 5.0/8.0 CPU (5.0 used of 5.0 reserved in placement groups)
 0B/407.88MiB memory
 6.56MiB/174.81MiB object_store_memory

Total Constraints:
 (no request_resources() constraints)
Total Demands:
 (no resource demands)
2025-12-14 20:14:12,048	INFO autoscaler.py:463 -- The autoscaler took 0.004 seconds to complete the update iteration.
2025-12-14 20:14:17,053	INFO autoscaler.py:147 -- The autoscaler took 0.0 seconds to fetch the list of non-terminated nodes.
2025-12-14 20:14:17,055	INFO autoscaler.py:408 -- 
======== Autoscaler status: 2025-12-14 20:14:17.053247 ========
Node status
---------------------------------------------------------------
Active:
 1 node_8eac24cb3ee9bdcc7e93c46a476c65d4fbeaf419a4e7bed86dd854be
Pending:
 (no pending nodes)
Recent failures:
 (no failures)

Resources
---------------------------------------------------------------
Total Usage:
 5.0/8.0 CPU (5.0 used of 5.0 reserved in placement groups)
 0B/407.88MiB memory
 6.76MiB/174.81MiB object_store_memory

Total Constraints:
 (no request_resources() constraints)
Total Demands:
 (no resource demands)
2025-12-14 20:14:17,056	INFO autoscaler.py:463 -- The autoscaler took 0.003 seconds to complete the update iteration.
2025-12-14 20:14:22,060	INFO autoscaler.py:147 -- The autoscaler took 0.0 seconds to fetch the list of non-terminated nodes.
2025-12-14 20:14:22,060	INFO autoscaler.py:408 -- 
======== Autoscaler status: 2025-12-14 20:14:22.060996 ========
Node status
---------------------------------------------------------------
Active:
 1 node_8eac24cb3ee9bdcc7e93c46a476c65d4fbeaf419a4e7bed86dd854be
Pending:
 (no pending nodes)
Recent failures:
 (no failures)

Resources
---------------------------------------------------------------
Total Usage:
 5.0/8.0 CPU (5.0 used of 5.0 reserved in placement groups)
 0B/407.88MiB memory
 6.76MiB/174.81MiB object_store_memory

Total Constraints:
 (no request_resources() constraints)
Total Demands:
 (no resource demands)
2025-12-14 20:14:22,063	INFO autoscaler.py:463 -- The autoscaler took 0.002 seconds to complete the update iteration.
2025-12-14 20:14:27,067	INFO autoscaler.py:147 -- The autoscaler took 0.0 seconds to fetch the list of non-terminated nodes.
2025-12-14 20:14:27,071	INFO autoscaler.py:408 -- 
======== Autoscaler status: 2025-12-14 20:14:27.071285 ========
Node status
---------------------------------------------------------------
Active:
 1 node_8eac24cb3ee9bdcc7e93c46a476c65d4fbeaf419a4e7bed86dd854be
Pending:
 (no pending nodes)
Recent failures:
 (no failures)

Resources
---------------------------------------------------------------
Total Usage:
 5.0/8.0 CPU (5.0 used of 5.0 reserved in placement groups)
 0B/407.88MiB memory
 6.97MiB/174.81MiB object_store_memory

Total Constraints:
 (no request_resources() constraints)
Total Demands:
 (no resource demands)
2025-12-14 20:14:27,074	INFO autoscaler.py:463 -- The autoscaler took 0.007 seconds to complete the update iteration.
2025-12-14 20:14:32,080	INFO autoscaler.py:147 -- The autoscaler took 0.0 seconds to fetch the list of non-terminated nodes.
2025-12-14 20:14:32,080	INFO autoscaler.py:408 -- 
======== Autoscaler status: 2025-12-14 20:14:32.080068 ========
Node status
---------------------------------------------------------------
Active:
 1 node_8eac24cb3ee9bdcc7e93c46a476c65d4fbeaf419a4e7bed86dd854be
Pending:
 (no pending nodes)
Recent failures:
 (no failures)

Resources
---------------------------------------------------------------
Total Usage:
 5.0/8.0 CPU (5.0 used of 5.0 reserved in placement groups)
 0B/407.88MiB memory
 6.97MiB/174.81MiB object_store_memory

Total Constraints:
 (no request_resources() constraints)
Total Demands:
 (no resource demands)
2025-12-14 20:14:32,080	INFO autoscaler.py:463 -- The autoscaler took 0.0 seconds to complete the update iteration.
2025-12-14 20:14:37,098	INFO autoscaler.py:147 -- The autoscaler took 0.0 seconds to fetch the list of non-terminated nodes.
2025-12-14 20:14:37,100	INFO autoscaler.py:408 -- 
======== Autoscaler status: 2025-12-14 20:14:37.100008 ========
Node status
---------------------------------------------------------------
Active:
 1 node_8eac24cb3ee9bdcc7e93c46a476c65d4fbeaf419a4e7bed86dd854be
Pending:
 (no pending nodes)
Recent failures:
 (no failures)

Resources
---------------------------------------------------------------
Total Usage:
 5.0/8.0 CPU (5.0 used of 5.0 reserved in placement groups)
 0B/407.88MiB memory
 7.17MiB/174.81MiB object_store_memory

Total Constraints:
 (no request_resources() constraints)
Total Demands:
 (no resource demands)
2025-12-14 20:14:37,100	INFO autoscaler.py:463 -- The autoscaler took 0.001 seconds to complete the update iteration.
2025-12-14 20:14:42,104	INFO autoscaler.py:147 -- The autoscaler took 0.0 seconds to fetch the list of non-terminated nodes.
2025-12-14 20:14:42,104	INFO autoscaler.py:408 -- 
======== Autoscaler status: 2025-12-14 20:14:42.104839 ========
Node status
---------------------------------------------------------------
Active:
 1 node_8eac24cb3ee9bdcc7e93c46a476c65d4fbeaf419a4e7bed86dd854be
Pending:
 (no pending nodes)
Recent failures:
 (no failures)

Resources
---------------------------------------------------------------
Total Usage:
 5.0/8.0 CPU (5.0 used of 5.0 reserved in placement groups)
 0B/407.88MiB memory
 7.17MiB/174.81MiB object_store_memory

Total Constraints:
 (no request_resources() constraints)
Total Demands:
 (no resource demands)
2025-12-14 20:14:42,106	INFO autoscaler.py:463 -- The autoscaler took 0.002 seconds to complete the update iteration.
2025-12-14 20:14:47,108	INFO autoscaler.py:147 -- The autoscaler took 0.0 seconds to fetch the list of non-terminated nodes.
2025-12-14 20:14:47,108	INFO autoscaler.py:408 -- 
======== Autoscaler status: 2025-12-14 20:14:47.108950 ========
Node status
---------------------------------------------------------------
Active:
 1 node_8eac24cb3ee9bdcc7e93c46a476c65d4fbeaf419a4e7bed86dd854be
Pending:
 (no pending nodes)
Recent failures:
 (no failures)

Resources
---------------------------------------------------------------
Total Usage:
 5.0/8.0 CPU (5.0 used of 5.0 reserved in placement groups)
 0B/407.88MiB memory
 7.38MiB/174.81MiB object_store_memory

Total Constraints:
 (no request_resources() constraints)
Total Demands:
 (no resource demands)
2025-12-14 20:14:47,108	INFO autoscaler.py:463 -- The autoscaler took 0.0 seconds to complete the update iteration.
2025-12-14 20:14:52,116	INFO autoscaler.py:147 -- The autoscaler took 0.0 seconds to fetch the list of non-terminated nodes.
2025-12-14 20:14:52,116	INFO autoscaler.py:408 -- 
======== Autoscaler status: 2025-12-14 20:14:52.116770 ========
Node status
---------------------------------------------------------------
Active:
 1 node_8eac24cb3ee9bdcc7e93c46a476c65d4fbeaf419a4e7bed86dd854be
Pending:
 (no pending nodes)
Recent failures:
 (no failures)

Resources
---------------------------------------------------------------
Total Usage:
 5.0/8.0 CPU (5.0 used of 5.0 reserved in placement groups)
 0B/407.88MiB memory
 7.38MiB/174.81MiB object_store_memory

Total Constraints:
 (no request_resources() constraints)
Total Demands:
 (no resource demands)
2025-12-14 20:14:52,118	INFO autoscaler.py:463 -- The autoscaler took 0.002 seconds to complete the update iteration.
2025-12-14 20:14:57,121	INFO autoscaler.py:147 -- The autoscaler took 0.0 seconds to fetch the list of non-terminated nodes.
2025-12-14 20:14:57,123	INFO autoscaler.py:408 -- 
======== Autoscaler status: 2025-12-14 20:14:57.123700 ========
Node status
---------------------------------------------------------------
Active:
 1 node_8eac24cb3ee9bdcc7e93c46a476c65d4fbeaf419a4e7bed86dd854be
Pending:
 (no pending nodes)
Recent failures:
 (no failures)

Resources
---------------------------------------------------------------
Total Usage:
 5.0/8.0 CPU (5.0 used of 5.0 reserved in placement groups)
 0B/407.88MiB memory
 7.58MiB/174.81MiB object_store_memory

Total Constraints:
 (no request_resources() constraints)
Total Demands:
 (no resource demands)
2025-12-14 20:14:57,123	INFO autoscaler.py:463 -- The autoscaler took 0.002 seconds to complete the update iteration.
2025-12-14 20:15:02,131	INFO autoscaler.py:147 -- The autoscaler took 0.0 seconds to fetch the list of non-terminated nodes.
2025-12-14 20:15:02,131	INFO autoscaler.py:408 -- 
======== Autoscaler status: 2025-12-14 20:15:02.131414 ========
Node status
---------------------------------------------------------------
Active:
 1 node_8eac24cb3ee9bdcc7e93c46a476c65d4fbeaf419a4e7bed86dd854be
Pending:
 (no pending nodes)
Recent failures:
 (no failures)

Resources
---------------------------------------------------------------
Total Usage:
 5.0/8.0 CPU (5.0 used of 5.0 reserved in placement groups)
 0B/407.88MiB memory
 7.58MiB/174.81MiB object_store_memory

Total Constraints:
 (no request_resources() constraints)
Total Demands:
 (no resource demands)
2025-12-14 20:15:02,134	INFO autoscaler.py:463 -- The autoscaler took 0.004 seconds to complete the update iteration.
2025-12-14 20:15:07,139	INFO autoscaler.py:147 -- The autoscaler took 0.0 seconds to fetch the list of non-terminated nodes.
2025-12-14 20:15:07,139	INFO autoscaler.py:408 -- 
======== Autoscaler status: 2025-12-14 20:15:07.139968 ========
Node status
---------------------------------------------------------------
Active:
 1 node_8eac24cb3ee9bdcc7e93c46a476c65d4fbeaf419a4e7bed86dd854be
Pending:
 (no pending nodes)
Recent failures:
 (no failures)

Resources
---------------------------------------------------------------
Total Usage:
 5.0/8.0 CPU (5.0 used of 5.0 reserved in placement groups)
 0B/407.88MiB memory
 7.79MiB/174.81MiB object_store_memory

Total Constraints:
 (no request_resources() constraints)
Total Demands:
 (no resource demands)
2025-12-14 20:15:07,141	INFO autoscaler.py:463 -- The autoscaler took 0.001 seconds to complete the update iteration.
2025-12-14 20:15:12,157	INFO autoscaler.py:147 -- The autoscaler took 0.0 seconds to fetch the list of non-terminated nodes.
2025-12-14 20:15:12,158	INFO autoscaler.py:408 -- 
======== Autoscaler status: 2025-12-14 20:15:12.158449 ========
Node status
---------------------------------------------------------------
Active:
 1 node_8eac24cb3ee9bdcc7e93c46a476c65d4fbeaf419a4e7bed86dd854be
Pending:
 (no pending nodes)
Recent failures:
 (no failures)

Resources
---------------------------------------------------------------
Total Usage:
 5.0/8.0 CPU (5.0 used of 5.0 reserved in placement groups)
 0B/407.88MiB memory
 7.79MiB/174.81MiB object_store_memory

Total Constraints:
 (no request_resources() constraints)
Total Demands:
 (no resource demands)
2025-12-14 20:15:12,159	INFO autoscaler.py:463 -- The autoscaler took 0.002 seconds to complete the update iteration.
2025-12-14 20:15:17,164	INFO autoscaler.py:147 -- The autoscaler took 0.0 seconds to fetch the list of non-terminated nodes.
2025-12-14 20:15:17,164	INFO autoscaler.py:408 -- 
======== Autoscaler status: 2025-12-14 20:15:17.164951 ========
Node status
---------------------------------------------------------------
Active:
 1 node_8eac24cb3ee9bdcc7e93c46a476c65d4fbeaf419a4e7bed86dd854be
Pending:
 (no pending nodes)
Recent failures:
 (no failures)

Resources
---------------------------------------------------------------
Total Usage:
 5.0/8.0 CPU (5.0 used of 5.0 reserved in placement groups)
 0B/407.88MiB memory
 8.38MiB/174.81MiB object_store_memory

Total Constraints:
 (no request_resources() constraints)
Total Demands:
 (no resource demands)
2025-12-14 20:15:17,164	INFO autoscaler.py:463 -- The autoscaler took 0.0 seconds to complete the update iteration.
2025-12-14 20:15:22,179	INFO autoscaler.py:147 -- The autoscaler took 0.0 seconds to fetch the list of non-terminated nodes.
2025-12-14 20:15:22,179	INFO autoscaler.py:408 -- 
======== Autoscaler status: 2025-12-14 20:15:22.179869 ========
Node status
---------------------------------------------------------------
Active:
 1 node_8eac24cb3ee9bdcc7e93c46a476c65d4fbeaf419a4e7bed86dd854be
Pending:
 (no pending nodes)
Recent failures:
 (no failures)

Resources
---------------------------------------------------------------
Total Usage:
 5.0/8.0 CPU (5.0 used of 5.0 reserved in placement groups)
 0B/407.88MiB memory
 7.99MiB/174.81MiB object_store_memory

Total Constraints:
 (no request_resources() constraints)
Total Demands:
 (no resource demands)
2025-12-14 20:15:22,179	INFO autoscaler.py:463 -- The autoscaler took 0.0 seconds to complete the update iteration.
2025-12-14 20:15:27,191	INFO autoscaler.py:147 -- The autoscaler took 0.0 seconds to fetch the list of non-terminated nodes.
2025-12-14 20:15:27,191	INFO autoscaler.py:408 -- 
======== Autoscaler status: 2025-12-14 20:15:27.191035 ========
Node status
---------------------------------------------------------------
Active:
 1 node_8eac24cb3ee9bdcc7e93c46a476c65d4fbeaf419a4e7bed86dd854be
Pending:
 (no pending nodes)
Recent failures:
 (no failures)

Resources
---------------------------------------------------------------
Total Usage:
 5.0/8.0 CPU (5.0 used of 5.0 reserved in placement groups)
 0B/407.88MiB memory
 8.20MiB/174.81MiB object_store_memory

Total Constraints:
 (no request_resources() constraints)
Total Demands:
 (no resource demands)
2025-12-14 20:15:27,193	INFO autoscaler.py:463 -- The autoscaler took 0.002 seconds to complete the update iteration.
2025-12-14 20:15:32,204	INFO autoscaler.py:147 -- The autoscaler took 0.0 seconds to fetch the list of non-terminated nodes.
2025-12-14 20:15:32,206	INFO autoscaler.py:408 -- 
======== Autoscaler status: 2025-12-14 20:15:32.204500 ========
Node status
---------------------------------------------------------------
Active:
 1 node_8eac24cb3ee9bdcc7e93c46a476c65d4fbeaf419a4e7bed86dd854be
Pending:
 (no pending nodes)
Recent failures:
 (no failures)

Resources
---------------------------------------------------------------
Total Usage:
 5.0/8.0 CPU (5.0 used of 5.0 reserved in placement groups)
 0B/407.88MiB memory
 8.20MiB/174.81MiB object_store_memory

Total Constraints:
 (no request_resources() constraints)
Total Demands:
 (no resource demands)
2025-12-14 20:15:32,206	INFO autoscaler.py:463 -- The autoscaler took 0.002 seconds to complete the update iteration.
2025-12-14 20:15:37,211	INFO autoscaler.py:147 -- The autoscaler took 0.0 seconds to fetch the list of non-terminated nodes.
2025-12-14 20:15:37,218	INFO autoscaler.py:408 -- 
======== Autoscaler status: 2025-12-14 20:15:37.218587 ========
Node status
---------------------------------------------------------------
Active:
 1 node_8eac24cb3ee9bdcc7e93c46a476c65d4fbeaf419a4e7bed86dd854be
Pending:
 (no pending nodes)
Recent failures:
 (no failures)

Resources
---------------------------------------------------------------
Total Usage:
 5.0/8.0 CPU (5.0 used of 5.0 reserved in placement groups)
 0B/407.88MiB memory
 8.40MiB/174.81MiB object_store_memory

Total Constraints:
 (no request_resources() constraints)
Total Demands:
 (no resource demands)
2025-12-14 20:15:37,221	INFO autoscaler.py:463 -- The autoscaler took 0.01 seconds to complete the update iteration.
2025-12-14 20:15:42,226	INFO autoscaler.py:147 -- The autoscaler took 0.0 seconds to fetch the list of non-terminated nodes.
2025-12-14 20:15:42,226	INFO autoscaler.py:408 -- 
======== Autoscaler status: 2025-12-14 20:15:42.226216 ========
Node status
---------------------------------------------------------------
Active:
 1 node_8eac24cb3ee9bdcc7e93c46a476c65d4fbeaf419a4e7bed86dd854be
Pending:
 (no pending nodes)
Recent failures:
 (no failures)

Resources
---------------------------------------------------------------
Total Usage:
 5.0/8.0 CPU (5.0 used of 5.0 reserved in placement groups)
 0B/407.88MiB memory
 8.40MiB/174.81MiB object_store_memory

Total Constraints:
 (no request_resources() constraints)
Total Demands:
 (no resource demands)
2025-12-14 20:15:42,229	INFO autoscaler.py:463 -- The autoscaler took 0.003 seconds to complete the update iteration.
2025-12-14 20:15:47,237	INFO autoscaler.py:147 -- The autoscaler took 0.0 seconds to fetch the list of non-terminated nodes.
2025-12-14 20:15:47,238	INFO autoscaler.py:408 -- 
======== Autoscaler status: 2025-12-14 20:15:47.238419 ========
Node status
---------------------------------------------------------------
Active:
 1 node_8eac24cb3ee9bdcc7e93c46a476c65d4fbeaf419a4e7bed86dd854be
Pending:
 (no pending nodes)
Recent failures:
 (no failures)

Resources
---------------------------------------------------------------
Total Usage:
 5.0/8.0 CPU (5.0 used of 5.0 reserved in placement groups)
 0B/407.88MiB memory
 8.40MiB/174.81MiB object_store_memory

Total Constraints:
 (no request_resources() constraints)
Total Demands:
 (no resource demands)
2025-12-14 20:15:47,241	INFO autoscaler.py:463 -- The autoscaler took 0.004 seconds to complete the update iteration.
2025-12-14 20:15:52,250	INFO autoscaler.py:147 -- The autoscaler took 0.0 seconds to fetch the list of non-terminated nodes.
2025-12-14 20:15:52,250	INFO autoscaler.py:408 -- 
======== Autoscaler status: 2025-12-14 20:15:52.250651 ========
Node status
---------------------------------------------------------------
Active:
 1 node_8eac24cb3ee9bdcc7e93c46a476c65d4fbeaf419a4e7bed86dd854be
Pending:
 (no pending nodes)
Recent failures:
 (no failures)

Resources
---------------------------------------------------------------
Total Usage:
 5.0/8.0 CPU (5.0 used of 5.0 reserved in placement groups)
 0B/407.88MiB memory
 8.61MiB/174.81MiB object_store_memory

Total Constraints:
 (no request_resources() constraints)
Total Demands:
 (no resource demands)
2025-12-14 20:15:52,250	INFO autoscaler.py:463 -- The autoscaler took 0.0 seconds to complete the update iteration.
2025-12-14 20:15:57,259	INFO autoscaler.py:147 -- The autoscaler took 0.0 seconds to fetch the list of non-terminated nodes.
2025-12-14 20:15:57,260	INFO autoscaler.py:408 -- 
======== Autoscaler status: 2025-12-14 20:15:57.260923 ========
Node status
---------------------------------------------------------------
Active:
 1 node_8eac24cb3ee9bdcc7e93c46a476c65d4fbeaf419a4e7bed86dd854be
Pending:
 (no pending nodes)
Recent failures:
 (no failures)

Resources
---------------------------------------------------------------
Total Usage:
 5.0/8.0 CPU (5.0 used of 5.0 reserved in placement groups)
 0B/407.88MiB memory
 8.61MiB/174.81MiB object_store_memory

Total Constraints:
 (no request_resources() constraints)
Total Demands:
 (no resource demands)
2025-12-14 20:15:57,260	INFO autoscaler.py:463 -- The autoscaler took 0.001 seconds to complete the update iteration.
2025-12-14 20:16:02,263	INFO autoscaler.py:147 -- The autoscaler took 0.0 seconds to fetch the list of non-terminated nodes.
2025-12-14 20:16:02,265	INFO autoscaler.py:408 -- 
======== Autoscaler status: 2025-12-14 20:16:02.265798 ========
Node status
---------------------------------------------------------------
Active:
 1 node_8eac24cb3ee9bdcc7e93c46a476c65d4fbeaf419a4e7bed86dd854be
Pending:
 (no pending nodes)
Recent failures:
 (no failures)

Resources
---------------------------------------------------------------
Total Usage:
 5.0/8.0 CPU (5.0 used of 5.0 reserved in placement groups)
 0B/407.88MiB memory
 8.81MiB/174.81MiB object_store_memory

Total Constraints:
 (no request_resources() constraints)
Total Demands:
 (no resource demands)
2025-12-14 20:16:02,265	INFO autoscaler.py:463 -- The autoscaler took 0.002 seconds to complete the update iteration.
2025-12-14 20:16:07,272	INFO autoscaler.py:147 -- The autoscaler took 0.0 seconds to fetch the list of non-terminated nodes.
2025-12-14 20:16:07,274	INFO autoscaler.py:408 -- 
======== Autoscaler status: 2025-12-14 20:16:07.274047 ========
Node status
---------------------------------------------------------------
Active:
 1 node_8eac24cb3ee9bdcc7e93c46a476c65d4fbeaf419a4e7bed86dd854be
Pending:
 (no pending nodes)
Recent failures:
 (no failures)

Resources
---------------------------------------------------------------
Total Usage:
 5.0/8.0 CPU (5.0 used of 5.0 reserved in placement groups)
 0B/407.88MiB memory
 8.81MiB/174.81MiB object_store_memory

Total Constraints:
 (no request_resources() constraints)
Total Demands:
 (no resource demands)
2025-12-14 20:16:07,277	INFO autoscaler.py:463 -- The autoscaler took 0.005 seconds to complete the update iteration.
2025-12-14 20:16:12,281	INFO autoscaler.py:147 -- The autoscaler took 0.0 seconds to fetch the list of non-terminated nodes.
2025-12-14 20:16:12,285	INFO autoscaler.py:408 -- 
======== Autoscaler status: 2025-12-14 20:16:12.281843 ========
Node status
---------------------------------------------------------------
Active:
 1 node_8eac24cb3ee9bdcc7e93c46a476c65d4fbeaf419a4e7bed86dd854be
Pending:
 (no pending nodes)
Recent failures:
 (no failures)

Resources
---------------------------------------------------------------
Total Usage:
 5.0/8.0 CPU (5.0 used of 5.0 reserved in placement groups)
 0B/407.88MiB memory
 9.02MiB/174.81MiB object_store_memory

Total Constraints:
 (no request_resources() constraints)
Total Demands:
 (no resource demands)
2025-12-14 20:16:12,285	INFO autoscaler.py:463 -- The autoscaler took 0.003 seconds to complete the update iteration.
2025-12-14 20:16:17,301	INFO autoscaler.py:147 -- The autoscaler took 0.0 seconds to fetch the list of non-terminated nodes.
2025-12-14 20:16:17,301	INFO autoscaler.py:408 -- 
======== Autoscaler status: 2025-12-14 20:16:17.301685 ========
Node status
---------------------------------------------------------------
Active:
 1 node_8eac24cb3ee9bdcc7e93c46a476c65d4fbeaf419a4e7bed86dd854be
Pending:
 (no pending nodes)
Recent failures:
 (no failures)

Resources
---------------------------------------------------------------
Total Usage:
 5.0/8.0 CPU (5.0 used of 5.0 reserved in placement groups)
 0B/407.88MiB memory
 9.02MiB/174.81MiB object_store_memory

Total Constraints:
 (no request_resources() constraints)
Total Demands:
 (no resource demands)
2025-12-14 20:16:17,303	INFO autoscaler.py:463 -- The autoscaler took 0.002 seconds to complete the update iteration.
2025-12-14 20:16:22,316	INFO autoscaler.py:147 -- The autoscaler took 0.0 seconds to fetch the list of non-terminated nodes.
2025-12-14 20:16:22,319	INFO autoscaler.py:408 -- 
======== Autoscaler status: 2025-12-14 20:16:22.319440 ========
Node status
---------------------------------------------------------------
Active:
 1 node_8eac24cb3ee9bdcc7e93c46a476c65d4fbeaf419a4e7bed86dd854be
Pending:
 (no pending nodes)
Recent failures:
 (no failures)

Resources
---------------------------------------------------------------
Total Usage:
 5.0/8.0 CPU (5.0 used of 5.0 reserved in placement groups)
 0B/407.88MiB memory
 9.22MiB/174.81MiB object_store_memory

Total Constraints:
 (no request_resources() constraints)
Total Demands:
 (no resource demands)
2025-12-14 20:16:22,319	INFO autoscaler.py:463 -- The autoscaler took 0.003 seconds to complete the update iteration.
2025-12-14 20:16:27,326	INFO autoscaler.py:147 -- The autoscaler took 0.0 seconds to fetch the list of non-terminated nodes.
2025-12-14 20:16:27,327	INFO autoscaler.py:408 -- 
======== Autoscaler status: 2025-12-14 20:16:27.326367 ========
Node status
---------------------------------------------------------------
Active:
 1 node_8eac24cb3ee9bdcc7e93c46a476c65d4fbeaf419a4e7bed86dd854be
Pending:
 (no pending nodes)
Recent failures:
 (no failures)

Resources
---------------------------------------------------------------
Total Usage:
 5.0/8.0 CPU (5.0 used of 5.0 reserved in placement groups)
 0B/407.88MiB memory
 9.22MiB/174.81MiB object_store_memory

Total Constraints:
 (no request_resources() constraints)
Total Demands:
 (no resource demands)
2025-12-14 20:16:27,327	INFO autoscaler.py:463 -- The autoscaler took 0.001 seconds to complete the update iteration.
2025-12-14 20:16:32,345	INFO autoscaler.py:147 -- The autoscaler took 0.0 seconds to fetch the list of non-terminated nodes.
2025-12-14 20:16:32,345	INFO autoscaler.py:408 -- 
======== Autoscaler status: 2025-12-14 20:16:32.345565 ========
Node status
---------------------------------------------------------------
Active:
 1 node_8eac24cb3ee9bdcc7e93c46a476c65d4fbeaf419a4e7bed86dd854be
Pending:
 (no pending nodes)
Recent failures:
 (no failures)

Resources
---------------------------------------------------------------
Total Usage:
 5.0/8.0 CPU (5.0 used of 5.0 reserved in placement groups)
 0B/407.88MiB memory
 9.43MiB/174.81MiB object_store_memory

Total Constraints:
 (no request_resources() constraints)
Total Demands:
 (no resource demands)
2025-12-14 20:16:32,345	INFO autoscaler.py:463 -- The autoscaler took 0.0 seconds to complete the update iteration.
2025-12-14 20:16:37,354	INFO autoscaler.py:147 -- The autoscaler took 0.0 seconds to fetch the list of non-terminated nodes.
2025-12-14 20:16:37,354	INFO autoscaler.py:408 -- 
======== Autoscaler status: 2025-12-14 20:16:37.354096 ========
Node status
---------------------------------------------------------------
Active:
 1 node_8eac24cb3ee9bdcc7e93c46a476c65d4fbeaf419a4e7bed86dd854be
Pending:
 (no pending nodes)
Recent failures:
 (no failures)

Resources
---------------------------------------------------------------
Total Usage:
 5.0/8.0 CPU (5.0 used of 5.0 reserved in placement groups)
 0B/407.88MiB memory
 9.43MiB/174.81MiB object_store_memory

Total Constraints:
 (no request_resources() constraints)
Total Demands:
 (no resource demands)
2025-12-14 20:16:37,354	INFO autoscaler.py:463 -- The autoscaler took 0.0 seconds to complete the update iteration.
2025-12-14 20:16:42,378	INFO autoscaler.py:147 -- The autoscaler took 0.0 seconds to fetch the list of non-terminated nodes.
2025-12-14 20:16:42,378	INFO autoscaler.py:408 -- 
======== Autoscaler status: 2025-12-14 20:16:42.378319 ========
Node status
---------------------------------------------------------------
Active:
 1 node_8eac24cb3ee9bdcc7e93c46a476c65d4fbeaf419a4e7bed86dd854be
Pending:
 (no pending nodes)
Recent failures:
 (no failures)

Resources
---------------------------------------------------------------
Total Usage:
 5.0/8.0 CPU (5.0 used of 5.0 reserved in placement groups)
 0B/407.88MiB memory
 9.63MiB/174.81MiB object_store_memory

Total Constraints:
 (no request_resources() constraints)
Total Demands:
 (no resource demands)
2025-12-14 20:16:42,378	INFO autoscaler.py:463 -- The autoscaler took 0.0 seconds to complete the update iteration.
2025-12-14 20:16:47,388	INFO autoscaler.py:147 -- The autoscaler took 0.0 seconds to fetch the list of non-terminated nodes.
2025-12-14 20:16:47,389	INFO autoscaler.py:408 -- 
======== Autoscaler status: 2025-12-14 20:16:47.389950 ========
Node status
---------------------------------------------------------------
Active:
 1 node_8eac24cb3ee9bdcc7e93c46a476c65d4fbeaf419a4e7bed86dd854be
Pending:
 (no pending nodes)
Recent failures:
 (no failures)

Resources
---------------------------------------------------------------
Total Usage:
 5.0/8.0 CPU (5.0 used of 5.0 reserved in placement groups)
 0B/407.88MiB memory
 9.63MiB/174.81MiB object_store_memory

Total Constraints:
 (no request_resources() constraints)
Total Demands:
 (no resource demands)
2025-12-14 20:16:47,389	INFO autoscaler.py:463 -- The autoscaler took 0.002 seconds to complete the update iteration.
2025-12-14 20:16:52,394	INFO autoscaler.py:147 -- The autoscaler took 0.0 seconds to fetch the list of non-terminated nodes.
2025-12-14 20:16:52,396	INFO autoscaler.py:408 -- 
======== Autoscaler status: 2025-12-14 20:16:52.396268 ========
Node status
---------------------------------------------------------------
Active:
 1 node_8eac24cb3ee9bdcc7e93c46a476c65d4fbeaf419a4e7bed86dd854be
Pending:
 (no pending nodes)
Recent failures:
 (no failures)

Resources
---------------------------------------------------------------
Total Usage:
 5.0/8.0 CPU (5.0 used of 5.0 reserved in placement groups)
 0B/407.88MiB memory
 9.84MiB/174.81MiB object_store_memory

Total Constraints:
 (no request_resources() constraints)
Total Demands:
 (no resource demands)
2025-12-14 20:16:52,396	INFO autoscaler.py:463 -- The autoscaler took 0.002 seconds to complete the update iteration.
2025-12-14 20:16:57,398	INFO autoscaler.py:147 -- The autoscaler took 0.0 seconds to fetch the list of non-terminated nodes.
2025-12-14 20:16:57,403	INFO autoscaler.py:408 -- 
======== Autoscaler status: 2025-12-14 20:16:57.398466 ========
Node status
---------------------------------------------------------------
Active:
 1 node_8eac24cb3ee9bdcc7e93c46a476c65d4fbeaf419a4e7bed86dd854be
Pending:
 (no pending nodes)
Recent failures:
 (no failures)

Resources
---------------------------------------------------------------
Total Usage:
 5.0/8.0 CPU (5.0 used of 5.0 reserved in placement groups)
 0B/407.88MiB memory
 9.84MiB/174.81MiB object_store_memory

Total Constraints:
 (no request_resources() constraints)
Total Demands:
 (no resource demands)
2025-12-14 20:16:57,403	INFO autoscaler.py:463 -- The autoscaler took 0.005 seconds to complete the update iteration.
2025-12-14 20:17:02,413	INFO autoscaler.py:147 -- The autoscaler took 0.0 seconds to fetch the list of non-terminated nodes.
2025-12-14 20:17:02,413	INFO autoscaler.py:408 -- 
======== Autoscaler status: 2025-12-14 20:17:02.413052 ========
Node status
---------------------------------------------------------------
Active:
 1 node_8eac24cb3ee9bdcc7e93c46a476c65d4fbeaf419a4e7bed86dd854be
Pending:
 (no pending nodes)
Recent failures:
 (no failures)

Resources
---------------------------------------------------------------
Total Usage:
 5.0/8.0 CPU (5.0 used of 5.0 reserved in placement groups)
 0B/407.88MiB memory
 10.04MiB/174.81MiB object_store_memory

Total Constraints:
 (no request_resources() constraints)
Total Demands:
 (no resource demands)
2025-12-14 20:17:02,415	INFO autoscaler.py:463 -- The autoscaler took 0.003 seconds to complete the update iteration.
2025-12-14 20:17:07,420	INFO autoscaler.py:147 -- The autoscaler took 0.0 seconds to fetch the list of non-terminated nodes.
2025-12-14 20:17:07,421	INFO autoscaler.py:408 -- 
======== Autoscaler status: 2025-12-14 20:17:07.421980 ========
Node status
---------------------------------------------------------------
Active:
 1 node_8eac24cb3ee9bdcc7e93c46a476c65d4fbeaf419a4e7bed86dd854be
Pending:
 (no pending nodes)
Recent failures:
 (no failures)

Resources
---------------------------------------------------------------
Total Usage:
 5.0/8.0 CPU (5.0 used of 5.0 reserved in placement groups)
 0B/407.88MiB memory
 10.04MiB/174.81MiB object_store_memory

Total Constraints:
 (no request_resources() constraints)
Total Demands:
 (no resource demands)
2025-12-14 20:17:07,421	INFO autoscaler.py:463 -- The autoscaler took 0.002 seconds to complete the update iteration.
2025-12-14 20:17:12,428	INFO autoscaler.py:147 -- The autoscaler took 0.0 seconds to fetch the list of non-terminated nodes.
2025-12-14 20:17:12,428	INFO autoscaler.py:408 -- 
======== Autoscaler status: 2025-12-14 20:17:12.428563 ========
Node status
---------------------------------------------------------------
Active:
 1 node_8eac24cb3ee9bdcc7e93c46a476c65d4fbeaf419a4e7bed86dd854be
Pending:
 (no pending nodes)
Recent failures:
 (no failures)

Resources
---------------------------------------------------------------
Total Usage:
 5.0/8.0 CPU (5.0 used of 5.0 reserved in placement groups)
 0B/407.88MiB memory
 10.25MiB/174.81MiB object_store_memory

Total Constraints:
 (no request_resources() constraints)
Total Demands:
 (no resource demands)
2025-12-14 20:17:12,431	INFO autoscaler.py:463 -- The autoscaler took 0.003 seconds to complete the update iteration.
2025-12-14 20:17:17,433	INFO autoscaler.py:147 -- The autoscaler took 0.0 seconds to fetch the list of non-terminated nodes.
2025-12-14 20:17:17,437	INFO autoscaler.py:408 -- 
======== Autoscaler status: 2025-12-14 20:17:17.437064 ========
Node status
---------------------------------------------------------------
Active:
 1 node_8eac24cb3ee9bdcc7e93c46a476c65d4fbeaf419a4e7bed86dd854be
Pending:
 (no pending nodes)
Recent failures:
 (no failures)

Resources
---------------------------------------------------------------
Total Usage:
 5.0/8.0 CPU (5.0 used of 5.0 reserved in placement groups)
 0B/407.88MiB memory
 10.25MiB/174.81MiB object_store_memory

Total Constraints:
 (no request_resources() constraints)
Total Demands:
 (no resource demands)
2025-12-14 20:17:17,437	INFO autoscaler.py:463 -- The autoscaler took 0.003 seconds to complete the update iteration.
2025-12-14 20:17:22,440	INFO autoscaler.py:147 -- The autoscaler took 0.0 seconds to fetch the list of non-terminated nodes.
2025-12-14 20:17:22,440	INFO autoscaler.py:408 -- 
======== Autoscaler status: 2025-12-14 20:17:22.440001 ========
Node status
---------------------------------------------------------------
Active:
 1 node_8eac24cb3ee9bdcc7e93c46a476c65d4fbeaf419a4e7bed86dd854be
Pending:
 (no pending nodes)
Recent failures:
 (no failures)

Resources
---------------------------------------------------------------
Total Usage:
 5.0/8.0 CPU (5.0 used of 5.0 reserved in placement groups)
 0B/407.88MiB memory
 10.45MiB/174.81MiB object_store_memory

Total Constraints:
 (no request_resources() constraints)
Total Demands:
 (no resource demands)
2025-12-14 20:17:22,442	INFO autoscaler.py:463 -- The autoscaler took 0.003 seconds to complete the update iteration.
2025-12-14 20:17:27,446	INFO autoscaler.py:147 -- The autoscaler took 0.0 seconds to fetch the list of non-terminated nodes.
2025-12-14 20:17:27,446	INFO autoscaler.py:408 -- 
======== Autoscaler status: 2025-12-14 20:17:27.446738 ========
Node status
---------------------------------------------------------------
Active:
 1 node_8eac24cb3ee9bdcc7e93c46a476c65d4fbeaf419a4e7bed86dd854be
Pending:
 (no pending nodes)
Recent failures:
 (no failures)

Resources
---------------------------------------------------------------
Total Usage:
 5.0/8.0 CPU (5.0 used of 5.0 reserved in placement groups)
 0B/407.88MiB memory
 10.45MiB/174.81MiB object_store_memory

Total Constraints:
 (no request_resources() constraints)
Total Demands:
 (no resource demands)
2025-12-14 20:17:27,449	INFO autoscaler.py:463 -- The autoscaler took 0.003 seconds to complete the update iteration.
