[2025-12-14 20:08:34,800 I 2692 21080] core_worker_process.cc:739: Constructing CoreWorkerProcess. pid: 2692
[2025-12-14 20:08:34,804 I 2692 21080] io_service_pool.cc:37: IOServicePool is running with 1 io_service.
[2025-12-14 20:08:34,810 I 2692 21080] event.cc:493: Ray Event initialized for CORE_WORKER
[2025-12-14 20:08:34,811 I 2692 21080] event.cc:493: Ray Event initialized for EXPORT_TASK
[2025-12-14 20:08:34,811 I 2692 21080] event.cc:326: Set ray event level to warning
[2025-12-14 20:08:34,811 I 2692 21080] event_aggregator_client.h:50: Initiating the local event aggregator client with port: 64287
[2025-12-14 20:08:34,814 I 2692 21080] grpc_server.cc:141: worker server started, listening on port 54564.
[2025-12-14 20:08:34,816 I 2692 21080] core_worker_process.cc:269: Initializing worker at address: 127.0.0.1:54564 worker_id=2840c94498443809a02fd5a662b3a750f1784c0a952dad797ce5a7ad node_id=8eac24cb3ee9bdcc7e93c46a476c65d4fbeaf419a4e7bed86dd854be
[2025-12-14 20:08:34,818 I 2692 21080] task_event_buffer.cc:445: Reporting task events to GCS every 1000ms.
[2025-12-14 20:08:34,820 I 2692 15072] core_worker.cc:419: Event stats:


Global stats: 14 total (10 active)
Queueing time: mean = 2.500 us, max = 21.400 us, min = 13.600 us, total = 35.000 us
Execution time:  mean = 68.286 us, total = 956.000 us
Event stats:
	PeriodicalRunner.RunFnPeriodically - 7 total (5 active, 1 running), Execution time: mean = 12.143 us, total = 85.000 us, Queueing time: mean = 5.000 us, max = 21.400 us, min = 13.600 us, total = 35.000 us
	ray::rpc::WorkerInfoGcsService.grpc_client.AddWorkerInfo.OnReplyReceived - 1 total (1 active), Execution time: mean = 0.000 s, total = 0.000 s, Queueing time: mean = 0.000 s, max = -0.000 s, min = 9223372036.855 s, total = 0.000 s
	CoreWorker.ExitIfParentRayletDies - 1 total (1 active), Execution time: mean = 0.000 s, total = 0.000 s, Queueing time: mean = 0.000 s, max = -0.000 s, min = 9223372036.855 s, total = 0.000 s
	ray::rpc::InternalPubSubGcsService.grpc_client.GcsSubscriberCommandBatch.OnReplyReceived - 1 total (1 active), Execution time: mean = 0.000 s, total = 0.000 s, Queueing time: mean = 0.000 s, max = -0.000 s, min = 9223372036.855 s, total = 0.000 s
	Publisher.CheckDeadSubscribers - 1 total (1 active), Execution time: mean = 0.000 s, total = 0.000 s, Queueing time: mean = 0.000 s, max = -0.000 s, min = 9223372036.855 s, total = 0.000 s
	ray::rpc::InternalPubSubGcsService.grpc_client.GcsSubscriberCommandBatch - 1 total (0 active), Execution time: mean = 334.800 us, total = 334.800 us, Queueing time: mean = 0.000 s, max = -0.000 s, min = 9223372036.855 s, total = 0.000 s
	ray::rpc::WorkerInfoGcsService.grpc_client.AddWorkerInfo - 1 total (0 active), Execution time: mean = 536.200 us, total = 536.200 us, Queueing time: mean = 0.000 s, max = -0.000 s, min = 9223372036.855 s, total = 0.000 s
	ray::rpc::InternalPubSubGcsService.grpc_client.GcsSubscriberPoll - 1 total (1 active), Execution time: mean = 0.000 s, total = 0.000 s, Queueing time: mean = 0.000 s, max = -0.000 s, min = 9223372036.855 s, total = 0.000 s

-----------------
Task execution event stats:

Global stats: 0 total (0 active)
Queueing time: mean = -nan(ind) s, max = -0.000 s, min = 9223372036.855 s, total = 0.000 s
Execution time:  mean = -nan(ind) s, total = 0.000 s
Event stats:

-----------------
Task Event stats:

IO Service Stats:

Global stats: 4 total (1 active)
Queueing time: mean = 6.950 us, max = 17.100 us, min = 10.700 us, total = 27.800 us
Execution time:  mean = 265.750 us, total = 1.063 ms
Event stats:
	ray::rpc::TaskInfoGcsService.grpc_client.AddTaskEventData.OnReplyReceived - 1 total (0 active), Execution time: mean = 27.200 us, total = 27.200 us, Queueing time: mean = 10.700 us, max = 10.700 us, min = 10.700 us, total = 10.700 us
	PeriodicalRunner.RunFnPeriodically - 1 total (0 active), Execution time: mean = 377.900 us, total = 377.900 us, Queueing time: mean = 17.100 us, max = 17.100 us, min = 17.100 us, total = 17.100 us
	ray::rpc::TaskInfoGcsService.grpc_client.AddTaskEventData - 1 total (0 active), Execution time: mean = 657.900 us, total = 657.900 us, Queueing time: mean = 0.000 s, max = -0.000 s, min = 9223372036.855 s, total = 0.000 s
	CoreWorker.deadline_timer.flush_task_events - 1 total (1 active), Execution time: mean = 0.000 s, total = 0.000 s, Queueing time: mean = 0.000 s, max = -0.000 s, min = 9223372036.855 s, total = 0.000 s
Other Stats:
	gcs_grpc_in_progress:0
	event_aggregator_grpc_in_progress:0
	current number of task status events in buffer: 0
	current number of profile events in buffer: 0
	current number of dropped task attempts tracked: 0
	total task events sent: 0 MiB
	total number of task attempts sent: 0
	total number of task attempts dropped reported: 0
	total number of sent failure: 0
	num status task events dropped: 0
	num profile task events dropped: 0
	num ray task events reported to aggregator: 0
	num ray task events failed to report to aggregator: 0
	num of task attempts dropped reported to aggregator: 0
	num of failed requests to aggregator: 0

[2025-12-14 20:08:34,823 I 2692 15072] accessor.cc:743: Received notification for node, IsAlive = 1 node_id=8eac24cb3ee9bdcc7e93c46a476c65d4fbeaf419a4e7bed86dd854be
[2025-12-14 20:08:34,823 I 2692 15072] normal_task_submitter.cc:833: Number of alive nodes:1
[2025-12-14 20:08:34,824 I 2692 21080] actor_task_submitter.cc:73: Set actor max pending calls to -1 actor_id=8be7ba7d23f6573d136dd69301000000
[2025-12-14 20:08:34,824 I 2692 21080] core_worker.cc:2909: Creating actor actor_id=8be7ba7d23f6573d136dd69301000000
[2025-12-14 20:08:46,938 W 2692 9028] metric_exporter.cc:105: [1] Export metrics to agent failed: RpcError: RPC Error message: failed to connect to all addresses; last error: UNAVAILABLE: ipv4:127.0.0.1:64287: Connection refused; RPC Error details:  rpc_code: 14. This won't affect Ray, but you can lose metrics from the cluster.
[2025-12-14 20:08:47,389 I 2692 21080] task_receiver.cc:162: Actor creation task finished, task_id: ffffffffffffffff8be7ba7d23f6573d136dd69301000000, actor_id: 8be7ba7d23f6573d136dd69301000000, actor_repr_name: 
[2025-12-14 20:09:34,826 I 2692 15072] core_worker.cc:419: Event stats:


Global stats: 880 total (8 active)
Queueing time: mean = 6.269 ms, max = 23.616 ms, min = -0.001 s, total = 5.517 s
Execution time:  mean = 22.416 ms, total = 19.726 s
Event stats:
	CoreWorker.RecoverObjects - 556 total (1 active), Execution time: mean = 9.330 us, total = 5.187 ms, Queueing time: mean = 8.038 ms, max = 23.616 ms, min = -0.001 s, total = 4.469 s
	NodeManagerService.grpc_client.ReportWorkerBacklog - 60 total (0 active), Execution time: mean = 1.250 ms, total = 74.987 ms, Queueing time: mean = 0.000 s, max = -0.000 s, min = 9223372036.855 s, total = 0.000 s
	CoreWorker.InternalHeartbeat - 60 total (1 active), Execution time: mean = 284.750 us, total = 17.085 ms, Queueing time: mean = 7.513 ms, max = 19.278 ms, min = -0.000 s, total = 450.803 ms
	CoreWorker.ExitIfParentRayletDies - 60 total (1 active), Execution time: mean = 78.955 us, total = 4.737 ms, Queueing time: mean = 7.753 ms, max = 19.637 ms, min = -0.000 s, total = 465.196 ms
	NodeManagerService.grpc_client.ReportWorkerBacklog.OnReplyReceived - 60 total (0 active), Execution time: mean = 24.557 us, total = 1.473 ms, Queueing time: mean = 74.200 us, max = 920.400 us, min = 6.800 us, total = 4.452 ms
	CoreWorkerService.grpc_server.PushTask - 17 total (0 active), Execution time: mean = 1.153 s, total = 19.609 s, Queueing time: mean = 0.000 s, max = -0.000 s, min = 9223372036.855 s, total = 0.000 s
	CoreWorkerService.grpc_server.PushTask.HandleRequestImpl - 17 total (0 active), Execution time: mean = 89.559 us, total = 1.522 ms, Queueing time: mean = 64.482 us, max = 300.900 us, min = 9.300 us, total = 1.096 ms
	CoreWorker.RecordMetrics - 12 total (1 active), Execution time: mean = 281.233 us, total = 3.375 ms, Queueing time: mean = 6.075 ms, max = 15.334 ms, min = 1.679 ms, total = 72.898 ms
	PeriodicalRunner.RunFnPeriodically - 7 total (0 active), Execution time: mean = 358.171 us, total = 2.507 ms, Queueing time: mean = 907.929 us, max = 2.443 ms, min = 13.600 us, total = 6.356 ms
	CoreWorker.TryDelPendingObjectRefStreams - 6 total (1 active), Execution time: mean = 5.883 us, total = 35.300 us, Queueing time: mean = 6.935 ms, max = 15.044 ms, min = 2.738 ms, total = 41.610 ms
	NodeManagerService.grpc_client.PinObjectIDs - 4 total (0 active), Execution time: mean = 869.950 us, total = 3.480 ms, Queueing time: mean = 0.000 s, max = -0.000 s, min = 9223372036.855 s, total = 0.000 s
	CoreWorkerService.grpc_server.ActorCallArgWaitComplete - 4 total (0 active), Execution time: mean = 190.100 us, total = 760.400 us, Queueing time: mean = 0.000 s, max = -0.000 s, min = 9223372036.855 s, total = 0.000 s
	CoreWorkerService.grpc_server.ActorCallArgWaitComplete.HandleRequestImpl - 4 total (0 active), Execution time: mean = 38.050 us, total = 152.200 us, Queueing time: mean = 54.650 us, max = 105.600 us, min = 13.900 us, total = 218.600 us
	NodeManagerService.grpc_client.PinObjectIDs.OnReplyReceived - 4 total (0 active), Execution time: mean = 117.075 us, total = 468.300 us, Queueing time: mean = 35.400 us, max = 73.600 us, min = 12.200 us, total = 141.600 us
	ray::rpc::WorkerInfoGcsService.grpc_client.AddWorkerInfo.OnReplyReceived - 1 total (0 active), Execution time: mean = 41.600 us, total = 41.600 us, Queueing time: mean = 2.446 ms, max = 2.446 ms, min = 2.446 ms, total = 2.446 ms
	ray::rpc::WorkerInfoGcsService.grpc_client.AddWorkerInfo - 1 total (0 active), Execution time: mean = 536.200 us, total = 536.200 us, Queueing time: mean = 0.000 s, max = -0.000 s, min = 9223372036.855 s, total = 0.000 s
	Publisher.CheckDeadSubscribers - 1 total (1 active), Execution time: mean = 0.000 s, total = 0.000 s, Queueing time: mean = 0.000 s, max = -0.000 s, min = 9223372036.855 s, total = 0.000 s
	CoreWorker.PrintEventStats - 1 total (1 active, 1 running), Execution time: mean = 0.000 s, total = 0.000 s, Queueing time: mean = 0.000 s, max = -0.000 s, min = 9223372036.855 s, total = 0.000 s
	ray::rpc::InternalPubSubGcsService.grpc_client.GcsSubscriberCommandBatch - 1 total (0 active), Execution time: mean = 334.800 us, total = 334.800 us, Queueing time: mean = 0.000 s, max = -0.000 s, min = 9223372036.855 s, total = 0.000 s
	ray::rpc::NodeInfoGcsService.grpc_client.GetAllNodeInfo.OnReplyReceived - 1 total (0 active), Execution time: mean = 149.100 us, total = 149.100 us, Queueing time: mean = 7.000 us, max = 7.000 us, min = 7.000 us, total = 7.000 us
	ray::rpc::InternalPubSubGcsService.grpc_client.GcsSubscriberPoll - 1 total (1 active), Execution time: mean = 0.000 s, total = 0.000 s, Queueing time: mean = 0.000 s, max = -0.000 s, min = 9223372036.855 s, total = 0.000 s
	ray::rpc::InternalPubSubGcsService.grpc_client.GcsSubscriberCommandBatch.OnReplyReceived - 1 total (0 active), Execution time: mean = 269.300 us, total = 269.300 us, Queueing time: mean = 2.464 ms, max = 2.464 ms, min = 2.464 ms, total = 2.464 ms
	ray::rpc::NodeInfoGcsService.grpc_client.GetAllNodeInfo - 1 total (0 active), Execution time: mean = 649.700 us, total = 649.700 us, Queueing time: mean = 0.000 s, max = -0.000 s, min = 9223372036.855 s, total = 0.000 s

-----------------
Task execution event stats:

Global stats: 2479 total (1 active)
Queueing time: mean = 14.282 ms, max = 12.560 s, min = -0.002 s, total = 35.404 s
Execution time:  mean = 7.927 ms, total = 19.652 s
Event stats:
	CoreWorker.CheckSignal - 2457 total (1 active), Execution time: mean = 22.523 us, total = 55.339 ms, Queueing time: mean = 14.409 ms, max = 12.560 s, min = -0.002 s, total = 35.404 s
	CoreWorker.HandlePushTaskActor - 16 total (0 active), Execution time: mean = 438.288 ms, total = 7.013 s, Queueing time: mean = 32.350 us, max = 275.600 us, min = 5.800 us, total = 517.600 us
	CoreWorker.ArgWaitComplete - 4 total (0 active), Execution time: mean = 4.111 ms, total = 16.444 ms, Queueing time: mean = 30.075 us, max = 62.600 us, min = 15.600 us, total = 120.300 us
	CoreWorker.HandlePushTask - 1 total (0 active), Execution time: mean = 12.568 s, total = 12.568 s, Queueing time: mean = 7.400 us, max = 7.400 us, min = 7.400 us, total = 7.400 us
	PeriodicalRunner.RunFnPeriodically - 1 total (0 active), Execution time: mean = 29.900 us, total = 29.900 us, Queueing time: mean = 4.800 us, max = 4.800 us, min = 4.800 us, total = 4.800 us

-----------------
Task Event stats:

IO Service Stats:

Global stats: 181 total (1 active)
Queueing time: mean = 2.499 ms, max = 19.418 ms, min = -0.000 s, total = 452.348 ms
Execution time:  mean = 558.575 us, total = 101.102 ms
Event stats:
	ray::rpc::TaskInfoGcsService.grpc_client.AddTaskEventData.OnReplyReceived - 60 total (0 active), Execution time: mean = 35.477 us, total = 2.129 ms, Queueing time: mean = 42.123 us, max = 561.700 us, min = 8.800 us, total = 2.527 ms
	ray::rpc::TaskInfoGcsService.grpc_client.AddTaskEventData - 60 total (0 active), Execution time: mean = 1.268 ms, total = 76.066 ms, Queueing time: mean = 0.000 s, max = -0.000 s, min = 9223372036.855 s, total = 0.000 s
	CoreWorker.deadline_timer.flush_task_events - 60 total (1 active), Execution time: mean = 375.487 us, total = 22.529 ms, Queueing time: mean = 7.497 ms, max = 19.418 ms, min = -0.000 s, total = 449.803 ms
	PeriodicalRunner.RunFnPeriodically - 1 total (0 active), Execution time: mean = 377.900 us, total = 377.900 us, Queueing time: mean = 17.100 us, max = 17.100 us, min = 17.100 us, total = 17.100 us
Other Stats:
	gcs_grpc_in_progress:0
	event_aggregator_grpc_in_progress:0
	current number of task status events in buffer: 0
	current number of profile events in buffer: 0
	current number of dropped task attempts tracked: 0
	total task events sent: 0.00701046 MiB
	total number of task attempts sent: 23
	total number of task attempts dropped reported: 0
	total number of sent failure: 0
	num status task events dropped: 0
	num profile task events dropped: 0
	num ray task events reported to aggregator: 0
	num ray task events failed to report to aggregator: 0
	num of task attempts dropped reported to aggregator: 0
	num of failed requests to aggregator: 0

[2025-12-14 20:10:34,839 I 2692 15072] core_worker.cc:419: Event stats:


Global stats: 1758 total (8 active)
Queueing time: mean = 6.748 ms, max = 23.616 ms, min = -0.001 s, total = 11.862 s
Execution time:  mean = 16.815 ms, total = 29.561 s
Event stats:
	CoreWorker.RecoverObjects - 1103 total (1 active), Execution time: mean = 8.609 us, total = 9.495 ms, Queueing time: mean = 8.881 ms, max = 23.616 ms, min = -0.001 s, total = 9.796 s
	NodeManagerService.grpc_client.ReportWorkerBacklog - 120 total (0 active), Execution time: mean = 1.058 ms, total = 126.904 ms, Queueing time: mean = 0.000 s, max = -0.000 s, min = 9223372036.855 s, total = 0.000 s
	CoreWorker.InternalHeartbeat - 120 total (1 active), Execution time: mean = 289.075 us, total = 34.689 ms, Queueing time: mean = 7.515 ms, max = 23.158 ms, min = -0.000 s, total = 901.766 ms
	CoreWorker.ExitIfParentRayletDies - 120 total (1 active), Execution time: mean = 75.973 us, total = 9.117 ms, Queueing time: mean = 7.350 ms, max = 19.637 ms, min = -0.000 s, total = 882.010 ms
	NodeManagerService.grpc_client.ReportWorkerBacklog.OnReplyReceived - 120 total (0 active), Execution time: mean = 27.414 us, total = 3.290 ms, Queueing time: mean = 66.274 us, max = 920.400 us, min = 6.800 us, total = 7.953 ms
	CoreWorkerService.grpc_server.PushTask - 41 total (0 active), Execution time: mean = 715.869 ms, total = 29.351 s, Queueing time: mean = 0.000 s, max = -0.000 s, min = 9223372036.855 s, total = 0.000 s
	CoreWorkerService.grpc_server.PushTask.HandleRequestImpl - 41 total (0 active), Execution time: mean = 70.254 us, total = 2.880 ms, Queueing time: mean = 72.890 us, max = 1.233 ms, min = 7.000 us, total = 2.989 ms
	CoreWorker.RecordMetrics - 24 total (1 active), Execution time: mean = 222.225 us, total = 5.333 ms, Queueing time: mean = 6.976 ms, max = 15.334 ms, min = 1.679 ms, total = 167.424 ms
	CoreWorker.TryDelPendingObjectRefStreams - 12 total (1 active), Execution time: mean = 5.700 us, total = 68.400 us, Queueing time: mean = 7.336 ms, max = 15.044 ms, min = 2.738 ms, total = 88.030 ms
	NodeManagerService.grpc_client.PinObjectIDs - 10 total (0 active), Execution time: mean = 839.930 us, total = 8.399 ms, Queueing time: mean = 0.000 s, max = -0.000 s, min = 9223372036.855 s, total = 0.000 s
	CoreWorkerService.grpc_server.ActorCallArgWaitComplete - 10 total (0 active), Execution time: mean = 243.240 us, total = 2.432 ms, Queueing time: mean = 0.000 s, max = -0.000 s, min = 9223372036.855 s, total = 0.000 s
	CoreWorkerService.grpc_server.ActorCallArgWaitComplete.HandleRequestImpl - 10 total (0 active), Execution time: mean = 120.630 us, total = 1.206 ms, Queueing time: mean = 79.290 us, max = 324.100 us, min = 13.900 us, total = 792.900 us
	NodeManagerService.grpc_client.PinObjectIDs.OnReplyReceived - 10 total (0 active), Execution time: mean = 120.190 us, total = 1.202 ms, Queueing time: mean = 31.490 us, max = 116.000 us, min = 9.000 us, total = 314.900 us
	PeriodicalRunner.RunFnPeriodically - 7 total (0 active), Execution time: mean = 358.171 us, total = 2.507 ms, Queueing time: mean = 907.929 us, max = 2.443 ms, min = 13.600 us, total = 6.356 ms
	CoreWorker.PrintEventStats - 2 total (1 active, 1 running), Execution time: mean = 647.400 us, total = 1.295 ms, Queueing time: mean = 2.106 ms, max = 4.211 ms, min = 4.211 ms, total = 4.211 ms
	ray::rpc::WorkerInfoGcsService.grpc_client.AddWorkerInfo.OnReplyReceived - 1 total (0 active), Execution time: mean = 41.600 us, total = 41.600 us, Queueing time: mean = 2.446 ms, max = 2.446 ms, min = 2.446 ms, total = 2.446 ms
	ray::rpc::WorkerInfoGcsService.grpc_client.AddWorkerInfo - 1 total (0 active), Execution time: mean = 536.200 us, total = 536.200 us, Queueing time: mean = 0.000 s, max = -0.000 s, min = 9223372036.855 s, total = 0.000 s
	Publisher.CheckDeadSubscribers - 1 total (1 active), Execution time: mean = 0.000 s, total = 0.000 s, Queueing time: mean = 0.000 s, max = -0.000 s, min = 9223372036.855 s, total = 0.000 s
	ray::rpc::InternalPubSubGcsService.grpc_client.GcsSubscriberCommandBatch - 1 total (0 active), Execution time: mean = 334.800 us, total = 334.800 us, Queueing time: mean = 0.000 s, max = -0.000 s, min = 9223372036.855 s, total = 0.000 s
	ray::rpc::NodeInfoGcsService.grpc_client.GetAllNodeInfo.OnReplyReceived - 1 total (0 active), Execution time: mean = 149.100 us, total = 149.100 us, Queueing time: mean = 7.000 us, max = 7.000 us, min = 7.000 us, total = 7.000 us
	ray::rpc::InternalPubSubGcsService.grpc_client.GcsSubscriberPoll - 1 total (1 active), Execution time: mean = 0.000 s, total = 0.000 s, Queueing time: mean = 0.000 s, max = -0.000 s, min = 9223372036.855 s, total = 0.000 s
	ray::rpc::InternalPubSubGcsService.grpc_client.GcsSubscriberCommandBatch.OnReplyReceived - 1 total (0 active), Execution time: mean = 269.300 us, total = 269.300 us, Queueing time: mean = 2.464 ms, max = 2.464 ms, min = 2.464 ms, total = 2.464 ms
	ray::rpc::NodeInfoGcsService.grpc_client.GetAllNodeInfo - 1 total (0 active), Execution time: mean = 649.700 us, total = 649.700 us, Queueing time: mean = 0.000 s, max = -0.000 s, min = 9223372036.855 s, total = 0.000 s

-----------------
Task execution event stats:

Global stats: 5616 total (1 active)
Queueing time: mean = 11.450 ms, max = 12.560 s, min = -0.002 s, total = 64.301 s
Execution time:  mean = 5.244 ms, total = 29.448 s
Event stats:
	CoreWorker.CheckSignal - 5564 total (1 active), Execution time: mean = 21.598 us, total = 120.172 ms, Queueing time: mean = 11.556 ms, max = 12.560 s, min = -0.002 s, total = 64.299 s
	CoreWorker.HandlePushTaskActor - 40 total (0 active), Execution time: mean = 418.159 ms, total = 16.726 s, Queueing time: mean = 35.977 us, max = 576.300 us, min = 5.300 us, total = 1.439 ms
	CoreWorker.ArgWaitComplete - 10 total (0 active), Execution time: mean = 3.386 ms, total = 33.864 ms, Queueing time: mean = 88.420 us, max = 416.000 us, min = 11.700 us, total = 884.200 us
	CoreWorker.HandlePushTask - 1 total (0 active), Execution time: mean = 12.568 s, total = 12.568 s, Queueing time: mean = 7.400 us, max = 7.400 us, min = 7.400 us, total = 7.400 us
	PeriodicalRunner.RunFnPeriodically - 1 total (0 active), Execution time: mean = 29.900 us, total = 29.900 us, Queueing time: mean = 4.800 us, max = 4.800 us, min = 4.800 us, total = 4.800 us

-----------------
Task Event stats:

IO Service Stats:

Global stats: 361 total (1 active)
Queueing time: mean = 2.374 ms, max = 19.418 ms, min = -0.000 s, total = 856.849 ms
Execution time:  mean = 477.031 us, total = 172.208 ms
Event stats:
	ray::rpc::TaskInfoGcsService.grpc_client.AddTaskEventData.OnReplyReceived - 120 total (0 active), Execution time: mean = 35.718 us, total = 4.286 ms, Queueing time: mean = 36.579 us, max = 561.700 us, min = 7.700 us, total = 4.389 ms
	ray::rpc::TaskInfoGcsService.grpc_client.AddTaskEventData - 120 total (0 active), Execution time: mean = 1.055 ms, total = 126.604 ms, Queueing time: mean = 0.000 s, max = -0.000 s, min = 9223372036.855 s, total = 0.000 s
	CoreWorker.deadline_timer.flush_task_events - 120 total (1 active), Execution time: mean = 341.168 us, total = 40.940 ms, Queueing time: mean = 7.104 ms, max = 19.418 ms, min = -0.000 s, total = 852.443 ms
	PeriodicalRunner.RunFnPeriodically - 1 total (0 active), Execution time: mean = 377.900 us, total = 377.900 us, Queueing time: mean = 17.100 us, max = 17.100 us, min = 17.100 us, total = 17.100 us
Other Stats:
	gcs_grpc_in_progress:0
	event_aggregator_grpc_in_progress:0
	current number of task status events in buffer: 0
	current number of profile events in buffer: 0
	current number of dropped task attempts tracked: 0
	total task events sent: 0.0168066 MiB
	total number of task attempts sent: 53
	total number of task attempts dropped reported: 0
	total number of sent failure: 0
	num status task events dropped: 0
	num profile task events dropped: 0
	num ray task events reported to aggregator: 0
	num ray task events failed to report to aggregator: 0
	num of task attempts dropped reported to aggregator: 0
	num of failed requests to aggregator: 0

[2025-12-14 20:11:34,840 I 2692 15072] core_worker.cc:419: Event stats:


Global stats: 2621 total (8 active)
Queueing time: mean = 6.871 ms, max = 23.616 ms, min = -0.001 s, total = 18.010 s
Execution time:  mean = 14.472 ms, total = 37.931 s
Event stats:
	CoreWorker.RecoverObjects - 1651 total (1 active), Execution time: mean = 8.364 us, total = 13.810 ms, Queueing time: mean = 9.092 ms, max = 23.616 ms, min = -0.001 s, total = 15.010 s
	NodeManagerService.grpc_client.ReportWorkerBacklog - 179 total (0 active), Execution time: mean = 989.622 us, total = 177.142 ms, Queueing time: mean = 0.000 s, max = -0.000 s, min = 9223372036.855 s, total = 0.000 s
	CoreWorker.InternalHeartbeat - 179 total (1 active), Execution time: mean = 291.876 us, total = 52.246 ms, Queueing time: mean = 7.411 ms, max = 23.158 ms, min = -0.000 s, total = 1.327 s
	CoreWorker.ExitIfParentRayletDies - 179 total (1 active), Execution time: mean = 78.401 us, total = 14.034 ms, Queueing time: mean = 7.014 ms, max = 19.637 ms, min = -0.000 s, total = 1.256 s
	NodeManagerService.grpc_client.ReportWorkerBacklog.OnReplyReceived - 179 total (0 active), Execution time: mean = 27.225 us, total = 4.873 ms, Queueing time: mean = 52.750 us, max = 920.400 us, min = 6.600 us, total = 9.442 ms
	CoreWorkerService.grpc_server.PushTask - 61 total (0 active), Execution time: mean = 616.878 ms, total = 37.630 s, Queueing time: mean = 0.000 s, max = -0.000 s, min = 9223372036.855 s, total = 0.000 s
	CoreWorkerService.grpc_server.PushTask.HandleRequestImpl - 61 total (0 active), Execution time: mean = 71.536 us, total = 4.364 ms, Queueing time: mean = 72.180 us, max = 1.233 ms, min = 7.000 us, total = 4.403 ms
	CoreWorker.RecordMetrics - 36 total (1 active), Execution time: mean = 200.311 us, total = 7.211 ms, Queueing time: mean = 6.780 ms, max = 15.334 ms, min = 1.071 ms, total = 244.066 ms
	CoreWorker.TryDelPendingObjectRefStreams - 18 total (1 active), Execution time: mean = 6.122 us, total = 110.200 us, Queueing time: mean = 7.261 ms, max = 15.044 ms, min = 2.153 ms, total = 130.699 ms
	NodeManagerService.grpc_client.PinObjectIDs - 15 total (0 active), Execution time: mean = 839.547 us, total = 12.593 ms, Queueing time: mean = 0.000 s, max = -0.000 s, min = 9223372036.855 s, total = 0.000 s
	CoreWorkerService.grpc_server.ActorCallArgWaitComplete - 15 total (0 active), Execution time: mean = 284.880 us, total = 4.273 ms, Queueing time: mean = 0.000 s, max = -0.000 s, min = 9223372036.855 s, total = 0.000 s
	CoreWorkerService.grpc_server.ActorCallArgWaitComplete.HandleRequestImpl - 15 total (0 active), Execution time: mean = 116.993 us, total = 1.755 ms, Queueing time: mean = 75.413 us, max = 324.100 us, min = 13.800 us, total = 1.131 ms
	NodeManagerService.grpc_client.PinObjectIDs.OnReplyReceived - 15 total (0 active), Execution time: mean = 119.940 us, total = 1.799 ms, Queueing time: mean = 25.440 us, max = 116.000 us, min = 9.000 us, total = 381.600 us
	PeriodicalRunner.RunFnPeriodically - 7 total (0 active), Execution time: mean = 358.171 us, total = 2.507 ms, Queueing time: mean = 907.929 us, max = 2.443 ms, min = 13.600 us, total = 6.356 ms
	CoreWorker.PrintEventStats - 3 total (1 active, 1 running), Execution time: mean = 819.467 us, total = 2.458 ms, Queueing time: mean = 5.401 ms, max = 11.992 ms, min = 4.211 ms, total = 16.203 ms
	ray::rpc::WorkerInfoGcsService.grpc_client.AddWorkerInfo.OnReplyReceived - 1 total (0 active), Execution time: mean = 41.600 us, total = 41.600 us, Queueing time: mean = 2.446 ms, max = 2.446 ms, min = 2.446 ms, total = 2.446 ms
	ray::rpc::WorkerInfoGcsService.grpc_client.AddWorkerInfo - 1 total (0 active), Execution time: mean = 536.200 us, total = 536.200 us, Queueing time: mean = 0.000 s, max = -0.000 s, min = 9223372036.855 s, total = 0.000 s
	Publisher.CheckDeadSubscribers - 1 total (1 active), Execution time: mean = 0.000 s, total = 0.000 s, Queueing time: mean = 0.000 s, max = -0.000 s, min = 9223372036.855 s, total = 0.000 s
	ray::rpc::InternalPubSubGcsService.grpc_client.GcsSubscriberCommandBatch - 1 total (0 active), Execution time: mean = 334.800 us, total = 334.800 us, Queueing time: mean = 0.000 s, max = -0.000 s, min = 9223372036.855 s, total = 0.000 s
	ray::rpc::NodeInfoGcsService.grpc_client.GetAllNodeInfo.OnReplyReceived - 1 total (0 active), Execution time: mean = 149.100 us, total = 149.100 us, Queueing time: mean = 7.000 us, max = 7.000 us, min = 7.000 us, total = 7.000 us
	ray::rpc::InternalPubSubGcsService.grpc_client.GcsSubscriberPoll - 1 total (1 active), Execution time: mean = 0.000 s, total = 0.000 s, Queueing time: mean = 0.000 s, max = -0.000 s, min = 9223372036.855 s, total = 0.000 s
	ray::rpc::InternalPubSubGcsService.grpc_client.GcsSubscriberCommandBatch.OnReplyReceived - 1 total (0 active), Execution time: mean = 269.300 us, total = 269.300 us, Queueing time: mean = 2.464 ms, max = 2.464 ms, min = 2.464 ms, total = 2.464 ms
	ray::rpc::NodeInfoGcsService.grpc_client.GetAllNodeInfo - 1 total (0 active), Execution time: mean = 649.700 us, total = 649.700 us, Queueing time: mean = 0.000 s, max = -0.000 s, min = 9223372036.855 s, total = 0.000 s

-----------------
Task execution event stats:

Global stats: 8848 total (1 active)
Queueing time: mean = 10.419 ms, max = 12.560 s, min = -0.002 s, total = 92.185 s
Execution time:  mean = 4.270 ms, total = 37.783 s
Event stats:
	CoreWorker.CheckSignal - 8771 total (1 active), Execution time: mean = 21.458 us, total = 188.208 ms, Queueing time: mean = 10.510 ms, max = 12.560 s, min = -0.002 s, total = 92.181 s
	CoreWorker.HandlePushTaskActor - 60 total (0 active), Execution time: mean = 416.284 ms, total = 24.977 s, Queueing time: mean = 32.143 us, max = 576.300 us, min = 5.000 us, total = 1.929 ms
	CoreWorker.ArgWaitComplete - 15 total (0 active), Execution time: mean = 3.333 ms, total = 49.990 ms, Queueing time: mean = 150.460 us, max = 824.300 us, min = 11.200 us, total = 2.257 ms
	CoreWorker.HandlePushTask - 1 total (0 active), Execution time: mean = 12.568 s, total = 12.568 s, Queueing time: mean = 7.400 us, max = 7.400 us, min = 7.400 us, total = 7.400 us
	PeriodicalRunner.RunFnPeriodically - 1 total (0 active), Execution time: mean = 29.900 us, total = 29.900 us, Queueing time: mean = 4.800 us, max = 4.800 us, min = 4.800 us, total = 4.800 us

-----------------
Task Event stats:

IO Service Stats:

Global stats: 538 total (1 active)
Queueing time: mean = 2.264 ms, max = 19.418 ms, min = -0.000 s, total = 1.218 s
Execution time:  mean = 465.694 us, total = 250.543 ms
Event stats:
	ray::rpc::TaskInfoGcsService.grpc_client.AddTaskEventData.OnReplyReceived - 179 total (0 active), Execution time: mean = 35.091 us, total = 6.281 ms, Queueing time: mean = 33.020 us, max = 561.700 us, min = 6.800 us, total = 5.911 ms
	ray::rpc::TaskInfoGcsService.grpc_client.AddTaskEventData - 179 total (0 active), Execution time: mean = 1.025 ms, total = 183.426 ms, Queueing time: mean = 0.000 s, max = -0.000 s, min = 9223372036.855 s, total = 0.000 s
	CoreWorker.deadline_timer.flush_task_events - 179 total (1 active), Execution time: mean = 337.757 us, total = 60.459 ms, Queueing time: mean = 6.771 ms, max = 19.418 ms, min = -0.000 s, total = 1.212 s
	PeriodicalRunner.RunFnPeriodically - 1 total (0 active), Execution time: mean = 377.900 us, total = 377.900 us, Queueing time: mean = 17.100 us, max = 17.100 us, min = 17.100 us, total = 17.100 us
Other Stats:
	gcs_grpc_in_progress:0
	event_aggregator_grpc_in_progress:0
	current number of task status events in buffer: 0
	current number of profile events in buffer: 0
	current number of dropped task attempts tracked: 0
	total task events sent: 0.0250511 MiB
	total number of task attempts sent: 79
	total number of task attempts dropped reported: 0
	total number of sent failure: 0
	num status task events dropped: 0
	num profile task events dropped: 0
	num ray task events reported to aggregator: 0
	num ray task events failed to report to aggregator: 0
	num of task attempts dropped reported to aggregator: 0
	num of failed requests to aggregator: 0

[2025-12-14 20:12:34,845 I 2692 15072] core_worker.cc:419: Event stats:


Global stats: 3498 total (8 active)
Queueing time: mean = 6.973 ms, max = 23.744 ms, min = -0.002 s, total = 24.391 s
Execution time:  mean = 13.789 ms, total = 48.232 s
Event stats:
	CoreWorker.RecoverObjects - 2197 total (1 active), Execution time: mean = 8.222 us, total = 18.064 ms, Queueing time: mean = 9.277 ms, max = 23.744 ms, min = -0.002 s, total = 20.381 s
	NodeManagerService.grpc_client.ReportWorkerBacklog - 239 total (0 active), Execution time: mean = 921.086 us, total = 220.140 ms, Queueing time: mean = 0.000 s, max = -0.000 s, min = 9223372036.855 s, total = 0.000 s
	CoreWorker.InternalHeartbeat - 239 total (1 active), Execution time: mean = 284.597 us, total = 68.019 ms, Queueing time: mean = 7.411 ms, max = 23.158 ms, min = -0.001 s, total = 1.771 s
	CoreWorker.ExitIfParentRayletDies - 239 total (1 active), Execution time: mean = 75.599 us, total = 18.068 ms, Queueing time: mean = 7.101 ms, max = 19.637 ms, min = -0.000 s, total = 1.697 s
	NodeManagerService.grpc_client.ReportWorkerBacklog.OnReplyReceived - 239 total (0 active), Execution time: mean = 25.636 us, total = 6.127 ms, Queueing time: mean = 48.449 us, max = 920.400 us, min = 6.600 us, total = 11.579 ms
	CoreWorkerService.grpc_server.PushTask - 85 total (0 active), Execution time: mean = 562.872 ms, total = 47.844 s, Queueing time: mean = 0.000 s, max = -0.000 s, min = 9223372036.855 s, total = 0.000 s
	CoreWorkerService.grpc_server.PushTask.HandleRequestImpl - 85 total (0 active), Execution time: mean = 97.351 us, total = 8.275 ms, Queueing time: mean = 66.668 us, max = 1.233 ms, min = 7.000 us, total = 5.667 ms
	CoreWorker.RecordMetrics - 48 total (1 active), Execution time: mean = 192.467 us, total = 9.238 ms, Queueing time: mean = 6.839 ms, max = 15.334 ms, min = 1.071 ms, total = 328.284 ms
	CoreWorker.TryDelPendingObjectRefStreams - 24 total (1 active), Execution time: mean = 6.142 us, total = 147.400 us, Queueing time: mean = 6.889 ms, max = 15.044 ms, min = 2.153 ms, total = 165.332 ms
	NodeManagerService.grpc_client.PinObjectIDs - 21 total (0 active), Execution time: mean = 859.795 us, total = 18.056 ms, Queueing time: mean = 0.000 s, max = -0.000 s, min = 9223372036.855 s, total = 0.000 s
	CoreWorkerService.grpc_server.ActorCallArgWaitComplete - 21 total (0 active), Execution time: mean = 449.890 us, total = 9.448 ms, Queueing time: mean = 0.000 s, max = -0.000 s, min = 9223372036.855 s, total = 0.000 s
	CoreWorkerService.grpc_server.ActorCallArgWaitComplete.HandleRequestImpl - 21 total (0 active), Execution time: mean = 119.967 us, total = 2.519 ms, Queueing time: mean = 104.176 us, max = 419.700 us, min = 13.800 us, total = 2.188 ms
	NodeManagerService.grpc_client.PinObjectIDs.OnReplyReceived - 21 total (0 active), Execution time: mean = 118.943 us, total = 2.498 ms, Queueing time: mean = 23.429 us, max = 116.000 us, min = 9.000 us, total = 492.000 us
	PeriodicalRunner.RunFnPeriodically - 7 total (0 active), Execution time: mean = 358.171 us, total = 2.507 ms, Queueing time: mean = 907.929 us, max = 2.443 ms, min = 13.600 us, total = 6.356 ms
	CoreWorker.PrintEventStats - 4 total (1 active, 1 running), Execution time: mean = 769.725 us, total = 3.079 ms, Queueing time: mean = 4.106 ms, max = 11.992 ms, min = 219.400 us, total = 16.423 ms
	ray::rpc::WorkerInfoGcsService.grpc_client.AddWorkerInfo.OnReplyReceived - 1 total (0 active), Execution time: mean = 41.600 us, total = 41.600 us, Queueing time: mean = 2.446 ms, max = 2.446 ms, min = 2.446 ms, total = 2.446 ms
	ray::rpc::WorkerInfoGcsService.grpc_client.AddWorkerInfo - 1 total (0 active), Execution time: mean = 536.200 us, total = 536.200 us, Queueing time: mean = 0.000 s, max = -0.000 s, min = 9223372036.855 s, total = 0.000 s
	Publisher.CheckDeadSubscribers - 1 total (1 active), Execution time: mean = 0.000 s, total = 0.000 s, Queueing time: mean = 0.000 s, max = -0.000 s, min = 9223372036.855 s, total = 0.000 s
	ray::rpc::InternalPubSubGcsService.grpc_client.GcsSubscriberCommandBatch - 1 total (0 active), Execution time: mean = 334.800 us, total = 334.800 us, Queueing time: mean = 0.000 s, max = -0.000 s, min = 9223372036.855 s, total = 0.000 s
	ray::rpc::NodeInfoGcsService.grpc_client.GetAllNodeInfo.OnReplyReceived - 1 total (0 active), Execution time: mean = 149.100 us, total = 149.100 us, Queueing time: mean = 7.000 us, max = 7.000 us, min = 7.000 us, total = 7.000 us
	ray::rpc::InternalPubSubGcsService.grpc_client.GcsSubscriberPoll - 1 total (1 active), Execution time: mean = 0.000 s, total = 0.000 s, Queueing time: mean = 0.000 s, max = -0.000 s, min = 9223372036.855 s, total = 0.000 s
	ray::rpc::InternalPubSubGcsService.grpc_client.GcsSubscriberCommandBatch.OnReplyReceived - 1 total (0 active), Execution time: mean = 269.300 us, total = 269.300 us, Queueing time: mean = 2.464 ms, max = 2.464 ms, min = 2.464 ms, total = 2.464 ms
	ray::rpc::NodeInfoGcsService.grpc_client.GetAllNodeInfo - 1 total (0 active), Execution time: mean = 649.700 us, total = 649.700 us, Queueing time: mean = 0.000 s, max = -0.000 s, min = 9223372036.855 s, total = 0.000 s

-----------------
Task execution event stats:

Global stats: 11973 total (1 active)
Queueing time: mean = 10.122 ms, max = 12.560 s, min = -0.002 s, total = 121.195 s
Execution time:  mean = 4.012 ms, total = 48.032 s
Event stats:
	CoreWorker.CheckSignal - 11866 total (1 active), Execution time: mean = 21.056 us, total = 249.846 ms, Queueing time: mean = 10.213 ms, max = 12.560 s, min = -0.002 s, total = 121.189 s
	CoreWorker.HandlePushTaskActor - 84 total (0 active), Execution time: mean = 418.366 ms, total = 35.143 s, Queueing time: mean = 32.390 us, max = 576.300 us, min = 5.000 us, total = 2.721 ms
	CoreWorker.ArgWaitComplete - 21 total (0 active), Execution time: mean = 3.403 ms, total = 71.460 ms, Queueing time: mean = 178.276 us, max = 824.300 us, min = 8.100 us, total = 3.744 ms
	CoreWorker.HandlePushTask - 1 total (0 active), Execution time: mean = 12.568 s, total = 12.568 s, Queueing time: mean = 7.400 us, max = 7.400 us, min = 7.400 us, total = 7.400 us
	PeriodicalRunner.RunFnPeriodically - 1 total (0 active), Execution time: mean = 29.900 us, total = 29.900 us, Queueing time: mean = 4.800 us, max = 4.800 us, min = 4.800 us, total = 4.800 us

-----------------
Task Event stats:

IO Service Stats:

Global stats: 718 total (1 active)
Queueing time: mean = 2.296 ms, max = 19.418 ms, min = -0.000 s, total = 1.648 s
Execution time:  mean = 476.126 us, total = 341.858 ms
Event stats:
	ray::rpc::TaskInfoGcsService.grpc_client.AddTaskEventData.OnReplyReceived - 239 total (0 active), Execution time: mean = 33.715 us, total = 8.058 ms, Queueing time: mean = 30.900 us, max = 561.700 us, min = 6.800 us, total = 7.385 ms
	ray::rpc::TaskInfoGcsService.grpc_client.AddTaskEventData - 239 total (0 active), Execution time: mean = 1.073 ms, total = 256.492 ms, Queueing time: mean = 0.000 s, max = -0.000 s, min = 9223372036.855 s, total = 0.000 s
	CoreWorker.deadline_timer.flush_task_events - 239 total (1 active), Execution time: mean = 321.885 us, total = 76.930 ms, Queueing time: mean = 6.865 ms, max = 19.418 ms, min = -0.000 s, total = 1.641 s
	PeriodicalRunner.RunFnPeriodically - 1 total (0 active), Execution time: mean = 377.900 us, total = 377.900 us, Queueing time: mean = 17.100 us, max = 17.100 us, min = 17.100 us, total = 17.100 us
Other Stats:
	gcs_grpc_in_progress:0
	event_aggregator_grpc_in_progress:0
	current number of task status events in buffer: 0
	current number of profile events in buffer: 0
	current number of dropped task attempts tracked: 0
	total task events sent: 0.0348473 MiB
	total number of task attempts sent: 109
	total number of task attempts dropped reported: 0
	total number of sent failure: 0
	num status task events dropped: 0
	num profile task events dropped: 0
	num ray task events reported to aggregator: 0
	num ray task events failed to report to aggregator: 0
	num of task attempts dropped reported to aggregator: 0
	num of failed requests to aggregator: 0

[2025-12-14 20:13:34,861 I 2692 15072] core_worker.cc:419: Event stats:


Global stats: 4381 total (9 active)
Queueing time: mean = 7.028 ms, max = 47.584 ms, min = -0.002 s, total = 30.790 s
Execution time:  mean = 13.297 ms, total = 58.254 s
Event stats:
	CoreWorker.RecoverObjects - 2742 total (1 active), Execution time: mean = 8.044 us, total = 22.056 ms, Queueing time: mean = 9.421 ms, max = 47.584 ms, min = -0.002 s, total = 25.831 s
	NodeManagerService.grpc_client.ReportWorkerBacklog - 298 total (0 active), Execution time: mean = 931.197 us, total = 277.497 ms, Queueing time: mean = 0.000 s, max = -0.000 s, min = 9223372036.855 s, total = 0.000 s
	CoreWorker.InternalHeartbeat - 298 total (1 active), Execution time: mean = 280.077 us, total = 83.463 ms, Queueing time: mean = 7.172 ms, max = 23.158 ms, min = -0.001 s, total = 2.137 s
	CoreWorker.ExitIfParentRayletDies - 298 total (1 active), Execution time: mean = 75.449 us, total = 22.484 ms, Queueing time: mean = 7.118 ms, max = 19.637 ms, min = -0.000 s, total = 2.121 s
	NodeManagerService.grpc_client.ReportWorkerBacklog.OnReplyReceived - 298 total (0 active), Execution time: mean = 25.083 us, total = 7.475 ms, Queueing time: mean = 43.356 us, max = 920.400 us, min = 6.600 us, total = 12.920 ms
	CoreWorkerService.grpc_server.PushTask - 113 total (1 active), Execution time: mean = 511.193 ms, total = 57.765 s, Queueing time: mean = 0.000 s, max = -0.000 s, min = 9223372036.855 s, total = 0.000 s
	CoreWorkerService.grpc_server.PushTask.HandleRequestImpl - 113 total (0 active), Execution time: mean = 127.713 us, total = 14.432 ms, Queueing time: mean = 84.341 us, max = 1.768 ms, min = 7.000 us, total = 9.530 ms
	CoreWorker.RecordMetrics - 60 total (1 active), Execution time: mean = 184.078 us, total = 11.045 ms, Queueing time: mean = 6.894 ms, max = 15.334 ms, min = 1.042 ms, total = 413.669 ms
	CoreWorker.TryDelPendingObjectRefStreams - 30 total (1 active), Execution time: mean = 5.933 us, total = 178.000 us, Queueing time: mean = 7.253 ms, max = 15.979 ms, min = 227.200 us, total = 217.590 ms
	CoreWorkerService.grpc_server.ActorCallArgWaitComplete - 28 total (0 active), Execution time: mean = 433.636 us, total = 12.142 ms, Queueing time: mean = 0.000 s, max = -0.000 s, min = 9223372036.855 s, total = 0.000 s
	CoreWorkerService.grpc_server.ActorCallArgWaitComplete.HandleRequestImpl - 28 total (0 active), Execution time: mean = 116.686 us, total = 3.267 ms, Queueing time: mean = 122.789 us, max = 444.400 us, min = 13.800 us, total = 3.438 ms
	NodeManagerService.grpc_client.PinObjectIDs - 27 total (0 active), Execution time: mean = 860.226 us, total = 23.226 ms, Queueing time: mean = 0.000 s, max = -0.000 s, min = 9223372036.855 s, total = 0.000 s
	NodeManagerService.grpc_client.PinObjectIDs.OnReplyReceived - 27 total (0 active), Execution time: mean = 119.915 us, total = 3.238 ms, Queueing time: mean = 21.863 us, max = 116.000 us, min = 9.000 us, total = 590.300 us
	PeriodicalRunner.RunFnPeriodically - 7 total (0 active), Execution time: mean = 358.171 us, total = 2.507 ms, Queueing time: mean = 907.929 us, max = 2.443 ms, min = 13.600 us, total = 6.356 ms
	CoreWorker.PrintEventStats - 5 total (1 active, 1 running), Execution time: mean = 840.960 us, total = 4.205 ms, Queueing time: mean = 4.144 ms, max = 11.992 ms, min = 219.400 us, total = 20.721 ms
	Publisher.CheckDeadSubscribers - 2 total (1 active), Execution time: mean = 3.400 us, total = 6.800 us, Queueing time: mean = 5.205 ms, max = 10.411 ms, min = 10.411 ms, total = 10.411 ms
	ray::rpc::WorkerInfoGcsService.grpc_client.AddWorkerInfo.OnReplyReceived - 1 total (0 active), Execution time: mean = 41.600 us, total = 41.600 us, Queueing time: mean = 2.446 ms, max = 2.446 ms, min = 2.446 ms, total = 2.446 ms
	ray::rpc::WorkerInfoGcsService.grpc_client.AddWorkerInfo - 1 total (0 active), Execution time: mean = 536.200 us, total = 536.200 us, Queueing time: mean = 0.000 s, max = -0.000 s, min = 9223372036.855 s, total = 0.000 s
	ray::rpc::InternalPubSubGcsService.grpc_client.GcsSubscriberCommandBatch - 1 total (0 active), Execution time: mean = 334.800 us, total = 334.800 us, Queueing time: mean = 0.000 s, max = -0.000 s, min = 9223372036.855 s, total = 0.000 s
	ray::rpc::NodeInfoGcsService.grpc_client.GetAllNodeInfo.OnReplyReceived - 1 total (0 active), Execution time: mean = 149.100 us, total = 149.100 us, Queueing time: mean = 7.000 us, max = 7.000 us, min = 7.000 us, total = 7.000 us
	ray::rpc::InternalPubSubGcsService.grpc_client.GcsSubscriberPoll - 1 total (1 active), Execution time: mean = 0.000 s, total = 0.000 s, Queueing time: mean = 0.000 s, max = -0.000 s, min = 9223372036.855 s, total = 0.000 s
	ray::rpc::InternalPubSubGcsService.grpc_client.GcsSubscriberCommandBatch.OnReplyReceived - 1 total (0 active), Execution time: mean = 269.300 us, total = 269.300 us, Queueing time: mean = 2.464 ms, max = 2.464 ms, min = 2.464 ms, total = 2.464 ms
	ray::rpc::NodeInfoGcsService.grpc_client.GetAllNodeInfo - 1 total (0 active), Execution time: mean = 649.700 us, total = 649.700 us, Queueing time: mean = 0.000 s, max = -0.000 s, min = 9223372036.855 s, total = 0.000 s

-----------------
Task execution event stats:

Global stats: 15046 total (2 active)
Queueing time: mean = 9.951 ms, max = 12.560 s, min = -0.007 s, total = 149.723 s
Execution time:  mean = 3.854 ms, total = 57.980 s
Event stats:
	CoreWorker.CheckSignal - 14904 total (1 active), Execution time: mean = 20.678 us, total = 308.189 ms, Queueing time: mean = 10.045 ms, max = 12.560 s, min = -0.007 s, total = 149.709 s
	CoreWorker.HandlePushTaskActor - 112 total (1 active, 1 running), Execution time: mean = 401.895 ms, total = 45.012 s, Queueing time: mean = 79.483 us, max = 2.788 ms, min = 5.000 us, total = 8.902 ms
	CoreWorker.ArgWaitComplete - 28 total (0 active), Execution time: mean = 3.289 ms, total = 92.099 ms, Queueing time: mean = 177.614 us, max = 824.300 us, min = 8.100 us, total = 4.973 ms
	CoreWorker.HandlePushTask - 1 total (0 active), Execution time: mean = 12.568 s, total = 12.568 s, Queueing time: mean = 7.400 us, max = 7.400 us, min = 7.400 us, total = 7.400 us
	PeriodicalRunner.RunFnPeriodically - 1 total (0 active), Execution time: mean = 29.900 us, total = 29.900 us, Queueing time: mean = 4.800 us, max = 4.800 us, min = 4.800 us, total = 4.800 us

-----------------
Task Event stats:

IO Service Stats:

Global stats: 895 total (1 active)
Queueing time: mean = 2.271 ms, max = 19.418 ms, min = -0.000 s, total = 2.032 s
Execution time:  mean = 450.512 us, total = 403.208 ms
Event stats:
	ray::rpc::TaskInfoGcsService.grpc_client.AddTaskEventData.OnReplyReceived - 298 total (0 active), Execution time: mean = 33.643 us, total = 10.025 ms, Queueing time: mean = 31.014 us, max = 561.700 us, min = 6.800 us, total = 9.242 ms
	ray::rpc::TaskInfoGcsService.grpc_client.AddTaskEventData - 298 total (0 active), Execution time: mean = 1.008 ms, total = 300.286 ms, Queueing time: mean = 0.000 s, max = -0.000 s, min = 9223372036.855 s, total = 0.000 s
	CoreWorker.deadline_timer.flush_task_events - 298 total (1 active), Execution time: mean = 310.466 us, total = 92.519 ms, Queueing time: mean = 6.789 ms, max = 19.418 ms, min = -0.000 s, total = 2.023 s
	PeriodicalRunner.RunFnPeriodically - 1 total (0 active), Execution time: mean = 377.900 us, total = 377.900 us, Queueing time: mean = 17.100 us, max = 17.100 us, min = 17.100 us, total = 17.100 us
Other Stats:
	gcs_grpc_in_progress:0
	event_aggregator_grpc_in_progress:0
	current number of task status events in buffer: 0
	current number of profile events in buffer: 0
	current number of dropped task attempts tracked: 0
	total task events sent: 0.0459785 MiB
	total number of task attempts sent: 143
	total number of task attempts dropped reported: 0
	total number of sent failure: 0
	num status task events dropped: 0
	num profile task events dropped: 0
	num ray task events reported to aggregator: 0
	num ray task events failed to report to aggregator: 0
	num of task attempts dropped reported to aggregator: 0
	num of failed requests to aggregator: 0

[2025-12-14 20:14:34,874 I 2692 15072] core_worker.cc:419: Event stats:


Global stats: 5260 total (9 active)
Queueing time: mean = 7.067 ms, max = 47.584 ms, min = -0.002 s, total = 37.174 s
Execution time:  mean = 12.968 ms, total = 68.212 s
Event stats:
	CoreWorker.RecoverObjects - 3290 total (1 active), Execution time: mean = 7.932 us, total = 26.097 ms, Queueing time: mean = 9.459 ms, max = 47.584 ms, min = -0.002 s, total = 31.121 s
	NodeManagerService.grpc_client.ReportWorkerBacklog - 358 total (0 active), Execution time: mean = 955.084 us, total = 341.920 ms, Queueing time: mean = 0.000 s, max = -0.000 s, min = 9223372036.855 s, total = 0.000 s
	CoreWorker.InternalHeartbeat - 358 total (1 active), Execution time: mean = 282.623 us, total = 101.179 ms, Queueing time: mean = 7.314 ms, max = 23.158 ms, min = -0.001 s, total = 2.618 s
	CoreWorker.ExitIfParentRayletDies - 358 total (1 active), Execution time: mean = 75.542 us, total = 27.044 ms, Queueing time: mean = 7.195 ms, max = 19.637 ms, min = -0.000 s, total = 2.576 s
	NodeManagerService.grpc_client.ReportWorkerBacklog.OnReplyReceived - 358 total (0 active), Execution time: mean = 25.184 us, total = 9.016 ms, Queueing time: mean = 43.693 us, max = 920.400 us, min = 6.600 us, total = 15.642 ms
	CoreWorkerService.grpc_server.PushTask - 137 total (1 active), Execution time: mean = 493.557 ms, total = 67.617 s, Queueing time: mean = 0.000 s, max = -0.000 s, min = 9223372036.855 s, total = 0.000 s
	CoreWorkerService.grpc_server.PushTask.HandleRequestImpl - 137 total (0 active), Execution time: mean = 113.838 us, total = 15.596 ms, Queueing time: mean = 77.199 us, max = 1.768 ms, min = 7.000 us, total = 10.576 ms
	CoreWorker.RecordMetrics - 72 total (1 active), Execution time: mean = 180.214 us, total = 12.975 ms, Queueing time: mean = 7.041 ms, max = 15.334 ms, min = 259.800 us, total = 506.920 ms
	CoreWorker.TryDelPendingObjectRefStreams - 36 total (1 active), Execution time: mean = 6.086 us, total = 219.100 us, Queueing time: mean = 7.345 ms, max = 15.979 ms, min = 227.200 us, total = 264.434 ms
	CoreWorkerService.grpc_server.ActorCallArgWaitComplete - 34 total (0 active), Execution time: mean = 441.491 us, total = 15.011 ms, Queueing time: mean = 0.000 s, max = -0.000 s, min = 9223372036.855 s, total = 0.000 s
	CoreWorkerService.grpc_server.ActorCallArgWaitComplete.HandleRequestImpl - 34 total (0 active), Execution time: mean = 115.682 us, total = 3.933 ms, Queueing time: mean = 140.268 us, max = 444.400 us, min = 13.800 us, total = 4.769 ms
	NodeManagerService.grpc_client.PinObjectIDs - 33 total (0 active), Execution time: mean = 854.839 us, total = 28.210 ms, Queueing time: mean = 0.000 s, max = -0.000 s, min = 9223372036.855 s, total = 0.000 s
	NodeManagerService.grpc_client.PinObjectIDs.OnReplyReceived - 33 total (0 active), Execution time: mean = 117.167 us, total = 3.866 ms, Queueing time: mean = 21.091 us, max = 116.000 us, min = 9.000 us, total = 696.000 us
	PeriodicalRunner.RunFnPeriodically - 7 total (0 active), Execution time: mean = 358.171 us, total = 2.507 ms, Queueing time: mean = 907.929 us, max = 2.443 ms, min = 13.600 us, total = 6.356 ms
	CoreWorker.PrintEventStats - 6 total (1 active, 1 running), Execution time: mean = 875.983 us, total = 5.256 ms, Queueing time: mean = 5.815 ms, max = 14.169 ms, min = 219.400 us, total = 34.890 ms
	Publisher.CheckDeadSubscribers - 2 total (1 active), Execution time: mean = 3.400 us, total = 6.800 us, Queueing time: mean = 5.205 ms, max = 10.411 ms, min = 10.411 ms, total = 10.411 ms
	ray::rpc::WorkerInfoGcsService.grpc_client.AddWorkerInfo.OnReplyReceived - 1 total (0 active), Execution time: mean = 41.600 us, total = 41.600 us, Queueing time: mean = 2.446 ms, max = 2.446 ms, min = 2.446 ms, total = 2.446 ms
	ray::rpc::WorkerInfoGcsService.grpc_client.AddWorkerInfo - 1 total (0 active), Execution time: mean = 536.200 us, total = 536.200 us, Queueing time: mean = 0.000 s, max = -0.000 s, min = 9223372036.855 s, total = 0.000 s
	ray::rpc::InternalPubSubGcsService.grpc_client.GcsSubscriberCommandBatch - 1 total (0 active), Execution time: mean = 334.800 us, total = 334.800 us, Queueing time: mean = 0.000 s, max = -0.000 s, min = 9223372036.855 s, total = 0.000 s
	ray::rpc::NodeInfoGcsService.grpc_client.GetAllNodeInfo.OnReplyReceived - 1 total (0 active), Execution time: mean = 149.100 us, total = 149.100 us, Queueing time: mean = 7.000 us, max = 7.000 us, min = 7.000 us, total = 7.000 us
	ray::rpc::InternalPubSubGcsService.grpc_client.GcsSubscriberPoll - 1 total (1 active), Execution time: mean = 0.000 s, total = 0.000 s, Queueing time: mean = 0.000 s, max = -0.000 s, min = 9223372036.855 s, total = 0.000 s
	ray::rpc::InternalPubSubGcsService.grpc_client.GcsSubscriberCommandBatch.OnReplyReceived - 1 total (0 active), Execution time: mean = 269.300 us, total = 269.300 us, Queueing time: mean = 2.464 ms, max = 2.464 ms, min = 2.464 ms, total = 2.464 ms
	ray::rpc::NodeInfoGcsService.grpc_client.GetAllNodeInfo - 1 total (0 active), Execution time: mean = 649.700 us, total = 649.700 us, Queueing time: mean = 0.000 s, max = -0.000 s, min = 9223372036.855 s, total = 0.000 s

-----------------
Task execution event stats:

Global stats: 18198 total (2 active)
Queueing time: mean = 9.816 ms, max = 12.560 s, min = -0.007 s, total = 178.633 s
Execution time:  mean = 3.730 ms, total = 67.872 s
Event stats:
	CoreWorker.CheckSignal - 18026 total (1 active), Execution time: mean = 20.687 us, total = 372.912 ms, Queueing time: mean = 9.909 ms, max = 12.560 s, min = -0.007 s, total = 178.613 s
	CoreWorker.HandlePushTaskActor - 136 total (1 active, 1 running), Execution time: mean = 403.091 ms, total = 54.820 s, Queueing time: mean = 94.482 us, max = 2.788 ms, min = 5.000 us, total = 12.850 ms
	CoreWorker.ArgWaitComplete - 34 total (0 active), Execution time: mean = 3.254 ms, total = 110.632 ms, Queueing time: mean = 196.829 us, max = 1.068 ms, min = 8.100 us, total = 6.692 ms
	CoreWorker.HandlePushTask - 1 total (0 active), Execution time: mean = 12.568 s, total = 12.568 s, Queueing time: mean = 7.400 us, max = 7.400 us, min = 7.400 us, total = 7.400 us
	PeriodicalRunner.RunFnPeriodically - 1 total (0 active), Execution time: mean = 29.900 us, total = 29.900 us, Queueing time: mean = 4.800 us, max = 4.800 us, min = 4.800 us, total = 4.800 us

-----------------
Task Event stats:

IO Service Stats:

Global stats: 1075 total (1 active)
Queueing time: mean = 2.259 ms, max = 19.418 ms, min = -0.000 s, total = 2.429 s
Execution time:  mean = 447.126 us, total = 480.660 ms
Event stats:
	ray::rpc::TaskInfoGcsService.grpc_client.AddTaskEventData.OnReplyReceived - 358 total (0 active), Execution time: mean = 33.394 us, total = 11.955 ms, Queueing time: mean = 34.460 us, max = 561.700 us, min = 6.800 us, total = 12.337 ms
	ray::rpc::TaskInfoGcsService.grpc_client.AddTaskEventData - 358 total (0 active), Execution time: mean = 996.111 us, total = 356.608 ms, Queueing time: mean = 0.000 s, max = -0.000 s, min = 9223372036.855 s, total = 0.000 s
	CoreWorker.deadline_timer.flush_task_events - 358 total (1 active), Execution time: mean = 312.064 us, total = 111.719 ms, Queueing time: mean = 6.750 ms, max = 19.418 ms, min = -0.000 s, total = 2.416 s
	PeriodicalRunner.RunFnPeriodically - 1 total (0 active), Execution time: mean = 377.900 us, total = 377.900 us, Queueing time: mean = 17.100 us, max = 17.100 us, min = 17.100 us, total = 17.100 us
Other Stats:
	gcs_grpc_in_progress:0
	event_aggregator_grpc_in_progress:0
	current number of task status events in buffer: 0
	current number of profile events in buffer: 0
	current number of dropped task attempts tracked: 0
	total task events sent: 0.0557747 MiB
	total number of task attempts sent: 173
	total number of task attempts dropped reported: 0
	total number of sent failure: 0
	num status task events dropped: 0
	num profile task events dropped: 0
	num ray task events reported to aggregator: 0
	num ray task events failed to report to aggregator: 0
	num of task attempts dropped reported to aggregator: 0
	num of failed requests to aggregator: 0

[2025-12-14 20:15:34,888 I 2692 15072] core_worker.cc:419: Event stats:


Global stats: 6124 total (8 active)
Queueing time: mean = 7.101 ms, max = 47.584 ms, min = -0.002 s, total = 43.489 s
Execution time:  mean = 12.767 ms, total = 78.183 s
Event stats:
	CoreWorker.RecoverObjects - 3836 total (1 active), Execution time: mean = 7.957 us, total = 30.524 ms, Queueing time: mean = 9.523 ms, max = 47.584 ms, min = -0.002 s, total = 36.532 s
	CoreWorker.ExitIfParentRayletDies - 418 total (1 active), Execution time: mean = 76.656 us, total = 32.042 ms, Queueing time: mean = 7.075 ms, max = 19.637 ms, min = -0.000 s, total = 2.957 s
	NodeManagerService.grpc_client.ReportWorkerBacklog - 417 total (0 active), Execution time: mean = 1.004 ms, total = 418.738 ms, Queueing time: mean = 0.000 s, max = -0.000 s, min = 9223372036.855 s, total = 0.000 s
	CoreWorker.InternalHeartbeat - 417 total (1 active), Execution time: mean = 279.600 us, total = 116.593 ms, Queueing time: mean = 7.158 ms, max = 23.158 ms, min = -0.001 s, total = 2.985 s
	NodeManagerService.grpc_client.ReportWorkerBacklog.OnReplyReceived - 417 total (0 active), Execution time: mean = 24.692 us, total = 10.296 ms, Queueing time: mean = 41.235 us, max = 920.400 us, min = 6.600 us, total = 17.195 ms
	CoreWorkerService.grpc_server.PushTask - 157 total (0 active), Execution time: mean = 493.445 ms, total = 77.471 s, Queueing time: mean = 0.000 s, max = -0.000 s, min = 9223372036.855 s, total = 0.000 s
	CoreWorkerService.grpc_server.PushTask.HandleRequestImpl - 157 total (0 active), Execution time: mean = 106.348 us, total = 16.697 ms, Queueing time: mean = 76.739 us, max = 1.768 ms, min = 7.000 us, total = 12.048 ms
	CoreWorker.RecordMetrics - 84 total (1 active), Execution time: mean = 179.215 us, total = 15.054 ms, Queueing time: mean = 7.269 ms, max = 15.334 ms, min = 259.800 us, total = 610.633 ms
	CoreWorker.TryDelPendingObjectRefStreams - 42 total (1 active), Execution time: mean = 6.188 us, total = 259.900 us, Queueing time: mean = 7.148 ms, max = 15.979 ms, min = -0.000 s, total = 300.227 ms
	NodeManagerService.grpc_client.PinObjectIDs - 39 total (0 active), Execution time: mean = 844.367 us, total = 32.930 ms, Queueing time: mean = 0.000 s, max = -0.000 s, min = 9223372036.855 s, total = 0.000 s
	CoreWorkerService.grpc_server.ActorCallArgWaitComplete - 39 total (0 active), Execution time: mean = 483.095 us, total = 18.841 ms, Queueing time: mean = 0.000 s, max = -0.000 s, min = 9223372036.855 s, total = 0.000 s
	CoreWorkerService.grpc_server.ActorCallArgWaitComplete.HandleRequestImpl - 39 total (0 active), Execution time: mean = 111.877 us, total = 4.363 ms, Queueing time: mean = 140.944 us, max = 444.400 us, min = 13.800 us, total = 5.497 ms
	NodeManagerService.grpc_client.PinObjectIDs.OnReplyReceived - 39 total (0 active), Execution time: mean = 119.613 us, total = 4.665 ms, Queueing time: mean = 26.003 us, max = 159.000 us, min = 7.200 us, total = 1.014 ms
	CoreWorker.PrintEventStats - 7 total (1 active, 1 running), Execution time: mean = 870.771 us, total = 6.095 ms, Queueing time: mean = 6.725 ms, max = 14.169 ms, min = 219.400 us, total = 47.072 ms
	PeriodicalRunner.RunFnPeriodically - 7 total (0 active), Execution time: mean = 358.171 us, total = 2.507 ms, Queueing time: mean = 907.929 us, max = 2.443 ms, min = 13.600 us, total = 6.356 ms
	Publisher.CheckDeadSubscribers - 2 total (1 active), Execution time: mean = 3.400 us, total = 6.800 us, Queueing time: mean = 5.205 ms, max = 10.411 ms, min = 10.411 ms, total = 10.411 ms
	ray::rpc::WorkerInfoGcsService.grpc_client.AddWorkerInfo.OnReplyReceived - 1 total (0 active), Execution time: mean = 41.600 us, total = 41.600 us, Queueing time: mean = 2.446 ms, max = 2.446 ms, min = 2.446 ms, total = 2.446 ms
	ray::rpc::WorkerInfoGcsService.grpc_client.AddWorkerInfo - 1 total (0 active), Execution time: mean = 536.200 us, total = 536.200 us, Queueing time: mean = 0.000 s, max = -0.000 s, min = 9223372036.855 s, total = 0.000 s
	ray::rpc::InternalPubSubGcsService.grpc_client.GcsSubscriberCommandBatch - 1 total (0 active), Execution time: mean = 334.800 us, total = 334.800 us, Queueing time: mean = 0.000 s, max = -0.000 s, min = 9223372036.855 s, total = 0.000 s
	ray::rpc::NodeInfoGcsService.grpc_client.GetAllNodeInfo.OnReplyReceived - 1 total (0 active), Execution time: mean = 149.100 us, total = 149.100 us, Queueing time: mean = 7.000 us, max = 7.000 us, min = 7.000 us, total = 7.000 us
	ray::rpc::InternalPubSubGcsService.grpc_client.GcsSubscriberPoll - 1 total (1 active), Execution time: mean = 0.000 s, total = 0.000 s, Queueing time: mean = 0.000 s, max = -0.000 s, min = 9223372036.855 s, total = 0.000 s
	ray::rpc::InternalPubSubGcsService.grpc_client.GcsSubscriberCommandBatch.OnReplyReceived - 1 total (0 active), Execution time: mean = 269.300 us, total = 269.300 us, Queueing time: mean = 2.464 ms, max = 2.464 ms, min = 2.464 ms, total = 2.464 ms
	ray::rpc::NodeInfoGcsService.grpc_client.GetAllNodeInfo - 1 total (0 active), Execution time: mean = 649.700 us, total = 649.700 us, Queueing time: mean = 0.000 s, max = -0.000 s, min = 9223372036.855 s, total = 0.000 s

-----------------
Task execution event stats:

Global stats: 21400 total (1 active)
Queueing time: mean = 9.708 ms, max = 12.560 s, min = -0.010 s, total = 207.743 s
Execution time:  mean = 3.634 ms, total = 77.775 s
Event stats:
	CoreWorker.CheckSignal - 21203 total (1 active), Execution time: mean = 20.543 us, total = 435.583 ms, Queueing time: mean = 9.797 ms, max = 12.560 s, min = -0.010 s, total = 207.722 s
	CoreWorker.HandlePushTaskActor - 156 total (0 active), Execution time: mean = 414.384 ms, total = 64.644 s, Queueing time: mean = 92.716 us, max = 2.788 ms, min = 5.000 us, total = 14.464 ms
	CoreWorker.ArgWaitComplete - 39 total (0 active), Execution time: mean = 3.286 ms, total = 128.152 ms, Queueing time: mean = 188.667 us, max = 1.068 ms, min = 8.100 us, total = 7.358 ms
	CoreWorker.HandlePushTask - 1 total (0 active), Execution time: mean = 12.568 s, total = 12.568 s, Queueing time: mean = 7.400 us, max = 7.400 us, min = 7.400 us, total = 7.400 us
	PeriodicalRunner.RunFnPeriodically - 1 total (0 active), Execution time: mean = 29.900 us, total = 29.900 us, Queueing time: mean = 4.800 us, max = 4.800 us, min = 4.800 us, total = 4.800 us

-----------------
Task Event stats:

IO Service Stats:

Global stats: 1255 total (1 active)
Queueing time: mean = 2.218 ms, max = 19.418 ms, min = -0.001 s, total = 2.783 s
Execution time:  mean = 436.001 us, total = 547.181 ms
Event stats:
	ray::rpc::TaskInfoGcsService.grpc_client.AddTaskEventData.OnReplyReceived - 418 total (0 active), Execution time: mean = 34.100 us, total = 14.254 ms, Queueing time: mean = 34.014 us, max = 561.700 us, min = 6.800 us, total = 14.218 ms
	ray::rpc::TaskInfoGcsService.grpc_client.AddTaskEventData - 418 total (0 active), Execution time: mean = 965.079 us, total = 403.403 ms, Queueing time: mean = 0.000 s, max = -0.000 s, min = 9223372036.855 s, total = 0.000 s
	CoreWorker.deadline_timer.flush_task_events - 418 total (1 active), Execution time: mean = 308.962 us, total = 129.146 ms, Queueing time: mean = 6.624 ms, max = 19.418 ms, min = -0.001 s, total = 2.769 s
	PeriodicalRunner.RunFnPeriodically - 1 total (0 active), Execution time: mean = 377.900 us, total = 377.900 us, Queueing time: mean = 17.100 us, max = 17.100 us, min = 17.100 us, total = 17.100 us
Other Stats:
	gcs_grpc_in_progress:0
	event_aggregator_grpc_in_progress:0
	current number of task status events in buffer: 0
	current number of profile events in buffer: 0
	current number of dropped task attempts tracked: 0
	total task events sent: 0.0642357 MiB
	total number of task attempts sent: 199
	total number of task attempts dropped reported: 0
	total number of sent failure: 0
	num status task events dropped: 0
	num profile task events dropped: 0
	num ray task events reported to aggregator: 0
	num ray task events failed to report to aggregator: 0
	num of task attempts dropped reported to aggregator: 0
	num of failed requests to aggregator: 0

[2025-12-14 20:16:34,906 I 2692 15072] core_worker.cc:419: Event stats:


Global stats: 6999 total (8 active)
Queueing time: mean = 7.105 ms, max = 47.584 ms, min = -0.002 s, total = 49.725 s
Execution time:  mean = 12.547 ms, total = 87.820 s
Event stats:
	CoreWorker.RecoverObjects - 4381 total (1 active), Execution time: mean = 8.000 us, total = 35.046 ms, Queueing time: mean = 9.575 ms, max = 47.584 ms, min = -0.002 s, total = 41.950 s
	NodeManagerService.grpc_client.ReportWorkerBacklog - 477 total (0 active), Execution time: mean = 978.134 us, total = 466.570 ms, Queueing time: mean = 0.000 s, max = -0.000 s, min = 9223372036.855 s, total = 0.000 s
	CoreWorker.InternalHeartbeat - 477 total (1 active), Execution time: mean = 277.625 us, total = 132.427 ms, Queueing time: mean = 6.929 ms, max = 23.158 ms, min = -0.001 s, total = 3.305 s
	CoreWorker.ExitIfParentRayletDies - 477 total (1 active), Execution time: mean = 77.973 us, total = 37.193 ms, Queueing time: mean = 6.881 ms, max = 19.637 ms, min = -0.000 s, total = 3.282 s
	NodeManagerService.grpc_client.ReportWorkerBacklog.OnReplyReceived - 477 total (0 active), Execution time: mean = 24.640 us, total = 11.753 ms, Queueing time: mean = 41.088 us, max = 920.400 us, min = 6.600 us, total = 19.599 ms
	CoreWorkerService.grpc_server.PushTask - 181 total (0 active), Execution time: mean = 480.763 ms, total = 87.018 s, Queueing time: mean = 0.000 s, max = -0.000 s, min = 9223372036.855 s, total = 0.000 s
	CoreWorkerService.grpc_server.PushTask.HandleRequestImpl - 181 total (0 active), Execution time: mean = 98.000 us, total = 17.738 ms, Queueing time: mean = 72.607 us, max = 1.768 ms, min = 7.000 us, total = 13.142 ms
	CoreWorker.RecordMetrics - 96 total (1 active), Execution time: mean = 175.725 us, total = 16.870 ms, Queueing time: mean = 7.650 ms, max = 15.334 ms, min = 259.800 us, total = 734.428 ms
	CoreWorker.TryDelPendingObjectRefStreams - 48 total (1 active), Execution time: mean = 7.867 us, total = 377.600 us, Queueing time: mean = 6.895 ms, max = 15.979 ms, min = -0.000 s, total = 330.971 ms
	NodeManagerService.grpc_client.PinObjectIDs - 45 total (0 active), Execution time: mean = 841.753 us, total = 37.879 ms, Queueing time: mean = 0.000 s, max = -0.000 s, min = 9223372036.855 s, total = 0.000 s
	CoreWorkerService.grpc_server.ActorCallArgWaitComplete - 45 total (0 active), Execution time: mean = 517.762 us, total = 23.299 ms, Queueing time: mean = 0.000 s, max = -0.000 s, min = 9223372036.855 s, total = 0.000 s
	CoreWorkerService.grpc_server.ActorCallArgWaitComplete.HandleRequestImpl - 45 total (0 active), Execution time: mean = 120.920 us, total = 5.441 ms, Queueing time: mean = 147.416 us, max = 444.400 us, min = 13.800 us, total = 6.634 ms
	NodeManagerService.grpc_client.PinObjectIDs.OnReplyReceived - 45 total (0 active), Execution time: mean = 117.338 us, total = 5.280 ms, Queueing time: mean = 24.280 us, max = 159.000 us, min = 7.200 us, total = 1.093 ms
	CoreWorker.PrintEventStats - 8 total (1 active, 1 running), Execution time: mean = 906.950 us, total = 7.256 ms, Queueing time: mean = 7.565 ms, max = 14.169 ms, min = 219.400 us, total = 60.523 ms
	PeriodicalRunner.RunFnPeriodically - 7 total (0 active), Execution time: mean = 358.171 us, total = 2.507 ms, Queueing time: mean = 907.929 us, max = 2.443 ms, min = 13.600 us, total = 6.356 ms
	Publisher.CheckDeadSubscribers - 2 total (1 active), Execution time: mean = 3.400 us, total = 6.800 us, Queueing time: mean = 5.205 ms, max = 10.411 ms, min = 10.411 ms, total = 10.411 ms
	ray::rpc::WorkerInfoGcsService.grpc_client.AddWorkerInfo.OnReplyReceived - 1 total (0 active), Execution time: mean = 41.600 us, total = 41.600 us, Queueing time: mean = 2.446 ms, max = 2.446 ms, min = 2.446 ms, total = 2.446 ms
	ray::rpc::WorkerInfoGcsService.grpc_client.AddWorkerInfo - 1 total (0 active), Execution time: mean = 536.200 us, total = 536.200 us, Queueing time: mean = 0.000 s, max = -0.000 s, min = 9223372036.855 s, total = 0.000 s
	ray::rpc::InternalPubSubGcsService.grpc_client.GcsSubscriberCommandBatch - 1 total (0 active), Execution time: mean = 334.800 us, total = 334.800 us, Queueing time: mean = 0.000 s, max = -0.000 s, min = 9223372036.855 s, total = 0.000 s
	ray::rpc::NodeInfoGcsService.grpc_client.GetAllNodeInfo.OnReplyReceived - 1 total (0 active), Execution time: mean = 149.100 us, total = 149.100 us, Queueing time: mean = 7.000 us, max = 7.000 us, min = 7.000 us, total = 7.000 us
	ray::rpc::InternalPubSubGcsService.grpc_client.GcsSubscriberPoll - 1 total (1 active), Execution time: mean = 0.000 s, total = 0.000 s, Queueing time: mean = 0.000 s, max = -0.000 s, min = 9223372036.855 s, total = 0.000 s
	ray::rpc::InternalPubSubGcsService.grpc_client.GcsSubscriberCommandBatch.OnReplyReceived - 1 total (0 active), Execution time: mean = 269.300 us, total = 269.300 us, Queueing time: mean = 2.464 ms, max = 2.464 ms, min = 2.464 ms, total = 2.464 ms
	ray::rpc::NodeInfoGcsService.grpc_client.GetAllNodeInfo - 1 total (0 active), Execution time: mean = 649.700 us, total = 649.700 us, Queueing time: mean = 0.000 s, max = -0.000 s, min = 9223372036.855 s, total = 0.000 s

-----------------
Task execution event stats:

Global stats: 24549 total (1 active)
Queueing time: mean = 9.635 ms, max = 12.560 s, min = -0.010 s, total = 236.527 s
Execution time:  mean = 3.559 ms, total = 87.374 s
Event stats:
	CoreWorker.CheckSignal - 24322 total (1 active), Execution time: mean = 20.515 us, total = 498.966 ms, Queueing time: mean = 9.724 ms, max = 12.560 s, min = -0.010 s, total = 236.501 s
	CoreWorker.HandlePushTaskActor - 180 total (0 active), Execution time: mean = 411.998 ms, total = 74.160 s, Queueing time: mean = 85.472 us, max = 2.788 ms, min = 4.200 us, total = 15.385 ms
	CoreWorker.ArgWaitComplete - 45 total (0 active), Execution time: mean = 3.289 ms, total = 148.022 ms, Queueing time: mean = 214.058 us, max = 1.165 ms, min = 8.100 us, total = 9.633 ms
	CoreWorker.HandlePushTask - 1 total (0 active), Execution time: mean = 12.568 s, total = 12.568 s, Queueing time: mean = 7.400 us, max = 7.400 us, min = 7.400 us, total = 7.400 us
	PeriodicalRunner.RunFnPeriodically - 1 total (0 active), Execution time: mean = 29.900 us, total = 29.900 us, Queueing time: mean = 4.800 us, max = 4.800 us, min = 4.800 us, total = 4.800 us

-----------------
Task Event stats:

IO Service Stats:

Global stats: 1432 total (1 active)
Queueing time: mean = 2.197 ms, max = 19.418 ms, min = -0.001 s, total = 3.146 s
Execution time:  mean = 429.378 us, total = 614.869 ms
Event stats:
	ray::rpc::TaskInfoGcsService.grpc_client.AddTaskEventData.OnReplyReceived - 477 total (0 active), Execution time: mean = 34.378 us, total = 16.398 ms, Queueing time: mean = 33.972 us, max = 561.700 us, min = 6.800 us, total = 16.205 ms
	ray::rpc::TaskInfoGcsService.grpc_client.AddTaskEventData - 477 total (0 active), Execution time: mean = 945.884 us, total = 451.187 ms, Queueing time: mean = 0.000 s, max = -0.000 s, min = 9223372036.855 s, total = 0.000 s
	CoreWorker.deadline_timer.flush_task_events - 477 total (1 active), Execution time: mean = 307.980 us, total = 146.906 ms, Queueing time: mean = 6.561 ms, max = 19.418 ms, min = -0.001 s, total = 3.130 s
	PeriodicalRunner.RunFnPeriodically - 1 total (0 active), Execution time: mean = 377.900 us, total = 377.900 us, Queueing time: mean = 17.100 us, max = 17.100 us, min = 17.100 us, total = 17.100 us
Other Stats:
	gcs_grpc_in_progress:0
	event_aggregator_grpc_in_progress:0
	current number of task status events in buffer: 0
	current number of profile events in buffer: 0
	current number of dropped task attempts tracked: 0
	total task events sent: 0.0741148 MiB
	total number of task attempts sent: 230
	total number of task attempts dropped reported: 0
	total number of sent failure: 0
	num status task events dropped: 0
	num profile task events dropped: 0
	num ray task events reported to aggregator: 0
	num ray task events failed to report to aggregator: 0
	num of task attempts dropped reported to aggregator: 0
	num of failed requests to aggregator: 0

[2025-12-14 20:17:30,833 I 2692 15072] core_worker.cc:4084: Force kill actor request has received. exiting immediately... The actor is dead because it was killed by `ray.kill`.
[2025-12-14 20:17:30,833 W 2692 15072] core_worker.cc:744: Force exit the process.  Details: Worker exits because the actor is killed. The actor is dead because it was killed by `ray.kill`.
[2025-12-14 20:17:30,884 I 2692 15072] core_worker.cc:580: Sending disconnect message to the local raylet.
[2025-12-14 20:17:30,884 I 2692 15072] raylet_ipc_client.cc:113: RayletIpcClient::Disconnect, exit_type=INTENDED_SYSTEM_EXIT, exit_detail=Worker exits because the actor is killed. The actor is dead because it was killed by `ray.kill`., has creation_task_exception_pb_bytes=0
[2025-12-14 20:17:30,885 W 2692 15072] core_worker.cc:587: Failed to disconnect from the local raylet: IOError: Unknown error
