[2025-12-14 20:08:16,447 I 6692 15204] core_worker_process.cc:739: Constructing CoreWorkerProcess. pid: 6692
[2025-12-14 20:08:16,451 I 6692 15204] io_service_pool.cc:37: IOServicePool is running with 1 io_service.
[2025-12-14 20:08:16,456 I 6692 15204] event.cc:493: Ray Event initialized for CORE_WORKER
[2025-12-14 20:08:16,457 I 6692 15204] event.cc:493: Ray Event initialized for EXPORT_TASK
[2025-12-14 20:08:16,457 I 6692 15204] event.cc:326: Set ray event level to warning
[2025-12-14 20:08:16,457 I 6692 15204] event_aggregator_client.h:50: Initiating the local event aggregator client with port: 64287
[2025-12-14 20:08:16,460 I 6692 15204] grpc_server.cc:141: worker server started, listening on port 54457.
[2025-12-14 20:08:16,462 I 6692 15204] core_worker_process.cc:269: Initializing worker at address: 127.0.0.1:54457 worker_id=463088ed9fb4a1da89dba221daf4e0db4f44acdc40d069d87cfdc9ad node_id=8eac24cb3ee9bdcc7e93c46a476c65d4fbeaf419a4e7bed86dd854be
[2025-12-14 20:08:16,463 I 6692 15204] task_event_buffer.cc:445: Reporting task events to GCS every 1000ms.
[2025-12-14 20:08:16,466 I 6692 18080] core_worker.cc:419: Event stats:


Global stats: 14 total (10 active)
Queueing time: mean = 13.107 us, max = 173.900 us, min = 9.600 us, total = 183.500 us
Execution time:  mean = 83.464 us, total = 1.169 ms
Event stats:
	PeriodicalRunner.RunFnPeriodically - 7 total (5 active, 1 running), Execution time: mean = 8.971 us, total = 62.800 us, Queueing time: mean = 26.214 us, max = 173.900 us, min = 9.600 us, total = 183.500 us
	ray::rpc::WorkerInfoGcsService.grpc_client.AddWorkerInfo.OnReplyReceived - 1 total (1 active), Execution time: mean = 0.000 s, total = 0.000 s, Queueing time: mean = 0.000 s, max = -0.000 s, min = 9223372036.855 s, total = 0.000 s
	ray::rpc::InternalPubSubGcsService.grpc_client.GcsSubscriberPoll - 1 total (1 active), Execution time: mean = 0.000 s, total = 0.000 s, Queueing time: mean = 0.000 s, max = -0.000 s, min = 9223372036.855 s, total = 0.000 s
	ray::rpc::WorkerInfoGcsService.grpc_client.AddWorkerInfo - 1 total (0 active), Execution time: mean = 668.200 us, total = 668.200 us, Queueing time: mean = 0.000 s, max = -0.000 s, min = 9223372036.855 s, total = 0.000 s
	ray::rpc::InternalPubSubGcsService.grpc_client.GcsSubscriberCommandBatch.OnReplyReceived - 1 total (1 active), Execution time: mean = 0.000 s, total = 0.000 s, Queueing time: mean = 0.000 s, max = -0.000 s, min = 9223372036.855 s, total = 0.000 s
	Publisher.CheckDeadSubscribers - 1 total (1 active), Execution time: mean = 0.000 s, total = 0.000 s, Queueing time: mean = 0.000 s, max = -0.000 s, min = 9223372036.855 s, total = 0.000 s
	ray::rpc::InternalPubSubGcsService.grpc_client.GcsSubscriberCommandBatch - 1 total (0 active), Execution time: mean = 437.500 us, total = 437.500 us, Queueing time: mean = 0.000 s, max = -0.000 s, min = 9223372036.855 s, total = 0.000 s
	CoreWorker.ExitIfParentRayletDies - 1 total (1 active), Execution time: mean = 0.000 s, total = 0.000 s, Queueing time: mean = 0.000 s, max = -0.000 s, min = 9223372036.855 s, total = 0.000 s

-----------------
Task execution event stats:

Global stats: 0 total (0 active)
Queueing time: mean = -nan(ind) s, max = -0.000 s, min = 9223372036.855 s, total = 0.000 s
Execution time:  mean = -nan(ind) s, total = 0.000 s
Event stats:

-----------------
Task Event stats:

IO Service Stats:

Global stats: 4 total (1 active)
Queueing time: mean = 6.950 us, max = 19.200 us, min = 8.600 us, total = 27.800 us
Execution time:  mean = 270.000 us, total = 1.080 ms
Event stats:
	PeriodicalRunner.RunFnPeriodically - 1 total (0 active), Execution time: mean = 369.700 us, total = 369.700 us, Queueing time: mean = 8.600 us, max = 8.600 us, min = 8.600 us, total = 8.600 us
	ray::rpc::TaskInfoGcsService.grpc_client.AddTaskEventData - 1 total (0 active), Execution time: mean = 682.600 us, total = 682.600 us, Queueing time: mean = 0.000 s, max = -0.000 s, min = 9223372036.855 s, total = 0.000 s
	CoreWorker.deadline_timer.flush_task_events - 1 total (1 active), Execution time: mean = 0.000 s, total = 0.000 s, Queueing time: mean = 0.000 s, max = -0.000 s, min = 9223372036.855 s, total = 0.000 s
	ray::rpc::TaskInfoGcsService.grpc_client.AddTaskEventData.OnReplyReceived - 1 total (0 active), Execution time: mean = 27.700 us, total = 27.700 us, Queueing time: mean = 19.200 us, max = 19.200 us, min = 19.200 us, total = 19.200 us
Other Stats:
	gcs_grpc_in_progress:0
	event_aggregator_grpc_in_progress:0
	current number of task status events in buffer: 0
	current number of profile events in buffer: 0
	current number of dropped task attempts tracked: 0
	total task events sent: 0 MiB
	total number of task attempts sent: 0
	total number of task attempts dropped reported: 0
	total number of sent failure: 0
	num status task events dropped: 0
	num profile task events dropped: 0
	num ray task events reported to aggregator: 0
	num ray task events failed to report to aggregator: 0
	num of task attempts dropped reported to aggregator: 0
	num of failed requests to aggregator: 0

[2025-12-14 20:08:16,468 I 6692 18080] accessor.cc:743: Received notification for node, IsAlive = 1 node_id=8eac24cb3ee9bdcc7e93c46a476c65d4fbeaf419a4e7bed86dd854be
[2025-12-14 20:08:16,468 I 6692 18080] normal_task_submitter.cc:833: Number of alive nodes:1
[2025-12-14 20:08:17,514 I 6692 18080] core_worker.cc:653: Exit signal received, this process will exit after all outstanding tasks have finished, exit_type=INTENDED_SYSTEM_EXIT, detail=Worker exits because it was idle (it doesn't have objects it owns while no task or actor has been scheduled) for a long time.
[2025-12-14 20:08:17,514 I 6692 15204] core_worker.cc:689: Wait for currently executing tasks in the underlying thread pools to finish.
[2025-12-14 20:08:17,514 I 6692 15204] core_worker.cc:723: Releasing local references, then draining reference counter.
[2025-12-14 20:08:17,516 I 6692 15204] core_worker.cc:580: Sending disconnect message to the local raylet.
[2025-12-14 20:08:17,516 I 6692 15204] raylet_ipc_client.cc:113: RayletIpcClient::Disconnect, exit_type=INTENDED_SYSTEM_EXIT, exit_detail=Worker exits because it was idle (it doesn't have objects it owns while no task or actor has been scheduled) for a long time., has creation_task_exception_pb_bytes=0
[2025-12-14 20:08:17,520 I 6692 15204] core_worker.cc:585: Disconnected from the local raylet.
[2025-12-14 20:08:17,520 I 6692 15204] core_worker.cc:502: Shutting down.
[2025-12-14 20:08:17,521 I 6692 15204] task_event_buffer.cc:456: Shutting down TaskEventBuffer.
[2025-12-14 20:08:17,521 I 6692 14852] task_event_buffer.cc:424: Task event buffer io service stopped.
[2025-12-14 20:08:17,521 I 6692 15204] core_worker.cc:520: Waiting for joining a core worker io thread. If it hangs here, there might be deadlock or a high load in the core worker io service.
[2025-12-14 20:08:17,521 I 6692 18080] core_worker_process.cc:203: Core worker main io service stopped.
[2025-12-14 20:08:17,573 I 6692 15204] core_worker.cc:532: Disconnecting a GCS client.
[2025-12-14 20:08:17,573 I 6692 15204] core_worker.cc:539: Core worker ready to be deallocated.
[2025-12-14 20:08:17,573 I 6692 15204] core_worker_process.cc:892: Task execution loop terminated. Removing the global worker.
[2025-12-14 20:08:17,573 I 6692 15204] core_worker.cc:493: Core worker is destructed
[2025-12-14 20:08:17,573 I 6692 15204] task_event_buffer.cc:456: Shutting down TaskEventBuffer.
[2025-12-14 20:08:17,776 I 6692 15204] core_worker_process.cc:788: Destructing CoreWorkerProcessImpl. pid: 6692
[2025-12-14 20:08:17,776 I 6692 15204] io_service_pool.cc:49: IOServicePool is stopped.
[2025-12-14 20:08:17,986 I 6692 15204] stats.h:143: Stats module has shutdown.
[2025-12-14 20:08:18,039 W 6692 15204] core_worker_process.cc:802: The core worker process is not initialized yet or already shutdown.
