[2025-12-14 20:08:16,373 I 1356 2228] core_worker_process.cc:739: Constructing CoreWorkerProcess. pid: 1356
[2025-12-14 20:08:16,378 I 1356 2228] io_service_pool.cc:37: IOServicePool is running with 1 io_service.
[2025-12-14 20:08:16,383 I 1356 2228] event.cc:493: Ray Event initialized for CORE_WORKER
[2025-12-14 20:08:16,383 I 1356 2228] event.cc:493: Ray Event initialized for EXPORT_TASK
[2025-12-14 20:08:16,383 I 1356 2228] event.cc:326: Set ray event level to warning
[2025-12-14 20:08:16,384 I 1356 2228] event_aggregator_client.h:50: Initiating the local event aggregator client with port: 64287
[2025-12-14 20:08:16,387 I 1356 2228] grpc_server.cc:141: worker server started, listening on port 54444.
[2025-12-14 20:08:16,390 I 1356 2228] core_worker_process.cc:269: Initializing worker at address: 127.0.0.1:54444 worker_id=d861987dc68a615bbabe7763f7e8a2c916ae6ec7e1d24d924ba078de node_id=8eac24cb3ee9bdcc7e93c46a476c65d4fbeaf419a4e7bed86dd854be
[2025-12-14 20:08:16,392 I 1356 2228] task_event_buffer.cc:445: Reporting task events to GCS every 1000ms.
[2025-12-14 20:08:16,395 I 1356 7156] core_worker.cc:419: Event stats:


Global stats: 14 total (10 active)
Queueing time: mean = 36.164 us, max = 425.100 us, min = 81.200 us, total = 506.300 us
Execution time:  mean = 111.857 us, total = 1.566 ms
Event stats:
	PeriodicalRunner.RunFnPeriodically - 7 total (5 active, 1 running), Execution time: mean = 13.729 us, total = 96.100 us, Queueing time: mean = 72.329 us, max = 425.100 us, min = 81.200 us, total = 506.300 us
	Publisher.CheckDeadSubscribers - 1 total (1 active), Execution time: mean = 0.000 s, total = 0.000 s, Queueing time: mean = 0.000 s, max = -0.000 s, min = 9223372036.855 s, total = 0.000 s
	ray::rpc::InternalPubSubGcsService.grpc_client.GcsSubscriberCommandBatch - 1 total (0 active), Execution time: mean = 672.000 us, total = 672.000 us, Queueing time: mean = 0.000 s, max = -0.000 s, min = 9223372036.855 s, total = 0.000 s
	CoreWorker.ExitIfParentRayletDies - 1 total (1 active), Execution time: mean = 0.000 s, total = 0.000 s, Queueing time: mean = 0.000 s, max = -0.000 s, min = 9223372036.855 s, total = 0.000 s
	ray::rpc::WorkerInfoGcsService.grpc_client.AddWorkerInfo.OnReplyReceived - 1 total (1 active), Execution time: mean = 0.000 s, total = 0.000 s, Queueing time: mean = 0.000 s, max = -0.000 s, min = 9223372036.855 s, total = 0.000 s
	ray::rpc::WorkerInfoGcsService.grpc_client.AddWorkerInfo - 1 total (0 active), Execution time: mean = 797.900 us, total = 797.900 us, Queueing time: mean = 0.000 s, max = -0.000 s, min = 9223372036.855 s, total = 0.000 s
	ray::rpc::InternalPubSubGcsService.grpc_client.GcsSubscriberPoll - 1 total (1 active), Execution time: mean = 0.000 s, total = 0.000 s, Queueing time: mean = 0.000 s, max = -0.000 s, min = 9223372036.855 s, total = 0.000 s
	ray::rpc::InternalPubSubGcsService.grpc_client.GcsSubscriberCommandBatch.OnReplyReceived - 1 total (1 active), Execution time: mean = 0.000 s, total = 0.000 s, Queueing time: mean = 0.000 s, max = -0.000 s, min = 9223372036.855 s, total = 0.000 s

-----------------
Task execution event stats:

Global stats: 0 total (0 active)
Queueing time: mean = -nan(ind) s, max = -0.000 s, min = 9223372036.855 s, total = 0.000 s
Execution time:  mean = -nan(ind) s, total = 0.000 s
Event stats:

-----------------
Task Event stats:

IO Service Stats:

Global stats: 4 total (1 active)
Queueing time: mean = 6.925 us, max = 18.600 us, min = 9.100 us, total = 27.700 us
Execution time:  mean = 403.875 us, total = 1.615 ms
Event stats:
	PeriodicalRunner.RunFnPeriodically - 1 total (0 active), Execution time: mean = 696.900 us, total = 696.900 us, Queueing time: mean = 9.100 us, max = 9.100 us, min = 9.100 us, total = 9.100 us
	ray::rpc::TaskInfoGcsService.grpc_client.AddTaskEventData - 1 total (0 active), Execution time: mean = 882.900 us, total = 882.900 us, Queueing time: mean = 0.000 s, max = -0.000 s, min = 9223372036.855 s, total = 0.000 s
	CoreWorker.deadline_timer.flush_task_events - 1 total (1 active), Execution time: mean = 0.000 s, total = 0.000 s, Queueing time: mean = 0.000 s, max = -0.000 s, min = 9223372036.855 s, total = 0.000 s
	ray::rpc::TaskInfoGcsService.grpc_client.AddTaskEventData.OnReplyReceived - 1 total (0 active), Execution time: mean = 35.700 us, total = 35.700 us, Queueing time: mean = 18.600 us, max = 18.600 us, min = 18.600 us, total = 18.600 us
Other Stats:
	gcs_grpc_in_progress:0
	event_aggregator_grpc_in_progress:0
	current number of task status events in buffer: 0
	current number of profile events in buffer: 0
	current number of dropped task attempts tracked: 0
	total task events sent: 0 MiB
	total number of task attempts sent: 0
	total number of task attempts dropped reported: 0
	total number of sent failure: 0
	num status task events dropped: 0
	num profile task events dropped: 0
	num ray task events reported to aggregator: 0
	num ray task events failed to report to aggregator: 0
	num of task attempts dropped reported to aggregator: 0
	num of failed requests to aggregator: 0

[2025-12-14 20:08:16,398 I 1356 7156] accessor.cc:743: Received notification for node, IsAlive = 1 node_id=8eac24cb3ee9bdcc7e93c46a476c65d4fbeaf419a4e7bed86dd854be
[2025-12-14 20:08:16,398 I 1356 7156] normal_task_submitter.cc:833: Number of alive nodes:1
[2025-12-14 20:08:28,494 W 1356 17304] metric_exporter.cc:105: [1] Export metrics to agent failed: RpcError: RPC Error message: failed to connect to all addresses; last error: UNAVAILABLE: ipv4:127.0.0.1:64287: Connection refused; RPC Error details:  rpc_code: 14. This won't affect Ray, but you can lose metrics from the cluster.
[2025-12-14 20:09:16,403 I 1356 7156] core_worker.cc:419: Event stats:


Global stats: 830 total (8 active)
Queueing time: mean = 6.453 ms, max = 30.736 ms, min = -0.001 s, total = 5.356 s
Execution time:  mean = 134.321 us, total = 111.487 ms
Event stats:
	CoreWorker.RecoverObjects - 556 total (1 active), Execution time: mean = 8.798 us, total = 4.892 ms, Queueing time: mean = 8.015 ms, max = 30.736 ms, min = -0.000 s, total = 4.457 s
	NodeManagerService.grpc_client.ReportWorkerBacklog.OnReplyReceived - 60 total (0 active), Execution time: mean = 27.287 us, total = 1.637 ms, Queueing time: mean = 43.863 us, max = 393.800 us, min = 8.000 us, total = 2.632 ms
	CoreWorker.ExitIfParentRayletDies - 60 total (1 active), Execution time: mean = 61.560 us, total = 3.694 ms, Queueing time: mean = 6.453 ms, max = 17.419 ms, min = -0.000 s, total = 387.154 ms
	CoreWorker.InternalHeartbeat - 60 total (1 active), Execution time: mean = 312.353 us, total = 18.741 ms, Queueing time: mean = 6.157 ms, max = 17.192 ms, min = -0.001 s, total = 369.439 ms
	NodeManagerService.grpc_client.ReportWorkerBacklog - 60 total (0 active), Execution time: mean = 1.273 ms, total = 76.405 ms, Queueing time: mean = 0.000 s, max = -0.000 s, min = 9223372036.855 s, total = 0.000 s
	CoreWorker.RecordMetrics - 12 total (1 active), Execution time: mean = 57.725 us, total = 692.700 us, Queueing time: mean = 7.540 ms, max = 13.692 ms, min = 4.980 ms, total = 90.482 ms
	PeriodicalRunner.RunFnPeriodically - 7 total (0 active), Execution time: mean = 416.871 us, total = 2.918 ms, Queueing time: mean = 1.414 ms, max = 3.325 ms, min = 81.200 us, total = 9.901 ms
	CoreWorker.TryDelPendingObjectRefStreams - 6 total (1 active), Execution time: mean = 5.167 us, total = 31.000 us, Queueing time: mean = 5.597 ms, max = 13.691 ms, min = 2.627 ms, total = 33.584 ms
	ray::rpc::WorkerInfoGcsService.grpc_client.AddWorkerInfo - 1 total (0 active), Execution time: mean = 797.900 us, total = 797.900 us, Queueing time: mean = 0.000 s, max = -0.000 s, min = 9223372036.855 s, total = 0.000 s
	ray::rpc::NodeInfoGcsService.grpc_client.GetAllNodeInfo - 1 total (0 active), Execution time: mean = 470.800 us, total = 470.800 us, Queueing time: mean = 0.000 s, max = -0.000 s, min = 9223372036.855 s, total = 0.000 s
	ray::rpc::InternalPubSubGcsService.grpc_client.GcsSubscriberCommandBatch.OnReplyReceived - 1 total (0 active), Execution time: mean = 314.300 us, total = 314.300 us, Queueing time: mean = 2.954 ms, max = 2.954 ms, min = 2.954 ms, total = 2.954 ms
	ray::rpc::InternalPubSubGcsService.grpc_client.GcsSubscriberPoll - 1 total (1 active), Execution time: mean = 0.000 s, total = 0.000 s, Queueing time: mean = 0.000 s, max = -0.000 s, min = 9223372036.855 s, total = 0.000 s
	Publisher.CheckDeadSubscribers - 1 total (1 active), Execution time: mean = 0.000 s, total = 0.000 s, Queueing time: mean = 0.000 s, max = -0.000 s, min = 9223372036.855 s, total = 0.000 s
	ray::rpc::InternalPubSubGcsService.grpc_client.GcsSubscriberCommandBatch - 1 total (0 active), Execution time: mean = 672.000 us, total = 672.000 us, Queueing time: mean = 0.000 s, max = -0.000 s, min = 9223372036.855 s, total = 0.000 s
	CoreWorker.PrintEventStats - 1 total (1 active, 1 running), Execution time: mean = 0.000 s, total = 0.000 s, Queueing time: mean = 0.000 s, max = -0.000 s, min = 9223372036.855 s, total = 0.000 s
	ray::rpc::NodeInfoGcsService.grpc_client.GetAllNodeInfo.OnReplyReceived - 1 total (0 active), Execution time: mean = 178.200 us, total = 178.200 us, Queueing time: mean = 9.200 us, max = 9.200 us, min = 9.200 us, total = 9.200 us
	ray::rpc::WorkerInfoGcsService.grpc_client.AddWorkerInfo.OnReplyReceived - 1 total (0 active), Execution time: mean = 43.000 us, total = 43.000 us, Queueing time: mean = 3.021 ms, max = 3.021 ms, min = 3.021 ms, total = 3.021 ms

-----------------
Task execution event stats:

Global stats: 3648 total (1 active)
Queueing time: mean = 6.439 ms, max = 42.514 ms, min = -0.008 s, total = 23.488 s
Execution time:  mean = 21.894 us, total = 79.870 ms
Event stats:
	CoreWorker.CheckSignal - 3647 total (1 active), Execution time: mean = 21.893 us, total = 79.845 ms, Queueing time: mean = 6.440 ms, max = 42.514 ms, min = -0.008 s, total = 23.488 s
	PeriodicalRunner.RunFnPeriodically - 1 total (0 active), Execution time: mean = 25.500 us, total = 25.500 us, Queueing time: mean = 4.100 us, max = 4.100 us, min = 4.100 us, total = 4.100 us

-----------------
Task Event stats:

IO Service Stats:

Global stats: 181 total (1 active)
Queueing time: mean = 2.082 ms, max = 17.178 ms, min = -0.000 s, total = 376.807 ms
Execution time:  mean = 546.692 us, total = 98.951 ms
Event stats:
	ray::rpc::TaskInfoGcsService.grpc_client.AddTaskEventData - 60 total (0 active), Execution time: mean = 1.284 ms, total = 77.056 ms, Queueing time: mean = 0.000 s, max = -0.000 s, min = 9223372036.855 s, total = 0.000 s
	CoreWorker.deadline_timer.flush_task_events - 60 total (1 active), Execution time: mean = 319.700 us, total = 19.182 ms, Queueing time: mean = 6.231 ms, max = 17.178 ms, min = -0.000 s, total = 373.843 ms
	ray::rpc::TaskInfoGcsService.grpc_client.AddTaskEventData.OnReplyReceived - 60 total (0 active), Execution time: mean = 33.605 us, total = 2.016 ms, Queueing time: mean = 49.258 us, max = 810.800 us, min = 5.700 us, total = 2.955 ms
	PeriodicalRunner.RunFnPeriodically - 1 total (0 active), Execution time: mean = 696.900 us, total = 696.900 us, Queueing time: mean = 9.100 us, max = 9.100 us, min = 9.100 us, total = 9.100 us
Other Stats:
	gcs_grpc_in_progress:0
	event_aggregator_grpc_in_progress:0
	current number of task status events in buffer: 0
	current number of profile events in buffer: 0
	current number of dropped task attempts tracked: 0
	total task events sent: 0 MiB
	total number of task attempts sent: 0
	total number of task attempts dropped reported: 0
	total number of sent failure: 0
	num status task events dropped: 0
	num profile task events dropped: 0
	num ray task events reported to aggregator: 0
	num ray task events failed to report to aggregator: 0
	num of task attempts dropped reported to aggregator: 0
	num of failed requests to aggregator: 0

[2025-12-14 20:10:16,412 I 1356 7156] core_worker.cc:419: Event stats:


Global stats: 1638 total (8 active)
Queueing time: mean = 6.917 ms, max = 30.736 ms, min = -0.001 s, total = 11.329 s
Execution time:  mean = 117.430 us, total = 192.351 ms
Event stats:
	CoreWorker.RecoverObjects - 1105 total (1 active), Execution time: mean = 8.242 us, total = 9.107 ms, Queueing time: mean = 8.617 ms, max = 30.736 ms, min = -0.001 s, total = 9.521 s
	NodeManagerService.grpc_client.ReportWorkerBacklog.OnReplyReceived - 120 total (0 active), Execution time: mean = 24.257 us, total = 2.911 ms, Queueing time: mean = 55.286 us, max = 759.800 us, min = 7.700 us, total = 6.634 ms
	CoreWorker.ExitIfParentRayletDies - 120 total (1 active), Execution time: mean = 68.159 us, total = 8.179 ms, Queueing time: mean = 6.349 ms, max = 17.419 ms, min = -0.001 s, total = 761.927 ms
	CoreWorker.InternalHeartbeat - 120 total (1 active), Execution time: mean = 297.770 us, total = 35.732 ms, Queueing time: mean = 6.232 ms, max = 17.192 ms, min = -0.001 s, total = 747.846 ms
	NodeManagerService.grpc_client.ReportWorkerBacklog - 120 total (0 active), Execution time: mean = 1.071 ms, total = 128.541 ms, Queueing time: mean = 0.000 s, max = -0.000 s, min = 9223372036.855 s, total = 0.000 s
	CoreWorker.RecordMetrics - 24 total (1 active), Execution time: mean = 64.050 us, total = 1.537 ms, Queueing time: mean = 7.914 ms, max = 15.583 ms, min = 1.318 ms, total = 189.945 ms
	CoreWorker.TryDelPendingObjectRefStreams - 12 total (1 active), Execution time: mean = 6.567 us, total = 78.800 us, Queueing time: mean = 6.564 ms, max = 13.691 ms, min = 2.470 ms, total = 78.768 ms
	PeriodicalRunner.RunFnPeriodically - 7 total (0 active), Execution time: mean = 416.871 us, total = 2.918 ms, Queueing time: mean = 1.414 ms, max = 3.325 ms, min = 81.200 us, total = 9.901 ms
	CoreWorker.PrintEventStats - 2 total (1 active, 1 running), Execution time: mean = 434.750 us, total = 869.500 us, Queueing time: mean = 3.524 ms, max = 7.048 ms, min = 7.048 ms, total = 7.048 ms
	ray::rpc::WorkerInfoGcsService.grpc_client.AddWorkerInfo - 1 total (0 active), Execution time: mean = 797.900 us, total = 797.900 us, Queueing time: mean = 0.000 s, max = -0.000 s, min = 9223372036.855 s, total = 0.000 s
	ray::rpc::NodeInfoGcsService.grpc_client.GetAllNodeInfo - 1 total (0 active), Execution time: mean = 470.800 us, total = 470.800 us, Queueing time: mean = 0.000 s, max = -0.000 s, min = 9223372036.855 s, total = 0.000 s
	ray::rpc::InternalPubSubGcsService.grpc_client.GcsSubscriberCommandBatch.OnReplyReceived - 1 total (0 active), Execution time: mean = 314.300 us, total = 314.300 us, Queueing time: mean = 2.954 ms, max = 2.954 ms, min = 2.954 ms, total = 2.954 ms
	ray::rpc::InternalPubSubGcsService.grpc_client.GcsSubscriberPoll - 1 total (1 active), Execution time: mean = 0.000 s, total = 0.000 s, Queueing time: mean = 0.000 s, max = -0.000 s, min = 9223372036.855 s, total = 0.000 s
	Publisher.CheckDeadSubscribers - 1 total (1 active), Execution time: mean = 0.000 s, total = 0.000 s, Queueing time: mean = 0.000 s, max = -0.000 s, min = 9223372036.855 s, total = 0.000 s
	ray::rpc::InternalPubSubGcsService.grpc_client.GcsSubscriberCommandBatch - 1 total (0 active), Execution time: mean = 672.000 us, total = 672.000 us, Queueing time: mean = 0.000 s, max = -0.000 s, min = 9223372036.855 s, total = 0.000 s
	ray::rpc::NodeInfoGcsService.grpc_client.GetAllNodeInfo.OnReplyReceived - 1 total (0 active), Execution time: mean = 178.200 us, total = 178.200 us, Queueing time: mean = 9.200 us, max = 9.200 us, min = 9.200 us, total = 9.200 us
	ray::rpc::WorkerInfoGcsService.grpc_client.AddWorkerInfo.OnReplyReceived - 1 total (0 active), Execution time: mean = 43.000 us, total = 43.000 us, Queueing time: mean = 3.021 ms, max = 3.021 ms, min = 3.021 ms, total = 3.021 ms

-----------------
Task execution event stats:

Global stats: 7350 total (1 active)
Queueing time: mean = 6.316 ms, max = 42.514 ms, min = -0.008 s, total = 46.422 s
Execution time:  mean = 20.805 us, total = 152.914 ms
Event stats:
	CoreWorker.CheckSignal - 7349 total (1 active), Execution time: mean = 20.804 us, total = 152.889 ms, Queueing time: mean = 6.317 ms, max = 42.514 ms, min = -0.008 s, total = 46.422 s
	PeriodicalRunner.RunFnPeriodically - 1 total (0 active), Execution time: mean = 25.500 us, total = 25.500 us, Queueing time: mean = 4.100 us, max = 4.100 us, min = 4.100 us, total = 4.100 us

-----------------
Task Event stats:

IO Service Stats:

Global stats: 361 total (1 active)
Queueing time: mean = 2.057 ms, max = 17.178 ms, min = -0.001 s, total = 742.599 ms
Execution time:  mean = 481.251 us, total = 173.732 ms
Event stats:
	ray::rpc::TaskInfoGcsService.grpc_client.AddTaskEventData - 120 total (0 active), Execution time: mean = 1.100 ms, total = 132.034 ms, Queueing time: mean = 0.000 s, max = -0.000 s, min = 9223372036.855 s, total = 0.000 s
	CoreWorker.deadline_timer.flush_task_events - 120 total (1 active), Execution time: mean = 307.347 us, total = 36.882 ms, Queueing time: mean = 6.132 ms, max = 17.178 ms, min = -0.001 s, total = 735.808 ms
	ray::rpc::TaskInfoGcsService.grpc_client.AddTaskEventData.OnReplyReceived - 120 total (0 active), Execution time: mean = 34.328 us, total = 4.119 ms, Queueing time: mean = 56.513 us, max = 812.500 us, min = 5.700 us, total = 6.782 ms
	PeriodicalRunner.RunFnPeriodically - 1 total (0 active), Execution time: mean = 696.900 us, total = 696.900 us, Queueing time: mean = 9.100 us, max = 9.100 us, min = 9.100 us, total = 9.100 us
Other Stats:
	gcs_grpc_in_progress:0
	event_aggregator_grpc_in_progress:0
	current number of task status events in buffer: 0
	current number of profile events in buffer: 0
	current number of dropped task attempts tracked: 0
	total task events sent: 0 MiB
	total number of task attempts sent: 0
	total number of task attempts dropped reported: 0
	total number of sent failure: 0
	num status task events dropped: 0
	num profile task events dropped: 0
	num ray task events reported to aggregator: 0
	num ray task events failed to report to aggregator: 0
	num of task attempts dropped reported to aggregator: 0
	num of failed requests to aggregator: 0

[2025-12-14 20:11:16,416 I 1356 7156] core_worker.cc:419: Event stats:


Global stats: 2440 total (8 active)
Queueing time: mean = 7.193 ms, max = 30.736 ms, min = -0.001 s, total = 17.550 s
Execution time:  mean = 108.653 us, total = 265.112 ms
Event stats:
	CoreWorker.RecoverObjects - 1652 total (1 active), Execution time: mean = 7.898 us, total = 13.048 ms, Queueing time: mean = 8.979 ms, max = 30.736 ms, min = -0.001 s, total = 14.833 s
	NodeManagerService.grpc_client.ReportWorkerBacklog.OnReplyReceived - 179 total (0 active), Execution time: mean = 22.830 us, total = 4.087 ms, Queueing time: mean = 51.553 us, max = 759.800 us, min = 7.600 us, total = 9.228 ms
	CoreWorker.ExitIfParentRayletDies - 179 total (1 active), Execution time: mean = 70.269 us, total = 12.578 ms, Queueing time: mean = 6.441 ms, max = 17.419 ms, min = -0.001 s, total = 1.153 s
	CoreWorker.InternalHeartbeat - 179 total (1 active), Execution time: mean = 279.936 us, total = 50.109 ms, Queueing time: mean = 6.218 ms, max = 17.192 ms, min = -0.001 s, total = 1.113 s
	NodeManagerService.grpc_client.ReportWorkerBacklog - 179 total (0 active), Execution time: mean = 980.330 us, total = 175.479 ms, Queueing time: mean = 0.000 s, max = -0.000 s, min = 9223372036.855 s, total = 0.000 s
	CoreWorker.RecordMetrics - 36 total (1 active), Execution time: mean = 59.994 us, total = 2.160 ms, Queueing time: mean = 7.848 ms, max = 15.583 ms, min = 125.800 us, total = 282.520 ms
	CoreWorker.TryDelPendingObjectRefStreams - 18 total (1 active), Execution time: mean = 11.306 us, total = 203.500 us, Queueing time: mean = 7.155 ms, max = 14.963 ms, min = -0.000 s, total = 128.788 ms
	PeriodicalRunner.RunFnPeriodically - 7 total (0 active), Execution time: mean = 416.871 us, total = 2.918 ms, Queueing time: mean = 1.414 ms, max = 3.325 ms, min = 81.200 us, total = 9.901 ms
	CoreWorker.PrintEventStats - 3 total (1 active, 1 running), Execution time: mean = 684.767 us, total = 2.054 ms, Queueing time: mean = 4.788 ms, max = 7.317 ms, min = 7.048 ms, total = 14.365 ms
	ray::rpc::WorkerInfoGcsService.grpc_client.AddWorkerInfo - 1 total (0 active), Execution time: mean = 797.900 us, total = 797.900 us, Queueing time: mean = 0.000 s, max = -0.000 s, min = 9223372036.855 s, total = 0.000 s
	ray::rpc::NodeInfoGcsService.grpc_client.GetAllNodeInfo - 1 total (0 active), Execution time: mean = 470.800 us, total = 470.800 us, Queueing time: mean = 0.000 s, max = -0.000 s, min = 9223372036.855 s, total = 0.000 s
	ray::rpc::InternalPubSubGcsService.grpc_client.GcsSubscriberCommandBatch.OnReplyReceived - 1 total (0 active), Execution time: mean = 314.300 us, total = 314.300 us, Queueing time: mean = 2.954 ms, max = 2.954 ms, min = 2.954 ms, total = 2.954 ms
	ray::rpc::InternalPubSubGcsService.grpc_client.GcsSubscriberPoll - 1 total (1 active), Execution time: mean = 0.000 s, total = 0.000 s, Queueing time: mean = 0.000 s, max = -0.000 s, min = 9223372036.855 s, total = 0.000 s
	Publisher.CheckDeadSubscribers - 1 total (1 active), Execution time: mean = 0.000 s, total = 0.000 s, Queueing time: mean = 0.000 s, max = -0.000 s, min = 9223372036.855 s, total = 0.000 s
	ray::rpc::InternalPubSubGcsService.grpc_client.GcsSubscriberCommandBatch - 1 total (0 active), Execution time: mean = 672.000 us, total = 672.000 us, Queueing time: mean = 0.000 s, max = -0.000 s, min = 9223372036.855 s, total = 0.000 s
	ray::rpc::NodeInfoGcsService.grpc_client.GetAllNodeInfo.OnReplyReceived - 1 total (0 active), Execution time: mean = 178.200 us, total = 178.200 us, Queueing time: mean = 9.200 us, max = 9.200 us, min = 9.200 us, total = 9.200 us
	ray::rpc::WorkerInfoGcsService.grpc_client.AddWorkerInfo.OnReplyReceived - 1 total (0 active), Execution time: mean = 43.000 us, total = 43.000 us, Queueing time: mean = 3.021 ms, max = 3.021 ms, min = 3.021 ms, total = 3.021 ms

-----------------
Task execution event stats:

Global stats: 11055 total (1 active)
Queueing time: mean = 6.271 ms, max = 42.514 ms, min = -0.008 s, total = 69.323 s
Execution time:  mean = 20.262 us, total = 223.996 ms
Event stats:
	CoreWorker.CheckSignal - 11054 total (1 active), Execution time: mean = 20.262 us, total = 223.971 ms, Queueing time: mean = 6.271 ms, max = 42.514 ms, min = -0.008 s, total = 69.323 s
	PeriodicalRunner.RunFnPeriodically - 1 total (0 active), Execution time: mean = 25.500 us, total = 25.500 us, Queueing time: mean = 4.100 us, max = 4.100 us, min = 4.100 us, total = 4.100 us

-----------------
Task Event stats:

IO Service Stats:

Global stats: 538 total (1 active)
Queueing time: mean = 2.090 ms, max = 17.178 ms, min = -0.001 s, total = 1.125 s
Execution time:  mean = 450.409 us, total = 242.320 ms
Event stats:
	ray::rpc::TaskInfoGcsService.grpc_client.AddTaskEventData - 179 total (0 active), Execution time: mean = 1.014 ms, total = 181.459 ms, Queueing time: mean = 0.000 s, max = -0.000 s, min = 9223372036.855 s, total = 0.000 s
	CoreWorker.deadline_timer.flush_task_events - 179 total (1 active), Execution time: mean = 302.296 us, total = 54.111 ms, Queueing time: mean = 6.228 ms, max = 17.178 ms, min = -0.001 s, total = 1.115 s
	ray::rpc::TaskInfoGcsService.grpc_client.AddTaskEventData.OnReplyReceived - 179 total (0 active), Execution time: mean = 33.813 us, total = 6.053 ms, Queueing time: mean = 54.501 us, max = 812.500 us, min = 5.700 us, total = 9.756 ms
	PeriodicalRunner.RunFnPeriodically - 1 total (0 active), Execution time: mean = 696.900 us, total = 696.900 us, Queueing time: mean = 9.100 us, max = 9.100 us, min = 9.100 us, total = 9.100 us
Other Stats:
	gcs_grpc_in_progress:0
	event_aggregator_grpc_in_progress:0
	current number of task status events in buffer: 0
	current number of profile events in buffer: 0
	current number of dropped task attempts tracked: 0
	total task events sent: 0 MiB
	total number of task attempts sent: 0
	total number of task attempts dropped reported: 0
	total number of sent failure: 0
	num status task events dropped: 0
	num profile task events dropped: 0
	num ray task events reported to aggregator: 0
	num ray task events failed to report to aggregator: 0
	num of task attempts dropped reported to aggregator: 0
	num of failed requests to aggregator: 0

[2025-12-14 20:12:16,425 I 1356 7156] core_worker.cc:419: Event stats:


Global stats: 3246 total (8 active)
Queueing time: mean = 7.376 ms, max = 30.736 ms, min = -0.001 s, total = 23.942 s
Execution time:  mean = 105.308 us, total = 341.829 ms
Event stats:
	CoreWorker.RecoverObjects - 2199 total (1 active), Execution time: mean = 7.713 us, total = 16.961 ms, Queueing time: mean = 9.151 ms, max = 30.736 ms, min = -0.001 s, total = 20.124 s
	NodeManagerService.grpc_client.ReportWorkerBacklog.OnReplyReceived - 239 total (0 active), Execution time: mean = 22.208 us, total = 5.308 ms, Queueing time: mean = 45.446 us, max = 759.800 us, min = 7.400 us, total = 10.861 ms
	CoreWorker.ExitIfParentRayletDies - 239 total (1 active), Execution time: mean = 68.388 us, total = 16.345 ms, Queueing time: mean = 6.876 ms, max = 17.419 ms, min = -0.001 s, total = 1.643 s
	CoreWorker.InternalHeartbeat - 239 total (1 active), Execution time: mean = 270.460 us, total = 64.640 ms, Queueing time: mean = 6.663 ms, max = 17.192 ms, min = -0.001 s, total = 1.593 s
	NodeManagerService.grpc_client.ReportWorkerBacklog - 239 total (0 active), Execution time: mean = 947.198 us, total = 226.380 ms, Queueing time: mean = 0.000 s, max = -0.000 s, min = 9223372036.855 s, total = 0.000 s
	CoreWorker.RecordMetrics - 48 total (1 active), Execution time: mean = 58.377 us, total = 2.802 ms, Queueing time: mean = 7.433 ms, max = 15.583 ms, min = 125.800 us, total = 356.790 ms
	CoreWorker.TryDelPendingObjectRefStreams - 24 total (1 active), Execution time: mean = 9.779 us, total = 234.700 us, Queueing time: mean = 7.575 ms, max = 15.762 ms, min = -0.000 s, total = 181.791 ms
	PeriodicalRunner.RunFnPeriodically - 7 total (0 active), Execution time: mean = 416.871 us, total = 2.918 ms, Queueing time: mean = 1.414 ms, max = 3.325 ms, min = 81.200 us, total = 9.901 ms
	CoreWorker.PrintEventStats - 4 total (1 active, 1 running), Execution time: mean = 941.200 us, total = 3.765 ms, Queueing time: mean = 4.289 ms, max = 7.317 ms, min = 2.790 ms, total = 17.155 ms
	ray::rpc::WorkerInfoGcsService.grpc_client.AddWorkerInfo - 1 total (0 active), Execution time: mean = 797.900 us, total = 797.900 us, Queueing time: mean = 0.000 s, max = -0.000 s, min = 9223372036.855 s, total = 0.000 s
	ray::rpc::NodeInfoGcsService.grpc_client.GetAllNodeInfo - 1 total (0 active), Execution time: mean = 470.800 us, total = 470.800 us, Queueing time: mean = 0.000 s, max = -0.000 s, min = 9223372036.855 s, total = 0.000 s
	ray::rpc::InternalPubSubGcsService.grpc_client.GcsSubscriberCommandBatch.OnReplyReceived - 1 total (0 active), Execution time: mean = 314.300 us, total = 314.300 us, Queueing time: mean = 2.954 ms, max = 2.954 ms, min = 2.954 ms, total = 2.954 ms
	ray::rpc::InternalPubSubGcsService.grpc_client.GcsSubscriberPoll - 1 total (1 active), Execution time: mean = 0.000 s, total = 0.000 s, Queueing time: mean = 0.000 s, max = -0.000 s, min = 9223372036.855 s, total = 0.000 s
	Publisher.CheckDeadSubscribers - 1 total (1 active), Execution time: mean = 0.000 s, total = 0.000 s, Queueing time: mean = 0.000 s, max = -0.000 s, min = 9223372036.855 s, total = 0.000 s
	ray::rpc::InternalPubSubGcsService.grpc_client.GcsSubscriberCommandBatch - 1 total (0 active), Execution time: mean = 672.000 us, total = 672.000 us, Queueing time: mean = 0.000 s, max = -0.000 s, min = 9223372036.855 s, total = 0.000 s
	ray::rpc::NodeInfoGcsService.grpc_client.GetAllNodeInfo.OnReplyReceived - 1 total (0 active), Execution time: mean = 178.200 us, total = 178.200 us, Queueing time: mean = 9.200 us, max = 9.200 us, min = 9.200 us, total = 9.200 us
	ray::rpc::WorkerInfoGcsService.grpc_client.AddWorkerInfo.OnReplyReceived - 1 total (0 active), Execution time: mean = 43.000 us, total = 43.000 us, Queueing time: mean = 3.021 ms, max = 3.021 ms, min = 3.021 ms, total = 3.021 ms

-----------------
Task execution event stats:

Global stats: 14777 total (1 active)
Queueing time: mean = 6.230 ms, max = 42.514 ms, min = -0.008 s, total = 92.061 s
Execution time:  mean = 19.798 us, total = 292.548 ms
Event stats:
	CoreWorker.CheckSignal - 14776 total (1 active), Execution time: mean = 19.797 us, total = 292.522 ms, Queueing time: mean = 6.230 ms, max = 42.514 ms, min = -0.008 s, total = 92.061 s
	PeriodicalRunner.RunFnPeriodically - 1 total (0 active), Execution time: mean = 25.500 us, total = 25.500 us, Queueing time: mean = 4.100 us, max = 4.100 us, min = 4.100 us, total = 4.100 us

-----------------
Task Event stats:

IO Service Stats:

Global stats: 718 total (1 active)
Queueing time: mean = 2.231 ms, max = 17.178 ms, min = -0.001 s, total = 1.602 s
Execution time:  mean = 426.755 us, total = 306.410 ms
Event stats:
	ray::rpc::TaskInfoGcsService.grpc_client.AddTaskEventData - 239 total (0 active), Execution time: mean = 943.186 us, total = 225.422 ms, Queueing time: mean = 0.000 s, max = -0.000 s, min = 9223372036.855 s, total = 0.000 s
	CoreWorker.deadline_timer.flush_task_events - 239 total (1 active), Execution time: mean = 303.296 us, total = 72.488 ms, Queueing time: mean = 6.655 ms, max = 17.178 ms, min = -0.001 s, total = 1.591 s
	ray::rpc::TaskInfoGcsService.grpc_client.AddTaskEventData.OnReplyReceived - 239 total (0 active), Execution time: mean = 32.653 us, total = 7.804 ms, Queueing time: mean = 47.786 us, max = 812.500 us, min = 5.700 us, total = 11.421 ms
	PeriodicalRunner.RunFnPeriodically - 1 total (0 active), Execution time: mean = 696.900 us, total = 696.900 us, Queueing time: mean = 9.100 us, max = 9.100 us, min = 9.100 us, total = 9.100 us
Other Stats:
	gcs_grpc_in_progress:0
	event_aggregator_grpc_in_progress:0
	current number of task status events in buffer: 0
	current number of profile events in buffer: 0
	current number of dropped task attempts tracked: 0
	total task events sent: 0 MiB
	total number of task attempts sent: 0
	total number of task attempts dropped reported: 0
	total number of sent failure: 0
	num status task events dropped: 0
	num profile task events dropped: 0
	num ray task events reported to aggregator: 0
	num ray task events failed to report to aggregator: 0
	num of task attempts dropped reported to aggregator: 0
	num of failed requests to aggregator: 0

[2025-12-14 20:13:16,432 I 1356 7156] core_worker.cc:419: Event stats:


Global stats: 4048 total (8 active)
Queueing time: mean = 7.505 ms, max = 39.217 ms, min = -0.001 s, total = 30.382 s
Execution time:  mean = 100.146 us, total = 405.390 ms
Event stats:
	CoreWorker.RecoverObjects - 2745 total (1 active), Execution time: mean = 7.587 us, total = 20.825 ms, Queueing time: mean = 9.323 ms, max = 39.217 ms, min = -0.001 s, total = 25.592 s
	NodeManagerService.grpc_client.ReportWorkerBacklog.OnReplyReceived - 298 total (0 active), Execution time: mean = 21.303 us, total = 6.348 ms, Queueing time: mean = 41.172 us, max = 759.800 us, min = 6.300 us, total = 12.269 ms
	CoreWorker.ExitIfParentRayletDies - 298 total (1 active), Execution time: mean = 68.459 us, total = 20.401 ms, Queueing time: mean = 6.905 ms, max = 17.419 ms, min = -0.001 s, total = 2.058 s
	CoreWorker.InternalHeartbeat - 298 total (1 active), Execution time: mean = 262.630 us, total = 78.264 ms, Queueing time: mean = 6.703 ms, max = 17.192 ms, min = -0.001 s, total = 1.997 s
	NodeManagerService.grpc_client.ReportWorkerBacklog - 298 total (0 active), Execution time: mean = 891.925 us, total = 265.794 ms, Queueing time: mean = 0.000 s, max = -0.000 s, min = 9223372036.855 s, total = 0.000 s
	CoreWorker.RecordMetrics - 60 total (1 active), Execution time: mean = 58.518 us, total = 3.511 ms, Queueing time: mean = 7.706 ms, max = 15.583 ms, min = 125.800 us, total = 462.330 ms
	CoreWorker.TryDelPendingObjectRefStreams - 30 total (1 active), Execution time: mean = 9.457 us, total = 283.700 us, Queueing time: mean = 7.057 ms, max = 15.762 ms, min = -0.000 s, total = 211.715 ms
	PeriodicalRunner.RunFnPeriodically - 7 total (0 active), Execution time: mean = 416.871 us, total = 2.918 ms, Queueing time: mean = 1.414 ms, max = 3.325 ms, min = 81.200 us, total = 9.901 ms
	CoreWorker.PrintEventStats - 5 total (1 active, 1 running), Execution time: mean = 911.520 us, total = 4.558 ms, Queueing time: mean = 5.000 ms, max = 7.847 ms, min = 2.790 ms, total = 25.003 ms
	Publisher.CheckDeadSubscribers - 2 total (1 active), Execution time: mean = 5.800 us, total = 11.600 us, Queueing time: mean = 3.727 ms, max = 7.453 ms, min = 7.453 ms, total = 7.453 ms
	ray::rpc::WorkerInfoGcsService.grpc_client.AddWorkerInfo - 1 total (0 active), Execution time: mean = 797.900 us, total = 797.900 us, Queueing time: mean = 0.000 s, max = -0.000 s, min = 9223372036.855 s, total = 0.000 s
	ray::rpc::NodeInfoGcsService.grpc_client.GetAllNodeInfo - 1 total (0 active), Execution time: mean = 470.800 us, total = 470.800 us, Queueing time: mean = 0.000 s, max = -0.000 s, min = 9223372036.855 s, total = 0.000 s
	ray::rpc::InternalPubSubGcsService.grpc_client.GcsSubscriberCommandBatch.OnReplyReceived - 1 total (0 active), Execution time: mean = 314.300 us, total = 314.300 us, Queueing time: mean = 2.954 ms, max = 2.954 ms, min = 2.954 ms, total = 2.954 ms
	ray::rpc::InternalPubSubGcsService.grpc_client.GcsSubscriberPoll - 1 total (1 active), Execution time: mean = 0.000 s, total = 0.000 s, Queueing time: mean = 0.000 s, max = -0.000 s, min = 9223372036.855 s, total = 0.000 s
	ray::rpc::InternalPubSubGcsService.grpc_client.GcsSubscriberCommandBatch - 1 total (0 active), Execution time: mean = 672.000 us, total = 672.000 us, Queueing time: mean = 0.000 s, max = -0.000 s, min = 9223372036.855 s, total = 0.000 s
	ray::rpc::NodeInfoGcsService.grpc_client.GetAllNodeInfo.OnReplyReceived - 1 total (0 active), Execution time: mean = 178.200 us, total = 178.200 us, Queueing time: mean = 9.200 us, max = 9.200 us, min = 9.200 us, total = 9.200 us
	ray::rpc::WorkerInfoGcsService.grpc_client.AddWorkerInfo.OnReplyReceived - 1 total (0 active), Execution time: mean = 43.000 us, total = 43.000 us, Queueing time: mean = 3.021 ms, max = 3.021 ms, min = 3.021 ms, total = 3.021 ms

-----------------
Task execution event stats:

Global stats: 18486 total (1 active)
Queueing time: mean = 6.217 ms, max = 57.182 ms, min = -0.008 s, total = 114.926 s
Execution time:  mean = 19.548 us, total = 361.362 ms
Event stats:
	CoreWorker.CheckSignal - 18485 total (1 active), Execution time: mean = 19.548 us, total = 361.336 ms, Queueing time: mean = 6.217 ms, max = 57.182 ms, min = -0.008 s, total = 114.926 s
	PeriodicalRunner.RunFnPeriodically - 1 total (0 active), Execution time: mean = 25.500 us, total = 25.500 us, Queueing time: mean = 4.100 us, max = 4.100 us, min = 4.100 us, total = 4.100 us

-----------------
Task Event stats:

IO Service Stats:

Global stats: 895 total (1 active)
Queueing time: mean = 2.241 ms, max = 17.178 ms, min = -0.001 s, total = 2.006 s
Execution time:  mean = 407.345 us, total = 364.574 ms
Event stats:
	ray::rpc::TaskInfoGcsService.grpc_client.AddTaskEventData - 298 total (0 active), Execution time: mean = 892.721 us, total = 266.031 ms, Queueing time: mean = 0.000 s, max = -0.000 s, min = 9223372036.855 s, total = 0.000 s
	CoreWorker.deadline_timer.flush_task_events - 298 total (1 active), Execution time: mean = 297.236 us, total = 88.576 ms, Queueing time: mean = 6.688 ms, max = 17.178 ms, min = -0.001 s, total = 1.993 s
	ray::rpc::TaskInfoGcsService.grpc_client.AddTaskEventData.OnReplyReceived - 298 total (0 active), Execution time: mean = 31.108 us, total = 9.270 ms, Queueing time: mean = 43.957 us, max = 812.500 us, min = 5.700 us, total = 13.099 ms
	PeriodicalRunner.RunFnPeriodically - 1 total (0 active), Execution time: mean = 696.900 us, total = 696.900 us, Queueing time: mean = 9.100 us, max = 9.100 us, min = 9.100 us, total = 9.100 us
Other Stats:
	gcs_grpc_in_progress:0
	event_aggregator_grpc_in_progress:0
	current number of task status events in buffer: 0
	current number of profile events in buffer: 0
	current number of dropped task attempts tracked: 0
	total task events sent: 0 MiB
	total number of task attempts sent: 0
	total number of task attempts dropped reported: 0
	total number of sent failure: 0
	num status task events dropped: 0
	num profile task events dropped: 0
	num ray task events reported to aggregator: 0
	num ray task events failed to report to aggregator: 0
	num of task attempts dropped reported to aggregator: 0
	num of failed requests to aggregator: 0

[2025-12-14 20:14:16,444 I 1356 7156] core_worker.cc:419: Event stats:


Global stats: 4854 total (8 active)
Queueing time: mean = 7.573 ms, max = 39.217 ms, min = -0.001 s, total = 36.761 s
Execution time:  mean = 103.181 us, total = 500.842 ms
Event stats:
	CoreWorker.RecoverObjects - 3292 total (1 active), Execution time: mean = 7.496 us, total = 24.677 ms, Queueing time: mean = 9.391 ms, max = 39.217 ms, min = -0.001 s, total = 30.916 s
	NodeManagerService.grpc_client.ReportWorkerBacklog.OnReplyReceived - 358 total (0 active), Execution time: mean = 20.753 us, total = 7.430 ms, Queueing time: mean = 42.829 us, max = 759.800 us, min = 6.300 us, total = 15.333 ms
	CoreWorker.ExitIfParentRayletDies - 358 total (1 active), Execution time: mean = 66.253 us, total = 23.719 ms, Queueing time: mean = 7.055 ms, max = 17.419 ms, min = -0.001 s, total = 2.526 s
	CoreWorker.InternalHeartbeat - 358 total (1 active), Execution time: mean = 260.961 us, total = 93.424 ms, Queueing time: mean = 6.853 ms, max = 17.192 ms, min = -0.001 s, total = 2.453 s
	NodeManagerService.grpc_client.ReportWorkerBacklog - 358 total (0 active), Execution time: mean = 939.759 us, total = 336.434 ms, Queueing time: mean = 0.000 s, max = -0.000 s, min = 9223372036.855 s, total = 0.000 s
	CoreWorker.RecordMetrics - 72 total (1 active), Execution time: mean = 57.837 us, total = 4.164 ms, Queueing time: mean = 7.382 ms, max = 15.583 ms, min = 125.800 us, total = 531.471 ms
	CoreWorker.TryDelPendingObjectRefStreams - 36 total (1 active), Execution time: mean = 9.061 us, total = 326.200 us, Queueing time: mean = 7.340 ms, max = 15.762 ms, min = -0.000 s, total = 264.241 ms
	PeriodicalRunner.RunFnPeriodically - 7 total (0 active), Execution time: mean = 416.871 us, total = 2.918 ms, Queueing time: mean = 1.414 ms, max = 3.325 ms, min = 81.200 us, total = 9.901 ms
	CoreWorker.PrintEventStats - 6 total (1 active, 1 running), Execution time: mean = 877.100 us, total = 5.263 ms, Queueing time: mean = 5.190 ms, max = 7.847 ms, min = 2.790 ms, total = 31.140 ms
	Publisher.CheckDeadSubscribers - 2 total (1 active), Execution time: mean = 5.800 us, total = 11.600 us, Queueing time: mean = 3.727 ms, max = 7.453 ms, min = 7.453 ms, total = 7.453 ms
	ray::rpc::WorkerInfoGcsService.grpc_client.AddWorkerInfo - 1 total (0 active), Execution time: mean = 797.900 us, total = 797.900 us, Queueing time: mean = 0.000 s, max = -0.000 s, min = 9223372036.855 s, total = 0.000 s
	ray::rpc::NodeInfoGcsService.grpc_client.GetAllNodeInfo - 1 total (0 active), Execution time: mean = 470.800 us, total = 470.800 us, Queueing time: mean = 0.000 s, max = -0.000 s, min = 9223372036.855 s, total = 0.000 s
	ray::rpc::InternalPubSubGcsService.grpc_client.GcsSubscriberCommandBatch.OnReplyReceived - 1 total (0 active), Execution time: mean = 314.300 us, total = 314.300 us, Queueing time: mean = 2.954 ms, max = 2.954 ms, min = 2.954 ms, total = 2.954 ms
	ray::rpc::InternalPubSubGcsService.grpc_client.GcsSubscriberPoll - 1 total (1 active), Execution time: mean = 0.000 s, total = 0.000 s, Queueing time: mean = 0.000 s, max = -0.000 s, min = 9223372036.855 s, total = 0.000 s
	ray::rpc::InternalPubSubGcsService.grpc_client.GcsSubscriberCommandBatch - 1 total (0 active), Execution time: mean = 672.000 us, total = 672.000 us, Queueing time: mean = 0.000 s, max = -0.000 s, min = 9223372036.855 s, total = 0.000 s
	ray::rpc::NodeInfoGcsService.grpc_client.GetAllNodeInfo.OnReplyReceived - 1 total (0 active), Execution time: mean = 178.200 us, total = 178.200 us, Queueing time: mean = 9.200 us, max = 9.200 us, min = 9.200 us, total = 9.200 us
	ray::rpc::WorkerInfoGcsService.grpc_client.AddWorkerInfo.OnReplyReceived - 1 total (0 active), Execution time: mean = 43.000 us, total = 43.000 us, Queueing time: mean = 3.021 ms, max = 3.021 ms, min = 3.021 ms, total = 3.021 ms

-----------------
Task execution event stats:

Global stats: 22207 total (1 active)
Queueing time: mean = 6.200 ms, max = 57.182 ms, min = -0.008 s, total = 137.675 s
Execution time:  mean = 19.390 us, total = 430.603 ms
Event stats:
	CoreWorker.CheckSignal - 22206 total (1 active), Execution time: mean = 19.390 us, total = 430.577 ms, Queueing time: mean = 6.200 ms, max = 57.182 ms, min = -0.008 s, total = 137.675 s
	PeriodicalRunner.RunFnPeriodically - 1 total (0 active), Execution time: mean = 25.500 us, total = 25.500 us, Queueing time: mean = 4.100 us, max = 4.100 us, min = 4.100 us, total = 4.100 us

-----------------
Task Event stats:

IO Service Stats:

Global stats: 1075 total (1 active)
Queueing time: mean = 2.291 ms, max = 17.178 ms, min = -0.001 s, total = 2.463 s
Execution time:  mean = 427.357 us, total = 459.409 ms
Event stats:
	ray::rpc::TaskInfoGcsService.grpc_client.AddTaskEventData - 358 total (0 active), Execution time: mean = 955.380 us, total = 342.026 ms, Queueing time: mean = 0.000 s, max = -0.000 s, min = 9223372036.855 s, total = 0.000 s
	CoreWorker.deadline_timer.flush_task_events - 358 total (1 active), Execution time: mean = 295.906 us, total = 105.934 ms, Queueing time: mean = 6.835 ms, max = 17.178 ms, min = -0.001 s, total = 2.447 s
	ray::rpc::TaskInfoGcsService.grpc_client.AddTaskEventData.OnReplyReceived - 358 total (0 active), Execution time: mean = 30.033 us, total = 10.752 ms, Queueing time: mean = 44.261 us, max = 812.500 us, min = 5.700 us, total = 15.845 ms
	PeriodicalRunner.RunFnPeriodically - 1 total (0 active), Execution time: mean = 696.900 us, total = 696.900 us, Queueing time: mean = 9.100 us, max = 9.100 us, min = 9.100 us, total = 9.100 us
Other Stats:
	gcs_grpc_in_progress:0
	event_aggregator_grpc_in_progress:0
	current number of task status events in buffer: 0
	current number of profile events in buffer: 0
	current number of dropped task attempts tracked: 0
	total task events sent: 0 MiB
	total number of task attempts sent: 0
	total number of task attempts dropped reported: 0
	total number of sent failure: 0
	num status task events dropped: 0
	num profile task events dropped: 0
	num ray task events reported to aggregator: 0
	num ray task events failed to report to aggregator: 0
	num of task attempts dropped reported to aggregator: 0
	num of failed requests to aggregator: 0

[2025-12-14 20:15:16,457 I 1356 7156] core_worker.cc:419: Event stats:


Global stats: 5659 total (8 active)
Queueing time: mean = 7.609 ms, max = 39.217 ms, min = -0.001 s, total = 43.057 s
Execution time:  mean = 101.940 us, total = 576.880 ms
Event stats:
	CoreWorker.RecoverObjects - 3838 total (1 active), Execution time: mean = 7.435 us, total = 28.537 ms, Queueing time: mean = 9.461 ms, max = 39.217 ms, min = -0.001 s, total = 36.312 s
	NodeManagerService.grpc_client.ReportWorkerBacklog.OnReplyReceived - 418 total (0 active), Execution time: mean = 22.284 us, total = 9.315 ms, Queueing time: mean = 44.355 us, max = 759.800 us, min = 6.300 us, total = 18.540 ms
	CoreWorker.ExitIfParentRayletDies - 418 total (1 active), Execution time: mean = 64.811 us, total = 27.091 ms, Queueing time: mean = 6.960 ms, max = 17.419 ms, min = -0.001 s, total = 2.909 s
	CoreWorker.InternalHeartbeat - 418 total (1 active), Execution time: mean = 259.253 us, total = 108.368 ms, Queueing time: mean = 6.760 ms, max = 17.192 ms, min = -0.001 s, total = 2.826 s
	NodeManagerService.grpc_client.ReportWorkerBacklog - 418 total (0 active), Execution time: mean = 920.226 us, total = 384.654 ms, Queueing time: mean = 0.000 s, max = -0.000 s, min = 9223372036.855 s, total = 0.000 s
	CoreWorker.RecordMetrics - 84 total (1 active), Execution time: mean = 69.388 us, total = 5.829 ms, Queueing time: mean = 7.412 ms, max = 15.782 ms, min = 125.800 us, total = 622.635 ms
	CoreWorker.TryDelPendingObjectRefStreams - 42 total (1 active), Execution time: mean = 8.788 us, total = 369.100 us, Queueing time: mean = 7.234 ms, max = 15.762 ms, min = -0.000 s, total = 303.831 ms
	PeriodicalRunner.RunFnPeriodically - 7 total (0 active), Execution time: mean = 416.871 us, total = 2.918 ms, Queueing time: mean = 1.414 ms, max = 3.325 ms, min = 81.200 us, total = 9.901 ms
	CoreWorker.PrintEventStats - 7 total (1 active, 1 running), Execution time: mean = 1.045 ms, total = 7.312 ms, Queueing time: mean = 5.979 ms, max = 10.716 ms, min = 2.790 ms, total = 41.856 ms
	Publisher.CheckDeadSubscribers - 2 total (1 active), Execution time: mean = 5.800 us, total = 11.600 us, Queueing time: mean = 3.727 ms, max = 7.453 ms, min = 7.453 ms, total = 7.453 ms
	ray::rpc::WorkerInfoGcsService.grpc_client.AddWorkerInfo - 1 total (0 active), Execution time: mean = 797.900 us, total = 797.900 us, Queueing time: mean = 0.000 s, max = -0.000 s, min = 9223372036.855 s, total = 0.000 s
	ray::rpc::NodeInfoGcsService.grpc_client.GetAllNodeInfo - 1 total (0 active), Execution time: mean = 470.800 us, total = 470.800 us, Queueing time: mean = 0.000 s, max = -0.000 s, min = 9223372036.855 s, total = 0.000 s
	ray::rpc::InternalPubSubGcsService.grpc_client.GcsSubscriberCommandBatch.OnReplyReceived - 1 total (0 active), Execution time: mean = 314.300 us, total = 314.300 us, Queueing time: mean = 2.954 ms, max = 2.954 ms, min = 2.954 ms, total = 2.954 ms
	ray::rpc::InternalPubSubGcsService.grpc_client.GcsSubscriberPoll - 1 total (1 active), Execution time: mean = 0.000 s, total = 0.000 s, Queueing time: mean = 0.000 s, max = -0.000 s, min = 9223372036.855 s, total = 0.000 s
	ray::rpc::InternalPubSubGcsService.grpc_client.GcsSubscriberCommandBatch - 1 total (0 active), Execution time: mean = 672.000 us, total = 672.000 us, Queueing time: mean = 0.000 s, max = -0.000 s, min = 9223372036.855 s, total = 0.000 s
	ray::rpc::NodeInfoGcsService.grpc_client.GetAllNodeInfo.OnReplyReceived - 1 total (0 active), Execution time: mean = 178.200 us, total = 178.200 us, Queueing time: mean = 9.200 us, max = 9.200 us, min = 9.200 us, total = 9.200 us
	ray::rpc::WorkerInfoGcsService.grpc_client.AddWorkerInfo.OnReplyReceived - 1 total (0 active), Execution time: mean = 43.000 us, total = 43.000 us, Queueing time: mean = 3.021 ms, max = 3.021 ms, min = 3.021 ms, total = 3.021 ms

-----------------
Task execution event stats:

Global stats: 25926 total (1 active)
Queueing time: mean = 6.189 ms, max = 57.182 ms, min = -0.008 s, total = 160.446 s
Execution time:  mean = 19.376 us, total = 502.347 ms
Event stats:
	CoreWorker.CheckSignal - 25925 total (1 active), Execution time: mean = 19.376 us, total = 502.322 ms, Queueing time: mean = 6.189 ms, max = 57.182 ms, min = -0.008 s, total = 160.446 s
	PeriodicalRunner.RunFnPeriodically - 1 total (0 active), Execution time: mean = 25.500 us, total = 25.500 us, Queueing time: mean = 4.100 us, max = 4.100 us, min = 4.100 us, total = 4.100 us

-----------------
Task Event stats:

IO Service Stats:

Global stats: 1255 total (1 active)
Queueing time: mean = 2.260 ms, max = 17.178 ms, min = -0.001 s, total = 2.837 s
Execution time:  mean = 424.540 us, total = 532.798 ms
Event stats:
	ray::rpc::TaskInfoGcsService.grpc_client.AddTaskEventData - 418 total (0 active), Execution time: mean = 947.189 us, total = 395.925 ms, Queueing time: mean = 0.000 s, max = -0.000 s, min = 9223372036.855 s, total = 0.000 s
	CoreWorker.deadline_timer.flush_task_events - 418 total (1 active), Execution time: mean = 296.468 us, total = 123.924 ms, Queueing time: mean = 6.739 ms, max = 17.178 ms, min = -0.001 s, total = 2.817 s
	ray::rpc::TaskInfoGcsService.grpc_client.AddTaskEventData.OnReplyReceived - 418 total (0 active), Execution time: mean = 29.311 us, total = 12.252 ms, Queueing time: mean = 47.354 us, max = 962.900 us, min = 5.700 us, total = 19.794 ms
	PeriodicalRunner.RunFnPeriodically - 1 total (0 active), Execution time: mean = 696.900 us, total = 696.900 us, Queueing time: mean = 9.100 us, max = 9.100 us, min = 9.100 us, total = 9.100 us
Other Stats:
	gcs_grpc_in_progress:0
	event_aggregator_grpc_in_progress:0
	current number of task status events in buffer: 0
	current number of profile events in buffer: 0
	current number of dropped task attempts tracked: 0
	total task events sent: 0 MiB
	total number of task attempts sent: 0
	total number of task attempts dropped reported: 0
	total number of sent failure: 0
	num status task events dropped: 0
	num profile task events dropped: 0
	num ray task events reported to aggregator: 0
	num ray task events failed to report to aggregator: 0
	num of task attempts dropped reported to aggregator: 0
	num of failed requests to aggregator: 0

[2025-12-14 20:16:16,460 I 1356 7156] core_worker.cc:419: Event stats:


Global stats: 6459 total (8 active)
Queueing time: mean = 7.659 ms, max = 39.217 ms, min = -0.001 s, total = 49.469 s
Execution time:  mean = 106.016 us, total = 684.755 ms
Event stats:
	CoreWorker.RecoverObjects - 4383 total (1 active), Execution time: mean = 7.497 us, total = 32.858 ms, Queueing time: mean = 9.532 ms, max = 39.217 ms, min = -0.001 s, total = 41.781 s
	NodeManagerService.grpc_client.ReportWorkerBacklog.OnReplyReceived - 477 total (0 active), Execution time: mean = 21.907 us, total = 10.450 ms, Queueing time: mean = 43.823 us, max = 759.800 us, min = 6.300 us, total = 20.904 ms
	CoreWorker.ExitIfParentRayletDies - 477 total (1 active), Execution time: mean = 63.561 us, total = 30.319 ms, Queueing time: mean = 6.940 ms, max = 17.419 ms, min = -0.001 s, total = 3.310 s
	CoreWorker.InternalHeartbeat - 477 total (1 active), Execution time: mean = 259.082 us, total = 123.582 ms, Queueing time: mean = 6.740 ms, max = 17.192 ms, min = -0.001 s, total = 3.215 s
	NodeManagerService.grpc_client.ReportWorkerBacklog - 477 total (0 active), Execution time: mean = 978.191 us, total = 466.597 ms, Queueing time: mean = 0.000 s, max = -0.000 s, min = 9223372036.855 s, total = 0.000 s
	CoreWorker.RecordMetrics - 96 total (1 active), Execution time: mean = 76.016 us, total = 7.298 ms, Queueing time: mean = 7.538 ms, max = 15.782 ms, min = 125.800 us, total = 723.611 ms
	CoreWorker.TryDelPendingObjectRefStreams - 48 total (1 active), Execution time: mean = 8.340 us, total = 400.300 us, Queueing time: mean = 7.108 ms, max = 15.762 ms, min = -0.000 s, total = 341.164 ms
	CoreWorker.PrintEventStats - 8 total (1 active, 1 running), Execution time: mean = 980.663 us, total = 7.845 ms, Queueing time: mean = 6.712 ms, max = 11.840 ms, min = 2.790 ms, total = 53.697 ms
	PeriodicalRunner.RunFnPeriodically - 7 total (0 active), Execution time: mean = 416.871 us, total = 2.918 ms, Queueing time: mean = 1.414 ms, max = 3.325 ms, min = 81.200 us, total = 9.901 ms
	Publisher.CheckDeadSubscribers - 2 total (1 active), Execution time: mean = 5.800 us, total = 11.600 us, Queueing time: mean = 3.727 ms, max = 7.453 ms, min = 7.453 ms, total = 7.453 ms
	ray::rpc::WorkerInfoGcsService.grpc_client.AddWorkerInfo - 1 total (0 active), Execution time: mean = 797.900 us, total = 797.900 us, Queueing time: mean = 0.000 s, max = -0.000 s, min = 9223372036.855 s, total = 0.000 s
	ray::rpc::NodeInfoGcsService.grpc_client.GetAllNodeInfo - 1 total (0 active), Execution time: mean = 470.800 us, total = 470.800 us, Queueing time: mean = 0.000 s, max = -0.000 s, min = 9223372036.855 s, total = 0.000 s
	ray::rpc::InternalPubSubGcsService.grpc_client.GcsSubscriberCommandBatch.OnReplyReceived - 1 total (0 active), Execution time: mean = 314.300 us, total = 314.300 us, Queueing time: mean = 2.954 ms, max = 2.954 ms, min = 2.954 ms, total = 2.954 ms
	ray::rpc::InternalPubSubGcsService.grpc_client.GcsSubscriberPoll - 1 total (1 active), Execution time: mean = 0.000 s, total = 0.000 s, Queueing time: mean = 0.000 s, max = -0.000 s, min = 9223372036.855 s, total = 0.000 s
	ray::rpc::InternalPubSubGcsService.grpc_client.GcsSubscriberCommandBatch - 1 total (0 active), Execution time: mean = 672.000 us, total = 672.000 us, Queueing time: mean = 0.000 s, max = -0.000 s, min = 9223372036.855 s, total = 0.000 s
	ray::rpc::NodeInfoGcsService.grpc_client.GetAllNodeInfo.OnReplyReceived - 1 total (0 active), Execution time: mean = 178.200 us, total = 178.200 us, Queueing time: mean = 9.200 us, max = 9.200 us, min = 9.200 us, total = 9.200 us
	ray::rpc::WorkerInfoGcsService.grpc_client.AddWorkerInfo.OnReplyReceived - 1 total (0 active), Execution time: mean = 43.000 us, total = 43.000 us, Queueing time: mean = 3.021 ms, max = 3.021 ms, min = 3.021 ms, total = 3.021 ms

-----------------
Task execution event stats:

Global stats: 29639 total (1 active)
Queueing time: mean = 6.183 ms, max = 57.182 ms, min = -0.008 s, total = 183.263 s
Execution time:  mean = 19.475 us, total = 577.213 ms
Event stats:
	CoreWorker.CheckSignal - 29638 total (1 active), Execution time: mean = 19.475 us, total = 577.187 ms, Queueing time: mean = 6.183 ms, max = 57.182 ms, min = -0.008 s, total = 183.263 s
	PeriodicalRunner.RunFnPeriodically - 1 total (0 active), Execution time: mean = 25.500 us, total = 25.500 us, Queueing time: mean = 4.100 us, max = 4.100 us, min = 4.100 us, total = 4.100 us

-----------------
Task Event stats:

IO Service Stats:

Global stats: 1432 total (1 active)
Queueing time: mean = 2.254 ms, max = 17.178 ms, min = -0.001 s, total = 3.228 s
Execution time:  mean = 441.367 us, total = 632.038 ms
Event stats:
	ray::rpc::TaskInfoGcsService.grpc_client.AddTaskEventData - 477 total (0 active), Execution time: mean = 1.002 ms, total = 477.918 ms, Queueing time: mean = 0.000 s, max = -0.000 s, min = 9223372036.855 s, total = 0.000 s
	CoreWorker.deadline_timer.flush_task_events - 477 total (1 active), Execution time: mean = 292.543 us, total = 139.543 ms, Queueing time: mean = 6.720 ms, max = 17.178 ms, min = -0.001 s, total = 3.205 s
	ray::rpc::TaskInfoGcsService.grpc_client.AddTaskEventData.OnReplyReceived - 477 total (0 active), Execution time: mean = 29.099 us, total = 13.880 ms, Queueing time: mean = 46.701 us, max = 962.900 us, min = 5.700 us, total = 22.276 ms
	PeriodicalRunner.RunFnPeriodically - 1 total (0 active), Execution time: mean = 696.900 us, total = 696.900 us, Queueing time: mean = 9.100 us, max = 9.100 us, min = 9.100 us, total = 9.100 us
Other Stats:
	gcs_grpc_in_progress:0
	event_aggregator_grpc_in_progress:0
	current number of task status events in buffer: 0
	current number of profile events in buffer: 0
	current number of dropped task attempts tracked: 0
	total task events sent: 0 MiB
	total number of task attempts sent: 0
	total number of task attempts dropped reported: 0
	total number of sent failure: 0
	num status task events dropped: 0
	num profile task events dropped: 0
	num ray task events reported to aggregator: 0
	num ray task events failed to report to aggregator: 0
	num of task attempts dropped reported to aggregator: 0
	num of failed requests to aggregator: 0

[2025-12-14 20:17:16,469 I 1356 7156] core_worker.cc:419: Event stats:


Global stats: 7264 total (8 active)
Queueing time: mean = 7.685 ms, max = 39.217 ms, min = -0.001 s, total = 55.824 s
Execution time:  mean = 103.665 us, total = 753.020 ms
Event stats:
	CoreWorker.RecoverObjects - 4929 total (1 active), Execution time: mean = 7.568 us, total = 37.301 ms, Queueing time: mean = 9.583 ms, max = 39.217 ms, min = -0.001 s, total = 47.235 s
	NodeManagerService.grpc_client.ReportWorkerBacklog.OnReplyReceived - 537 total (0 active), Execution time: mean = 21.937 us, total = 11.780 ms, Queueing time: mean = 43.516 us, max = 759.800 us, min = 4.800 us, total = 23.368 ms
	CoreWorker.ExitIfParentRayletDies - 537 total (1 active), Execution time: mean = 62.687 us, total = 33.663 ms, Queueing time: mean = 6.872 ms, max = 17.419 ms, min = -0.001 s, total = 3.690 s
	CoreWorker.InternalHeartbeat - 537 total (1 active), Execution time: mean = 255.137 us, total = 137.008 ms, Queueing time: mean = 6.676 ms, max = 17.192 ms, min = -0.001 s, total = 3.585 s
	NodeManagerService.grpc_client.ReportWorkerBacklog - 537 total (0 active), Execution time: mean = 950.780 us, total = 510.569 ms, Queueing time: mean = 0.000 s, max = -0.000 s, min = 9223372036.855 s, total = 0.000 s
	CoreWorker.RecordMetrics - 108 total (1 active), Execution time: mean = 75.586 us, total = 8.163 ms, Queueing time: mean = 7.681 ms, max = 15.782 ms, min = 125.800 us, total = 829.565 ms
	CoreWorker.TryDelPendingObjectRefStreams - 54 total (1 active), Execution time: mean = 8.093 us, total = 437.000 us, Queueing time: mean = 7.069 ms, max = 15.762 ms, min = -0.000 s, total = 381.747 ms
	CoreWorker.PrintEventStats - 9 total (1 active, 1 running), Execution time: mean = 965.856 us, total = 8.693 ms, Queueing time: mean = 6.245 ms, max = 11.840 ms, min = 2.512 ms, total = 56.209 ms
	PeriodicalRunner.RunFnPeriodically - 7 total (0 active), Execution time: mean = 416.871 us, total = 2.918 ms, Queueing time: mean = 1.414 ms, max = 3.325 ms, min = 81.200 us, total = 9.901 ms
	Publisher.CheckDeadSubscribers - 2 total (1 active), Execution time: mean = 5.800 us, total = 11.600 us, Queueing time: mean = 3.727 ms, max = 7.453 ms, min = 7.453 ms, total = 7.453 ms
	ray::rpc::WorkerInfoGcsService.grpc_client.AddWorkerInfo - 1 total (0 active), Execution time: mean = 797.900 us, total = 797.900 us, Queueing time: mean = 0.000 s, max = -0.000 s, min = 9223372036.855 s, total = 0.000 s
	ray::rpc::NodeInfoGcsService.grpc_client.GetAllNodeInfo - 1 total (0 active), Execution time: mean = 470.800 us, total = 470.800 us, Queueing time: mean = 0.000 s, max = -0.000 s, min = 9223372036.855 s, total = 0.000 s
	ray::rpc::InternalPubSubGcsService.grpc_client.GcsSubscriberCommandBatch.OnReplyReceived - 1 total (0 active), Execution time: mean = 314.300 us, total = 314.300 us, Queueing time: mean = 2.954 ms, max = 2.954 ms, min = 2.954 ms, total = 2.954 ms
	ray::rpc::InternalPubSubGcsService.grpc_client.GcsSubscriberPoll - 1 total (1 active), Execution time: mean = 0.000 s, total = 0.000 s, Queueing time: mean = 0.000 s, max = -0.000 s, min = 9223372036.855 s, total = 0.000 s
	ray::rpc::InternalPubSubGcsService.grpc_client.GcsSubscriberCommandBatch - 1 total (0 active), Execution time: mean = 672.000 us, total = 672.000 us, Queueing time: mean = 0.000 s, max = -0.000 s, min = 9223372036.855 s, total = 0.000 s
	ray::rpc::NodeInfoGcsService.grpc_client.GetAllNodeInfo.OnReplyReceived - 1 total (0 active), Execution time: mean = 178.200 us, total = 178.200 us, Queueing time: mean = 9.200 us, max = 9.200 us, min = 9.200 us, total = 9.200 us
	ray::rpc::WorkerInfoGcsService.grpc_client.AddWorkerInfo.OnReplyReceived - 1 total (0 active), Execution time: mean = 43.000 us, total = 43.000 us, Queueing time: mean = 3.021 ms, max = 3.021 ms, min = 3.021 ms, total = 3.021 ms

-----------------
Task execution event stats:

Global stats: 33339 total (1 active)
Queueing time: mean = 6.186 ms, max = 57.182 ms, min = -0.008 s, total = 206.220 s
Execution time:  mean = 19.429 us, total = 647.758 ms
Event stats:
	CoreWorker.CheckSignal - 33338 total (1 active), Execution time: mean = 19.429 us, total = 647.732 ms, Queueing time: mean = 6.186 ms, max = 57.182 ms, min = -0.008 s, total = 206.220 s
	PeriodicalRunner.RunFnPeriodically - 1 total (0 active), Execution time: mean = 25.500 us, total = 25.500 us, Queueing time: mean = 4.100 us, max = 4.100 us, min = 4.100 us, total = 4.100 us

-----------------
Task Event stats:

IO Service Stats:

Global stats: 1612 total (1 active)
Queueing time: mean = 2.232 ms, max = 17.178 ms, min = -0.001 s, total = 3.598 s
Execution time:  mean = 432.643 us, total = 697.421 ms
Event stats:
	ray::rpc::TaskInfoGcsService.grpc_client.AddTaskEventData - 537 total (0 active), Execution time: mean = 979.392 us, total = 525.933 ms, Queueing time: mean = 0.000 s, max = -0.000 s, min = 9223372036.855 s, total = 0.000 s
	CoreWorker.deadline_timer.flush_task_events - 537 total (1 active), Execution time: mean = 289.069 us, total = 155.230 ms, Queueing time: mean = 6.655 ms, max = 17.178 ms, min = -0.001 s, total = 3.574 s
	ray::rpc::TaskInfoGcsService.grpc_client.AddTaskEventData.OnReplyReceived - 537 total (0 active), Execution time: mean = 28.976 us, total = 15.560 ms, Queueing time: mean = 45.629 us, max = 962.900 us, min = 5.700 us, total = 24.503 ms
	PeriodicalRunner.RunFnPeriodically - 1 total (0 active), Execution time: mean = 696.900 us, total = 696.900 us, Queueing time: mean = 9.100 us, max = 9.100 us, min = 9.100 us, total = 9.100 us
Other Stats:
	gcs_grpc_in_progress:0
	event_aggregator_grpc_in_progress:0
	current number of task status events in buffer: 0
	current number of profile events in buffer: 0
	current number of dropped task attempts tracked: 0
	total task events sent: 0 MiB
	total number of task attempts sent: 0
	total number of task attempts dropped reported: 0
	total number of sent failure: 0
	num status task events dropped: 0
	num profile task events dropped: 0
	num ray task events reported to aggregator: 0
	num ray task events failed to report to aggregator: 0
	num of task attempts dropped reported to aggregator: 0
	num of failed requests to aggregator: 0

[2025-12-14 20:17:31,511 I 1356 7156] accessor.cc:743: Received notification for node, IsAlive = 0 node_id=8eac24cb3ee9bdcc7e93c46a476c65d4fbeaf419a4e7bed86dd854be
[2025-12-14 20:17:31,511 I 1356 7156] core_worker.cc:820: Node failure. All objects pinned on that node will be lost if object reconstruction is not enabled. node_id=8eac24cb3ee9bdcc7e93c46a476c65d4fbeaf419a4e7bed86dd854be
[2025-12-14 20:17:31,513 I 1356 7156] normal_task_submitter.cc:833: Number of alive nodes:0
[2025-12-14 20:17:31,516 I 1356 2228] core_worker.cc:653: Exit signal received, this process will exit after all outstanding tasks have finished, exit_type=SYSTEM_ERROR, detail=Worker exits unexpectedly by a signal. SystemExit is raised (sys.exit is called). Exit code: 1. The process receives a SIGTERM.
[2025-12-14 20:17:31,517 I 1356 2228] core_worker.cc:689: Wait for currently executing tasks in the underlying thread pools to finish.
[2025-12-14 20:17:31,517 I 1356 2228] core_worker.cc:723: Releasing local references, then draining reference counter.
[2025-12-14 20:17:31,559 I 1356 2228] core_worker.cc:580: Sending disconnect message to the local raylet.
[2025-12-14 20:17:31,559 I 1356 2228] raylet_ipc_client.cc:113: RayletIpcClient::Disconnect, exit_type=SYSTEM_ERROR, exit_detail=Worker exits unexpectedly by a signal. SystemExit is raised (sys.exit is called). Exit code: 1. The process receives a SIGTERM., has creation_task_exception_pb_bytes=0
[2025-12-14 20:17:31,721 W 1356 2228] raylet_ipc_client.cc:284: Exiting because the Raylet IPC connection failed and the local Raylet is dead. Status: IOError: Unknown error
