[2025-12-14 20:08:16,493 I 4436 2392] core_worker_process.cc:739: Constructing CoreWorkerProcess. pid: 4436
[2025-12-14 20:08:16,498 I 4436 2392] io_service_pool.cc:37: IOServicePool is running with 1 io_service.
[2025-12-14 20:08:16,502 I 4436 2392] event.cc:493: Ray Event initialized for CORE_WORKER
[2025-12-14 20:08:16,503 I 4436 2392] event.cc:493: Ray Event initialized for EXPORT_TASK
[2025-12-14 20:08:16,503 I 4436 2392] event.cc:326: Set ray event level to warning
[2025-12-14 20:08:16,503 I 4436 2392] event_aggregator_client.h:50: Initiating the local event aggregator client with port: 64287
[2025-12-14 20:08:16,505 I 4436 2392] grpc_server.cc:141: worker server started, listening on port 54467.
[2025-12-14 20:08:16,507 I 4436 2392] core_worker_process.cc:269: Initializing worker at address: 127.0.0.1:54467 worker_id=78735d1888763019f73c1baeeed6e4ec5f8740c18c229de23e6db101 node_id=8eac24cb3ee9bdcc7e93c46a476c65d4fbeaf419a4e7bed86dd854be
[2025-12-14 20:08:16,509 I 4436 2392] task_event_buffer.cc:445: Reporting task events to GCS every 1000ms.
[2025-12-14 20:08:16,511 I 4436 7964] core_worker.cc:419: Event stats:


Global stats: 13 total (10 active)
Queueing time: mean = 1.238 us, max = 9.800 us, min = 6.300 us, total = 16.100 us
Execution time:  mean = 38.985 us, total = 506.800 us
Event stats:
	PeriodicalRunner.RunFnPeriodically - 7 total (5 active, 1 running), Execution time: mean = 9.271 us, total = 64.900 us, Queueing time: mean = 2.300 us, max = 9.800 us, min = 6.300 us, total = 16.100 us
	ray::rpc::WorkerInfoGcsService.grpc_client.AddWorkerInfo - 1 total (0 active), Execution time: mean = 441.900 us, total = 441.900 us, Queueing time: mean = 0.000 s, max = -0.000 s, min = 9223372036.855 s, total = 0.000 s
	Publisher.CheckDeadSubscribers - 1 total (1 active), Execution time: mean = 0.000 s, total = 0.000 s, Queueing time: mean = 0.000 s, max = -0.000 s, min = 9223372036.855 s, total = 0.000 s
	ray::rpc::InternalPubSubGcsService.grpc_client.GcsSubscriberCommandBatch - 1 total (1 active), Execution time: mean = 0.000 s, total = 0.000 s, Queueing time: mean = 0.000 s, max = -0.000 s, min = 9223372036.855 s, total = 0.000 s
	ray::rpc::InternalPubSubGcsService.grpc_client.GcsSubscriberPoll - 1 total (1 active), Execution time: mean = 0.000 s, total = 0.000 s, Queueing time: mean = 0.000 s, max = -0.000 s, min = 9223372036.855 s, total = 0.000 s
	CoreWorker.ExitIfParentRayletDies - 1 total (1 active), Execution time: mean = 0.000 s, total = 0.000 s, Queueing time: mean = 0.000 s, max = -0.000 s, min = 9223372036.855 s, total = 0.000 s
	ray::rpc::WorkerInfoGcsService.grpc_client.AddWorkerInfo.OnReplyReceived - 1 total (1 active), Execution time: mean = 0.000 s, total = 0.000 s, Queueing time: mean = 0.000 s, max = -0.000 s, min = 9223372036.855 s, total = 0.000 s

-----------------
Task execution event stats:

Global stats: 0 total (0 active)
Queueing time: mean = -nan(ind) s, max = -0.000 s, min = 9223372036.855 s, total = 0.000 s
Execution time:  mean = -nan(ind) s, total = 0.000 s
Event stats:

-----------------
Task Event stats:

IO Service Stats:

Global stats: 4 total (1 active)
Queueing time: mean = 3.850 us, max = 8.000 us, min = 7.400 us, total = 15.400 us
Execution time:  mean = 245.750 us, total = 983.000 us
Event stats:
	PeriodicalRunner.RunFnPeriodically - 1 total (0 active), Execution time: mean = 396.100 us, total = 396.100 us, Queueing time: mean = 8.000 us, max = 8.000 us, min = 8.000 us, total = 8.000 us
	ray::rpc::TaskInfoGcsService.grpc_client.AddTaskEventData - 1 total (0 active), Execution time: mean = 564.300 us, total = 564.300 us, Queueing time: mean = 0.000 s, max = -0.000 s, min = 9223372036.855 s, total = 0.000 s
	CoreWorker.deadline_timer.flush_task_events - 1 total (1 active), Execution time: mean = 0.000 s, total = 0.000 s, Queueing time: mean = 0.000 s, max = -0.000 s, min = 9223372036.855 s, total = 0.000 s
	ray::rpc::TaskInfoGcsService.grpc_client.AddTaskEventData.OnReplyReceived - 1 total (0 active), Execution time: mean = 22.600 us, total = 22.600 us, Queueing time: mean = 7.400 us, max = 7.400 us, min = 7.400 us, total = 7.400 us
Other Stats:
	gcs_grpc_in_progress:0
	event_aggregator_grpc_in_progress:0
	current number of task status events in buffer: 0
	current number of profile events in buffer: 0
	current number of dropped task attempts tracked: 0
	total task events sent: 0 MiB
	total number of task attempts sent: 0
	total number of task attempts dropped reported: 0
	total number of sent failure: 0
	num status task events dropped: 0
	num profile task events dropped: 0
	num ray task events reported to aggregator: 0
	num ray task events failed to report to aggregator: 0
	num of task attempts dropped reported to aggregator: 0
	num of failed requests to aggregator: 0

[2025-12-14 20:08:16,512 I 4436 7964] accessor.cc:743: Received notification for node, IsAlive = 1 node_id=8eac24cb3ee9bdcc7e93c46a476c65d4fbeaf419a4e7bed86dd854be
[2025-12-14 20:08:16,512 I 4436 7964] normal_task_submitter.cc:833: Number of alive nodes:1
[2025-12-14 20:08:17,722 I 4436 7964] core_worker.cc:653: Exit signal received, this process will exit after all outstanding tasks have finished, exit_type=INTENDED_SYSTEM_EXIT, detail=Worker exits because it was idle (it doesn't have objects it owns while no task or actor has been scheduled) for a long time.
[2025-12-14 20:08:17,722 I 4436 2392] core_worker.cc:689: Wait for currently executing tasks in the underlying thread pools to finish.
[2025-12-14 20:08:17,722 I 4436 2392] core_worker.cc:723: Releasing local references, then draining reference counter.
[2025-12-14 20:08:17,724 I 4436 2392] core_worker.cc:580: Sending disconnect message to the local raylet.
[2025-12-14 20:08:17,724 I 4436 2392] raylet_ipc_client.cc:113: RayletIpcClient::Disconnect, exit_type=INTENDED_SYSTEM_EXIT, exit_detail=Worker exits because it was idle (it doesn't have objects it owns while no task or actor has been scheduled) for a long time., has creation_task_exception_pb_bytes=0
[2025-12-14 20:08:17,724 I 4436 2392] core_worker.cc:585: Disconnected from the local raylet.
[2025-12-14 20:08:17,724 I 4436 2392] core_worker.cc:502: Shutting down.
[2025-12-14 20:08:17,725 I 4436 2392] task_event_buffer.cc:456: Shutting down TaskEventBuffer.
[2025-12-14 20:08:17,725 I 4436 18764] task_event_buffer.cc:424: Task event buffer io service stopped.
[2025-12-14 20:08:17,725 I 4436 2392] core_worker.cc:520: Waiting for joining a core worker io thread. If it hangs here, there might be deadlock or a high load in the core worker io service.
[2025-12-14 20:08:17,725 I 4436 7964] core_worker_process.cc:203: Core worker main io service stopped.
[2025-12-14 20:08:17,727 I 4436 2392] core_worker.cc:532: Disconnecting a GCS client.
[2025-12-14 20:08:17,727 I 4436 2392] core_worker.cc:539: Core worker ready to be deallocated.
[2025-12-14 20:08:17,727 I 4436 2392] core_worker_process.cc:892: Task execution loop terminated. Removing the global worker.
[2025-12-14 20:08:17,727 I 4436 2392] core_worker.cc:493: Core worker is destructed
[2025-12-14 20:08:17,727 I 4436 2392] task_event_buffer.cc:456: Shutting down TaskEventBuffer.
[2025-12-14 20:08:17,987 I 4436 2392] core_worker_process.cc:788: Destructing CoreWorkerProcessImpl. pid: 4436
[2025-12-14 20:08:17,987 I 4436 2392] io_service_pool.cc:49: IOServicePool is stopped.
[2025-12-14 20:08:18,309 I 4436 2392] stats.h:143: Stats module has shutdown.
[2025-12-14 20:08:18,361 W 4436 2392] core_worker_process.cc:802: The core worker process is not initialized yet or already shutdown.
