[2025-12-14 20:08:16,299 I 25044 10484] core_worker_process.cc:739: Constructing CoreWorkerProcess. pid: 25044
[2025-12-14 20:08:16,304 I 25044 10484] io_service_pool.cc:37: IOServicePool is running with 1 io_service.
[2025-12-14 20:08:16,311 I 25044 10484] event.cc:493: Ray Event initialized for CORE_WORKER
[2025-12-14 20:08:16,312 I 25044 10484] event.cc:493: Ray Event initialized for EXPORT_TASK
[2025-12-14 20:08:16,312 I 25044 10484] event.cc:326: Set ray event level to warning
[2025-12-14 20:08:16,312 I 25044 10484] event_aggregator_client.h:50: Initiating the local event aggregator client with port: 64287
[2025-12-14 20:08:16,329 I 25044 10484] grpc_server.cc:141: worker server started, listening on port 54434.
[2025-12-14 20:08:16,333 I 25044 10484] core_worker_process.cc:269: Initializing worker at address: 127.0.0.1:54434 worker_id=618e42688052c7de443c6a632983f49b4773490f78c52488599a33b9 node_id=8eac24cb3ee9bdcc7e93c46a476c65d4fbeaf419a4e7bed86dd854be
[2025-12-14 20:08:16,337 I 25044 10484] task_event_buffer.cc:445: Reporting task events to GCS every 1000ms.
[2025-12-14 20:08:16,346 I 25044 14492] core_worker.cc:419: Event stats:


Global stats: 13 total (10 active)
Queueing time: mean = 29.200 us, max = 365.900 us, min = 13.700 us, total = 379.600 us
Execution time:  mean = 139.400 us, total = 1.812 ms
Event stats:
	PeriodicalRunner.RunFnPeriodically - 7 total (5 active, 1 running), Execution time: mean = 141.329 us, total = 989.300 us, Queueing time: mean = 54.229 us, max = 365.900 us, min = 13.700 us, total = 379.600 us
	ray::rpc::InternalPubSubGcsService.grpc_client.GcsSubscriberPoll - 1 total (1 active), Execution time: mean = 0.000 s, total = 0.000 s, Queueing time: mean = 0.000 s, max = -0.000 s, min = 9223372036.855 s, total = 0.000 s
	CoreWorker.ExitIfParentRayletDies - 1 total (1 active), Execution time: mean = 0.000 s, total = 0.000 s, Queueing time: mean = 0.000 s, max = -0.000 s, min = 9223372036.855 s, total = 0.000 s
	ray::rpc::InternalPubSubGcsService.grpc_client.GcsSubscriberCommandBatch.OnReplyReceived - 1 total (1 active), Execution time: mean = 0.000 s, total = 0.000 s, Queueing time: mean = 0.000 s, max = -0.000 s, min = 9223372036.855 s, total = 0.000 s
	Publisher.CheckDeadSubscribers - 1 total (1 active), Execution time: mean = 0.000 s, total = 0.000 s, Queueing time: mean = 0.000 s, max = -0.000 s, min = 9223372036.855 s, total = 0.000 s
	ray::rpc::WorkerInfoGcsService.grpc_client.AddWorkerInfo - 1 total (1 active), Execution time: mean = 0.000 s, total = 0.000 s, Queueing time: mean = 0.000 s, max = -0.000 s, min = 9223372036.855 s, total = 0.000 s
	ray::rpc::InternalPubSubGcsService.grpc_client.GcsSubscriberCommandBatch - 1 total (0 active), Execution time: mean = 822.900 us, total = 822.900 us, Queueing time: mean = 0.000 s, max = -0.000 s, min = 9223372036.855 s, total = 0.000 s

-----------------
Task execution event stats:

Global stats: 0 total (0 active)
Queueing time: mean = -nan(ind) s, max = -0.000 s, min = 9223372036.855 s, total = 0.000 s
Execution time:  mean = -nan(ind) s, total = 0.000 s
Event stats:

-----------------
Task Event stats:

IO Service Stats:

Global stats: 4 total (1 active)
Queueing time: mean = 173.950 us, max = 682.300 us, min = 13.500 us, total = 695.800 us
Execution time:  mean = 1.453 ms, total = 5.810 ms
Event stats:
	PeriodicalRunner.RunFnPeriodically - 1 total (0 active), Execution time: mean = 2.879 ms, total = 2.879 ms, Queueing time: mean = 682.300 us, max = 682.300 us, min = 682.300 us, total = 682.300 us
	ray::rpc::TaskInfoGcsService.grpc_client.AddTaskEventData - 1 total (0 active), Execution time: mean = 2.892 ms, total = 2.892 ms, Queueing time: mean = 0.000 s, max = -0.000 s, min = 9223372036.855 s, total = 0.000 s
	CoreWorker.deadline_timer.flush_task_events - 1 total (1 active), Execution time: mean = 0.000 s, total = 0.000 s, Queueing time: mean = 0.000 s, max = -0.000 s, min = 9223372036.855 s, total = 0.000 s
	ray::rpc::TaskInfoGcsService.grpc_client.AddTaskEventData.OnReplyReceived - 1 total (0 active), Execution time: mean = 39.000 us, total = 39.000 us, Queueing time: mean = 13.500 us, max = 13.500 us, min = 13.500 us, total = 13.500 us
Other Stats:
	gcs_grpc_in_progress:0
	event_aggregator_grpc_in_progress:0
	current number of task status events in buffer: 0
	current number of profile events in buffer: 0
	current number of dropped task attempts tracked: 0
	total task events sent: 0 MiB
	total number of task attempts sent: 0
	total number of task attempts dropped reported: 0
	total number of sent failure: 0
	num status task events dropped: 0
	num profile task events dropped: 0
	num ray task events reported to aggregator: 0
	num ray task events failed to report to aggregator: 0
	num of task attempts dropped reported to aggregator: 0
	num of failed requests to aggregator: 0

[2025-12-14 20:08:16,357 I 25044 14492] accessor.cc:743: Received notification for node, IsAlive = 1 node_id=8eac24cb3ee9bdcc7e93c46a476c65d4fbeaf419a4e7bed86dd854be
[2025-12-14 20:08:16,358 I 25044 14492] normal_task_submitter.cc:833: Number of alive nodes:1
[2025-12-14 20:08:28,378 W 25044 22744] metric_exporter.cc:105: [1] Export metrics to agent failed: RpcError: RPC Error message: failed to connect to all addresses; last error: UNAVAILABLE: ipv4:127.0.0.1:64287: Connection refused; RPC Error details:  rpc_code: 14. This won't affect Ray, but you can lose metrics from the cluster.
[2025-12-14 20:09:16,356 I 25044 14492] core_worker.cc:419: Event stats:


Global stats: 832 total (8 active)
Queueing time: mean = 6.585 ms, max = 30.716 ms, min = -0.002 s, total = 5.478 s
Execution time:  mean = 192.959 us, total = 160.542 ms
Event stats:
	CoreWorker.RecoverObjects - 556 total (1 active), Execution time: mean = 9.089 us, total = 5.053 ms, Queueing time: mean = 8.102 ms, max = 30.716 ms, min = -0.002 s, total = 4.505 s
	NodeManagerService.grpc_client.ReportWorkerBacklog.OnReplyReceived - 60 total (0 active), Execution time: mean = 37.728 us, total = 2.264 ms, Queueing time: mean = 108.878 us, max = 5.052 ms, min = 6.300 us, total = 6.533 ms
	NodeManagerService.grpc_client.ReportWorkerBacklog - 60 total (0 active), Execution time: mean = 968.488 us, total = 58.109 ms, Queueing time: mean = 0.000 s, max = -0.000 s, min = 9223372036.855 s, total = 0.000 s
	CoreWorker.ExitIfParentRayletDies - 60 total (1 active), Execution time: mean = 71.308 us, total = 4.279 ms, Queueing time: mean = 7.003 ms, max = 19.579 ms, min = 90.200 us, total = 420.173 ms
	CoreWorker.InternalHeartbeat - 60 total (1 active), Execution time: mean = 319.027 us, total = 19.142 ms, Queueing time: mean = 6.679 ms, max = 19.365 ms, min = -0.000 s, total = 400.730 ms
	CoreWorker.RecordMetrics - 12 total (1 active), Execution time: mean = 206.108 us, total = 2.473 ms, Queueing time: mean = 6.843 ms, max = 14.752 ms, min = -0.000 s, total = 82.114 ms
	PeriodicalRunner.RunFnPeriodically - 7 total (0 active), Execution time: mean = 1.503 ms, total = 10.520 ms, Queueing time: mean = 2.579 ms, max = 9.843 ms, min = 13.700 us, total = 18.056 ms
	CoreWorker.TryDelPendingObjectRefStreams - 6 total (1 active), Execution time: mean = 5.400 us, total = 32.400 us, Queueing time: mean = 4.654 ms, max = 11.231 ms, min = -0.000 s, total = 27.926 ms
	Publisher.CheckDeadSubscribers - 1 total (1 active), Execution time: mean = 0.000 s, total = 0.000 s, Queueing time: mean = 0.000 s, max = -0.000 s, min = 9223372036.855 s, total = 0.000 s
	ray::rpc::InternalPubSubGcsService.grpc_client.GcsSubscriberCommandBatch - 1 total (0 active), Execution time: mean = 822.900 us, total = 822.900 us, Queueing time: mean = 0.000 s, max = -0.000 s, min = 9223372036.855 s, total = 0.000 s
	CoreWorker.PrintEventStats - 1 total (1 active, 1 running), Execution time: mean = 0.000 s, total = 0.000 s, Queueing time: mean = 0.000 s, max = -0.000 s, min = 9223372036.855 s, total = 0.000 s
	ray::rpc::WorkerInfoGcsService.grpc_client.AddWorkerInfo - 1 total (0 active), Execution time: mean = 5.274 ms, total = 5.274 ms, Queueing time: mean = 0.000 s, max = -0.000 s, min = 9223372036.855 s, total = 0.000 s
	ray::rpc::WorkerInfoGcsService.grpc_client.AddWorkerInfo.OnReplyReceived - 1 total (0 active), Execution time: mean = 28.600 us, total = 28.600 us, Queueing time: mean = 8.389 ms, max = 8.389 ms, min = 8.389 ms, total = 8.389 ms
	ray::rpc::NodeInfoGcsService.grpc_client.GetAllNodeInfo - 1 total (0 active), Execution time: mean = 1.520 ms, total = 1.520 ms, Queueing time: mean = 0.000 s, max = -0.000 s, min = 9223372036.855 s, total = 0.000 s
	ray::rpc::NodeInfoGcsService.grpc_client.GetAllNodeInfo.OnReplyReceived - 1 total (0 active), Execution time: mean = 1.111 ms, total = 1.111 ms, Queueing time: mean = 22.600 us, max = 22.600 us, min = 22.600 us, total = 22.600 us
	CoreWorkerService.grpc_server.PushTask - 1 total (0 active), Execution time: mean = 48.575 ms, total = 48.575 ms, Queueing time: mean = 0.000 s, max = -0.000 s, min = 9223372036.855 s, total = 0.000 s
	CoreWorkerService.grpc_server.PushTask.HandleRequestImpl - 1 total (0 active), Execution time: mean = 738.200 us, total = 738.200 us, Queueing time: mean = 13.700 us, max = 13.700 us, min = 13.700 us, total = 13.700 us
	ray::rpc::InternalPubSubGcsService.grpc_client.GcsSubscriberCommandBatch.OnReplyReceived - 1 total (0 active), Execution time: mean = 600.900 us, total = 600.900 us, Queueing time: mean = 9.506 ms, max = 9.506 ms, min = 9.506 ms, total = 9.506 ms
	ray::rpc::InternalPubSubGcsService.grpc_client.GcsSubscriberPoll - 1 total (1 active), Execution time: mean = 0.000 s, total = 0.000 s, Queueing time: mean = 0.000 s, max = -0.000 s, min = 9223372036.855 s, total = 0.000 s

-----------------
Task execution event stats:

Global stats: 3648 total (1 active)
Queueing time: mean = 6.441 ms, max = 42.729 ms, min = -0.008 s, total = 23.495 s
Execution time:  mean = 34.907 us, total = 127.341 ms
Event stats:
	CoreWorker.CheckSignal - 3646 total (1 active), Execution time: mean = 21.774 us, total = 79.389 ms, Queueing time: mean = 6.444 ms, max = 42.729 ms, min = -0.008 s, total = 23.495 s
	PeriodicalRunner.RunFnPeriodically - 1 total (0 active), Execution time: mean = 335.000 us, total = 335.000 us, Queueing time: mean = 6.700 us, max = 6.700 us, min = 6.700 us, total = 6.700 us
	CoreWorker.HandlePushTask - 1 total (0 active), Execution time: mean = 47.617 ms, total = 47.617 ms, Queueing time: mean = 16.800 us, max = 16.800 us, min = 16.800 us, total = 16.800 us

-----------------
Task Event stats:

IO Service Stats:

Global stats: 181 total (1 active)
Queueing time: mean = 2.274 ms, max = 19.343 ms, min = -0.000 s, total = 411.650 ms
Execution time:  mean = 448.397 us, total = 81.160 ms
Event stats:
	ray::rpc::TaskInfoGcsService.grpc_client.AddTaskEventData - 60 total (0 active), Execution time: mean = 912.902 us, total = 54.774 ms, Queueing time: mean = 0.000 s, max = -0.000 s, min = 9223372036.855 s, total = 0.000 s
	CoreWorker.deadline_timer.flush_task_events - 60 total (1 active), Execution time: mean = 353.402 us, total = 21.204 ms, Queueing time: mean = 6.809 ms, max = 19.343 ms, min = -0.000 s, total = 408.557 ms
	ray::rpc::TaskInfoGcsService.grpc_client.AddTaskEventData.OnReplyReceived - 60 total (0 active), Execution time: mean = 38.380 us, total = 2.303 ms, Queueing time: mean = 40.185 us, max = 564.500 us, min = 7.000 us, total = 2.411 ms
	PeriodicalRunner.RunFnPeriodically - 1 total (0 active), Execution time: mean = 2.879 ms, total = 2.879 ms, Queueing time: mean = 682.300 us, max = 682.300 us, min = 682.300 us, total = 682.300 us
Other Stats:
	gcs_grpc_in_progress:0
	event_aggregator_grpc_in_progress:0
	current number of task status events in buffer: 0
	current number of profile events in buffer: 0
	current number of dropped task attempts tracked: 0
	total task events sent: 0.00073719 MiB
	total number of task attempts sent: 1
	total number of task attempts dropped reported: 0
	total number of sent failure: 0
	num status task events dropped: 0
	num profile task events dropped: 0
	num ray task events reported to aggregator: 0
	num ray task events failed to report to aggregator: 0
	num of task attempts dropped reported to aggregator: 0
	num of failed requests to aggregator: 0

[2025-12-14 20:10:16,365 I 25044 14492] core_worker.cc:419: Event stats:


Global stats: 1640 total (8 active)
Queueing time: mean = 6.995 ms, max = 30.716 ms, min = -0.002 s, total = 11.472 s
Execution time:  mean = 145.137 us, total = 238.025 ms
Event stats:
	CoreWorker.RecoverObjects - 1105 total (1 active), Execution time: mean = 8.994 us, total = 9.938 ms, Queueing time: mean = 8.660 ms, max = 30.716 ms, min = -0.002 s, total = 9.569 s
	NodeManagerService.grpc_client.ReportWorkerBacklog.OnReplyReceived - 120 total (0 active), Execution time: mean = 29.917 us, total = 3.590 ms, Queueing time: mean = 80.422 us, max = 5.052 ms, min = 6.300 us, total = 9.651 ms
	NodeManagerService.grpc_client.ReportWorkerBacklog - 120 total (0 active), Execution time: mean = 907.788 us, total = 108.934 ms, Queueing time: mean = 0.000 s, max = -0.000 s, min = 9223372036.855 s, total = 0.000 s
	CoreWorker.ExitIfParentRayletDies - 120 total (1 active), Execution time: mean = 64.606 us, total = 7.753 ms, Queueing time: mean = 6.766 ms, max = 19.579 ms, min = -0.001 s, total = 811.946 ms
	CoreWorker.InternalHeartbeat - 120 total (1 active), Execution time: mean = 286.642 us, total = 34.397 ms, Queueing time: mean = 6.506 ms, max = 19.365 ms, min = -0.001 s, total = 780.730 ms
	CoreWorker.RecordMetrics - 24 total (1 active), Execution time: mean = 131.900 us, total = 3.166 ms, Queueing time: mean = 7.572 ms, max = 14.798 ms, min = -0.000 s, total = 181.729 ms
	CoreWorker.TryDelPendingObjectRefStreams - 12 total (1 active), Execution time: mean = 5.800 us, total = 69.600 us, Queueing time: mean = 6.151 ms, max = 11.332 ms, min = -0.000 s, total = 73.810 ms
	PeriodicalRunner.RunFnPeriodically - 7 total (0 active), Execution time: mean = 1.503 ms, total = 10.520 ms, Queueing time: mean = 2.579 ms, max = 9.843 ms, min = 13.700 us, total = 18.056 ms
	CoreWorker.PrintEventStats - 2 total (1 active, 1 running), Execution time: mean = 493.550 us, total = 987.100 us, Queueing time: mean = 4.230 ms, max = 8.459 ms, min = 8.459 ms, total = 8.459 ms
	Publisher.CheckDeadSubscribers - 1 total (1 active), Execution time: mean = 0.000 s, total = 0.000 s, Queueing time: mean = 0.000 s, max = -0.000 s, min = 9223372036.855 s, total = 0.000 s
	ray::rpc::InternalPubSubGcsService.grpc_client.GcsSubscriberCommandBatch - 1 total (0 active), Execution time: mean = 822.900 us, total = 822.900 us, Queueing time: mean = 0.000 s, max = -0.000 s, min = 9223372036.855 s, total = 0.000 s
	ray::rpc::WorkerInfoGcsService.grpc_client.AddWorkerInfo - 1 total (0 active), Execution time: mean = 5.274 ms, total = 5.274 ms, Queueing time: mean = 0.000 s, max = -0.000 s, min = 9223372036.855 s, total = 0.000 s
	ray::rpc::WorkerInfoGcsService.grpc_client.AddWorkerInfo.OnReplyReceived - 1 total (0 active), Execution time: mean = 28.600 us, total = 28.600 us, Queueing time: mean = 8.389 ms, max = 8.389 ms, min = 8.389 ms, total = 8.389 ms
	ray::rpc::NodeInfoGcsService.grpc_client.GetAllNodeInfo - 1 total (0 active), Execution time: mean = 1.520 ms, total = 1.520 ms, Queueing time: mean = 0.000 s, max = -0.000 s, min = 9223372036.855 s, total = 0.000 s
	ray::rpc::NodeInfoGcsService.grpc_client.GetAllNodeInfo.OnReplyReceived - 1 total (0 active), Execution time: mean = 1.111 ms, total = 1.111 ms, Queueing time: mean = 22.600 us, max = 22.600 us, min = 22.600 us, total = 22.600 us
	CoreWorkerService.grpc_server.PushTask - 1 total (0 active), Execution time: mean = 48.575 ms, total = 48.575 ms, Queueing time: mean = 0.000 s, max = -0.000 s, min = 9223372036.855 s, total = 0.000 s
	CoreWorkerService.grpc_server.PushTask.HandleRequestImpl - 1 total (0 active), Execution time: mean = 738.200 us, total = 738.200 us, Queueing time: mean = 13.700 us, max = 13.700 us, min = 13.700 us, total = 13.700 us
	ray::rpc::InternalPubSubGcsService.grpc_client.GcsSubscriberCommandBatch.OnReplyReceived - 1 total (0 active), Execution time: mean = 600.900 us, total = 600.900 us, Queueing time: mean = 9.506 ms, max = 9.506 ms, min = 9.506 ms, total = 9.506 ms
	ray::rpc::InternalPubSubGcsService.grpc_client.GcsSubscriberPoll - 1 total (1 active), Execution time: mean = 0.000 s, total = 0.000 s, Queueing time: mean = 0.000 s, max = -0.000 s, min = 9223372036.855 s, total = 0.000 s

-----------------
Task execution event stats:

Global stats: 7350 total (1 active)
Queueing time: mean = 6.317 ms, max = 42.729 ms, min = -0.008 s, total = 46.427 s
Execution time:  mean = 27.537 us, total = 202.400 ms
Event stats:
	CoreWorker.CheckSignal - 7348 total (1 active), Execution time: mean = 21.019 us, total = 154.448 ms, Queueing time: mean = 6.318 ms, max = 42.729 ms, min = -0.008 s, total = 46.427 s
	PeriodicalRunner.RunFnPeriodically - 1 total (0 active), Execution time: mean = 335.000 us, total = 335.000 us, Queueing time: mean = 6.700 us, max = 6.700 us, min = 6.700 us, total = 6.700 us
	CoreWorker.HandlePushTask - 1 total (0 active), Execution time: mean = 47.617 ms, total = 47.617 ms, Queueing time: mean = 16.800 us, max = 16.800 us, min = 16.800 us, total = 16.800 us

-----------------
Task Event stats:

IO Service Stats:

Global stats: 361 total (1 active)
Queueing time: mean = 2.238 ms, max = 19.343 ms, min = -0.001 s, total = 807.875 ms
Execution time:  mean = 429.993 us, total = 155.227 ms
Event stats:
	ray::rpc::TaskInfoGcsService.grpc_client.AddTaskEventData - 120 total (0 active), Execution time: mean = 902.788 us, total = 108.335 ms, Queueing time: mean = 0.000 s, max = -0.000 s, min = 9223372036.855 s, total = 0.000 s
	CoreWorker.deadline_timer.flush_task_events - 120 total (1 active), Execution time: mean = 331.488 us, total = 39.779 ms, Queueing time: mean = 6.674 ms, max = 19.343 ms, min = -0.001 s, total = 800.931 ms
	ray::rpc::TaskInfoGcsService.grpc_client.AddTaskEventData.OnReplyReceived - 120 total (0 active), Execution time: mean = 35.296 us, total = 4.236 ms, Queueing time: mean = 52.182 us, max = 828.400 us, min = 7.000 us, total = 6.262 ms
	PeriodicalRunner.RunFnPeriodically - 1 total (0 active), Execution time: mean = 2.879 ms, total = 2.879 ms, Queueing time: mean = 682.300 us, max = 682.300 us, min = 682.300 us, total = 682.300 us
Other Stats:
	gcs_grpc_in_progress:0
	event_aggregator_grpc_in_progress:0
	current number of task status events in buffer: 0
	current number of profile events in buffer: 0
	current number of dropped task attempts tracked: 0
	total task events sent: 0.00073719 MiB
	total number of task attempts sent: 1
	total number of task attempts dropped reported: 0
	total number of sent failure: 0
	num status task events dropped: 0
	num profile task events dropped: 0
	num ray task events reported to aggregator: 0
	num ray task events failed to report to aggregator: 0
	num of task attempts dropped reported to aggregator: 0
	num of failed requests to aggregator: 0

[2025-12-14 20:11:16,378 I 25044 14492] core_worker.cc:419: Event stats:


Global stats: 2442 total (8 active)
Queueing time: mean = 7.258 ms, max = 30.716 ms, min = -0.002 s, total = 17.723 s
Execution time:  mean = 129.694 us, total = 316.714 ms
Event stats:
	CoreWorker.RecoverObjects - 1652 total (1 active), Execution time: mean = 8.424 us, total = 13.916 ms, Queueing time: mean = 9.008 ms, max = 30.716 ms, min = -0.002 s, total = 14.881 s
	NodeManagerService.grpc_client.ReportWorkerBacklog.OnReplyReceived - 179 total (0 active), Execution time: mean = 26.806 us, total = 4.798 ms, Queueing time: mean = 72.232 us, max = 5.052 ms, min = 6.300 us, total = 12.930 ms
	NodeManagerService.grpc_client.ReportWorkerBacklog - 179 total (0 active), Execution time: mean = 890.696 us, total = 159.435 ms, Queueing time: mean = 0.000 s, max = -0.000 s, min = 9223372036.855 s, total = 0.000 s
	CoreWorker.ExitIfParentRayletDies - 179 total (1 active), Execution time: mean = 58.346 us, total = 10.444 ms, Queueing time: mean = 6.724 ms, max = 19.579 ms, min = -0.001 s, total = 1.204 s
	CoreWorker.InternalHeartbeat - 179 total (1 active), Execution time: mean = 281.958 us, total = 50.470 ms, Queueing time: mean = 6.476 ms, max = 19.365 ms, min = -0.001 s, total = 1.159 s
	CoreWorker.RecordMetrics - 36 total (1 active), Execution time: mean = 103.803 us, total = 3.737 ms, Queueing time: mean = 8.099 ms, max = 15.867 ms, min = -0.000 s, total = 291.565 ms
	CoreWorker.TryDelPendingObjectRefStreams - 18 total (1 active), Execution time: mean = 6.356 us, total = 114.400 us, Queueing time: mean = 6.867 ms, max = 13.453 ms, min = -0.000 s, total = 123.602 ms
	PeriodicalRunner.RunFnPeriodically - 7 total (0 active), Execution time: mean = 1.503 ms, total = 10.520 ms, Queueing time: mean = 2.579 ms, max = 9.843 ms, min = 13.700 us, total = 18.056 ms
	CoreWorker.PrintEventStats - 3 total (1 active, 1 running), Execution time: mean = 1.536 ms, total = 4.609 ms, Queueing time: mean = 5.059 ms, max = 8.459 ms, min = 6.718 ms, total = 15.177 ms
	Publisher.CheckDeadSubscribers - 1 total (1 active), Execution time: mean = 0.000 s, total = 0.000 s, Queueing time: mean = 0.000 s, max = -0.000 s, min = 9223372036.855 s, total = 0.000 s
	ray::rpc::InternalPubSubGcsService.grpc_client.GcsSubscriberCommandBatch - 1 total (0 active), Execution time: mean = 822.900 us, total = 822.900 us, Queueing time: mean = 0.000 s, max = -0.000 s, min = 9223372036.855 s, total = 0.000 s
	ray::rpc::WorkerInfoGcsService.grpc_client.AddWorkerInfo - 1 total (0 active), Execution time: mean = 5.274 ms, total = 5.274 ms, Queueing time: mean = 0.000 s, max = -0.000 s, min = 9223372036.855 s, total = 0.000 s
	ray::rpc::WorkerInfoGcsService.grpc_client.AddWorkerInfo.OnReplyReceived - 1 total (0 active), Execution time: mean = 28.600 us, total = 28.600 us, Queueing time: mean = 8.389 ms, max = 8.389 ms, min = 8.389 ms, total = 8.389 ms
	ray::rpc::NodeInfoGcsService.grpc_client.GetAllNodeInfo - 1 total (0 active), Execution time: mean = 1.520 ms, total = 1.520 ms, Queueing time: mean = 0.000 s, max = -0.000 s, min = 9223372036.855 s, total = 0.000 s
	ray::rpc::NodeInfoGcsService.grpc_client.GetAllNodeInfo.OnReplyReceived - 1 total (0 active), Execution time: mean = 1.111 ms, total = 1.111 ms, Queueing time: mean = 22.600 us, max = 22.600 us, min = 22.600 us, total = 22.600 us
	CoreWorkerService.grpc_server.PushTask - 1 total (0 active), Execution time: mean = 48.575 ms, total = 48.575 ms, Queueing time: mean = 0.000 s, max = -0.000 s, min = 9223372036.855 s, total = 0.000 s
	CoreWorkerService.grpc_server.PushTask.HandleRequestImpl - 1 total (0 active), Execution time: mean = 738.200 us, total = 738.200 us, Queueing time: mean = 13.700 us, max = 13.700 us, min = 13.700 us, total = 13.700 us
	ray::rpc::InternalPubSubGcsService.grpc_client.GcsSubscriberCommandBatch.OnReplyReceived - 1 total (0 active), Execution time: mean = 600.900 us, total = 600.900 us, Queueing time: mean = 9.506 ms, max = 9.506 ms, min = 9.506 ms, total = 9.506 ms
	ray::rpc::InternalPubSubGcsService.grpc_client.GcsSubscriberPoll - 1 total (1 active), Execution time: mean = 0.000 s, total = 0.000 s, Queueing time: mean = 0.000 s, max = -0.000 s, min = 9223372036.855 s, total = 0.000 s

-----------------
Task execution event stats:

Global stats: 11055 total (1 active)
Queueing time: mean = 6.271 ms, max = 42.729 ms, min = -0.008 s, total = 69.327 s
Execution time:  mean = 25.045 us, total = 276.868 ms
Event stats:
	CoreWorker.CheckSignal - 11053 total (1 active), Execution time: mean = 20.711 us, total = 228.916 ms, Queueing time: mean = 6.272 ms, max = 42.729 ms, min = -0.008 s, total = 69.326 s
	PeriodicalRunner.RunFnPeriodically - 1 total (0 active), Execution time: mean = 335.000 us, total = 335.000 us, Queueing time: mean = 6.700 us, max = 6.700 us, min = 6.700 us, total = 6.700 us
	CoreWorker.HandlePushTask - 1 total (0 active), Execution time: mean = 47.617 ms, total = 47.617 ms, Queueing time: mean = 16.800 us, max = 16.800 us, min = 16.800 us, total = 16.800 us

-----------------
Task Event stats:

IO Service Stats:

Global stats: 538 total (1 active)
Queueing time: mean = 2.241 ms, max = 19.343 ms, min = -0.001 s, total = 1.205 s
Execution time:  mean = 414.183 us, total = 222.831 ms
Event stats:
	ray::rpc::TaskInfoGcsService.grpc_client.AddTaskEventData - 179 total (0 active), Execution time: mean = 881.530 us, total = 157.794 ms, Queueing time: mean = 0.000 s, max = -0.000 s, min = 9223372036.855 s, total = 0.000 s
	CoreWorker.deadline_timer.flush_task_events - 179 total (1 active), Execution time: mean = 312.640 us, total = 55.962 ms, Queueing time: mean = 6.682 ms, max = 19.343 ms, min = -0.001 s, total = 1.196 s
	ray::rpc::TaskInfoGcsService.grpc_client.AddTaskEventData.OnReplyReceived - 179 total (0 active), Execution time: mean = 34.610 us, total = 6.195 ms, Queueing time: mean = 49.139 us, max = 828.400 us, min = 7.000 us, total = 8.796 ms
	PeriodicalRunner.RunFnPeriodically - 1 total (0 active), Execution time: mean = 2.879 ms, total = 2.879 ms, Queueing time: mean = 682.300 us, max = 682.300 us, min = 682.300 us, total = 682.300 us
Other Stats:
	gcs_grpc_in_progress:0
	event_aggregator_grpc_in_progress:0
	current number of task status events in buffer: 0
	current number of profile events in buffer: 0
	current number of dropped task attempts tracked: 0
	total task events sent: 0.00073719 MiB
	total number of task attempts sent: 1
	total number of task attempts dropped reported: 0
	total number of sent failure: 0
	num status task events dropped: 0
	num profile task events dropped: 0
	num ray task events reported to aggregator: 0
	num ray task events failed to report to aggregator: 0
	num of task attempts dropped reported to aggregator: 0
	num of failed requests to aggregator: 0

[2025-12-14 20:12:16,379 I 25044 14492] core_worker.cc:419: Event stats:


Global stats: 3248 total (8 active)
Queueing time: mean = 7.418 ms, max = 30.716 ms, min = -0.002 s, total = 24.093 s
Execution time:  mean = 127.284 us, total = 413.420 ms
Event stats:
	CoreWorker.RecoverObjects - 2199 total (1 active), Execution time: mean = 8.199 us, total = 18.029 ms, Queueing time: mean = 9.173 ms, max = 30.716 ms, min = -0.002 s, total = 20.171 s
	NodeManagerService.grpc_client.ReportWorkerBacklog.OnReplyReceived - 239 total (0 active), Execution time: mean = 26.654 us, total = 6.370 ms, Queueing time: mean = 60.862 us, max = 5.052 ms, min = 6.300 us, total = 14.546 ms
	NodeManagerService.grpc_client.ReportWorkerBacklog - 239 total (0 active), Execution time: mean = 900.890 us, total = 215.313 ms, Queueing time: mean = 0.000 s, max = -0.000 s, min = 9223372036.855 s, total = 0.000 s
	CoreWorker.ExitIfParentRayletDies - 239 total (1 active), Execution time: mean = 76.412 us, total = 18.262 ms, Queueing time: mean = 7.007 ms, max = 19.579 ms, min = -0.001 s, total = 1.675 s
	CoreWorker.InternalHeartbeat - 239 total (1 active), Execution time: mean = 278.433 us, total = 66.545 ms, Queueing time: mean = 6.787 ms, max = 19.365 ms, min = -0.001 s, total = 1.622 s
	CoreWorker.RecordMetrics - 48 total (1 active), Execution time: mean = 91.842 us, total = 4.408 ms, Queueing time: mean = 7.940 ms, max = 15.867 ms, min = -0.000 s, total = 381.138 ms
	CoreWorker.TryDelPendingObjectRefStreams - 24 total (1 active), Execution time: mean = 7.000 us, total = 168.000 us, Queueing time: mean = 7.359 ms, max = 14.935 ms, min = -0.000 s, total = 176.622 ms
	PeriodicalRunner.RunFnPeriodically - 7 total (0 active), Execution time: mean = 1.503 ms, total = 10.520 ms, Queueing time: mean = 2.579 ms, max = 9.843 ms, min = 13.700 us, total = 18.056 ms
	CoreWorker.PrintEventStats - 4 total (1 active, 1 running), Execution time: mean = 3.784 ms, total = 15.134 ms, Queueing time: mean = 4.177 ms, max = 8.459 ms, min = 1.531 ms, total = 16.708 ms
	Publisher.CheckDeadSubscribers - 1 total (1 active), Execution time: mean = 0.000 s, total = 0.000 s, Queueing time: mean = 0.000 s, max = -0.000 s, min = 9223372036.855 s, total = 0.000 s
	ray::rpc::InternalPubSubGcsService.grpc_client.GcsSubscriberCommandBatch - 1 total (0 active), Execution time: mean = 822.900 us, total = 822.900 us, Queueing time: mean = 0.000 s, max = -0.000 s, min = 9223372036.855 s, total = 0.000 s
	ray::rpc::WorkerInfoGcsService.grpc_client.AddWorkerInfo - 1 total (0 active), Execution time: mean = 5.274 ms, total = 5.274 ms, Queueing time: mean = 0.000 s, max = -0.000 s, min = 9223372036.855 s, total = 0.000 s
	ray::rpc::WorkerInfoGcsService.grpc_client.AddWorkerInfo.OnReplyReceived - 1 total (0 active), Execution time: mean = 28.600 us, total = 28.600 us, Queueing time: mean = 8.389 ms, max = 8.389 ms, min = 8.389 ms, total = 8.389 ms
	ray::rpc::NodeInfoGcsService.grpc_client.GetAllNodeInfo - 1 total (0 active), Execution time: mean = 1.520 ms, total = 1.520 ms, Queueing time: mean = 0.000 s, max = -0.000 s, min = 9223372036.855 s, total = 0.000 s
	ray::rpc::NodeInfoGcsService.grpc_client.GetAllNodeInfo.OnReplyReceived - 1 total (0 active), Execution time: mean = 1.111 ms, total = 1.111 ms, Queueing time: mean = 22.600 us, max = 22.600 us, min = 22.600 us, total = 22.600 us
	CoreWorkerService.grpc_server.PushTask - 1 total (0 active), Execution time: mean = 48.575 ms, total = 48.575 ms, Queueing time: mean = 0.000 s, max = -0.000 s, min = 9223372036.855 s, total = 0.000 s
	CoreWorkerService.grpc_server.PushTask.HandleRequestImpl - 1 total (0 active), Execution time: mean = 738.200 us, total = 738.200 us, Queueing time: mean = 13.700 us, max = 13.700 us, min = 13.700 us, total = 13.700 us
	ray::rpc::InternalPubSubGcsService.grpc_client.GcsSubscriberCommandBatch.OnReplyReceived - 1 total (0 active), Execution time: mean = 600.900 us, total = 600.900 us, Queueing time: mean = 9.506 ms, max = 9.506 ms, min = 9.506 ms, total = 9.506 ms
	ray::rpc::InternalPubSubGcsService.grpc_client.GcsSubscriberPoll - 1 total (1 active), Execution time: mean = 0.000 s, total = 0.000 s, Queueing time: mean = 0.000 s, max = -0.000 s, min = 9223372036.855 s, total = 0.000 s

-----------------
Task execution event stats:

Global stats: 14776 total (1 active)
Queueing time: mean = 6.231 ms, max = 42.729 ms, min = -0.008 s, total = 92.071 s
Execution time:  mean = 23.667 us, total = 349.703 ms
Event stats:
	CoreWorker.CheckSignal - 14774 total (1 active), Execution time: mean = 20.424 us, total = 301.751 ms, Queueing time: mean = 6.232 ms, max = 42.729 ms, min = -0.008 s, total = 92.071 s
	PeriodicalRunner.RunFnPeriodically - 1 total (0 active), Execution time: mean = 335.000 us, total = 335.000 us, Queueing time: mean = 6.700 us, max = 6.700 us, min = 6.700 us, total = 6.700 us
	CoreWorker.HandlePushTask - 1 total (0 active), Execution time: mean = 47.617 ms, total = 47.617 ms, Queueing time: mean = 16.800 us, max = 16.800 us, min = 16.800 us, total = 16.800 us

-----------------
Task Event stats:

IO Service Stats:

Global stats: 718 total (1 active)
Queueing time: mean = 2.317 ms, max = 19.343 ms, min = -0.001 s, total = 1.664 s
Execution time:  mean = 394.969 us, total = 283.587 ms
Event stats:
	ray::rpc::TaskInfoGcsService.grpc_client.AddTaskEventData - 239 total (0 active), Execution time: mean = 837.920 us, total = 200.263 ms, Queueing time: mean = 0.000 s, max = -0.000 s, min = 9223372036.855 s, total = 0.000 s
	CoreWorker.deadline_timer.flush_task_events - 239 total (1 active), Execution time: mean = 302.069 us, total = 72.194 ms, Queueing time: mean = 6.874 ms, max = 19.343 ms, min = -0.001 s, total = 1.643 s
	ray::rpc::TaskInfoGcsService.grpc_client.AddTaskEventData.OnReplyReceived - 239 total (0 active), Execution time: mean = 34.524 us, total = 8.251 ms, Queueing time: mean = 83.970 us, max = 10.036 ms, min = 7.000 us, total = 20.069 ms
	PeriodicalRunner.RunFnPeriodically - 1 total (0 active), Execution time: mean = 2.879 ms, total = 2.879 ms, Queueing time: mean = 682.300 us, max = 682.300 us, min = 682.300 us, total = 682.300 us
Other Stats:
	gcs_grpc_in_progress:0
	event_aggregator_grpc_in_progress:0
	current number of task status events in buffer: 0
	current number of profile events in buffer: 0
	current number of dropped task attempts tracked: 0
	total task events sent: 0.00073719 MiB
	total number of task attempts sent: 1
	total number of task attempts dropped reported: 0
	total number of sent failure: 0
	num status task events dropped: 0
	num profile task events dropped: 0
	num ray task events reported to aggregator: 0
	num ray task events failed to report to aggregator: 0
	num of task attempts dropped reported to aggregator: 0
	num of failed requests to aggregator: 0

[2025-12-14 20:13:16,384 I 25044 14492] core_worker.cc:419: Event stats:


Global stats: 4049 total (8 active)
Queueing time: mean = 7.533 ms, max = 39.259 ms, min = -0.002 s, total = 30.499 s
Execution time:  mean = 119.326 us, total = 483.149 ms
Event stats:
	CoreWorker.RecoverObjects - 2744 total (1 active), Execution time: mean = 8.029 us, total = 22.031 ms, Queueing time: mean = 9.339 ms, max = 39.259 ms, min = -0.002 s, total = 25.627 s
	NodeManagerService.grpc_client.ReportWorkerBacklog.OnReplyReceived - 298 total (0 active), Execution time: mean = 26.501 us, total = 7.897 ms, Queueing time: mean = 52.860 us, max = 5.052 ms, min = 6.300 us, total = 15.752 ms
	NodeManagerService.grpc_client.ReportWorkerBacklog - 298 total (0 active), Execution time: mean = 865.154 us, total = 257.816 ms, Queueing time: mean = 0.000 s, max = -0.000 s, min = 9223372036.855 s, total = 0.000 s
	CoreWorker.ExitIfParentRayletDies - 298 total (1 active), Execution time: mean = 69.594 us, total = 20.739 ms, Queueing time: mean = 6.960 ms, max = 19.579 ms, min = -0.001 s, total = 2.074 s
	CoreWorker.InternalHeartbeat - 298 total (1 active), Execution time: mean = 280.296 us, total = 83.528 ms, Queueing time: mean = 6.735 ms, max = 19.365 ms, min = -0.001 s, total = 2.007 s
	CoreWorker.RecordMetrics - 60 total (1 active), Execution time: mean = 82.203 us, total = 4.932 ms, Queueing time: mean = 8.125 ms, max = 15.867 ms, min = -0.000 s, total = 487.517 ms
	CoreWorker.TryDelPendingObjectRefStreams - 30 total (1 active), Execution time: mean = 7.150 us, total = 214.500 us, Queueing time: mean = 7.420 ms, max = 16.071 ms, min = -0.000 s, total = 222.597 ms
	PeriodicalRunner.RunFnPeriodically - 7 total (0 active), Execution time: mean = 1.503 ms, total = 10.520 ms, Queueing time: mean = 2.579 ms, max = 9.843 ms, min = 13.700 us, total = 18.056 ms
	CoreWorker.PrintEventStats - 5 total (1 active, 1 running), Execution time: mean = 3.358 ms, total = 16.789 ms, Queueing time: mean = 3.158 ms, max = 8.459 ms, min = -0.001 s, total = 15.790 ms
	Publisher.CheckDeadSubscribers - 2 total (1 active), Execution time: mean = 5.950 us, total = 11.900 us, Queueing time: mean = 6.535 ms, max = 13.071 ms, min = 13.071 ms, total = 13.071 ms
	ray::rpc::InternalPubSubGcsService.grpc_client.GcsSubscriberCommandBatch - 1 total (0 active), Execution time: mean = 822.900 us, total = 822.900 us, Queueing time: mean = 0.000 s, max = -0.000 s, min = 9223372036.855 s, total = 0.000 s
	ray::rpc::WorkerInfoGcsService.grpc_client.AddWorkerInfo - 1 total (0 active), Execution time: mean = 5.274 ms, total = 5.274 ms, Queueing time: mean = 0.000 s, max = -0.000 s, min = 9223372036.855 s, total = 0.000 s
	ray::rpc::WorkerInfoGcsService.grpc_client.AddWorkerInfo.OnReplyReceived - 1 total (0 active), Execution time: mean = 28.600 us, total = 28.600 us, Queueing time: mean = 8.389 ms, max = 8.389 ms, min = 8.389 ms, total = 8.389 ms
	ray::rpc::NodeInfoGcsService.grpc_client.GetAllNodeInfo - 1 total (0 active), Execution time: mean = 1.520 ms, total = 1.520 ms, Queueing time: mean = 0.000 s, max = -0.000 s, min = 9223372036.855 s, total = 0.000 s
	ray::rpc::NodeInfoGcsService.grpc_client.GetAllNodeInfo.OnReplyReceived - 1 total (0 active), Execution time: mean = 1.111 ms, total = 1.111 ms, Queueing time: mean = 22.600 us, max = 22.600 us, min = 22.600 us, total = 22.600 us
	CoreWorkerService.grpc_server.PushTask - 1 total (0 active), Execution time: mean = 48.575 ms, total = 48.575 ms, Queueing time: mean = 0.000 s, max = -0.000 s, min = 9223372036.855 s, total = 0.000 s
	CoreWorkerService.grpc_server.PushTask.HandleRequestImpl - 1 total (0 active), Execution time: mean = 738.200 us, total = 738.200 us, Queueing time: mean = 13.700 us, max = 13.700 us, min = 13.700 us, total = 13.700 us
	ray::rpc::InternalPubSubGcsService.grpc_client.GcsSubscriberCommandBatch.OnReplyReceived - 1 total (0 active), Execution time: mean = 600.900 us, total = 600.900 us, Queueing time: mean = 9.506 ms, max = 9.506 ms, min = 9.506 ms, total = 9.506 ms
	ray::rpc::InternalPubSubGcsService.grpc_client.GcsSubscriberPoll - 1 total (1 active), Execution time: mean = 0.000 s, total = 0.000 s, Queueing time: mean = 0.000 s, max = -0.000 s, min = 9223372036.855 s, total = 0.000 s

-----------------
Task execution event stats:

Global stats: 18486 total (1 active)
Queueing time: mean = 6.217 ms, max = 56.956 ms, min = -0.008 s, total = 114.924 s
Execution time:  mean = 22.748 us, total = 420.523 ms
Event stats:
	CoreWorker.CheckSignal - 18484 total (1 active), Execution time: mean = 20.156 us, total = 372.571 ms, Queueing time: mean = 6.217 ms, max = 56.956 ms, min = -0.008 s, total = 114.924 s
	PeriodicalRunner.RunFnPeriodically - 1 total (0 active), Execution time: mean = 335.000 us, total = 335.000 us, Queueing time: mean = 6.700 us, max = 6.700 us, min = 6.700 us, total = 6.700 us
	CoreWorker.HandlePushTask - 1 total (0 active), Execution time: mean = 47.617 ms, total = 47.617 ms, Queueing time: mean = 16.800 us, max = 16.800 us, min = 16.800 us, total = 16.800 us

-----------------
Task Event stats:

IO Service Stats:

Global stats: 895 total (1 active)
Queueing time: mean = 2.309 ms, max = 19.343 ms, min = -0.001 s, total = 2.067 s
Execution time:  mean = 384.796 us, total = 344.393 ms
Event stats:
	ray::rpc::TaskInfoGcsService.grpc_client.AddTaskEventData - 298 total (0 active), Execution time: mean = 811.569 us, total = 241.848 ms, Queueing time: mean = 0.000 s, max = -0.000 s, min = 9223372036.855 s, total = 0.000 s
	CoreWorker.deadline_timer.flush_task_events - 298 total (1 active), Execution time: mean = 301.336 us, total = 89.798 ms, Queueing time: mean = 6.858 ms, max = 19.343 ms, min = -0.001 s, total = 2.044 s
	ray::rpc::TaskInfoGcsService.grpc_client.AddTaskEventData.OnReplyReceived - 298 total (0 active), Execution time: mean = 33.114 us, total = 9.868 ms, Queueing time: mean = 74.850 us, max = 10.036 ms, min = 6.200 us, total = 22.305 ms
	PeriodicalRunner.RunFnPeriodically - 1 total (0 active), Execution time: mean = 2.879 ms, total = 2.879 ms, Queueing time: mean = 682.300 us, max = 682.300 us, min = 682.300 us, total = 682.300 us
Other Stats:
	gcs_grpc_in_progress:0
	event_aggregator_grpc_in_progress:0
	current number of task status events in buffer: 0
	current number of profile events in buffer: 0
	current number of dropped task attempts tracked: 0
	total task events sent: 0.00073719 MiB
	total number of task attempts sent: 1
	total number of task attempts dropped reported: 0
	total number of sent failure: 0
	num status task events dropped: 0
	num profile task events dropped: 0
	num ray task events reported to aggregator: 0
	num ray task events failed to report to aggregator: 0
	num of task attempts dropped reported to aggregator: 0
	num of failed requests to aggregator: 0

[2025-12-14 20:14:16,398 I 25044 14492] core_worker.cc:419: Event stats:


Global stats: 4855 total (8 active)
Queueing time: mean = 7.614 ms, max = 39.259 ms, min = -0.002 s, total = 36.964 s
Execution time:  mean = 113.827 us, total = 552.629 ms
Event stats:
	CoreWorker.RecoverObjects - 3291 total (1 active), Execution time: mean = 7.914 us, total = 26.046 ms, Queueing time: mean = 9.408 ms, max = 39.259 ms, min = -0.002 s, total = 30.961 s
	NodeManagerService.grpc_client.ReportWorkerBacklog.OnReplyReceived - 358 total (0 active), Execution time: mean = 25.516 us, total = 9.135 ms, Queueing time: mean = 51.002 us, max = 5.052 ms, min = 6.200 us, total = 18.259 ms
	NodeManagerService.grpc_client.ReportWorkerBacklog - 358 total (0 active), Execution time: mean = 844.925 us, total = 302.483 ms, Queueing time: mean = 0.000 s, max = -0.000 s, min = 9223372036.855 s, total = 0.000 s
	CoreWorker.ExitIfParentRayletDies - 358 total (1 active), Execution time: mean = 67.166 us, total = 24.046 ms, Queueing time: mean = 7.189 ms, max = 22.774 ms, min = -0.001 s, total = 2.574 s
	CoreWorker.InternalHeartbeat - 358 total (1 active), Execution time: mean = 275.811 us, total = 98.740 ms, Queueing time: mean = 6.969 ms, max = 22.564 ms, min = -0.001 s, total = 2.495 s
	CoreWorker.RecordMetrics - 72 total (1 active), Execution time: mean = 75.783 us, total = 5.456 ms, Queueing time: mean = 7.727 ms, max = 15.867 ms, min = -0.000 s, total = 556.365 ms
	CoreWorker.TryDelPendingObjectRefStreams - 36 total (1 active), Execution time: mean = 6.856 us, total = 246.800 us, Queueing time: mean = 8.067 ms, max = 16.071 ms, min = -0.000 s, total = 290.404 ms
	PeriodicalRunner.RunFnPeriodically - 7 total (0 active), Execution time: mean = 1.503 ms, total = 10.520 ms, Queueing time: mean = 2.579 ms, max = 9.843 ms, min = 13.700 us, total = 18.056 ms
	CoreWorker.PrintEventStats - 6 total (1 active, 1 running), Execution time: mean = 2.879 ms, total = 17.275 ms, Queueing time: mean = 3.382 ms, max = 8.459 ms, min = -0.001 s, total = 20.292 ms
	Publisher.CheckDeadSubscribers - 2 total (1 active), Execution time: mean = 5.950 us, total = 11.900 us, Queueing time: mean = 6.535 ms, max = 13.071 ms, min = 13.071 ms, total = 13.071 ms
	ray::rpc::InternalPubSubGcsService.grpc_client.GcsSubscriberCommandBatch - 1 total (0 active), Execution time: mean = 822.900 us, total = 822.900 us, Queueing time: mean = 0.000 s, max = -0.000 s, min = 9223372036.855 s, total = 0.000 s
	ray::rpc::WorkerInfoGcsService.grpc_client.AddWorkerInfo - 1 total (0 active), Execution time: mean = 5.274 ms, total = 5.274 ms, Queueing time: mean = 0.000 s, max = -0.000 s, min = 9223372036.855 s, total = 0.000 s
	ray::rpc::WorkerInfoGcsService.grpc_client.AddWorkerInfo.OnReplyReceived - 1 total (0 active), Execution time: mean = 28.600 us, total = 28.600 us, Queueing time: mean = 8.389 ms, max = 8.389 ms, min = 8.389 ms, total = 8.389 ms
	ray::rpc::NodeInfoGcsService.grpc_client.GetAllNodeInfo - 1 total (0 active), Execution time: mean = 1.520 ms, total = 1.520 ms, Queueing time: mean = 0.000 s, max = -0.000 s, min = 9223372036.855 s, total = 0.000 s
	ray::rpc::NodeInfoGcsService.grpc_client.GetAllNodeInfo.OnReplyReceived - 1 total (0 active), Execution time: mean = 1.111 ms, total = 1.111 ms, Queueing time: mean = 22.600 us, max = 22.600 us, min = 22.600 us, total = 22.600 us
	CoreWorkerService.grpc_server.PushTask - 1 total (0 active), Execution time: mean = 48.575 ms, total = 48.575 ms, Queueing time: mean = 0.000 s, max = -0.000 s, min = 9223372036.855 s, total = 0.000 s
	CoreWorkerService.grpc_server.PushTask.HandleRequestImpl - 1 total (0 active), Execution time: mean = 738.200 us, total = 738.200 us, Queueing time: mean = 13.700 us, max = 13.700 us, min = 13.700 us, total = 13.700 us
	ray::rpc::InternalPubSubGcsService.grpc_client.GcsSubscriberCommandBatch.OnReplyReceived - 1 total (0 active), Execution time: mean = 600.900 us, total = 600.900 us, Queueing time: mean = 9.506 ms, max = 9.506 ms, min = 9.506 ms, total = 9.506 ms
	ray::rpc::InternalPubSubGcsService.grpc_client.GcsSubscriberPoll - 1 total (1 active), Execution time: mean = 0.000 s, total = 0.000 s, Queueing time: mean = 0.000 s, max = -0.000 s, min = 9223372036.855 s, total = 0.000 s

-----------------
Task execution event stats:

Global stats: 22204 total (1 active)
Queueing time: mean = 6.201 ms, max = 56.956 ms, min = -0.008 s, total = 137.694 s
Execution time:  mean = 22.063 us, total = 489.878 ms
Event stats:
	CoreWorker.CheckSignal - 22202 total (1 active), Execution time: mean = 19.905 us, total = 441.926 ms, Queueing time: mean = 6.202 ms, max = 56.956 ms, min = -0.008 s, total = 137.694 s
	PeriodicalRunner.RunFnPeriodically - 1 total (0 active), Execution time: mean = 335.000 us, total = 335.000 us, Queueing time: mean = 6.700 us, max = 6.700 us, min = 6.700 us, total = 6.700 us
	CoreWorker.HandlePushTask - 1 total (0 active), Execution time: mean = 47.617 ms, total = 47.617 ms, Queueing time: mean = 16.800 us, max = 16.800 us, min = 16.800 us, total = 16.800 us

-----------------
Task Event stats:

IO Service Stats:

Global stats: 1075 total (1 active)
Queueing time: mean = 2.347 ms, max = 19.343 ms, min = -0.001 s, total = 2.523 s
Execution time:  mean = 382.215 us, total = 410.881 ms
Event stats:
	ray::rpc::TaskInfoGcsService.grpc_client.AddTaskEventData - 358 total (0 active), Execution time: mean = 809.098 us, total = 289.657 ms, Queueing time: mean = 0.000 s, max = -0.000 s, min = 9223372036.855 s, total = 0.000 s
	CoreWorker.deadline_timer.flush_task_events - 358 total (1 active), Execution time: mean = 298.569 us, total = 106.888 ms, Queueing time: mean = 6.977 ms, max = 19.343 ms, min = -0.001 s, total = 2.498 s
	ray::rpc::TaskInfoGcsService.grpc_client.AddTaskEventData.OnReplyReceived - 358 total (0 active), Execution time: mean = 32.002 us, total = 11.457 ms, Queueing time: mean = 68.920 us, max = 10.036 ms, min = 6.200 us, total = 24.673 ms
	PeriodicalRunner.RunFnPeriodically - 1 total (0 active), Execution time: mean = 2.879 ms, total = 2.879 ms, Queueing time: mean = 682.300 us, max = 682.300 us, min = 682.300 us, total = 682.300 us
Other Stats:
	gcs_grpc_in_progress:0
	event_aggregator_grpc_in_progress:0
	current number of task status events in buffer: 0
	current number of profile events in buffer: 0
	current number of dropped task attempts tracked: 0
	total task events sent: 0.00073719 MiB
	total number of task attempts sent: 1
	total number of task attempts dropped reported: 0
	total number of sent failure: 0
	num status task events dropped: 0
	num profile task events dropped: 0
	num ray task events reported to aggregator: 0
	num ray task events failed to report to aggregator: 0
	num of task attempts dropped reported to aggregator: 0
	num of failed requests to aggregator: 0

[2025-12-14 20:15:16,393 I 25044 14492] core_worker.cc:419: Event stats:


Global stats: 5660 total (8 active)
Queueing time: mean = 7.643 ms, max = 39.259 ms, min = -0.002 s, total = 43.259 s
Execution time:  mean = 111.879 us, total = 633.237 ms
Event stats:
	CoreWorker.RecoverObjects - 3837 total (1 active), Execution time: mean = 7.886 us, total = 30.259 ms, Queueing time: mean = 9.473 ms, max = 39.259 ms, min = -0.002 s, total = 36.348 s
	NodeManagerService.grpc_client.ReportWorkerBacklog.OnReplyReceived - 418 total (0 active), Execution time: mean = 24.410 us, total = 10.203 ms, Queueing time: mean = 49.803 us, max = 5.052 ms, min = 6.000 us, total = 20.818 ms
	NodeManagerService.grpc_client.ReportWorkerBacklog - 418 total (0 active), Execution time: mean = 830.240 us, total = 347.040 ms, Queueing time: mean = 0.000 s, max = -0.000 s, min = 9223372036.855 s, total = 0.000 s
	CoreWorker.ExitIfParentRayletDies - 418 total (1 active), Execution time: mean = 69.341 us, total = 28.985 ms, Queueing time: mean = 7.072 ms, max = 22.774 ms, min = -0.001 s, total = 2.956 s
	CoreWorker.InternalHeartbeat - 418 total (1 active), Execution time: mean = 268.467 us, total = 112.219 ms, Queueing time: mean = 6.863 ms, max = 22.564 ms, min = -0.001 s, total = 2.869 s
	CoreWorker.RecordMetrics - 84 total (1 active), Execution time: mean = 71.957 us, total = 6.044 ms, Queueing time: mean = 7.708 ms, max = 16.600 ms, min = -0.000 s, total = 647.474 ms
	CoreWorker.TryDelPendingObjectRefStreams - 42 total (1 active), Execution time: mean = 6.683 us, total = 280.700 us, Queueing time: mean = 8.241 ms, max = 16.071 ms, min = -0.000 s, total = 346.121 ms
	CoreWorker.PrintEventStats - 7 total (1 active, 1 running), Execution time: mean = 4.144 ms, total = 29.005 ms, Queueing time: mean = 3.185 ms, max = 8.459 ms, min = -0.001 s, total = 22.293 ms
	PeriodicalRunner.RunFnPeriodically - 7 total (0 active), Execution time: mean = 1.503 ms, total = 10.520 ms, Queueing time: mean = 2.579 ms, max = 9.843 ms, min = 13.700 us, total = 18.056 ms
	Publisher.CheckDeadSubscribers - 2 total (1 active), Execution time: mean = 5.950 us, total = 11.900 us, Queueing time: mean = 6.535 ms, max = 13.071 ms, min = 13.071 ms, total = 13.071 ms
	ray::rpc::InternalPubSubGcsService.grpc_client.GcsSubscriberCommandBatch - 1 total (0 active), Execution time: mean = 822.900 us, total = 822.900 us, Queueing time: mean = 0.000 s, max = -0.000 s, min = 9223372036.855 s, total = 0.000 s
	ray::rpc::WorkerInfoGcsService.grpc_client.AddWorkerInfo - 1 total (0 active), Execution time: mean = 5.274 ms, total = 5.274 ms, Queueing time: mean = 0.000 s, max = -0.000 s, min = 9223372036.855 s, total = 0.000 s
	ray::rpc::WorkerInfoGcsService.grpc_client.AddWorkerInfo.OnReplyReceived - 1 total (0 active), Execution time: mean = 28.600 us, total = 28.600 us, Queueing time: mean = 8.389 ms, max = 8.389 ms, min = 8.389 ms, total = 8.389 ms
	ray::rpc::NodeInfoGcsService.grpc_client.GetAllNodeInfo - 1 total (0 active), Execution time: mean = 1.520 ms, total = 1.520 ms, Queueing time: mean = 0.000 s, max = -0.000 s, min = 9223372036.855 s, total = 0.000 s
	ray::rpc::NodeInfoGcsService.grpc_client.GetAllNodeInfo.OnReplyReceived - 1 total (0 active), Execution time: mean = 1.111 ms, total = 1.111 ms, Queueing time: mean = 22.600 us, max = 22.600 us, min = 22.600 us, total = 22.600 us
	CoreWorkerService.grpc_server.PushTask - 1 total (0 active), Execution time: mean = 48.575 ms, total = 48.575 ms, Queueing time: mean = 0.000 s, max = -0.000 s, min = 9223372036.855 s, total = 0.000 s
	CoreWorkerService.grpc_server.PushTask.HandleRequestImpl - 1 total (0 active), Execution time: mean = 738.200 us, total = 738.200 us, Queueing time: mean = 13.700 us, max = 13.700 us, min = 13.700 us, total = 13.700 us
	ray::rpc::InternalPubSubGcsService.grpc_client.GcsSubscriberCommandBatch.OnReplyReceived - 1 total (0 active), Execution time: mean = 600.900 us, total = 600.900 us, Queueing time: mean = 9.506 ms, max = 9.506 ms, min = 9.506 ms, total = 9.506 ms
	ray::rpc::InternalPubSubGcsService.grpc_client.GcsSubscriberPoll - 1 total (1 active), Execution time: mean = 0.000 s, total = 0.000 s, Queueing time: mean = 0.000 s, max = -0.000 s, min = 9223372036.855 s, total = 0.000 s

-----------------
Task execution event stats:

Global stats: 25923 total (1 active)
Queueing time: mean = 6.190 ms, max = 56.956 ms, min = -0.008 s, total = 160.457 s
Execution time:  mean = 21.661 us, total = 561.516 ms
Event stats:
	CoreWorker.CheckSignal - 25921 total (1 active), Execution time: mean = 19.813 us, total = 513.564 ms, Queueing time: mean = 6.190 ms, max = 56.956 ms, min = -0.008 s, total = 160.457 s
	PeriodicalRunner.RunFnPeriodically - 1 total (0 active), Execution time: mean = 335.000 us, total = 335.000 us, Queueing time: mean = 6.700 us, max = 6.700 us, min = 6.700 us, total = 6.700 us
	CoreWorker.HandlePushTask - 1 total (0 active), Execution time: mean = 47.617 ms, total = 47.617 ms, Queueing time: mean = 16.800 us, max = 16.800 us, min = 16.800 us, total = 16.800 us

-----------------
Task Event stats:

IO Service Stats:

Global stats: 1255 total (1 active)
Queueing time: mean = 2.310 ms, max = 19.343 ms, min = -0.001 s, total = 2.899 s
Execution time:  mean = 385.027 us, total = 483.209 ms
Event stats:
	ray::rpc::TaskInfoGcsService.grpc_client.AddTaskEventData - 418 total (0 active), Execution time: mean = 822.833 us, total = 343.944 ms, Queueing time: mean = 0.000 s, max = -0.000 s, min = 9223372036.855 s, total = 0.000 s
	CoreWorker.deadline_timer.flush_task_events - 418 total (1 active), Execution time: mean = 294.504 us, total = 123.103 ms, Queueing time: mean = 6.865 ms, max = 19.343 ms, min = -0.001 s, total = 2.869 s
	ray::rpc::TaskInfoGcsService.grpc_client.AddTaskEventData.OnReplyReceived - 418 total (0 active), Execution time: mean = 31.778 us, total = 13.283 ms, Queueing time: mean = 69.663 us, max = 10.036 ms, min = 6.200 us, total = 29.119 ms
	PeriodicalRunner.RunFnPeriodically - 1 total (0 active), Execution time: mean = 2.879 ms, total = 2.879 ms, Queueing time: mean = 682.300 us, max = 682.300 us, min = 682.300 us, total = 682.300 us
Other Stats:
	gcs_grpc_in_progress:0
	event_aggregator_grpc_in_progress:0
	current number of task status events in buffer: 0
	current number of profile events in buffer: 0
	current number of dropped task attempts tracked: 0
	total task events sent: 0.00073719 MiB
	total number of task attempts sent: 1
	total number of task attempts dropped reported: 0
	total number of sent failure: 0
	num status task events dropped: 0
	num profile task events dropped: 0
	num ray task events reported to aggregator: 0
	num ray task events failed to report to aggregator: 0
	num of task attempts dropped reported to aggregator: 0
	num of failed requests to aggregator: 0

[2025-12-14 20:16:16,397 I 25044 14492] core_worker.cc:419: Event stats:


Global stats: 6461 total (8 active)
Queueing time: mean = 7.685 ms, max = 39.259 ms, min = -0.005 s, total = 49.651 s
Execution time:  mean = 109.075 us, total = 704.735 ms
Event stats:
	CoreWorker.RecoverObjects - 4383 total (1 active), Execution time: mean = 7.878 us, total = 34.531 ms, Queueing time: mean = 9.543 ms, max = 39.259 ms, min = -0.002 s, total = 41.828 s
	NodeManagerService.grpc_client.ReportWorkerBacklog.OnReplyReceived - 477 total (0 active), Execution time: mean = 24.385 us, total = 11.632 ms, Queueing time: mean = 48.703 us, max = 5.052 ms, min = 6.000 us, total = 23.232 ms
	NodeManagerService.grpc_client.ReportWorkerBacklog - 477 total (0 active), Execution time: mean = 824.760 us, total = 393.411 ms, Queueing time: mean = 0.000 s, max = -0.000 s, min = 9223372036.855 s, total = 0.000 s
	CoreWorker.ExitIfParentRayletDies - 477 total (1 active), Execution time: mean = 68.780 us, total = 32.808 ms, Queueing time: mean = 7.036 ms, max = 22.774 ms, min = -0.001 s, total = 3.356 s
	CoreWorker.InternalHeartbeat - 477 total (1 active), Execution time: mean = 264.832 us, total = 126.325 ms, Queueing time: mean = 6.865 ms, max = 22.564 ms, min = -0.001 s, total = 3.275 s
	CoreWorker.RecordMetrics - 96 total (1 active), Execution time: mean = 69.504 us, total = 6.672 ms, Queueing time: mean = 7.491 ms, max = 16.600 ms, min = -0.000 s, total = 719.141 ms
	CoreWorker.TryDelPendingObjectRefStreams - 48 total (1 active), Execution time: mean = 6.815 us, total = 327.100 us, Queueing time: mean = 7.988 ms, max = 16.071 ms, min = -0.000 s, total = 383.422 ms
	CoreWorker.PrintEventStats - 8 total (1 active, 1 running), Execution time: mean = 3.728 ms, total = 29.828 ms, Queueing time: mean = 2.138 ms, max = 8.459 ms, min = -0.005 s, total = 17.105 ms
	PeriodicalRunner.RunFnPeriodically - 7 total (0 active), Execution time: mean = 1.503 ms, total = 10.520 ms, Queueing time: mean = 2.579 ms, max = 9.843 ms, min = 13.700 us, total = 18.056 ms
	Publisher.CheckDeadSubscribers - 2 total (1 active), Execution time: mean = 5.950 us, total = 11.900 us, Queueing time: mean = 6.535 ms, max = 13.071 ms, min = 13.071 ms, total = 13.071 ms
	ray::rpc::InternalPubSubGcsService.grpc_client.GcsSubscriberCommandBatch - 1 total (0 active), Execution time: mean = 822.900 us, total = 822.900 us, Queueing time: mean = 0.000 s, max = -0.000 s, min = 9223372036.855 s, total = 0.000 s
	ray::rpc::WorkerInfoGcsService.grpc_client.AddWorkerInfo - 1 total (0 active), Execution time: mean = 5.274 ms, total = 5.274 ms, Queueing time: mean = 0.000 s, max = -0.000 s, min = 9223372036.855 s, total = 0.000 s
	ray::rpc::WorkerInfoGcsService.grpc_client.AddWorkerInfo.OnReplyReceived - 1 total (0 active), Execution time: mean = 28.600 us, total = 28.600 us, Queueing time: mean = 8.389 ms, max = 8.389 ms, min = 8.389 ms, total = 8.389 ms
	ray::rpc::NodeInfoGcsService.grpc_client.GetAllNodeInfo - 1 total (0 active), Execution time: mean = 1.520 ms, total = 1.520 ms, Queueing time: mean = 0.000 s, max = -0.000 s, min = 9223372036.855 s, total = 0.000 s
	ray::rpc::NodeInfoGcsService.grpc_client.GetAllNodeInfo.OnReplyReceived - 1 total (0 active), Execution time: mean = 1.111 ms, total = 1.111 ms, Queueing time: mean = 22.600 us, max = 22.600 us, min = 22.600 us, total = 22.600 us
	CoreWorkerService.grpc_server.PushTask - 1 total (0 active), Execution time: mean = 48.575 ms, total = 48.575 ms, Queueing time: mean = 0.000 s, max = -0.000 s, min = 9223372036.855 s, total = 0.000 s
	CoreWorkerService.grpc_server.PushTask.HandleRequestImpl - 1 total (0 active), Execution time: mean = 738.200 us, total = 738.200 us, Queueing time: mean = 13.700 us, max = 13.700 us, min = 13.700 us, total = 13.700 us
	ray::rpc::InternalPubSubGcsService.grpc_client.GcsSubscriberCommandBatch.OnReplyReceived - 1 total (0 active), Execution time: mean = 600.900 us, total = 600.900 us, Queueing time: mean = 9.506 ms, max = 9.506 ms, min = 9.506 ms, total = 9.506 ms
	ray::rpc::InternalPubSubGcsService.grpc_client.GcsSubscriberPoll - 1 total (1 active), Execution time: mean = 0.000 s, total = 0.000 s, Queueing time: mean = 0.000 s, max = -0.000 s, min = 9223372036.855 s, total = 0.000 s

-----------------
Task execution event stats:

Global stats: 29636 total (1 active)
Queueing time: mean = 6.184 ms, max = 56.956 ms, min = -0.008 s, total = 183.275 s
Execution time:  mean = 21.469 us, total = 636.245 ms
Event stats:
	CoreWorker.CheckSignal - 29634 total (1 active), Execution time: mean = 19.852 us, total = 588.293 ms, Queueing time: mean = 6.185 ms, max = 56.956 ms, min = -0.008 s, total = 183.275 s
	PeriodicalRunner.RunFnPeriodically - 1 total (0 active), Execution time: mean = 335.000 us, total = 335.000 us, Queueing time: mean = 6.700 us, max = 6.700 us, min = 6.700 us, total = 6.700 us
	CoreWorker.HandlePushTask - 1 total (0 active), Execution time: mean = 47.617 ms, total = 47.617 ms, Queueing time: mean = 16.800 us, max = 16.800 us, min = 16.800 us, total = 16.800 us

-----------------
Task Event stats:

IO Service Stats:

Global stats: 1432 total (1 active)
Queueing time: mean = 2.297 ms, max = 19.343 ms, min = -0.001 s, total = 3.290 s
Execution time:  mean = 382.097 us, total = 547.163 ms
Event stats:
	ray::rpc::TaskInfoGcsService.grpc_client.AddTaskEventData - 477 total (0 active), Execution time: mean = 818.737 us, total = 390.538 ms, Queueing time: mean = 0.000 s, max = -0.000 s, min = 9223372036.855 s, total = 0.000 s
	CoreWorker.deadline_timer.flush_task_events - 477 total (1 active), Execution time: mean = 291.356 us, total = 138.977 ms, Queueing time: mean = 6.830 ms, max = 19.343 ms, min = -0.001 s, total = 3.258 s
	ray::rpc::TaskInfoGcsService.grpc_client.AddTaskEventData.OnReplyReceived - 477 total (0 active), Execution time: mean = 30.964 us, total = 14.770 ms, Queueing time: mean = 65.526 us, max = 10.036 ms, min = 4.900 us, total = 31.256 ms
	PeriodicalRunner.RunFnPeriodically - 1 total (0 active), Execution time: mean = 2.879 ms, total = 2.879 ms, Queueing time: mean = 682.300 us, max = 682.300 us, min = 682.300 us, total = 682.300 us
Other Stats:
	gcs_grpc_in_progress:0
	event_aggregator_grpc_in_progress:0
	current number of task status events in buffer: 0
	current number of profile events in buffer: 0
	current number of dropped task attempts tracked: 0
	total task events sent: 0.00073719 MiB
	total number of task attempts sent: 1
	total number of task attempts dropped reported: 0
	total number of sent failure: 0
	num status task events dropped: 0
	num profile task events dropped: 0
	num ray task events reported to aggregator: 0
	num ray task events failed to report to aggregator: 0
	num of task attempts dropped reported to aggregator: 0
	num of failed requests to aggregator: 0

[2025-12-14 20:17:16,406 I 25044 14492] core_worker.cc:419: Event stats:


Global stats: 7265 total (8 active)
Queueing time: mean = 7.705 ms, max = 39.259 ms, min = -0.005 s, total = 55.974 s
Execution time:  mean = 107.746 us, total = 782.772 ms
Event stats:
	CoreWorker.RecoverObjects - 4928 total (1 active), Execution time: mean = 7.972 us, total = 39.286 ms, Queueing time: mean = 9.592 ms, max = 39.259 ms, min = -0.002 s, total = 47.270 s
	NodeManagerService.grpc_client.ReportWorkerBacklog.OnReplyReceived - 537 total (0 active), Execution time: mean = 24.537 us, total = 13.176 ms, Queueing time: mean = 47.287 us, max = 5.052 ms, min = 6.000 us, total = 25.393 ms
	NodeManagerService.grpc_client.ReportWorkerBacklog - 537 total (0 active), Execution time: mean = 824.212 us, total = 442.602 ms, Queueing time: mean = 0.000 s, max = -0.000 s, min = 9223372036.855 s, total = 0.000 s
	CoreWorker.ExitIfParentRayletDies - 537 total (1 active), Execution time: mean = 70.166 us, total = 37.679 ms, Queueing time: mean = 6.955 ms, max = 22.774 ms, min = -0.001 s, total = 3.735 s
	CoreWorker.InternalHeartbeat - 537 total (1 active), Execution time: mean = 264.645 us, total = 142.114 ms, Queueing time: mean = 6.754 ms, max = 22.564 ms, min = -0.001 s, total = 3.627 s
	CoreWorker.RecordMetrics - 108 total (1 active), Execution time: mean = 67.450 us, total = 7.285 ms, Queueing time: mean = 7.639 ms, max = 16.600 ms, min = -0.000 s, total = 825.058 ms
	CoreWorker.TryDelPendingObjectRefStreams - 54 total (1 active), Execution time: mean = 6.770 us, total = 365.600 us, Queueing time: mean = 7.851 ms, max = 16.071 ms, min = -0.000 s, total = 423.965 ms
	CoreWorker.PrintEventStats - 9 total (1 active, 1 running), Execution time: mean = 3.451 ms, total = 31.062 ms, Queueing time: mean = 2.163 ms, max = 8.459 ms, min = -0.005 s, total = 19.466 ms
	PeriodicalRunner.RunFnPeriodically - 7 total (0 active), Execution time: mean = 1.503 ms, total = 10.520 ms, Queueing time: mean = 2.579 ms, max = 9.843 ms, min = 13.700 us, total = 18.056 ms
	Publisher.CheckDeadSubscribers - 2 total (1 active), Execution time: mean = 5.950 us, total = 11.900 us, Queueing time: mean = 6.535 ms, max = 13.071 ms, min = 13.071 ms, total = 13.071 ms
	ray::rpc::InternalPubSubGcsService.grpc_client.GcsSubscriberCommandBatch - 1 total (0 active), Execution time: mean = 822.900 us, total = 822.900 us, Queueing time: mean = 0.000 s, max = -0.000 s, min = 9223372036.855 s, total = 0.000 s
	ray::rpc::WorkerInfoGcsService.grpc_client.AddWorkerInfo - 1 total (0 active), Execution time: mean = 5.274 ms, total = 5.274 ms, Queueing time: mean = 0.000 s, max = -0.000 s, min = 9223372036.855 s, total = 0.000 s
	ray::rpc::WorkerInfoGcsService.grpc_client.AddWorkerInfo.OnReplyReceived - 1 total (0 active), Execution time: mean = 28.600 us, total = 28.600 us, Queueing time: mean = 8.389 ms, max = 8.389 ms, min = 8.389 ms, total = 8.389 ms
	ray::rpc::NodeInfoGcsService.grpc_client.GetAllNodeInfo - 1 total (0 active), Execution time: mean = 1.520 ms, total = 1.520 ms, Queueing time: mean = 0.000 s, max = -0.000 s, min = 9223372036.855 s, total = 0.000 s
	ray::rpc::NodeInfoGcsService.grpc_client.GetAllNodeInfo.OnReplyReceived - 1 total (0 active), Execution time: mean = 1.111 ms, total = 1.111 ms, Queueing time: mean = 22.600 us, max = 22.600 us, min = 22.600 us, total = 22.600 us
	CoreWorkerService.grpc_server.PushTask - 1 total (0 active), Execution time: mean = 48.575 ms, total = 48.575 ms, Queueing time: mean = 0.000 s, max = -0.000 s, min = 9223372036.855 s, total = 0.000 s
	CoreWorkerService.grpc_server.PushTask.HandleRequestImpl - 1 total (0 active), Execution time: mean = 738.200 us, total = 738.200 us, Queueing time: mean = 13.700 us, max = 13.700 us, min = 13.700 us, total = 13.700 us
	ray::rpc::InternalPubSubGcsService.grpc_client.GcsSubscriberCommandBatch.OnReplyReceived - 1 total (0 active), Execution time: mean = 600.900 us, total = 600.900 us, Queueing time: mean = 9.506 ms, max = 9.506 ms, min = 9.506 ms, total = 9.506 ms
	ray::rpc::InternalPubSubGcsService.grpc_client.GcsSubscriberPoll - 1 total (1 active), Execution time: mean = 0.000 s, total = 0.000 s, Queueing time: mean = 0.000 s, max = -0.000 s, min = 9223372036.855 s, total = 0.000 s

-----------------
Task execution event stats:

Global stats: 33335 total (1 active)
Queueing time: mean = 6.187 ms, max = 56.956 ms, min = -0.008 s, total = 206.240 s
Execution time:  mean = 21.224 us, total = 707.506 ms
Event stats:
	CoreWorker.CheckSignal - 33333 total (1 active), Execution time: mean = 19.787 us, total = 659.554 ms, Queueing time: mean = 6.187 ms, max = 56.956 ms, min = -0.008 s, total = 206.240 s
	PeriodicalRunner.RunFnPeriodically - 1 total (0 active), Execution time: mean = 335.000 us, total = 335.000 us, Queueing time: mean = 6.700 us, max = 6.700 us, min = 6.700 us, total = 6.700 us
	CoreWorker.HandlePushTask - 1 total (0 active), Execution time: mean = 47.617 ms, total = 47.617 ms, Queueing time: mean = 16.800 us, max = 16.800 us, min = 16.800 us, total = 16.800 us

-----------------
Task Event stats:

IO Service Stats:

Global stats: 1612 total (1 active)
Queueing time: mean = 2.272 ms, max = 19.343 ms, min = -0.001 s, total = 3.662 s
Execution time:  mean = 379.407 us, total = 611.605 ms
Event stats:
	ray::rpc::TaskInfoGcsService.grpc_client.AddTaskEventData - 537 total (0 active), Execution time: mean = 817.034 us, total = 438.747 ms, Queueing time: mean = 0.000 s, max = -0.000 s, min = 9223372036.855 s, total = 0.000 s
	CoreWorker.deadline_timer.flush_task_events - 537 total (1 active), Execution time: mean = 285.969 us, total = 153.565 ms, Queueing time: mean = 6.755 ms, max = 19.343 ms, min = -0.001 s, total = 3.627 s
	ray::rpc::TaskInfoGcsService.grpc_client.AddTaskEventData.OnReplyReceived - 537 total (0 active), Execution time: mean = 30.564 us, total = 16.413 ms, Queueing time: mean = 63.016 us, max = 10.036 ms, min = 4.900 us, total = 33.840 ms
	PeriodicalRunner.RunFnPeriodically - 1 total (0 active), Execution time: mean = 2.879 ms, total = 2.879 ms, Queueing time: mean = 682.300 us, max = 682.300 us, min = 682.300 us, total = 682.300 us
Other Stats:
	gcs_grpc_in_progress:0
	event_aggregator_grpc_in_progress:0
	current number of task status events in buffer: 0
	current number of profile events in buffer: 0
	current number of dropped task attempts tracked: 0
	total task events sent: 0.00073719 MiB
	total number of task attempts sent: 1
	total number of task attempts dropped reported: 0
	total number of sent failure: 0
	num status task events dropped: 0
	num profile task events dropped: 0
	num ray task events reported to aggregator: 0
	num ray task events failed to report to aggregator: 0
	num of task attempts dropped reported to aggregator: 0
	num of failed requests to aggregator: 0

[2025-12-14 20:17:31,194 W 25044 14492] core_worker.cc:744: Force exit the process.  Details: Worker force exits because its job has finished
[2025-12-14 20:17:31,224 I 25044 14492] core_worker.cc:580: Sending disconnect message to the local raylet.
[2025-12-14 20:17:31,226 I 25044 14492] raylet_ipc_client.cc:113: RayletIpcClient::Disconnect, exit_type=INTENDED_SYSTEM_EXIT, exit_detail=Worker force exits because its job has finished, has creation_task_exception_pb_bytes=0
[2025-12-14 20:17:31,227 I 25044 14492] core_worker.cc:585: Disconnected from the local raylet.
