2025-12-15 17:21:49,771	INFO log_monitor.py:157 -- Starting log monitor with [max open files=200], [is_autoscaler_v2=False]
2025-12-15 17:21:49,775	INFO log_monitor.py:279 -- Beginning to track file worker-21e1c7fb9f036cab3691567d174d4ca3dd5f99f170504cfbb45cc334-ffffffff-25356.err
2025-12-15 17:21:49,775	INFO log_monitor.py:279 -- Beginning to track file worker-21e1c7fb9f036cab3691567d174d4ca3dd5f99f170504cfbb45cc334-ffffffff-25356.out
2025-12-15 17:21:49,777	INFO log_monitor.py:279 -- Beginning to track file worker-38f4633e1eb14ca11fa001a643ca7ccf50d7dcdfc368716e72776d3f-ffffffff-9440.err
2025-12-15 17:21:49,777	INFO log_monitor.py:279 -- Beginning to track file worker-38f4633e1eb14ca11fa001a643ca7ccf50d7dcdfc368716e72776d3f-ffffffff-9440.out
2025-12-15 17:21:49,777	INFO log_monitor.py:279 -- Beginning to track file worker-5df565249e094582107d34d134b194e2cc9cee902666c94019677551-ffffffff-7852.err
2025-12-15 17:21:49,777	INFO log_monitor.py:279 -- Beginning to track file worker-5df565249e094582107d34d134b194e2cc9cee902666c94019677551-ffffffff-7852.out
2025-12-15 17:21:49,777	INFO log_monitor.py:279 -- Beginning to track file worker-6203f67e4b27d6ac7c20f389cb06c6c9a12cc364ad7ef2a6b519ca6d-ffffffff-11616.err
2025-12-15 17:21:49,779	INFO log_monitor.py:279 -- Beginning to track file worker-6203f67e4b27d6ac7c20f389cb06c6c9a12cc364ad7ef2a6b519ca6d-ffffffff-11616.out
2025-12-15 17:21:49,783	INFO log_monitor.py:279 -- Beginning to track file worker-bb507be1ddbae2255999faeaac23ad720acb9db9781eed4b30de1fb8-ffffffff-17804.err
2025-12-15 17:21:49,784	INFO log_monitor.py:279 -- Beginning to track file worker-bb507be1ddbae2255999faeaac23ad720acb9db9781eed4b30de1fb8-ffffffff-17804.out
2025-12-15 17:21:49,784	INFO log_monitor.py:279 -- Beginning to track file worker-ea44c820cc9bc048307236b509ec006ed2dfeb2b0ecd93a8bec9b91d-ffffffff-18404.err
2025-12-15 17:21:49,784	INFO log_monitor.py:279 -- Beginning to track file worker-ea44c820cc9bc048307236b509ec006ed2dfeb2b0ecd93a8bec9b91d-ffffffff-18404.out
2025-12-15 17:21:49,784	INFO log_monitor.py:279 -- Beginning to track file raylet.err
2025-12-15 17:21:49,785	INFO log_monitor.py:279 -- Beginning to track file monitor.log
2025-12-15 17:21:49,785	INFO log_monitor.py:279 -- Beginning to track file gcs_server.err
2025-12-15 17:21:49,790	INFO log_monitor.py:279 -- Beginning to track file worker-a61519f87b25b2fabb991359b8a6a40483c3414bd723596aef80cfcf-ffffffff-23972.err
2025-12-15 17:21:49,790	INFO log_monitor.py:279 -- Beginning to track file worker-a61519f87b25b2fabb991359b8a6a40483c3414bd723596aef80cfcf-ffffffff-23972.out
2025-12-15 17:21:49,896	INFO log_monitor.py:279 -- Beginning to track file worker-bdb367b69f89a03df04f668ce5d77ebeab5bcbc63daa4decb5b342d7-ffffffff-7832.err
2025-12-15 17:21:49,896	INFO log_monitor.py:279 -- Beginning to track file worker-bdb367b69f89a03df04f668ce5d77ebeab5bcbc63daa4decb5b342d7-ffffffff-7832.out
2025-12-15 17:21:53,299	INFO log_monitor.py:279 -- Beginning to track file worker-19c93c619632c0c352a534544d13dbd743908614684ae9f6326c2bad-01000000-24180.err
2025-12-15 17:21:53,299	INFO log_monitor.py:279 -- Beginning to track file worker-19c93c619632c0c352a534544d13dbd743908614684ae9f6326c2bad-01000000-24180.out
2025-12-15 17:22:10,900	INFO log_monitor.py:279 -- Beginning to track file worker-9c638fed45f0a3aa999e85942f50542aeda1715f8e3adda12d1cd6f5-01000000-5936.err
2025-12-15 17:22:10,900	INFO log_monitor.py:279 -- Beginning to track file worker-9c638fed45f0a3aa999e85942f50542aeda1715f8e3adda12d1cd6f5-01000000-5936.out
2025-12-15 17:22:10,900	INFO log_monitor.py:279 -- Beginning to track file worker-c271fcf2b0b5fad3377e809ac52db401cee0bd76609d4ad535861f1b-01000000-19808.err
2025-12-15 17:22:10,900	INFO log_monitor.py:279 -- Beginning to track file worker-c271fcf2b0b5fad3377e809ac52db401cee0bd76609d4ad535861f1b-01000000-19808.out
2025-12-15 17:22:11,015	INFO log_monitor.py:279 -- Beginning to track file worker-9b725a352ea8eba0c236fd414f9c02dcfe7b8f06aea18edd11fcb5f8-01000000-2892.err
2025-12-15 17:22:11,015	INFO log_monitor.py:279 -- Beginning to track file worker-9b725a352ea8eba0c236fd414f9c02dcfe7b8f06aea18edd11fcb5f8-01000000-2892.out
2025-12-15 17:22:11,015	INFO log_monitor.py:279 -- Beginning to track file worker-b9be7f7b6ac60fb7cd2900992c5be61e522ac4c95df12f42cc15d1b8-01000000-11112.err
2025-12-15 17:22:11,018	INFO log_monitor.py:279 -- Beginning to track file worker-b9be7f7b6ac60fb7cd2900992c5be61e522ac4c95df12f42cc15d1b8-01000000-11112.out
