[2025-12-15 17:21:49,747 I 9440 1560] core_worker_process.cc:739: Constructing CoreWorkerProcess. pid: 9440
[2025-12-15 17:21:49,753 I 9440 1560] io_service_pool.cc:37: IOServicePool is running with 1 io_service.
[2025-12-15 17:21:49,760 I 9440 1560] event.cc:493: Ray Event initialized for CORE_WORKER
[2025-12-15 17:21:49,761 I 9440 1560] event.cc:493: Ray Event initialized for EXPORT_TASK
[2025-12-15 17:21:49,761 I 9440 1560] event.cc:326: Set ray event level to warning
[2025-12-15 17:21:49,761 I 9440 1560] event_aggregator_client.h:50: Initiating the local event aggregator client with port: 65337
[2025-12-15 17:21:49,766 I 9440 1560] grpc_server.cc:141: worker server started, listening on port 65216.
[2025-12-15 17:21:49,769 I 9440 1560] core_worker_process.cc:269: Initializing worker at address: 127.0.0.1:65216 worker_id=38f4633e1eb14ca11fa001a643ca7ccf50d7dcdfc368716e72776d3f node_id=aafbcadd752a402d90b753b4b906e01738de2c6b86e003a8542f3ad2
[2025-12-15 17:21:49,772 I 9440 1560] task_event_buffer.cc:445: Reporting task events to GCS every 1000ms.
[2025-12-15 17:21:49,775 I 9440 1932] core_worker.cc:419: Event stats:


Global stats: 12 total (10 active)
Queueing time: mean = 57.917 us, max = 415.000 us, min = 280.000 us, total = 695.000 us
Execution time:  mean = 4.667 us, total = 56.000 us
Event stats:
	PeriodicalRunner.RunFnPeriodically - 7 total (5 active, 1 running), Execution time: mean = 8.000 us, total = 56.000 us, Queueing time: mean = 99.286 us, max = 415.000 us, min = 280.000 us, total = 695.000 us
	CoreWorker.ExitIfParentRayletDies - 1 total (1 active), Execution time: mean = 0.000 s, total = 0.000 s, Queueing time: mean = 0.000 s, max = -0.000 s, min = 9223372036.855 s, total = 0.000 s
	ray::rpc::WorkerInfoGcsService.grpc_client.AddWorkerInfo - 1 total (1 active), Execution time: mean = 0.000 s, total = 0.000 s, Queueing time: mean = 0.000 s, max = -0.000 s, min = 9223372036.855 s, total = 0.000 s
	ray::rpc::InternalPubSubGcsService.grpc_client.GcsSubscriberPoll - 1 total (1 active), Execution time: mean = 0.000 s, total = 0.000 s, Queueing time: mean = 0.000 s, max = -0.000 s, min = 9223372036.855 s, total = 0.000 s
	Publisher.CheckDeadSubscribers - 1 total (1 active), Execution time: mean = 0.000 s, total = 0.000 s, Queueing time: mean = 0.000 s, max = -0.000 s, min = 9223372036.855 s, total = 0.000 s
	ray::rpc::InternalPubSubGcsService.grpc_client.GcsSubscriberCommandBatch - 1 total (1 active), Execution time: mean = 0.000 s, total = 0.000 s, Queueing time: mean = 0.000 s, max = -0.000 s, min = 9223372036.855 s, total = 0.000 s

-----------------
Task execution event stats:

Global stats: 0 total (0 active)
Queueing time: mean = -nan(ind) s, max = -0.000 s, min = 9223372036.855 s, total = 0.000 s
Execution time:  mean = -nan(ind) s, total = 0.000 s
Event stats:

-----------------
Task Event stats:

IO Service Stats:

Global stats: 4 total (1 active)
Queueing time: mean = 19.725 us, max = 59.500 us, min = 19.400 us, total = 78.900 us
Execution time:  mean = 339.025 us, total = 1.356 ms
Event stats:
	CoreWorker.deadline_timer.flush_task_events - 1 total (1 active), Execution time: mean = 0.000 s, total = 0.000 s, Queueing time: mean = 0.000 s, max = -0.000 s, min = 9223372036.855 s, total = 0.000 s
	ray::rpc::TaskInfoGcsService.grpc_client.AddTaskEventData.OnReplyReceived - 1 total (0 active), Execution time: mean = 20.800 us, total = 20.800 us, Queueing time: mean = 19.400 us, max = 19.400 us, min = 19.400 us, total = 19.400 us
	PeriodicalRunner.RunFnPeriodically - 1 total (0 active), Execution time: mean = 383.000 us, total = 383.000 us, Queueing time: mean = 59.500 us, max = 59.500 us, min = 59.500 us, total = 59.500 us
	ray::rpc::TaskInfoGcsService.grpc_client.AddTaskEventData - 1 total (0 active), Execution time: mean = 952.300 us, total = 952.300 us, Queueing time: mean = 0.000 s, max = -0.000 s, min = 9223372036.855 s, total = 0.000 s
Other Stats:
	gcs_grpc_in_progress:0
	event_aggregator_grpc_in_progress:0
	current number of task status events in buffer: 0
	current number of profile events in buffer: 0
	current number of dropped task attempts tracked: 0
	total task events sent: 0 MiB
	total number of task attempts sent: 0
	total number of task attempts dropped reported: 0
	total number of sent failure: 0
	num status task events dropped: 0
	num profile task events dropped: 0
	num ray task events reported to aggregator: 0
	num ray task events failed to report to aggregator: 0
	num of task attempts dropped reported to aggregator: 0
	num of failed requests to aggregator: 0

[2025-12-15 17:21:49,778 I 9440 1932] accessor.cc:743: Received notification for node, IsAlive = 1 node_id=aafbcadd752a402d90b753b4b906e01738de2c6b86e003a8542f3ad2
[2025-12-15 17:21:49,778 I 9440 1932] normal_task_submitter.cc:833: Number of alive nodes:1
[2025-12-15 17:21:50,841 I 9440 1932] core_worker.cc:653: Exit signal received, this process will exit after all outstanding tasks have finished, exit_type=INTENDED_SYSTEM_EXIT, detail=Worker exits because it was idle (it doesn't have objects it owns while no task or actor has been scheduled) for a long time.
[2025-12-15 17:21:50,841 I 9440 1560] core_worker.cc:689: Wait for currently executing tasks in the underlying thread pools to finish.
[2025-12-15 17:21:50,841 I 9440 1560] core_worker.cc:723: Releasing local references, then draining reference counter.
[2025-12-15 17:21:50,845 I 9440 1560] core_worker.cc:580: Sending disconnect message to the local raylet.
[2025-12-15 17:21:50,845 I 9440 1560] raylet_ipc_client.cc:113: RayletIpcClient::Disconnect, exit_type=INTENDED_SYSTEM_EXIT, exit_detail=Worker exits because it was idle (it doesn't have objects it owns while no task or actor has been scheduled) for a long time., has creation_task_exception_pb_bytes=0
[2025-12-15 17:21:50,850 I 9440 1560] core_worker.cc:585: Disconnected from the local raylet.
[2025-12-15 17:21:50,850 I 9440 1560] core_worker.cc:502: Shutting down.
[2025-12-15 17:21:50,850 I 9440 1560] task_event_buffer.cc:456: Shutting down TaskEventBuffer.
[2025-12-15 17:21:50,851 I 9440 23676] task_event_buffer.cc:424: Task event buffer io service stopped.
[2025-12-15 17:21:50,853 I 9440 1560] core_worker.cc:520: Waiting for joining a core worker io thread. If it hangs here, there might be deadlock or a high load in the core worker io service.
[2025-12-15 17:21:50,853 I 9440 1932] core_worker_process.cc:203: Core worker main io service stopped.
[2025-12-15 17:21:50,884 I 9440 1560] core_worker.cc:532: Disconnecting a GCS client.
[2025-12-15 17:21:50,884 I 9440 1560] core_worker.cc:539: Core worker ready to be deallocated.
[2025-12-15 17:21:50,884 I 9440 1560] core_worker_process.cc:892: Task execution loop terminated. Removing the global worker.
[2025-12-15 17:21:50,885 I 9440 1560] core_worker.cc:493: Core worker is destructed
[2025-12-15 17:21:50,885 I 9440 1560] task_event_buffer.cc:456: Shutting down TaskEventBuffer.
[2025-12-15 17:21:50,886 I 9440 1560] core_worker_process.cc:788: Destructing CoreWorkerProcessImpl. pid: 9440
[2025-12-15 17:21:50,886 I 9440 1560] io_service_pool.cc:49: IOServicePool is stopped.
[2025-12-15 17:21:51,307 I 9440 1560] stats.h:143: Stats module has shutdown.
[2025-12-15 17:21:51,368 W 9440 1560] core_worker_process.cc:802: The core worker process is not initialized yet or already shutdown.
