Windows fatal exception: access violation

Windows fatal exception: access violation

Windows fatal exception: access violation

Windows fatal exception: access violation

Windows fatal exception: access violation

[2025-12-15 18:25:28,454 E 26340 7668] (raylet.exe) agent_manager.cc:86: The raylet exited immediately because one Ray agent failed, agent_name = runtime_env_agent.
The raylet fate shares with the agent. This can happen because
- The version of `grpcio` doesn't follow Ray's requirement. Agent can segfault with the incorrect `grpcio` version. Check the grpcio version `pip freeze | grep grpcio`.
- The agent failed to start because of unexpected error or port conflict. Read the log `cat /tmp/ray/session_latest/logs/{dashboard_agent|runtime_env_agent}.log`. You can find the log file structure here https://docs.ray.io/en/master/ray-observability/user-guides/configure-logging.html#logging-directory-structure.
- The agent is killed by the OS (e.g., out of memory).
[2025-12-15 18:25:28,475 E 26340 2680] (raylet.exe) agent_manager.cc:86: The raylet exited immediately because one Ray agent failed, agent_name = dashboard_agent.
The raylet fate shares with the agent. This can happen because
- The version of `grpcio` doesn't follow Ray's requirement. Agent can segfault with the incorrect `grpcio` version. Check the grpcio version `pip freeze | grep grpcio`.
- The agent failed to start because of unexpected error or port conflict. Read the log `cat /tmp/ray/session_latest/logs/{dashboard_agent|runtime_env_agent}.log`. You can find the log file structure here https://docs.ray.io/en/master/ray-observability/user-guides/configure-logging.html#logging-directory-structure.
- The agent is killed by the OS (e.g., out of memory).
*** SIGSEGV received at time=1765803328 ***
    @   00007FF704ACCCF9  (unknown)  (unknown)
    @   00007FF9A13FF47F  (unknown)  (unknown)
    @   00007FF9B87862FF  (unknown)  (unknown)
    @   00007FF9B8632327  (unknown)  (unknown)
    @   00007FF9B8785C3E  (unknown)  (unknown)
    @   00007FF70436CA2A  (unknown)  (unknown)
    @   00007FF7043FCB94  (unknown)  (unknown)
    @   00007FF7043FB66F  (unknown)  (unknown)
    @   00007FF7043FE9FD  (unknown)  (unknown)
    @   00007FF70436E3D2  (unknown)  (unknown)
    @   00007FF7043693B0  (unknown)  (unknown)
    @   00007FF7042DE9D4  (unknown)  (unknown)
    @   00007FF704318781  (unknown)  (unknown)
    @   00007FF7040FF2D9  (unknown)  (unknown)
    @   00007FF70448FBC9  (unknown)  (unknown)
    @   00007FF70448839E  (unknown)  (unknown)
    @   00007FF704488928  (unknown)  (unknown)
    @   00007FF704A3DFBC  (unknown)  (unknown)
    @   00007FF704A43254  (unknown)  (unknown)
    @   00007FF704A425B3  (unknown)  (unknown)
    @   00007FF70410C26C  (unknown)  (unknown)
    @   00007FF704A86D78  (unknown)  (unknown)
    @   00007FF9B6FDE8D7  (unknown)  (unknown)
    @   00007FF9B86AC53C  (unknown)  (unknown)
[2025-12-15 18:25:28,675 E 26340 26068] (raylet.exe) logging.cc:474: *** SIGSEGV received at time=1765803328 ***
[2025-12-15 18:25:28,675 E 26340 26068] (raylet.exe) logging.cc:474:     @   00007FF704ACCCF9  (unknown)  (unknown)
[2025-12-15 18:25:28,675 E 26340 26068] (raylet.exe) logging.cc:474:     @   00007FF9A13FF47F  (unknown)  (unknown)
[2025-12-15 18:25:28,675 E 26340 26068] (raylet.exe) logging.cc:474:     @   00007FF9B87862FF  (unknown)  (unknown)
[2025-12-15 18:25:28,675 E 26340 26068] (raylet.exe) logging.cc:474:     @   00007FF9B8632327  (unknown)  (unknown)
[2025-12-15 18:25:28,675 E 26340 26068] (raylet.exe) logging.cc:474:     @   00007FF9B8785C3E  (unknown)  (unknown)
[2025-12-15 18:25:28,675 E 26340 26068] (raylet.exe) logging.cc:474:     @   00007FF70436CA2A  (unknown)  (unknown)
[2025-12-15 18:25:28,675 E 26340 26068] (raylet.exe) logging.cc:474:     @   00007FF7043FCB94  (unknown)  (unknown)
[2025-12-15 18:25:28,675 E 26340 26068] (raylet.exe) logging.cc:474:     @   00007FF7043FB66F  (unknown)  (unknown)
[2025-12-15 18:25:28,675 E 26340 26068] (raylet.exe) logging.cc:474:     @   00007FF7043FE9FD  (unknown)  (unknown)
[2025-12-15 18:25:28,675 E 26340 26068] (raylet.exe) logging.cc:474:     @   00007FF70436E3D2  (unknown)  (unknown)
[2025-12-15 18:25:28,675 E 26340 26068] (raylet.exe) logging.cc:474:     @   00007FF7043693B0  (unknown)  (unknown)
[2025-12-15 18:25:28,675 E 26340 26068] (raylet.exe) logging.cc:474:     @   00007FF7042DE9D4  (unknown)  (unknown)
[2025-12-15 18:25:28,675 E 26340 26068] (raylet.exe) logging.cc:474:     @   00007FF704318781  (unknown)  (unknown)
[2025-12-15 18:25:28,675 E 26340 26068] (raylet.exe) logging.cc:474:     @   00007FF7040FF2D9  (unknown)  (unknown)
[2025-12-15 18:25:28,675 E 26340 26068] (raylet.exe) logging.cc:474:     @   00007FF70448FBC9  (unknown)  (unknown)
[2025-12-15 18:25:28,675 E 26340 26068] (raylet.exe) logging.cc:474:     @   00007FF70448839E  (unknown)  (unknown)
[2025-12-15 18:25:28,675 E 26340 26068] (raylet.exe) logging.cc:474:     @   00007FF704488928  (unknown)  (unknown)
[2025-12-15 18:25:28,675 E 26340 26068] (raylet.exe) logging.cc:474:     @   00007FF704A3DFBC  (unknown)  (unknown)
[2025-12-15 18:25:28,675 E 26340 26068] (raylet.exe) logging.cc:474:     @   00007FF704A43254  (unknown)  (unknown)
[2025-12-15 18:25:28,675 E 26340 26068] (raylet.exe) logging.cc:474:     @   00007FF704A425B3  (unknown)  (unknown)
[2025-12-15 18:25:28,675 E 26340 26068] (raylet.exe) logging.cc:474:     @   00007FF70410C26C  (unknown)  (unknown)
[2025-12-15 18:25:28,675 E 26340 26068] (raylet.exe) logging.cc:474:     @   00007FF704A86D78  (unknown)  (unknown)
[2025-12-15 18:25:28,675 E 26340 26068] (raylet.exe) logging.cc:474:     @   00007FF9B6FDE8D7  (unknown)  (unknown)
[2025-12-15 18:25:28,676 E 26340 26068] (raylet.exe) logging.cc:474:     @   00007FF9B86AC53C  (unknown)  (unknown)
