2025-12-15 18:53:49,136	INFO utils.py:305 -- Get all modules by type: DashboardHeadModule
2025-12-15 18:53:49,304	INFO utils.py:316 -- Module ray.dashboard.modules.data.data_head cannot be loaded because we cannot import all dependencies. Install this module using `pip install 'ray[default]'` for the full dashboard functionality. Error: No module named 'aiohttp'
2025-12-15 18:53:49,312	INFO utils.py:316 -- Module ray.dashboard.modules.event.event_head cannot be loaded because we cannot import all dependencies. Install this module using `pip install 'ray[default]'` for the full dashboard functionality. Error: No module named 'aiohttp'
2025-12-15 18:53:49,323	INFO utils.py:316 -- Module ray.dashboard.modules.job.job_agent cannot be loaded because we cannot import all dependencies. Install this module using `pip install 'ray[default]'` for the full dashboard functionality. Error: No module named 'aiohttp'
2025-12-15 18:53:49,323	INFO utils.py:316 -- Module ray.dashboard.modules.job.job_head cannot be loaded because we cannot import all dependencies. Install this module using `pip install 'ray[default]'` for the full dashboard functionality. Error: No module named 'aiohttp'
2025-12-15 18:53:49,323	WARNING job_supervisor.py:50 -- Failed to Import win32api. For best usage experience run 'conda install pywin32'. Import error: No module named 'win32api'
2025-12-15 18:53:49,337	INFO utils.py:316 -- Module ray.dashboard.modules.log.log_agent cannot be loaded because we cannot import all dependencies. Install this module using `pip install 'ray[default]'` for the full dashboard functionality. Error: No module named 'aiohttp'
2025-12-15 18:53:49,382	INFO utils.py:316 -- Module ray.dashboard.modules.log.log_manager cannot be loaded because we cannot import all dependencies. Install this module using `pip install 'ray[default]'` for the full dashboard functionality. Error: No module named 'aiohttp'
2025-12-15 18:53:49,397	INFO utils.py:316 -- Module ray.dashboard.modules.metrics.metrics_head cannot be loaded because we cannot import all dependencies. Install this module using `pip install 'ray[default]'` for the full dashboard functionality. Error: No module named 'aiohttp'
2025-12-15 18:53:49,415	INFO utils.py:316 -- Module ray.dashboard.modules.node.node_head cannot be loaded because we cannot import all dependencies. Install this module using `pip install 'ray[default]'` for the full dashboard functionality. Error: No module named 'aiohttp'
2025-12-15 18:53:49,420	INFO utils.py:316 -- Module ray.dashboard.modules.reporter.healthz_agent cannot be loaded because we cannot import all dependencies. Install this module using `pip install 'ray[default]'` for the full dashboard functionality. Error: No module named 'aiohttp'
2025-12-15 18:53:49,420	INFO utils.py:316 -- Module ray.dashboard.modules.reporter.reporter_agent cannot be loaded because we cannot import all dependencies. Install this module using `pip install 'ray[default]'` for the full dashboard functionality. Error: No module named 'opencensus'
2025-12-15 18:53:49,424	INFO utils.py:316 -- Module ray.dashboard.modules.reporter.reporter_head cannot be loaded because we cannot import all dependencies. Install this module using `pip install 'ray[default]'` for the full dashboard functionality. Error: No module named 'aiohttp'
2025-12-15 18:53:49,429	INFO utils.py:316 -- Module ray.dashboard.modules.serve.serve_head cannot be loaded because we cannot import all dependencies. Install this module using `pip install 'ray[default]'` for the full dashboard functionality. Error: No module named 'aiohttp'
2025-12-15 18:53:49,431	INFO utils.py:316 -- Module ray.dashboard.modules.state.state_head cannot be loaded because we cannot import all dependencies. Install this module using `pip install 'ray[default]'` for the full dashboard functionality. Error: No module named 'aiohttp'
2025-12-15 18:53:49,437	INFO utils.py:316 -- Module ray.dashboard.modules.train.train_head cannot be loaded because we cannot import all dependencies. Install this module using `pip install 'ray[default]'` for the full dashboard functionality. Error: No module named 'aiohttp'
2025-12-15 18:53:49,445	INFO utils.py:338 -- Available modules: [<class 'ray.dashboard.modules.usage_stats.usage_stats_head.UsageStatsHead'>]
2025-12-15 18:53:49,446	INFO head.py:235 -- DashboardHeadModules to load: None.
2025-12-15 18:53:49,446	INFO head.py:238 -- Loading DashboardHeadModule: <class 'ray.dashboard.modules.usage_stats.usage_stats_head.UsageStatsHead'>.
2025-12-15 18:53:49,446	INFO head.py:242 -- Loaded 1 dashboard head modules: [<ray.dashboard.modules.usage_stats.usage_stats_head.UsageStatsHead object at 0x000002B735A46490>].
2025-12-15 18:53:49,446	INFO head.py:257 -- Subprocess modules not loaded in minimal mode.
2025-12-15 18:53:49,446	INFO head.py:444 -- http server disabled.
2025-12-15 18:53:51,501	INFO usage_stats_head.py:200 -- Usage reporting is disabled.
