2025-12-15 18:53:51,701	INFO log_monitor.py:157 -- Starting log monitor with [max open files=200], [is_autoscaler_v2=False]
2025-12-15 18:53:51,705	INFO log_monitor.py:279 -- Beginning to track file raylet.err
2025-12-15 18:53:51,705	INFO log_monitor.py:279 -- Beginning to track file monitor.log
2025-12-15 18:53:51,705	INFO log_monitor.py:279 -- Beginning to track file gcs_server.err
2025-12-15 18:53:53,568	INFO log_monitor.py:279 -- Beginning to track file worker-455a9c661b7f4912cbe08382ba600782b93d9c41146d712dd50cfc60-ffffffff-27072.err
2025-12-15 18:53:53,568	INFO log_monitor.py:279 -- Beginning to track file worker-455a9c661b7f4912cbe08382ba600782b93d9c41146d712dd50cfc60-ffffffff-27072.out
2025-12-15 18:53:53,568	INFO log_monitor.py:279 -- Beginning to track file worker-ab632b2d09a15f0bba95c1922be9414acd8539891421c7c0daf06bc7-ffffffff-27684.err
2025-12-15 18:53:53,568	INFO log_monitor.py:279 -- Beginning to track file worker-ab632b2d09a15f0bba95c1922be9414acd8539891421c7c0daf06bc7-ffffffff-27684.out
2025-12-15 18:53:53,568	INFO log_monitor.py:279 -- Beginning to track file worker-ccb4467a6e3097a7f92dd7848e0307bf1a6d862fb2bb12939907a03e-ffffffff-10660.err
2025-12-15 18:53:53,573	INFO log_monitor.py:279 -- Beginning to track file worker-ccb4467a6e3097a7f92dd7848e0307bf1a6d862fb2bb12939907a03e-ffffffff-10660.out
2025-12-15 18:53:53,573	INFO log_monitor.py:279 -- Beginning to track file worker-ecf0a403cedb4040f241d95c7f473e0e82fe9e5dc8f268c66c80a645-ffffffff-7036.err
2025-12-15 18:53:53,573	INFO log_monitor.py:279 -- Beginning to track file worker-ecf0a403cedb4040f241d95c7f473e0e82fe9e5dc8f268c66c80a645-ffffffff-7036.out
2025-12-15 18:53:53,678	INFO log_monitor.py:279 -- Beginning to track file worker-147392d305593b2136c397ea27f54ea0a8e48475be47506aa0ee282f-ffffffff-26972.err
2025-12-15 18:53:53,678	INFO log_monitor.py:279 -- Beginning to track file worker-147392d305593b2136c397ea27f54ea0a8e48475be47506aa0ee282f-ffffffff-26972.out
2025-12-15 18:53:53,678	INFO log_monitor.py:279 -- Beginning to track file worker-8b0559d72d784e8948b1c1011376062bc1f7e652c23ae51c42063d75-ffffffff-23240.out
2025-12-15 18:53:53,679	INFO log_monitor.py:279 -- Beginning to track file worker-e7d5d421a84f21cec6152971a013303103571ac907c252e225d69084-ffffffff-25860.err
2025-12-15 18:53:53,679	INFO log_monitor.py:279 -- Beginning to track file worker-e7d5d421a84f21cec6152971a013303103571ac907c252e225d69084-ffffffff-25860.out
2025-12-15 18:53:53,679	INFO log_monitor.py:279 -- Beginning to track file worker-f3c0bfc7d4d295bbda2d91f3e7a0a8365a6478956ba2dd14aa219e6a-ffffffff-27832.err
2025-12-15 18:53:53,679	INFO log_monitor.py:279 -- Beginning to track file worker-f3c0bfc7d4d295bbda2d91f3e7a0a8365a6478956ba2dd14aa219e6a-ffffffff-27832.out
2025-12-15 18:53:53,784	INFO log_monitor.py:279 -- Beginning to track file worker-8b0559d72d784e8948b1c1011376062bc1f7e652c23ae51c42063d75-ffffffff-23240.err
2025-12-15 18:53:56,751	INFO log_monitor.py:279 -- Beginning to track file worker-f9f44ddb8a895eaff66e95f6e99187b1e51587dffa5c17fa97b8742b-01000000-27696.err
2025-12-15 18:53:56,752	INFO log_monitor.py:279 -- Beginning to track file worker-f9f44ddb8a895eaff66e95f6e99187b1e51587dffa5c17fa97b8742b-01000000-27696.out
2025-12-15 18:54:14,589	INFO log_monitor.py:279 -- Beginning to track file worker-095ab85c2e7ca01461f06b3248dc4b4e285d9274bdbd89675352ba3b-01000000-26028.err
2025-12-15 18:54:14,591	INFO log_monitor.py:279 -- Beginning to track file worker-095ab85c2e7ca01461f06b3248dc4b4e285d9274bdbd89675352ba3b-01000000-26028.out
2025-12-15 18:54:14,591	INFO log_monitor.py:279 -- Beginning to track file worker-72db51b3b09fc83a7db4fbd1cd224851d4a0e1a832693f21ae2ab4bf-01000000-7772.err
2025-12-15 18:54:14,591	INFO log_monitor.py:279 -- Beginning to track file worker-72db51b3b09fc83a7db4fbd1cd224851d4a0e1a832693f21ae2ab4bf-01000000-7772.out
2025-12-15 18:54:14,702	INFO log_monitor.py:279 -- Beginning to track file worker-d1cd520bf9afcf88af61261e466eab9c0872ef42503e3ea3446c951b-01000000-17300.err
2025-12-15 18:54:14,702	INFO log_monitor.py:279 -- Beginning to track file worker-d1cd520bf9afcf88af61261e466eab9c0872ef42503e3ea3446c951b-01000000-17300.out
2025-12-15 18:54:14,702	INFO log_monitor.py:279 -- Beginning to track file worker-e25f0079f721babb087ef353d708815681c1aeec75c57192dfd91f6c-01000000-27660.err
2025-12-15 18:54:14,704	INFO log_monitor.py:279 -- Beginning to track file worker-e25f0079f721babb087ef353d708815681c1aeec75c57192dfd91f6c-01000000-27660.out
