[2025-12-15 18:53:53,588 I 25860 17044] core_worker_process.cc:739: Constructing CoreWorkerProcess. pid: 25860
[2025-12-15 18:53:53,593 I 25860 17044] io_service_pool.cc:37: IOServicePool is running with 1 io_service.
[2025-12-15 18:53:53,599 I 25860 17044] event.cc:493: Ray Event initialized for CORE_WORKER
[2025-12-15 18:53:53,600 I 25860 17044] event.cc:493: Ray Event initialized for EXPORT_TASK
[2025-12-15 18:53:53,600 I 25860 17044] event.cc:326: Set ray event level to warning
[2025-12-15 18:53:53,601 I 25860 17044] event_aggregator_client.h:50: Initiating the local event aggregator client with port: 65312
[2025-12-15 18:53:53,604 I 25860 17044] grpc_server.cc:141: worker server started, listening on port 54561.
[2025-12-15 18:53:53,607 I 25860 17044] core_worker_process.cc:269: Initializing worker at address: 127.0.0.1:54561 worker_id=e7d5d421a84f21cec6152971a013303103571ac907c252e225d69084 node_id=1a3ad28be61b0c3291dafdc0b6ec4129f26e57fd68dafa77830a9cd4
[2025-12-15 18:53:53,609 I 25860 17044] task_event_buffer.cc:445: Reporting task events to GCS every 1000ms.
[2025-12-15 18:53:53,612 I 25860 6844] core_worker.cc:419: Event stats:


Global stats: 14 total (10 active)
Queueing time: mean = 3.171 us, max = 34.700 us, min = 9.700 us, total = 44.400 us
Execution time:  mean = 93.557 us, total = 1.310 ms
Event stats:
	PeriodicalRunner.RunFnPeriodically - 7 total (5 active, 1 running), Execution time: mean = 30.186 us, total = 211.300 us, Queueing time: mean = 6.343 us, max = 34.700 us, min = 9.700 us, total = 44.400 us
	Publisher.CheckDeadSubscribers - 1 total (1 active), Execution time: mean = 0.000 s, total = 0.000 s, Queueing time: mean = 0.000 s, max = -0.000 s, min = 9223372036.855 s, total = 0.000 s
	CoreWorker.ExitIfParentRayletDies - 1 total (1 active), Execution time: mean = 0.000 s, total = 0.000 s, Queueing time: mean = 0.000 s, max = -0.000 s, min = 9223372036.855 s, total = 0.000 s
	ray::rpc::WorkerInfoGcsService.grpc_client.AddWorkerInfo - 1 total (0 active), Execution time: mean = 673.500 us, total = 673.500 us, Queueing time: mean = 0.000 s, max = -0.000 s, min = 9223372036.855 s, total = 0.000 s
	ray::rpc::InternalPubSubGcsService.grpc_client.GcsSubscriberCommandBatch - 1 total (0 active), Execution time: mean = 425.000 us, total = 425.000 us, Queueing time: mean = 0.000 s, max = -0.000 s, min = 9223372036.855 s, total = 0.000 s
	ray::rpc::InternalPubSubGcsService.grpc_client.GcsSubscriberPoll - 1 total (1 active), Execution time: mean = 0.000 s, total = 0.000 s, Queueing time: mean = 0.000 s, max = -0.000 s, min = 9223372036.855 s, total = 0.000 s
	ray::rpc::InternalPubSubGcsService.grpc_client.GcsSubscriberCommandBatch.OnReplyReceived - 1 total (1 active), Execution time: mean = 0.000 s, total = 0.000 s, Queueing time: mean = 0.000 s, max = -0.000 s, min = 9223372036.855 s, total = 0.000 s
	ray::rpc::WorkerInfoGcsService.grpc_client.AddWorkerInfo.OnReplyReceived - 1 total (1 active), Execution time: mean = 0.000 s, total = 0.000 s, Queueing time: mean = 0.000 s, max = -0.000 s, min = 9223372036.855 s, total = 0.000 s

-----------------
Task execution event stats:

Global stats: 0 total (0 active)
Queueing time: mean = -nan(ind) s, max = -0.000 s, min = 9223372036.855 s, total = 0.000 s
Execution time:  mean = -nan(ind) s, total = 0.000 s
Event stats:

-----------------
Task Event stats:

IO Service Stats:

Global stats: 4 total (1 active)
Queueing time: mean = 5.675 us, max = 12.500 us, min = 10.200 us, total = 22.700 us
Execution time:  mean = 332.900 us, total = 1.332 ms
Event stats:
	ray::rpc::TaskInfoGcsService.grpc_client.AddTaskEventData - 1 total (0 active), Execution time: mean = 768.500 us, total = 768.500 us, Queueing time: mean = 0.000 s, max = -0.000 s, min = 9223372036.855 s, total = 0.000 s
	PeriodicalRunner.RunFnPeriodically - 1 total (0 active), Execution time: mean = 531.300 us, total = 531.300 us, Queueing time: mean = 12.500 us, max = 12.500 us, min = 12.500 us, total = 12.500 us
	CoreWorker.deadline_timer.flush_task_events - 1 total (1 active), Execution time: mean = 0.000 s, total = 0.000 s, Queueing time: mean = 0.000 s, max = -0.000 s, min = 9223372036.855 s, total = 0.000 s
	ray::rpc::TaskInfoGcsService.grpc_client.AddTaskEventData.OnReplyReceived - 1 total (0 active), Execution time: mean = 31.800 us, total = 31.800 us, Queueing time: mean = 10.200 us, max = 10.200 us, min = 10.200 us, total = 10.200 us
Other Stats:
	gcs_grpc_in_progress:0
	event_aggregator_grpc_in_progress:0
	current number of task status events in buffer: 0
	current number of profile events in buffer: 0
	current number of dropped task attempts tracked: 0
	total task events sent: 0 MiB
	total number of task attempts sent: 0
	total number of task attempts dropped reported: 0
	total number of sent failure: 0
	num status task events dropped: 0
	num profile task events dropped: 0
	num ray task events reported to aggregator: 0
	num ray task events failed to report to aggregator: 0
	num of task attempts dropped reported to aggregator: 0
	num of failed requests to aggregator: 0

[2025-12-15 18:53:53,615 I 25860 6844] accessor.cc:743: Received notification for node, IsAlive = 1 node_id=1a3ad28be61b0c3291dafdc0b6ec4129f26e57fd68dafa77830a9cd4
[2025-12-15 18:53:53,615 I 25860 6844] normal_task_submitter.cc:833: Number of alive nodes:1
[2025-12-15 18:53:54,704 I 25860 6844] core_worker.cc:653: Exit signal received, this process will exit after all outstanding tasks have finished, exit_type=INTENDED_SYSTEM_EXIT, detail=Worker exits because it was idle (it doesn't have objects it owns while no task or actor has been scheduled) for a long time.
[2025-12-15 18:53:54,704 I 25860 17044] core_worker.cc:689: Wait for currently executing tasks in the underlying thread pools to finish.
[2025-12-15 18:53:54,704 I 25860 17044] core_worker.cc:723: Releasing local references, then draining reference counter.
[2025-12-15 18:53:54,711 I 25860 17044] core_worker.cc:580: Sending disconnect message to the local raylet.
[2025-12-15 18:53:54,711 I 25860 17044] raylet_ipc_client.cc:113: RayletIpcClient::Disconnect, exit_type=INTENDED_SYSTEM_EXIT, exit_detail=Worker exits because it was idle (it doesn't have objects it owns while no task or actor has been scheduled) for a long time., has creation_task_exception_pb_bytes=0
[2025-12-15 18:53:54,718 I 25860 17044] core_worker.cc:585: Disconnected from the local raylet.
[2025-12-15 18:53:54,718 I 25860 17044] core_worker.cc:502: Shutting down.
[2025-12-15 18:53:54,718 I 25860 17044] task_event_buffer.cc:456: Shutting down TaskEventBuffer.
[2025-12-15 18:53:54,718 I 25860 25512] task_event_buffer.cc:424: Task event buffer io service stopped.
[2025-12-15 18:53:54,719 I 25860 17044] core_worker.cc:520: Waiting for joining a core worker io thread. If it hangs here, there might be deadlock or a high load in the core worker io service.
[2025-12-15 18:53:54,719 I 25860 6844] core_worker_process.cc:203: Core worker main io service stopped.
[2025-12-15 18:53:54,728 I 25860 17044] core_worker.cc:532: Disconnecting a GCS client.
[2025-12-15 18:53:54,728 I 25860 17044] core_worker.cc:539: Core worker ready to be deallocated.
[2025-12-15 18:53:54,728 I 25860 17044] core_worker_process.cc:892: Task execution loop terminated. Removing the global worker.
[2025-12-15 18:53:54,728 I 25860 17044] core_worker.cc:493: Core worker is destructed
[2025-12-15 18:53:54,728 I 25860 17044] task_event_buffer.cc:456: Shutting down TaskEventBuffer.
[2025-12-15 18:53:54,977 I 25860 17044] core_worker_process.cc:788: Destructing CoreWorkerProcessImpl. pid: 25860
[2025-12-15 18:53:54,977 I 25860 17044] io_service_pool.cc:49: IOServicePool is stopped.
[2025-12-15 18:53:55,357 I 25860 17044] stats.h:143: Stats module has shutdown.
[2025-12-15 18:53:55,406 W 25860 17044] core_worker_process.cc:802: The core worker process is not initialized yet or already shutdown.
