[2025-12-15 18:53:53,568 I 10660 10116] core_worker_process.cc:739: Constructing CoreWorkerProcess. pid: 10660
[2025-12-15 18:53:53,573 I 10660 10116] io_service_pool.cc:37: IOServicePool is running with 1 io_service.
[2025-12-15 18:53:53,579 I 10660 10116] event.cc:493: Ray Event initialized for CORE_WORKER
[2025-12-15 18:53:53,580 I 10660 10116] event.cc:493: Ray Event initialized for EXPORT_TASK
[2025-12-15 18:53:53,580 I 10660 10116] event.cc:326: Set ray event level to warning
[2025-12-15 18:53:53,580 I 10660 10116] event_aggregator_client.h:50: Initiating the local event aggregator client with port: 65312
[2025-12-15 18:53:53,584 I 10660 10116] grpc_server.cc:141: worker server started, listening on port 54556.
[2025-12-15 18:53:53,588 I 10660 10116] core_worker_process.cc:269: Initializing worker at address: 127.0.0.1:54556 worker_id=ccb4467a6e3097a7f92dd7848e0307bf1a6d862fb2bb12939907a03e node_id=1a3ad28be61b0c3291dafdc0b6ec4129f26e57fd68dafa77830a9cd4
[2025-12-15 18:53:53,589 I 10660 10116] task_event_buffer.cc:445: Reporting task events to GCS every 1000ms.
[2025-12-15 18:53:53,593 I 10660 19664] core_worker.cc:419: Event stats:


Global stats: 14 total (10 active)
Queueing time: mean = 16.293 us, max = 199.300 us, min = 28.800 us, total = 228.100 us
Execution time:  mean = 85.350 us, total = 1.195 ms
Event stats:
	PeriodicalRunner.RunFnPeriodically - 7 total (5 active, 1 running), Execution time: mean = 9.857 us, total = 69.000 us, Queueing time: mean = 32.586 us, max = 199.300 us, min = 28.800 us, total = 228.100 us
	CoreWorker.ExitIfParentRayletDies - 1 total (1 active), Execution time: mean = 0.000 s, total = 0.000 s, Queueing time: mean = 0.000 s, max = -0.000 s, min = 9223372036.855 s, total = 0.000 s
	ray::rpc::WorkerInfoGcsService.grpc_client.AddWorkerInfo.OnReplyReceived - 1 total (1 active), Execution time: mean = 0.000 s, total = 0.000 s, Queueing time: mean = 0.000 s, max = -0.000 s, min = 9223372036.855 s, total = 0.000 s
	ray::rpc::InternalPubSubGcsService.grpc_client.GcsSubscriberCommandBatch.OnReplyReceived - 1 total (1 active), Execution time: mean = 0.000 s, total = 0.000 s, Queueing time: mean = 0.000 s, max = -0.000 s, min = 9223372036.855 s, total = 0.000 s
	ray::rpc::InternalPubSubGcsService.grpc_client.GcsSubscriberPoll - 1 total (1 active), Execution time: mean = 0.000 s, total = 0.000 s, Queueing time: mean = 0.000 s, max = -0.000 s, min = 9223372036.855 s, total = 0.000 s
	ray::rpc::WorkerInfoGcsService.grpc_client.AddWorkerInfo - 1 total (0 active), Execution time: mean = 663.700 us, total = 663.700 us, Queueing time: mean = 0.000 s, max = -0.000 s, min = 9223372036.855 s, total = 0.000 s
	ray::rpc::InternalPubSubGcsService.grpc_client.GcsSubscriberCommandBatch - 1 total (0 active), Execution time: mean = 462.200 us, total = 462.200 us, Queueing time: mean = 0.000 s, max = -0.000 s, min = 9223372036.855 s, total = 0.000 s
	Publisher.CheckDeadSubscribers - 1 total (1 active), Execution time: mean = 0.000 s, total = 0.000 s, Queueing time: mean = 0.000 s, max = -0.000 s, min = 9223372036.855 s, total = 0.000 s

-----------------
Task execution event stats:

Global stats: 0 total (0 active)
Queueing time: mean = -nan(ind) s, max = -0.000 s, min = 9223372036.855 s, total = 0.000 s
Execution time:  mean = -nan(ind) s, total = 0.000 s
Event stats:

-----------------
Task Event stats:

IO Service Stats:

Global stats: 4 total (1 active)
Queueing time: mean = 9.625 us, max = 26.200 us, min = 12.300 us, total = 38.500 us
Execution time:  mean = 542.675 us, total = 2.171 ms
Event stats:
	ray::rpc::TaskInfoGcsService.grpc_client.AddTaskEventData - 1 total (0 active), Execution time: mean = 1.540 ms, total = 1.540 ms, Queueing time: mean = 0.000 s, max = -0.000 s, min = 9223372036.855 s, total = 0.000 s
	PeriodicalRunner.RunFnPeriodically - 1 total (0 active), Execution time: mean = 554.500 us, total = 554.500 us, Queueing time: mean = 12.300 us, max = 12.300 us, min = 12.300 us, total = 12.300 us
	ray::rpc::TaskInfoGcsService.grpc_client.AddTaskEventData.OnReplyReceived - 1 total (0 active), Execution time: mean = 76.200 us, total = 76.200 us, Queueing time: mean = 26.200 us, max = 26.200 us, min = 26.200 us, total = 26.200 us
	CoreWorker.deadline_timer.flush_task_events - 1 total (1 active), Execution time: mean = 0.000 s, total = 0.000 s, Queueing time: mean = 0.000 s, max = -0.000 s, min = 9223372036.855 s, total = 0.000 s
Other Stats:
	gcs_grpc_in_progress:0
	event_aggregator_grpc_in_progress:0
	current number of task status events in buffer: 0
	current number of profile events in buffer: 0
	current number of dropped task attempts tracked: 0
	total task events sent: 0 MiB
	total number of task attempts sent: 0
	total number of task attempts dropped reported: 0
	total number of sent failure: 0
	num status task events dropped: 0
	num profile task events dropped: 0
	num ray task events reported to aggregator: 0
	num ray task events failed to report to aggregator: 0
	num of task attempts dropped reported to aggregator: 0
	num of failed requests to aggregator: 0

[2025-12-15 18:53:53,595 I 10660 19664] accessor.cc:743: Received notification for node, IsAlive = 1 node_id=1a3ad28be61b0c3291dafdc0b6ec4129f26e57fd68dafa77830a9cd4
[2025-12-15 18:53:53,595 I 10660 19664] normal_task_submitter.cc:833: Number of alive nodes:1
[2025-12-15 18:53:55,109 I 10660 19664] core_worker.cc:653: Exit signal received, this process will exit after all outstanding tasks have finished, exit_type=INTENDED_SYSTEM_EXIT, detail=Worker exits because it was idle (it doesn't have objects it owns while no task or actor has been scheduled) for a long time.
[2025-12-15 18:53:55,109 I 10660 10116] core_worker.cc:689: Wait for currently executing tasks in the underlying thread pools to finish.
[2025-12-15 18:53:55,109 I 10660 10116] core_worker.cc:723: Releasing local references, then draining reference counter.
[2025-12-15 18:53:55,111 I 10660 10116] core_worker.cc:580: Sending disconnect message to the local raylet.
[2025-12-15 18:53:55,111 I 10660 10116] raylet_ipc_client.cc:113: RayletIpcClient::Disconnect, exit_type=INTENDED_SYSTEM_EXIT, exit_detail=Worker exits because it was idle (it doesn't have objects it owns while no task or actor has been scheduled) for a long time., has creation_task_exception_pb_bytes=0
[2025-12-15 18:53:55,112 I 10660 10116] core_worker.cc:585: Disconnected from the local raylet.
[2025-12-15 18:53:55,112 I 10660 10116] core_worker.cc:502: Shutting down.
[2025-12-15 18:53:55,113 I 10660 10116] task_event_buffer.cc:456: Shutting down TaskEventBuffer.
[2025-12-15 18:53:55,113 I 10660 2940] task_event_buffer.cc:424: Task event buffer io service stopped.
[2025-12-15 18:53:55,113 I 10660 10116] core_worker.cc:520: Waiting for joining a core worker io thread. If it hangs here, there might be deadlock or a high load in the core worker io service.
[2025-12-15 18:53:55,113 I 10660 19664] core_worker_process.cc:203: Core worker main io service stopped.
[2025-12-15 18:53:55,115 I 10660 10116] core_worker.cc:532: Disconnecting a GCS client.
[2025-12-15 18:53:55,115 I 10660 10116] core_worker.cc:539: Core worker ready to be deallocated.
[2025-12-15 18:53:55,115 I 10660 10116] core_worker_process.cc:892: Task execution loop terminated. Removing the global worker.
[2025-12-15 18:53:55,115 I 10660 10116] core_worker.cc:493: Core worker is destructed
[2025-12-15 18:53:55,115 I 10660 10116] task_event_buffer.cc:456: Shutting down TaskEventBuffer.
[2025-12-15 18:53:55,375 I 10660 10116] core_worker_process.cc:788: Destructing CoreWorkerProcessImpl. pid: 10660
[2025-12-15 18:53:55,375 I 10660 10116] io_service_pool.cc:49: IOServicePool is stopped.
[2025-12-15 18:53:55,621 I 10660 10116] stats.h:143: Stats module has shutdown.
[2025-12-15 18:53:55,679 W 10660 10116] core_worker_process.cc:802: The core worker process is not initialized yet or already shutdown.
