:job_id:01000000
:actor_name:PPO
2025-12-15 18:54:11,166	WARNING algorithm_config.py:5045 -- You are running PPO on the new API stack! This is the new default behavior for this algorithm. If you don't want to use the new API stack, set `config.api_stack(enable_rl_module_and_learner=False,enable_env_runner_and_connector_v2=False)`. For a detailed migration guide, see here: https://docs.ray.io/en/master/rllib/new-api-stack-migration-guide.html
2025-12-15 18:54:26,828	WARNING deprecation.py:50 -- DeprecationWarning: `RLModule(config=[RLModuleConfig object])` has been deprecated. Use `RLModule(observation_space=.., action_space=.., inference_only=.., model_config=.., catalog_class=..)` instead. This will raise an error in the future!
Trainable.setup took 19.560 seconds. If your trainable is slow to initialize, consider setting reuse_actors=True to reduce actor creation overheads.
Install gputil for GPU system monitoring.
:actor_name:PPO(env=<class 'trading_environment.TradingEnvironment'>; env-runners=4; learners=0; multi-agent=False)
Checkpoint successfully created at: Checkpoint(filesystem=local, path=c:/Users/sivas/final/ray_results/PPO_2025-12-15_18-53-53/PPO_TradingEnvironment_4d567_00000_0_2025-12-15_18-53-53/checkpoint_000000)
Checkpoint successfully created at: Checkpoint(filesystem=local, path=c:/Users/sivas/final/ray_results/PPO_2025-12-15_18-53-53/PPO_TradingEnvironment_4d567_00000_0_2025-12-15_18-53-53/checkpoint_000001)
Checkpoint successfully created at: Checkpoint(filesystem=local, path=c:/Users/sivas/final/ray_results/PPO_2025-12-15_18-53-53/PPO_TradingEnvironment_4d567_00000_0_2025-12-15_18-53-53/checkpoint_000002)
Checkpoint successfully created at: Checkpoint(filesystem=local, path=c:/Users/sivas/final/ray_results/PPO_2025-12-15_18-53-53/PPO_TradingEnvironment_4d567_00000_0_2025-12-15_18-53-53/checkpoint_000003)
Checkpoint successfully created at: Checkpoint(filesystem=local, path=c:/Users/sivas/final/ray_results/PPO_2025-12-15_18-53-53/PPO_TradingEnvironment_4d567_00000_0_2025-12-15_18-53-53/checkpoint_000004)
Checkpoint successfully created at: Checkpoint(filesystem=local, path=c:/Users/sivas/final/ray_results/PPO_2025-12-15_18-53-53/PPO_TradingEnvironment_4d567_00000_0_2025-12-15_18-53-53/checkpoint_000005)
Checkpoint successfully created at: Checkpoint(filesystem=local, path=c:/Users/sivas/final/ray_results/PPO_2025-12-15_18-53-53/PPO_TradingEnvironment_4d567_00000_0_2025-12-15_18-53-53/checkpoint_000006)
Checkpoint successfully created at: Checkpoint(filesystem=local, path=c:/Users/sivas/final/ray_results/PPO_2025-12-15_18-53-53/PPO_TradingEnvironment_4d567_00000_0_2025-12-15_18-53-53/checkpoint_000007)
Checkpoint successfully created at: Checkpoint(filesystem=local, path=c:/Users/sivas/final/ray_results/PPO_2025-12-15_18-53-53/PPO_TradingEnvironment_4d567_00000_0_2025-12-15_18-53-53/checkpoint_000008)
Checkpoint successfully created at: Checkpoint(filesystem=local, path=c:/Users/sivas/final/ray_results/PPO_2025-12-15_18-53-53/PPO_TradingEnvironment_4d567_00000_0_2025-12-15_18-53-53/checkpoint_000009)
Checkpoint successfully created at: Checkpoint(filesystem=local, path=c:/Users/sivas/final/ray_results/PPO_2025-12-15_18-53-53/PPO_TradingEnvironment_4d567_00000_0_2025-12-15_18-53-53/checkpoint_000010)
Checkpoint successfully created at: Checkpoint(filesystem=local, path=c:/Users/sivas/final/ray_results/PPO_2025-12-15_18-53-53/PPO_TradingEnvironment_4d567_00000_0_2025-12-15_18-53-53/checkpoint_000011)
Checkpoint successfully created at: Checkpoint(filesystem=local, path=c:/Users/sivas/final/ray_results/PPO_2025-12-15_18-53-53/PPO_TradingEnvironment_4d567_00000_0_2025-12-15_18-53-53/checkpoint_000012)
Checkpoint successfully created at: Checkpoint(filesystem=local, path=c:/Users/sivas/final/ray_results/PPO_2025-12-15_18-53-53/PPO_TradingEnvironment_4d567_00000_0_2025-12-15_18-53-53/checkpoint_000013)
Checkpoint successfully created at: Checkpoint(filesystem=local, path=c:/Users/sivas/final/ray_results/PPO_2025-12-15_18-53-53/PPO_TradingEnvironment_4d567_00000_0_2025-12-15_18-53-53/checkpoint_000014)
Checkpoint successfully created at: Checkpoint(filesystem=local, path=c:/Users/sivas/final/ray_results/PPO_2025-12-15_18-53-53/PPO_TradingEnvironment_4d567_00000_0_2025-12-15_18-53-53/checkpoint_000015)
Checkpoint successfully created at: Checkpoint(filesystem=local, path=c:/Users/sivas/final/ray_results/PPO_2025-12-15_18-53-53/PPO_TradingEnvironment_4d567_00000_0_2025-12-15_18-53-53/checkpoint_000016)
Checkpoint successfully created at: Checkpoint(filesystem=local, path=c:/Users/sivas/final/ray_results/PPO_2025-12-15_18-53-53/PPO_TradingEnvironment_4d567_00000_0_2025-12-15_18-53-53/checkpoint_000017)
Checkpoint successfully created at: Checkpoint(filesystem=local, path=c:/Users/sivas/final/ray_results/PPO_2025-12-15_18-53-53/PPO_TradingEnvironment_4d567_00000_0_2025-12-15_18-53-53/checkpoint_000018)
Checkpoint successfully created at: Checkpoint(filesystem=local, path=c:/Users/sivas/final/ray_results/PPO_2025-12-15_18-53-53/PPO_TradingEnvironment_4d567_00000_0_2025-12-15_18-53-53/checkpoint_000019)
