2025-12-15 09:25:07,463	INFO log_monitor.py:157 -- Starting log monitor with [max open files=200], [is_autoscaler_v2=False]
2025-12-15 09:25:07,466	INFO log_monitor.py:279 -- Beginning to track file raylet.err
2025-12-15 09:25:07,466	INFO log_monitor.py:279 -- Beginning to track file monitor.log
2025-12-15 09:25:07,466	INFO log_monitor.py:279 -- Beginning to track file gcs_server.err
2025-12-15 09:25:07,585	INFO log_monitor.py:279 -- Beginning to track file worker-2c10499afc7efdaa9d443c61c5ab13144bc7798eea23fd068b054f7d-ffffffff-18232.err
2025-12-15 09:25:07,586	INFO log_monitor.py:279 -- Beginning to track file worker-2c10499afc7efdaa9d443c61c5ab13144bc7798eea23fd068b054f7d-ffffffff-18232.out
2025-12-15 09:25:07,587	INFO log_monitor.py:279 -- Beginning to track file worker-be76cd6321b9234f2051f75d6361bd2630b19a1aa5bf14fdb5d11af3-ffffffff-23876.err
2025-12-15 09:25:07,588	INFO log_monitor.py:279 -- Beginning to track file worker-be76cd6321b9234f2051f75d6361bd2630b19a1aa5bf14fdb5d11af3-ffffffff-23876.out
2025-12-15 09:25:07,588	INFO log_monitor.py:279 -- Beginning to track file worker-ecd98254f7ed99143db3424a192d5acb93ac58491c71b49263cf8b88-ffffffff-6188.err
2025-12-15 09:25:07,589	INFO log_monitor.py:279 -- Beginning to track file worker-ecd98254f7ed99143db3424a192d5acb93ac58491c71b49263cf8b88-ffffffff-6188.out
2025-12-15 09:25:07,693	INFO log_monitor.py:279 -- Beginning to track file worker-47f52b9bc0c1186e1ecee109815a5608a914ccb305d7e56e5c4a037f-ffffffff-22572.err
2025-12-15 09:25:07,693	INFO log_monitor.py:279 -- Beginning to track file worker-47f52b9bc0c1186e1ecee109815a5608a914ccb305d7e56e5c4a037f-ffffffff-22572.out
2025-12-15 09:25:07,693	INFO log_monitor.py:279 -- Beginning to track file worker-5ea669b3bede62022539321cf6ef489646baa7f697470f8fab4b6140-ffffffff-2252.err
2025-12-15 09:25:07,693	INFO log_monitor.py:279 -- Beginning to track file worker-5ea669b3bede62022539321cf6ef489646baa7f697470f8fab4b6140-ffffffff-2252.out
2025-12-15 09:25:07,696	INFO log_monitor.py:279 -- Beginning to track file worker-742de3ce7be421f9160f51a4bf9c68b08936dfc78837340055461401-ffffffff-11320.err
2025-12-15 09:25:07,696	INFO log_monitor.py:279 -- Beginning to track file worker-742de3ce7be421f9160f51a4bf9c68b08936dfc78837340055461401-ffffffff-11320.out
2025-12-15 09:25:07,696	INFO log_monitor.py:279 -- Beginning to track file worker-77a02fb9450732fbf4ce7cdcd4ea36b9c1e6b7504f19ab1ec6f6c82f-ffffffff-22556.err
2025-12-15 09:25:07,696	INFO log_monitor.py:279 -- Beginning to track file worker-77a02fb9450732fbf4ce7cdcd4ea36b9c1e6b7504f19ab1ec6f6c82f-ffffffff-22556.out
2025-12-15 09:25:07,799	INFO log_monitor.py:279 -- Beginning to track file worker-49ad50c0ed0f82a51e366d909c48f04fc26a8dfba672efdd887530c2-ffffffff-4100.err
2025-12-15 09:25:07,799	INFO log_monitor.py:279 -- Beginning to track file worker-49ad50c0ed0f82a51e366d909c48f04fc26a8dfba672efdd887530c2-ffffffff-4100.out
2025-12-15 09:25:10,207	INFO log_monitor.py:279 -- Beginning to track file worker-e49e5bb93deb000dbef92a3d0532eb07c7dd0feda2ce8328e71f10b2-01000000-25108.err
2025-12-15 09:25:10,208	INFO log_monitor.py:279 -- Beginning to track file worker-e49e5bb93deb000dbef92a3d0532eb07c7dd0feda2ce8328e71f10b2-01000000-25108.out
2025-12-15 09:25:22,347	INFO log_monitor.py:279 -- Beginning to track file worker-4baed99d335dfae26b334c40ebec5862293376cbef8e7a2910a7428d-01000000-24700.err
2025-12-15 09:25:22,347	INFO log_monitor.py:279 -- Beginning to track file worker-4baed99d335dfae26b334c40ebec5862293376cbef8e7a2910a7428d-01000000-24700.out
2025-12-15 09:25:22,349	INFO log_monitor.py:279 -- Beginning to track file worker-4e6bc5f7b346a8b117f01b53270d3624a9e00722d5441433e870df4b-01000000-10972.err
2025-12-15 09:25:22,349	INFO log_monitor.py:279 -- Beginning to track file worker-4e6bc5f7b346a8b117f01b53270d3624a9e00722d5441433e870df4b-01000000-10972.out
2025-12-15 09:25:22,351	INFO log_monitor.py:279 -- Beginning to track file worker-abeb8f2c6f1ebe4d090d4c20d92e7d3d327d61f4f01d744a6277aaa5-01000000-17280.err
2025-12-15 09:25:22,351	INFO log_monitor.py:279 -- Beginning to track file worker-abeb8f2c6f1ebe4d090d4c20d92e7d3d327d61f4f01d744a6277aaa5-01000000-17280.out
2025-12-15 09:25:22,462	INFO log_monitor.py:279 -- Beginning to track file worker-73c15628f0b0d02d12b3cce0a1b59bede3957e796d9c2a77843670d6-01000000-24756.err
2025-12-15 09:25:22,462	INFO log_monitor.py:279 -- Beginning to track file worker-73c15628f0b0d02d12b3cce0a1b59bede3957e796d9c2a77843670d6-01000000-24756.out
