[2025-12-15 09:25:22,350 I 24756 24660] core_worker_process.cc:739: Constructing CoreWorkerProcess. pid: 24756
[2025-12-15 09:25:22,355 I 24756 24660] io_service_pool.cc:37: IOServicePool is running with 1 io_service.
[2025-12-15 09:25:22,361 I 24756 24660] event.cc:493: Ray Event initialized for CORE_WORKER
[2025-12-15 09:25:22,362 I 24756 24660] event.cc:493: Ray Event initialized for EXPORT_TASK
[2025-12-15 09:25:22,362 I 24756 24660] event.cc:326: Set ray event level to warning
[2025-12-15 09:25:22,362 I 24756 24660] event_aggregator_client.h:50: Initiating the local event aggregator client with port: 63644
[2025-12-15 09:25:22,364 I 24756 24660] grpc_server.cc:141: worker server started, listening on port 50143.
[2025-12-15 09:25:22,366 I 24756 24660] core_worker_process.cc:269: Initializing worker at address: 127.0.0.1:50143 worker_id=73c15628f0b0d02d12b3cce0a1b59bede3957e796d9c2a77843670d6 node_id=d674d42f55fa1a681e48a93d8d758a51cc1e6752ad6d71107a5f34fe
[2025-12-15 09:25:22,368 I 24756 24660] task_event_buffer.cc:445: Reporting task events to GCS every 1000ms.
[2025-12-15 09:25:22,371 I 24756 25560] core_worker.cc:419: Event stats:


Global stats: 12 total (10 active)
Queueing time: mean = 1.942 us, max = 13.200 us, min = 10.100 us, total = 23.300 us
Execution time:  mean = 5.658 us, total = 67.900 us
Event stats:
	PeriodicalRunner.RunFnPeriodically - 7 total (5 active, 1 running), Execution time: mean = 9.700 us, total = 67.900 us, Queueing time: mean = 3.329 us, max = 13.200 us, min = 10.100 us, total = 23.300 us
	ray::rpc::WorkerInfoGcsService.grpc_client.AddWorkerInfo - 1 total (1 active), Execution time: mean = 0.000 s, total = 0.000 s, Queueing time: mean = 0.000 s, max = -0.000 s, min = 9223372036.855 s, total = 0.000 s
	ray::rpc::InternalPubSubGcsService.grpc_client.GcsSubscriberCommandBatch - 1 total (1 active), Execution time: mean = 0.000 s, total = 0.000 s, Queueing time: mean = 0.000 s, max = -0.000 s, min = 9223372036.855 s, total = 0.000 s
	ray::rpc::InternalPubSubGcsService.grpc_client.GcsSubscriberPoll - 1 total (1 active), Execution time: mean = 0.000 s, total = 0.000 s, Queueing time: mean = 0.000 s, max = -0.000 s, min = 9223372036.855 s, total = 0.000 s
	CoreWorker.ExitIfParentRayletDies - 1 total (1 active), Execution time: mean = 0.000 s, total = 0.000 s, Queueing time: mean = 0.000 s, max = -0.000 s, min = 9223372036.855 s, total = 0.000 s
	Publisher.CheckDeadSubscribers - 1 total (1 active), Execution time: mean = 0.000 s, total = 0.000 s, Queueing time: mean = 0.000 s, max = -0.000 s, min = 9223372036.855 s, total = 0.000 s

-----------------
Task execution event stats:

Global stats: 0 total (0 active)
Queueing time: mean = -nan(ind) s, max = -0.000 s, min = 9223372036.855 s, total = 0.000 s
Execution time:  mean = -nan(ind) s, total = 0.000 s
Event stats:

-----------------
Task Event stats:

IO Service Stats:

Global stats: 4 total (1 active)
Queueing time: mean = 5.150 us, max = 10.600 us, min = 10.000 us, total = 20.600 us
Execution time:  mean = 321.350 us, total = 1.285 ms
Event stats:
	CoreWorker.deadline_timer.flush_task_events - 1 total (1 active), Execution time: mean = 0.000 s, total = 0.000 s, Queueing time: mean = 0.000 s, max = -0.000 s, min = 9223372036.855 s, total = 0.000 s
	ray::rpc::TaskInfoGcsService.grpc_client.AddTaskEventData.OnReplyReceived - 1 total (0 active), Execution time: mean = 37.500 us, total = 37.500 us, Queueing time: mean = 10.600 us, max = 10.600 us, min = 10.600 us, total = 10.600 us
	PeriodicalRunner.RunFnPeriodically - 1 total (0 active), Execution time: mean = 447.200 us, total = 447.200 us, Queueing time: mean = 10.000 us, max = 10.000 us, min = 10.000 us, total = 10.000 us
	ray::rpc::TaskInfoGcsService.grpc_client.AddTaskEventData - 1 total (0 active), Execution time: mean = 800.700 us, total = 800.700 us, Queueing time: mean = 0.000 s, max = -0.000 s, min = 9223372036.855 s, total = 0.000 s
Other Stats:
	gcs_grpc_in_progress:0
	event_aggregator_grpc_in_progress:0
	current number of task status events in buffer: 0
	current number of profile events in buffer: 0
	current number of dropped task attempts tracked: 0
	total task events sent: 0 MiB
	total number of task attempts sent: 0
	total number of task attempts dropped reported: 0
	total number of sent failure: 0
	num status task events dropped: 0
	num profile task events dropped: 0
	num ray task events reported to aggregator: 0
	num ray task events failed to report to aggregator: 0
	num of task attempts dropped reported to aggregator: 0
	num of failed requests to aggregator: 0

[2025-12-15 09:25:22,373 I 24756 25560] accessor.cc:743: Received notification for node, IsAlive = 1 node_id=d674d42f55fa1a681e48a93d8d758a51cc1e6752ad6d71107a5f34fe
[2025-12-15 09:25:22,373 I 24756 25560] normal_task_submitter.cc:833: Number of alive nodes:1
[2025-12-15 09:25:22,374 I 24756 24660] actor_task_submitter.cc:73: Set actor max pending calls to -1 actor_id=0e3285568b33f1a8f5d7b86e01000000
[2025-12-15 09:25:22,374 I 24756 24660] core_worker.cc:2909: Creating actor actor_id=0e3285568b33f1a8f5d7b86e01000000
[2025-12-15 09:25:34,243 I 24756 24660] task_receiver.cc:162: Actor creation task finished, task_id: ffffffffffffffff0e3285568b33f1a8f5d7b86e01000000, actor_id: 0e3285568b33f1a8f5d7b86e01000000, actor_repr_name: 
[2025-12-15 09:25:34,487 W 24756 25528] metric_exporter.cc:105: [1] Export metrics to agent failed: RpcError: RPC Error message: failed to connect to all addresses; last error: UNAVAILABLE: ipv4:127.0.0.1:63644: Connection refused; RPC Error details:  rpc_code: 14. This won't affect Ray, but you can lose metrics from the cluster.
[2025-12-15 09:26:22,388 I 24756 25560] core_worker.cc:419: Event stats:


Global stats: 898 total (9 active)
Queueing time: mean = 6.627 ms, max = 36.864 ms, min = -0.000 s, total = 5.951 s
Execution time:  mean = 22.089 ms, total = 19.836 s
Event stats:
	CoreWorker.RecoverObjects - 552 total (1 active), Execution time: mean = 9.495 us, total = 5.241 ms, Queueing time: mean = 8.840 ms, max = 36.864 ms, min = -0.000 s, total = 4.880 s
	NodeManagerService.grpc_client.ReportWorkerBacklog.OnReplyReceived - 60 total (0 active), Execution time: mean = 21.972 us, total = 1.318 ms, Queueing time: mean = 157.018 us, max = 7.031 ms, min = 7.100 us, total = 9.421 ms
	CoreWorker.ExitIfParentRayletDies - 60 total (1 active), Execution time: mean = 114.000 us, total = 6.840 ms, Queueing time: mean = 7.665 ms, max = 16.881 ms, min = -0.000 s, total = 459.896 ms
	NodeManagerService.grpc_client.ReportWorkerBacklog - 60 total (0 active), Execution time: mean = 915.525 us, total = 54.931 ms, Queueing time: mean = 0.000 s, max = -0.000 s, min = 9223372036.855 s, total = 0.000 s
	CoreWorker.InternalHeartbeat - 60 total (1 active), Execution time: mean = 273.588 us, total = 16.415 ms, Queueing time: mean = 7.472 ms, max = 18.513 ms, min = -0.000 s, total = 448.296 ms
	CoreWorkerService.grpc_server.PushTask.HandleRequestImpl - 25 total (0 active), Execution time: mean = 49.192 us, total = 1.230 ms, Queueing time: mean = 33.384 us, max = 182.300 us, min = 8.300 us, total = 834.600 us
	CoreWorkerService.grpc_server.PushTask - 25 total (1 active), Execution time: mean = 789.386 ms, total = 19.735 s, Queueing time: mean = 0.000 s, max = -0.000 s, min = 9223372036.855 s, total = 0.000 s
	CoreWorker.RecordMetrics - 12 total (1 active), Execution time: mean = 180.667 us, total = 2.168 ms, Queueing time: mean = 8.448 ms, max = 14.825 ms, min = -0.000 s, total = 101.381 ms
	PeriodicalRunner.RunFnPeriodically - 7 total (0 active), Execution time: mean = 293.314 us, total = 2.053 ms, Queueing time: mean = 770.171 us, max = 2.047 ms, min = 10.100 us, total = 5.391 ms
	CoreWorker.TryDelPendingObjectRefStreams - 6 total (1 active), Execution time: mean = 5.317 us, total = 31.900 us, Queueing time: mean = 6.898 ms, max = 14.478 ms, min = 408.000 us, total = 41.387 ms
	CoreWorkerService.grpc_server.ActorCallArgWaitComplete.HandleRequestImpl - 6 total (0 active), Execution time: mean = 312.133 us, total = 1.873 ms, Queueing time: mean = 97.700 us, max = 289.200 us, min = 7.700 us, total = 586.200 us
	CoreWorkerService.grpc_server.ActorCallArgWaitComplete - 6 total (0 active), Execution time: mean = 427.900 us, total = 2.567 ms, Queueing time: mean = 0.000 s, max = -0.000 s, min = 9223372036.855 s, total = 0.000 s
	NodeManagerService.grpc_client.PinObjectIDs.OnReplyReceived - 5 total (0 active), Execution time: mean = 96.220 us, total = 481.100 us, Queueing time: mean = 12.660 us, max = 19.800 us, min = 9.300 us, total = 63.300 us
	NodeManagerService.grpc_client.PinObjectIDs - 5 total (0 active), Execution time: mean = 796.720 us, total = 3.984 ms, Queueing time: mean = 0.000 s, max = -0.000 s, min = 9223372036.855 s, total = 0.000 s
	ray::rpc::InternalPubSubGcsService.grpc_client.GcsSubscriberCommandBatch.OnReplyReceived - 1 total (0 active), Execution time: mean = 262.400 us, total = 262.400 us, Queueing time: mean = 1.973 ms, max = 1.973 ms, min = 1.973 ms, total = 1.973 ms
	ray::rpc::NodeInfoGcsService.grpc_client.GetAllNodeInfo - 1 total (0 active), Execution time: mean = 690.700 us, total = 690.700 us, Queueing time: mean = 0.000 s, max = -0.000 s, min = 9223372036.855 s, total = 0.000 s
	ray::rpc::InternalPubSubGcsService.grpc_client.GcsSubscriberPoll - 1 total (1 active), Execution time: mean = 0.000 s, total = 0.000 s, Queueing time: mean = 0.000 s, max = -0.000 s, min = 9223372036.855 s, total = 0.000 s
	ray::rpc::WorkerInfoGcsService.grpc_client.AddWorkerInfo.OnReplyReceived - 1 total (0 active), Execution time: mean = 40.400 us, total = 40.400 us, Queueing time: mean = 1.954 ms, max = 1.954 ms, min = 1.954 ms, total = 1.954 ms
	ray::rpc::InternalPubSubGcsService.grpc_client.GcsSubscriberCommandBatch - 1 total (0 active), Execution time: mean = 312.100 us, total = 312.100 us, Queueing time: mean = 0.000 s, max = -0.000 s, min = 9223372036.855 s, total = 0.000 s
	Publisher.CheckDeadSubscribers - 1 total (1 active), Execution time: mean = 0.000 s, total = 0.000 s, Queueing time: mean = 0.000 s, max = -0.000 s, min = 9223372036.855 s, total = 0.000 s
	CoreWorker.PrintEventStats - 1 total (1 active, 1 running), Execution time: mean = 0.000 s, total = 0.000 s, Queueing time: mean = 0.000 s, max = -0.000 s, min = 9223372036.855 s, total = 0.000 s
	ray::rpc::NodeInfoGcsService.grpc_client.GetAllNodeInfo.OnReplyReceived - 1 total (0 active), Execution time: mean = 187.800 us, total = 187.800 us, Queueing time: mean = 7.400 us, max = 7.400 us, min = 7.400 us, total = 7.400 us
	ray::rpc::WorkerInfoGcsService.grpc_client.AddWorkerInfo - 1 total (0 active), Execution time: mean = 512.300 us, total = 512.300 us, Queueing time: mean = 0.000 s, max = -0.000 s, min = 9223372036.855 s, total = 0.000 s

-----------------
Task execution event stats:

Global stats: 2430 total (2 active)
Queueing time: mean = 14.295 ms, max = 11.863 s, min = 4.700 us, total = 34.737 s
Execution time:  mean = 8.138 ms, total = 19.775 s
Event stats:
	CoreWorker.CheckSignal - 2398 total (1 active), Execution time: mean = 23.852 us, total = 57.196 ms, Queueing time: mean = 14.485 ms, max = 11.863 s, min = 103.900 us, total = 34.735 s
	CoreWorker.HandlePushTaskActor - 24 total (1 active, 1 running), Execution time: mean = 326.127 ms, total = 7.827 s, Queueing time: mean = 26.008 us, max = 168.800 us, min = 7.000 us, total = 624.200 us
	CoreWorker.ArgWaitComplete - 6 total (0 active), Execution time: mean = 3.235 ms, total = 19.409 ms, Queueing time: mean = 268.383 us, max = 1.184 ms, min = 9.900 us, total = 1.610 ms
	PeriodicalRunner.RunFnPeriodically - 1 total (0 active), Execution time: mean = 23.300 us, total = 23.300 us, Queueing time: mean = 4.700 us, max = 4.700 us, min = 4.700 us, total = 4.700 us
	CoreWorker.HandlePushTask - 1 total (0 active), Execution time: mean = 11.871 s, total = 11.871 s, Queueing time: mean = 9.900 us, max = 9.900 us, min = 9.900 us, total = 9.900 us

-----------------
Task Event stats:

IO Service Stats:

Global stats: 181 total (1 active)
Queueing time: mean = 2.524 ms, max = 16.647 ms, min = -0.000 s, total = 456.818 ms
Execution time:  mean = 367.155 us, total = 66.455 ms
Event stats:
	CoreWorker.deadline_timer.flush_task_events - 60 total (1 active), Execution time: mean = 323.210 us, total = 19.393 ms, Queueing time: mean = 7.503 ms, max = 16.647 ms, min = -0.000 s, total = 450.175 ms
	ray::rpc::TaskInfoGcsService.grpc_client.AddTaskEventData.OnReplyReceived - 60 total (0 active), Execution time: mean = 34.077 us, total = 2.045 ms, Queueing time: mean = 110.562 us, max = 4.629 ms, min = 7.200 us, total = 6.634 ms
	ray::rpc::TaskInfoGcsService.grpc_client.AddTaskEventData - 60 total (0 active), Execution time: mean = 742.845 us, total = 44.571 ms, Queueing time: mean = 0.000 s, max = -0.000 s, min = 9223372036.855 s, total = 0.000 s
	PeriodicalRunner.RunFnPeriodically - 1 total (0 active), Execution time: mean = 447.200 us, total = 447.200 us, Queueing time: mean = 10.000 us, max = 10.000 us, min = 10.000 us, total = 10.000 us
Other Stats:
	gcs_grpc_in_progress:0
	event_aggregator_grpc_in_progress:0
	current number of task status events in buffer: 0
	current number of profile events in buffer: 0
	current number of dropped task attempts tracked: 0
	total task events sent: 0.00992012 MiB
	total number of task attempts sent: 31
	total number of task attempts dropped reported: 0
	total number of sent failure: 0
	num status task events dropped: 0
	num profile task events dropped: 0
	num ray task events reported to aggregator: 0
	num ray task events failed to report to aggregator: 0
	num of task attempts dropped reported to aggregator: 0
	num of failed requests to aggregator: 0

[2025-12-15 09:27:22,395 I 24756 25560] core_worker.cc:419: Event stats:


Global stats: 1784 total (8 active)
Queueing time: mean = 6.620 ms, max = 36.864 ms, min = -0.001 s, total = 11.809 s
Execution time:  mean = 18.205 ms, total = 32.478 s
Event stats:
	CoreWorker.RecoverObjects - 1105 total (1 active), Execution time: mean = 9.440 us, total = 10.431 ms, Queueing time: mean = 8.674 ms, max = 36.864 ms, min = -0.000 s, total = 9.585 s
	NodeManagerService.grpc_client.ReportWorkerBacklog.OnReplyReceived - 120 total (0 active), Execution time: mean = 24.406 us, total = 2.929 ms, Queueing time: mean = 109.476 us, max = 7.031 ms, min = 7.100 us, total = 13.137 ms
	CoreWorker.ExitIfParentRayletDies - 120 total (1 active), Execution time: mean = 87.408 us, total = 10.489 ms, Queueing time: mean = 8.054 ms, max = 19.325 ms, min = -0.001 s, total = 966.490 ms
	NodeManagerService.grpc_client.ReportWorkerBacklog - 120 total (0 active), Execution time: mean = 885.500 us, total = 106.260 ms, Queueing time: mean = 0.000 s, max = -0.000 s, min = 9223372036.855 s, total = 0.000 s
	CoreWorker.InternalHeartbeat - 120 total (1 active), Execution time: mean = 274.720 us, total = 32.966 ms, Queueing time: mean = 7.586 ms, max = 19.117 ms, min = -0.001 s, total = 910.291 ms
	CoreWorkerService.grpc_server.PushTask.HandleRequestImpl - 49 total (0 active), Execution time: mean = 42.039 us, total = 2.060 ms, Queueing time: mean = 26.163 us, max = 182.300 us, min = 8.100 us, total = 1.282 ms
	CoreWorkerService.grpc_server.PushTask - 49 total (0 active), Execution time: mean = 658.899 ms, total = 32.286 s, Queueing time: mean = 0.000 s, max = -0.000 s, min = 9223372036.855 s, total = 0.000 s
	CoreWorker.RecordMetrics - 24 total (1 active), Execution time: mean = 164.992 us, total = 3.960 ms, Queueing time: mean = 8.619 ms, max = 14.902 ms, min = -0.000 s, total = 206.858 ms
	CoreWorker.TryDelPendingObjectRefStreams - 12 total (1 active), Execution time: mean = 8.817 us, total = 105.800 us, Queueing time: mean = 8.332 ms, max = 15.511 ms, min = 408.000 us, total = 99.985 ms
	NodeManagerService.grpc_client.PinObjectIDs.OnReplyReceived - 12 total (0 active), Execution time: mean = 103.917 us, total = 1.247 ms, Queueing time: mean = 18.125 us, max = 47.400 us, min = 9.300 us, total = 217.500 us
	NodeManagerService.grpc_client.PinObjectIDs - 12 total (0 active), Execution time: mean = 836.708 us, total = 10.040 ms, Queueing time: mean = 0.000 s, max = -0.000 s, min = 9223372036.855 s, total = 0.000 s
	CoreWorkerService.grpc_server.ActorCallArgWaitComplete.HandleRequestImpl - 12 total (0 active), Execution time: mean = 185.533 us, total = 2.226 ms, Queueing time: mean = 56.975 us, max = 289.200 us, min = 7.700 us, total = 683.700 us
	CoreWorkerService.grpc_server.ActorCallArgWaitComplete - 12 total (0 active), Execution time: mean = 282.500 us, total = 3.390 ms, Queueing time: mean = 0.000 s, max = -0.000 s, min = 9223372036.855 s, total = 0.000 s
	PeriodicalRunner.RunFnPeriodically - 7 total (0 active), Execution time: mean = 293.314 us, total = 2.053 ms, Queueing time: mean = 770.171 us, max = 2.047 ms, min = 10.100 us, total = 5.391 ms
	CoreWorker.PrintEventStats - 2 total (1 active, 1 running), Execution time: mean = 672.750 us, total = 1.345 ms, Queueing time: mean = 8.022 ms, max = 16.043 ms, min = 16.043 ms, total = 16.043 ms
	ray::rpc::InternalPubSubGcsService.grpc_client.GcsSubscriberCommandBatch.OnReplyReceived - 1 total (0 active), Execution time: mean = 262.400 us, total = 262.400 us, Queueing time: mean = 1.973 ms, max = 1.973 ms, min = 1.973 ms, total = 1.973 ms
	ray::rpc::NodeInfoGcsService.grpc_client.GetAllNodeInfo - 1 total (0 active), Execution time: mean = 690.700 us, total = 690.700 us, Queueing time: mean = 0.000 s, max = -0.000 s, min = 9223372036.855 s, total = 0.000 s
	ray::rpc::InternalPubSubGcsService.grpc_client.GcsSubscriberPoll - 1 total (1 active), Execution time: mean = 0.000 s, total = 0.000 s, Queueing time: mean = 0.000 s, max = -0.000 s, min = 9223372036.855 s, total = 0.000 s
	ray::rpc::WorkerInfoGcsService.grpc_client.AddWorkerInfo.OnReplyReceived - 1 total (0 active), Execution time: mean = 40.400 us, total = 40.400 us, Queueing time: mean = 1.954 ms, max = 1.954 ms, min = 1.954 ms, total = 1.954 ms
	ray::rpc::InternalPubSubGcsService.grpc_client.GcsSubscriberCommandBatch - 1 total (0 active), Execution time: mean = 312.100 us, total = 312.100 us, Queueing time: mean = 0.000 s, max = -0.000 s, min = 9223372036.855 s, total = 0.000 s
	Publisher.CheckDeadSubscribers - 1 total (1 active), Execution time: mean = 0.000 s, total = 0.000 s, Queueing time: mean = 0.000 s, max = -0.000 s, min = 9223372036.855 s, total = 0.000 s
	ray::rpc::NodeInfoGcsService.grpc_client.GetAllNodeInfo.OnReplyReceived - 1 total (0 active), Execution time: mean = 187.800 us, total = 187.800 us, Queueing time: mean = 7.400 us, max = 7.400 us, min = 7.400 us, total = 7.400 us
	ray::rpc::WorkerInfoGcsService.grpc_client.AddWorkerInfo - 1 total (0 active), Execution time: mean = 512.300 us, total = 512.300 us, Queueing time: mean = 0.000 s, max = -0.000 s, min = 9223372036.855 s, total = 0.000 s

-----------------
Task execution event stats:

Global stats: 5448 total (1 active)
Queueing time: mean = 12.129 ms, max = 11.863 s, min = -0.000 s, total = 66.080 s
Execution time:  mean = 5.945 ms, total = 32.389 s
Event stats:
	CoreWorker.CheckSignal - 5386 total (1 active), Execution time: mean = 23.703 us, total = 127.665 ms, Queueing time: mean = 12.268 ms, max = 11.863 s, min = -0.000 s, total = 66.077 s
	CoreWorker.HandlePushTaskActor - 48 total (0 active), Execution time: mean = 424.102 ms, total = 20.357 s, Queueing time: mean = 24.517 us, max = 168.800 us, min = 7.000 us, total = 1.177 ms
	CoreWorker.ArgWaitComplete - 12 total (0 active), Execution time: mean = 2.792 ms, total = 33.498 ms, Queueing time: mean = 142.467 us, max = 1.184 ms, min = 7.300 us, total = 1.710 ms
	PeriodicalRunner.RunFnPeriodically - 1 total (0 active), Execution time: mean = 23.300 us, total = 23.300 us, Queueing time: mean = 4.700 us, max = 4.700 us, min = 4.700 us, total = 4.700 us
	CoreWorker.HandlePushTask - 1 total (0 active), Execution time: mean = 11.871 s, total = 11.871 s, Queueing time: mean = 9.900 us, max = 9.900 us, min = 9.900 us, total = 9.900 us

-----------------
Task Event stats:

IO Service Stats:

Global stats: 361 total (1 active)
Queueing time: mean = 2.635 ms, max = 19.065 ms, min = -0.001 s, total = 951.175 ms
Execution time:  mean = 365.090 us, total = 131.798 ms
Event stats:
	CoreWorker.deadline_timer.flush_task_events - 120 total (1 active), Execution time: mean = 309.276 us, total = 37.113 ms, Queueing time: mean = 7.850 ms, max = 19.065 ms, min = -0.001 s, total = 942.032 ms
	ray::rpc::TaskInfoGcsService.grpc_client.AddTaskEventData.OnReplyReceived - 120 total (0 active), Execution time: mean = 29.127 us, total = 3.495 ms, Queueing time: mean = 76.109 us, max = 4.629 ms, min = 7.200 us, total = 9.133 ms
	ray::rpc::TaskInfoGcsService.grpc_client.AddTaskEventData - 120 total (0 active), Execution time: mean = 756.183 us, total = 90.742 ms, Queueing time: mean = 0.000 s, max = -0.000 s, min = 9223372036.855 s, total = 0.000 s
	PeriodicalRunner.RunFnPeriodically - 1 total (0 active), Execution time: mean = 447.200 us, total = 447.200 us, Queueing time: mean = 10.000 us, max = 10.000 us, min = 10.000 us, total = 10.000 us
Other Stats:
	gcs_grpc_in_progress:0
	event_aggregator_grpc_in_progress:0
	current number of task status events in buffer: 0
	current number of profile events in buffer: 0
	current number of dropped task attempts tracked: 0
	total task events sent: 0.0200367 MiB
	total number of task attempts sent: 62
	total number of task attempts dropped reported: 0
	total number of sent failure: 0
	num status task events dropped: 0
	num profile task events dropped: 0
	num ray task events reported to aggregator: 0
	num ray task events failed to report to aggregator: 0
	num of task attempts dropped reported to aggregator: 0
	num of failed requests to aggregator: 0

[2025-12-15 09:28:22,407 I 24756 25560] core_worker.cc:419: Event stats:


Global stats: 2665 total (8 active)
Queueing time: mean = 6.543 ms, max = 142.117 ms, min = -0.001 s, total = 17.437 s
Execution time:  mean = 16.681 ms, total = 44.456 s
Event stats:
	CoreWorker.RecoverObjects - 1659 total (1 active), Execution time: mean = 9.830 us, total = 16.308 ms, Queueing time: mean = 8.538 ms, max = 142.117 ms, min = -0.001 s, total = 14.165 s
	NodeManagerService.grpc_client.ReportWorkerBacklog.OnReplyReceived - 179 total (0 active), Execution time: mean = 25.599 us, total = 4.582 ms, Queueing time: mean = 215.644 us, max = 15.147 ms, min = 7.100 us, total = 38.600 ms
	CoreWorker.ExitIfParentRayletDies - 179 total (1 active), Execution time: mean = 81.534 us, total = 14.595 ms, Queueing time: mean = 7.899 ms, max = 44.980 ms, min = -0.001 s, total = 1.414 s
	NodeManagerService.grpc_client.ReportWorkerBacklog - 179 total (0 active), Execution time: mean = 1.066 ms, total = 190.746 ms, Queueing time: mean = 0.000 s, max = -0.000 s, min = 9223372036.855 s, total = 0.000 s
	CoreWorker.InternalHeartbeat - 179 total (1 active), Execution time: mean = 290.774 us, total = 52.049 ms, Queueing time: mean = 7.680 ms, max = 44.427 ms, min = -0.001 s, total = 1.375 s
	CoreWorkerService.grpc_server.PushTask.HandleRequestImpl - 73 total (0 active), Execution time: mean = 39.453 us, total = 2.880 ms, Queueing time: mean = 26.037 us, max = 182.300 us, min = 7.900 us, total = 1.901 ms
	CoreWorkerService.grpc_server.PushTask - 73 total (0 active), Execution time: mean = 604.621 ms, total = 44.137 s, Queueing time: mean = 0.000 s, max = -0.000 s, min = 9223372036.855 s, total = 0.000 s
	CoreWorker.RecordMetrics - 36 total (1 active), Execution time: mean = 164.322 us, total = 5.916 ms, Queueing time: mean = 7.878 ms, max = 15.095 ms, min = -0.000 s, total = 283.618 ms
	CoreWorker.TryDelPendingObjectRefStreams - 18 total (1 active), Execution time: mean = 8.267 us, total = 148.800 us, Queueing time: mean = 7.028 ms, max = 15.511 ms, min = 408.000 us, total = 126.506 ms
	NodeManagerService.grpc_client.PinObjectIDs.OnReplyReceived - 18 total (0 active), Execution time: mean = 139.133 us, total = 2.504 ms, Queueing time: mean = 17.544 us, max = 47.400 us, min = 9.300 us, total = 315.800 us
	NodeManagerService.grpc_client.PinObjectIDs - 18 total (0 active), Execution time: mean = 853.272 us, total = 15.359 ms, Queueing time: mean = 0.000 s, max = -0.000 s, min = 9223372036.855 s, total = 0.000 s
	CoreWorkerService.grpc_server.ActorCallArgWaitComplete.HandleRequestImpl - 18 total (0 active), Execution time: mean = 139.411 us, total = 2.509 ms, Queueing time: mean = 46.506 us, max = 289.200 us, min = 7.700 us, total = 837.100 us
	CoreWorkerService.grpc_server.ActorCallArgWaitComplete - 18 total (0 active), Execution time: mean = 237.906 us, total = 4.282 ms, Queueing time: mean = 0.000 s, max = -0.000 s, min = 9223372036.855 s, total = 0.000 s
	PeriodicalRunner.RunFnPeriodically - 7 total (0 active), Execution time: mean = 293.314 us, total = 2.053 ms, Queueing time: mean = 770.171 us, max = 2.047 ms, min = 10.100 us, total = 5.391 ms
	CoreWorker.PrintEventStats - 3 total (1 active, 1 running), Execution time: mean = 751.500 us, total = 2.255 ms, Queueing time: mean = 7.453 ms, max = 16.043 ms, min = 6.316 ms, total = 22.359 ms
	ray::rpc::InternalPubSubGcsService.grpc_client.GcsSubscriberCommandBatch.OnReplyReceived - 1 total (0 active), Execution time: mean = 262.400 us, total = 262.400 us, Queueing time: mean = 1.973 ms, max = 1.973 ms, min = 1.973 ms, total = 1.973 ms
	ray::rpc::NodeInfoGcsService.grpc_client.GetAllNodeInfo - 1 total (0 active), Execution time: mean = 690.700 us, total = 690.700 us, Queueing time: mean = 0.000 s, max = -0.000 s, min = 9223372036.855 s, total = 0.000 s
	ray::rpc::InternalPubSubGcsService.grpc_client.GcsSubscriberPoll - 1 total (1 active), Execution time: mean = 0.000 s, total = 0.000 s, Queueing time: mean = 0.000 s, max = -0.000 s, min = 9223372036.855 s, total = 0.000 s
	ray::rpc::WorkerInfoGcsService.grpc_client.AddWorkerInfo.OnReplyReceived - 1 total (0 active), Execution time: mean = 40.400 us, total = 40.400 us, Queueing time: mean = 1.954 ms, max = 1.954 ms, min = 1.954 ms, total = 1.954 ms
	ray::rpc::InternalPubSubGcsService.grpc_client.GcsSubscriberCommandBatch - 1 total (0 active), Execution time: mean = 312.100 us, total = 312.100 us, Queueing time: mean = 0.000 s, max = -0.000 s, min = 9223372036.855 s, total = 0.000 s
	Publisher.CheckDeadSubscribers - 1 total (1 active), Execution time: mean = 0.000 s, total = 0.000 s, Queueing time: mean = 0.000 s, max = -0.000 s, min = 9223372036.855 s, total = 0.000 s
	ray::rpc::NodeInfoGcsService.grpc_client.GetAllNodeInfo.OnReplyReceived - 1 total (0 active), Execution time: mean = 187.800 us, total = 187.800 us, Queueing time: mean = 7.400 us, max = 7.400 us, min = 7.400 us, total = 7.400 us
	ray::rpc::WorkerInfoGcsService.grpc_client.AddWorkerInfo - 1 total (0 active), Execution time: mean = 512.300 us, total = 512.300 us, Queueing time: mean = 0.000 s, max = -0.000 s, min = 9223372036.855 s, total = 0.000 s

-----------------
Task execution event stats:

Global stats: 8365 total (1 active)
Queueing time: mean = 11.616 ms, max = 11.863 s, min = -0.007 s, total = 97.165 s
Execution time:  mean = 5.297 ms, total = 44.307 s
Event stats:
	CoreWorker.CheckSignal - 8273 total (1 active), Execution time: mean = 24.483 us, total = 202.544 ms, Queueing time: mean = 11.744 ms, max = 11.863 s, min = -0.007 s, total = 97.162 s
	CoreWorker.HandlePushTaskActor - 72 total (0 active), Execution time: mean = 447.011 ms, total = 32.185 s, Queueing time: mean = 25.028 us, max = 168.800 us, min = 3.700 us, total = 1.802 ms
	CoreWorker.ArgWaitComplete - 18 total (0 active), Execution time: mean = 2.667 ms, total = 48.012 ms, Queueing time: mean = 113.289 us, max = 1.184 ms, min = 7.300 us, total = 2.039 ms
	PeriodicalRunner.RunFnPeriodically - 1 total (0 active), Execution time: mean = 23.300 us, total = 23.300 us, Queueing time: mean = 4.700 us, max = 4.700 us, min = 4.700 us, total = 4.700 us
	CoreWorker.HandlePushTask - 1 total (0 active), Execution time: mean = 11.871 s, total = 11.871 s, Queueing time: mean = 9.900 us, max = 9.900 us, min = 9.900 us, total = 9.900 us

-----------------
Task Event stats:

IO Service Stats:

Global stats: 538 total (1 active)
Queueing time: mean = 2.625 ms, max = 46.493 ms, min = -0.001 s, total = 1.412 s
Execution time:  mean = 390.781 us, total = 210.240 ms
Event stats:
	CoreWorker.deadline_timer.flush_task_events - 179 total (1 active), Execution time: mean = 318.449 us, total = 57.002 ms, Queueing time: mean = 7.678 ms, max = 46.493 ms, min = -0.001 s, total = 1.374 s
	ray::rpc::TaskInfoGcsService.grpc_client.AddTaskEventData.OnReplyReceived - 179 total (0 active), Execution time: mean = 31.804 us, total = 5.693 ms, Queueing time: mean = 210.658 us, max = 13.395 ms, min = 5.800 us, total = 37.708 ms
	ray::rpc::TaskInfoGcsService.grpc_client.AddTaskEventData - 179 total (0 active), Execution time: mean = 821.774 us, total = 147.097 ms, Queueing time: mean = 0.000 s, max = -0.000 s, min = 9223372036.855 s, total = 0.000 s
	PeriodicalRunner.RunFnPeriodically - 1 total (0 active), Execution time: mean = 447.200 us, total = 447.200 us, Queueing time: mean = 10.000 us, max = 10.000 us, min = 10.000 us, total = 10.000 us
Other Stats:
	gcs_grpc_in_progress:0
	event_aggregator_grpc_in_progress:0
	current number of task status events in buffer: 0
	current number of profile events in buffer: 0
	current number of dropped task attempts tracked: 0
	total task events sent: 0.0298557 MiB
	total number of task attempts sent: 92
	total number of task attempts dropped reported: 0
	total number of sent failure: 0
	num status task events dropped: 0
	num profile task events dropped: 0
	num ray task events reported to aggregator: 0
	num ray task events failed to report to aggregator: 0
	num of task attempts dropped reported to aggregator: 0
	num of failed requests to aggregator: 0

[2025-12-15 09:29:22,411 I 24756 25560] core_worker.cc:419: Event stats:


Global stats: 3536 total (8 active)
Queueing time: mean = 6.586 ms, max = 142.117 ms, min = -0.001 s, total = 23.290 s
Execution time:  mean = 15.681 ms, total = 55.449 s
Event stats:
	CoreWorker.RecoverObjects - 2211 total (1 active), Execution time: mean = 9.871 us, total = 21.825 ms, Queueing time: mean = 8.561 ms, max = 142.117 ms, min = -0.001 s, total = 18.929 s
	NodeManagerService.grpc_client.ReportWorkerBacklog.OnReplyReceived - 239 total (0 active), Execution time: mean = 25.634 us, total = 6.127 ms, Queueing time: mean = 198.008 us, max = 15.147 ms, min = 7.100 us, total = 47.324 ms
	CoreWorker.ExitIfParentRayletDies - 239 total (1 active), Execution time: mean = 80.444 us, total = 19.226 ms, Queueing time: mean = 7.921 ms, max = 44.980 ms, min = -0.001 s, total = 1.893 s
	NodeManagerService.grpc_client.ReportWorkerBacklog - 239 total (0 active), Execution time: mean = 1.141 ms, total = 272.785 ms, Queueing time: mean = 0.000 s, max = -0.000 s, min = 9223372036.855 s, total = 0.000 s
	CoreWorker.InternalHeartbeat - 239 total (1 active), Execution time: mean = 293.749 us, total = 70.206 ms, Queueing time: mean = 7.767 ms, max = 44.427 ms, min = -0.001 s, total = 1.856 s
	CoreWorkerService.grpc_server.PushTask.HandleRequestImpl - 93 total (0 active), Execution time: mean = 39.662 us, total = 3.689 ms, Queueing time: mean = 25.922 us, max = 182.300 us, min = 7.900 us, total = 2.411 ms
	CoreWorkerService.grpc_server.PushTask - 93 total (0 active), Execution time: mean = 591.479 ms, total = 55.008 s, Queueing time: mean = 0.000 s, max = -0.000 s, min = 9223372036.855 s, total = 0.000 s
	CoreWorker.RecordMetrics - 48 total (1 active), Execution time: mean = 160.823 us, total = 7.720 ms, Queueing time: mean = 7.594 ms, max = 15.514 ms, min = -0.000 s, total = 364.488 ms
	CoreWorker.TryDelPendingObjectRefStreams - 24 total (1 active), Execution time: mean = 7.729 us, total = 185.500 us, Queueing time: mean = 6.439 ms, max = 15.511 ms, min = 408.000 us, total = 154.538 ms
	NodeManagerService.grpc_client.PinObjectIDs.OnReplyReceived - 23 total (0 active), Execution time: mean = 139.109 us, total = 3.200 ms, Queueing time: mean = 17.565 us, max = 47.400 us, min = 9.300 us, total = 404.000 us
	NodeManagerService.grpc_client.PinObjectIDs - 23 total (0 active), Execution time: mean = 880.074 us, total = 20.242 ms, Queueing time: mean = 0.000 s, max = -0.000 s, min = 9223372036.855 s, total = 0.000 s
	CoreWorkerService.grpc_server.ActorCallArgWaitComplete.HandleRequestImpl - 23 total (0 active), Execution time: mean = 117.057 us, total = 2.692 ms, Queueing time: mean = 41.709 us, max = 289.200 us, min = 7.700 us, total = 959.300 us
	CoreWorkerService.grpc_server.ActorCallArgWaitComplete - 23 total (0 active), Execution time: mean = 223.561 us, total = 5.142 ms, Queueing time: mean = 0.000 s, max = -0.000 s, min = 9223372036.855 s, total = 0.000 s
	PeriodicalRunner.RunFnPeriodically - 7 total (0 active), Execution time: mean = 293.314 us, total = 2.053 ms, Queueing time: mean = 770.171 us, max = 2.047 ms, min = 10.100 us, total = 5.391 ms
	CoreWorker.PrintEventStats - 4 total (1 active, 1 running), Execution time: mean = 1.031 ms, total = 4.122 ms, Queueing time: mean = 8.016 ms, max = 16.043 ms, min = 6.316 ms, total = 32.065 ms
	ray::rpc::InternalPubSubGcsService.grpc_client.GcsSubscriberCommandBatch.OnReplyReceived - 1 total (0 active), Execution time: mean = 262.400 us, total = 262.400 us, Queueing time: mean = 1.973 ms, max = 1.973 ms, min = 1.973 ms, total = 1.973 ms
	ray::rpc::NodeInfoGcsService.grpc_client.GetAllNodeInfo - 1 total (0 active), Execution time: mean = 690.700 us, total = 690.700 us, Queueing time: mean = 0.000 s, max = -0.000 s, min = 9223372036.855 s, total = 0.000 s
	ray::rpc::InternalPubSubGcsService.grpc_client.GcsSubscriberPoll - 1 total (1 active), Execution time: mean = 0.000 s, total = 0.000 s, Queueing time: mean = 0.000 s, max = -0.000 s, min = 9223372036.855 s, total = 0.000 s
	ray::rpc::WorkerInfoGcsService.grpc_client.AddWorkerInfo.OnReplyReceived - 1 total (0 active), Execution time: mean = 40.400 us, total = 40.400 us, Queueing time: mean = 1.954 ms, max = 1.954 ms, min = 1.954 ms, total = 1.954 ms
	ray::rpc::InternalPubSubGcsService.grpc_client.GcsSubscriberCommandBatch - 1 total (0 active), Execution time: mean = 312.100 us, total = 312.100 us, Queueing time: mean = 0.000 s, max = -0.000 s, min = 9223372036.855 s, total = 0.000 s
	Publisher.CheckDeadSubscribers - 1 total (1 active), Execution time: mean = 0.000 s, total = 0.000 s, Queueing time: mean = 0.000 s, max = -0.000 s, min = 9223372036.855 s, total = 0.000 s
	ray::rpc::NodeInfoGcsService.grpc_client.GetAllNodeInfo.OnReplyReceived - 1 total (0 active), Execution time: mean = 187.800 us, total = 187.800 us, Queueing time: mean = 7.400 us, max = 7.400 us, min = 7.400 us, total = 7.400 us
	ray::rpc::WorkerInfoGcsService.grpc_client.AddWorkerInfo - 1 total (0 active), Execution time: mean = 512.300 us, total = 512.300 us, Queueing time: mean = 0.000 s, max = -0.000 s, min = 9223372036.855 s, total = 0.000 s

-----------------
Task execution event stats:

Global stats: 11407 total (1 active)
Queueing time: mean = 11.128 ms, max = 11.863 s, min = -0.007 s, total = 126.934 s
Execution time:  mean = 4.844 ms, total = 55.255 s
Event stats:
	CoreWorker.CheckSignal - 11290 total (1 active), Execution time: mean = 25.648 us, total = 289.569 ms, Queueing time: mean = 11.243 ms, max = 11.863 s, min = -0.007 s, total = 126.930 s
	CoreWorker.HandlePushTaskActor - 92 total (0 active), Execution time: mean = 467.757 ms, total = 43.034 s, Queueing time: mean = 22.857 us, max = 168.800 us, min = 3.700 us, total = 2.103 ms
	CoreWorker.ArgWaitComplete - 23 total (0 active), Execution time: mean = 2.644 ms, total = 60.818 ms, Queueing time: mean = 92.230 us, max = 1.184 ms, min = 7.300 us, total = 2.121 ms
	PeriodicalRunner.RunFnPeriodically - 1 total (0 active), Execution time: mean = 23.300 us, total = 23.300 us, Queueing time: mean = 4.700 us, max = 4.700 us, min = 4.700 us, total = 4.700 us
	CoreWorker.HandlePushTask - 1 total (0 active), Execution time: mean = 11.871 s, total = 11.871 s, Queueing time: mean = 9.900 us, max = 9.900 us, min = 9.900 us, total = 9.900 us

-----------------
Task Event stats:

IO Service Stats:

Global stats: 718 total (1 active)
Queueing time: mean = 2.643 ms, max = 46.493 ms, min = -0.001 s, total = 1.898 s
Execution time:  mean = 417.464 us, total = 299.739 ms
Event stats:
	CoreWorker.deadline_timer.flush_task_events - 239 total (1 active), Execution time: mean = 328.013 us, total = 78.395 ms, Queueing time: mean = 7.752 ms, max = 46.493 ms, min = -0.001 s, total = 1.853 s
	ray::rpc::TaskInfoGcsService.grpc_client.AddTaskEventData.OnReplyReceived - 239 total (0 active), Execution time: mean = 30.626 us, total = 7.319 ms, Queueing time: mean = 188.272 us, max = 13.395 ms, min = 5.800 us, total = 44.997 ms
	ray::rpc::TaskInfoGcsService.grpc_client.AddTaskEventData - 239 total (0 active), Execution time: mean = 893.628 us, total = 213.577 ms, Queueing time: mean = 0.000 s, max = -0.000 s, min = 9223372036.855 s, total = 0.000 s
	PeriodicalRunner.RunFnPeriodically - 1 total (0 active), Execution time: mean = 447.200 us, total = 447.200 us, Queueing time: mean = 10.000 us, max = 10.000 us, min = 10.000 us, total = 10.000 us
Other Stats:
	gcs_grpc_in_progress:0
	event_aggregator_grpc_in_progress:0
	current number of task status events in buffer: 0
	current number of profile events in buffer: 0
	current number of dropped task attempts tracked: 0
	total task events sent: 0.0380383 MiB
	total number of task attempts sent: 117
	total number of task attempts dropped reported: 0
	total number of sent failure: 0
	num status task events dropped: 0
	num profile task events dropped: 0
	num ray task events reported to aggregator: 0
	num ray task events failed to report to aggregator: 0
	num of task attempts dropped reported to aggregator: 0
	num of failed requests to aggregator: 0

[2025-12-15 09:30:22,423 I 24756 25560] core_worker.cc:419: Event stats:


Global stats: 4429 total (8 active)
Queueing time: mean = 6.524 ms, max = 142.117 ms, min = -0.001 s, total = 28.896 s
Execution time:  mean = 15.320 ms, total = 67.854 s
Event stats:
	CoreWorker.RecoverObjects - 2764 total (1 active), Execution time: mean = 9.644 us, total = 26.657 ms, Queueing time: mean = 8.569 ms, max = 142.117 ms, min = -0.001 s, total = 23.685 s
	NodeManagerService.grpc_client.ReportWorkerBacklog.OnReplyReceived - 298 total (0 active), Execution time: mean = 24.424 us, total = 7.279 ms, Queueing time: mean = 165.016 us, max = 15.147 ms, min = 5.600 us, total = 49.175 ms
	CoreWorker.ExitIfParentRayletDies - 298 total (1 active), Execution time: mean = 79.892 us, total = 23.808 ms, Queueing time: mean = 7.577 ms, max = 44.980 ms, min = -0.001 s, total = 2.258 s
	NodeManagerService.grpc_client.ReportWorkerBacklog - 298 total (0 active), Execution time: mean = 1.061 ms, total = 316.259 ms, Queueing time: mean = 0.000 s, max = -0.000 s, min = 9223372036.855 s, total = 0.000 s
	CoreWorker.InternalHeartbeat - 298 total (1 active), Execution time: mean = 286.527 us, total = 85.385 ms, Queueing time: mean = 7.365 ms, max = 44.427 ms, min = -0.001 s, total = 2.195 s
	CoreWorkerService.grpc_server.PushTask.HandleRequestImpl - 121 total (0 active), Execution time: mean = 41.460 us, total = 5.017 ms, Queueing time: mean = 24.815 us, max = 182.300 us, min = 7.900 us, total = 3.003 ms
	CoreWorkerService.grpc_server.PushTask - 121 total (0 active), Execution time: mean = 556.439 ms, total = 67.329 s, Queueing time: mean = 0.000 s, max = -0.000 s, min = 9223372036.855 s, total = 0.000 s
	CoreWorker.RecordMetrics - 60 total (1 active), Execution time: mean = 162.290 us, total = 9.737 ms, Queueing time: mean = 7.300 ms, max = 15.514 ms, min = -0.000 s, total = 437.998 ms
	CoreWorker.TryDelPendingObjectRefStreams - 30 total (1 active), Execution time: mean = 7.480 us, total = 224.400 us, Queueing time: mean = 7.198 ms, max = 15.611 ms, min = 164.600 us, total = 215.939 ms
	NodeManagerService.grpc_client.PinObjectIDs.OnReplyReceived - 30 total (0 active), Execution time: mean = 135.133 us, total = 4.054 ms, Queueing time: mean = 16.467 us, max = 47.400 us, min = 9.300 us, total = 494.000 us
	NodeManagerService.grpc_client.PinObjectIDs - 30 total (0 active), Execution time: mean = 878.630 us, total = 26.359 ms, Queueing time: mean = 0.000 s, max = -0.000 s, min = 9223372036.855 s, total = 0.000 s
	CoreWorkerService.grpc_server.ActorCallArgWaitComplete.HandleRequestImpl - 30 total (0 active), Execution time: mean = 126.053 us, total = 3.782 ms, Queueing time: mean = 51.000 us, max = 289.200 us, min = 7.700 us, total = 1.530 ms
	CoreWorkerService.grpc_server.ActorCallArgWaitComplete - 30 total (0 active), Execution time: mean = 234.750 us, total = 7.043 ms, Queueing time: mean = 0.000 s, max = -0.000 s, min = 9223372036.855 s, total = 0.000 s
	PeriodicalRunner.RunFnPeriodically - 7 total (0 active), Execution time: mean = 293.314 us, total = 2.053 ms, Queueing time: mean = 770.171 us, max = 2.047 ms, min = 10.100 us, total = 5.391 ms
	CoreWorker.PrintEventStats - 5 total (1 active, 1 running), Execution time: mean = 1.012 ms, total = 5.059 ms, Queueing time: mean = 7.018 ms, max = 16.043 ms, min = 3.024 ms, total = 35.090 ms
	Publisher.CheckDeadSubscribers - 2 total (1 active), Execution time: mean = 1.400 us, total = 2.800 us, Queueing time: mean = 2.770 ms, max = 5.540 ms, min = 5.540 ms, total = 5.540 ms
	ray::rpc::InternalPubSubGcsService.grpc_client.GcsSubscriberCommandBatch.OnReplyReceived - 1 total (0 active), Execution time: mean = 262.400 us, total = 262.400 us, Queueing time: mean = 1.973 ms, max = 1.973 ms, min = 1.973 ms, total = 1.973 ms
	ray::rpc::NodeInfoGcsService.grpc_client.GetAllNodeInfo - 1 total (0 active), Execution time: mean = 690.700 us, total = 690.700 us, Queueing time: mean = 0.000 s, max = -0.000 s, min = 9223372036.855 s, total = 0.000 s
	ray::rpc::InternalPubSubGcsService.grpc_client.GcsSubscriberPoll - 1 total (1 active), Execution time: mean = 0.000 s, total = 0.000 s, Queueing time: mean = 0.000 s, max = -0.000 s, min = 9223372036.855 s, total = 0.000 s
	ray::rpc::WorkerInfoGcsService.grpc_client.AddWorkerInfo.OnReplyReceived - 1 total (0 active), Execution time: mean = 40.400 us, total = 40.400 us, Queueing time: mean = 1.954 ms, max = 1.954 ms, min = 1.954 ms, total = 1.954 ms
	ray::rpc::InternalPubSubGcsService.grpc_client.GcsSubscriberCommandBatch - 1 total (0 active), Execution time: mean = 312.100 us, total = 312.100 us, Queueing time: mean = 0.000 s, max = -0.000 s, min = 9223372036.855 s, total = 0.000 s
	ray::rpc::NodeInfoGcsService.grpc_client.GetAllNodeInfo.OnReplyReceived - 1 total (0 active), Execution time: mean = 187.800 us, total = 187.800 us, Queueing time: mean = 7.400 us, max = 7.400 us, min = 7.400 us, total = 7.400 us
	ray::rpc::WorkerInfoGcsService.grpc_client.AddWorkerInfo - 1 total (0 active), Execution time: mean = 512.300 us, total = 512.300 us, Queueing time: mean = 0.000 s, max = -0.000 s, min = 9223372036.855 s, total = 0.000 s

-----------------
Task execution event stats:

Global stats: 14368 total (1 active)
Queueing time: mean = 10.971 ms, max = 11.863 s, min = -0.007 s, total = 157.638 s
Execution time:  mean = 4.707 ms, total = 67.631 s
Event stats:
	CoreWorker.CheckSignal - 14216 total (1 active), Execution time: mean = 25.048 us, total = 356.088 ms, Queueing time: mean = 11.088 ms, max = 11.863 s, min = -0.007 s, total = 157.632 s
	CoreWorker.HandlePushTaskActor - 120 total (0 active), Execution time: mean = 461.052 ms, total = 55.326 s, Queueing time: mean = 23.485 us, max = 168.800 us, min = 3.700 us, total = 2.818 ms
	CoreWorker.ArgWaitComplete - 30 total (0 active), Execution time: mean = 2.582 ms, total = 77.448 ms, Queueing time: mean = 105.963 us, max = 1.184 ms, min = 7.300 us, total = 3.179 ms
	PeriodicalRunner.RunFnPeriodically - 1 total (0 active), Execution time: mean = 23.300 us, total = 23.300 us, Queueing time: mean = 4.700 us, max = 4.700 us, min = 4.700 us, total = 4.700 us
	CoreWorker.HandlePushTask - 1 total (0 active), Execution time: mean = 11.871 s, total = 11.871 s, Queueing time: mean = 9.900 us, max = 9.900 us, min = 9.900 us, total = 9.900 us

-----------------
Task Event stats:

IO Service Stats:

Global stats: 895 total (1 active)
Queueing time: mean = 2.500 ms, max = 46.493 ms, min = -0.001 s, total = 2.237 s
Execution time:  mean = 400.096 us, total = 358.086 ms
Event stats:
	CoreWorker.deadline_timer.flush_task_events - 298 total (1 active), Execution time: mean = 316.439 us, total = 94.299 ms, Queueing time: mean = 7.351 ms, max = 46.493 ms, min = -0.001 s, total = 2.191 s
	ray::rpc::TaskInfoGcsService.grpc_client.AddTaskEventData.OnReplyReceived - 298 total (0 active), Execution time: mean = 29.535 us, total = 8.801 ms, Queueing time: mean = 156.577 us, max = 13.395 ms, min = 5.400 us, total = 46.660 ms
	ray::rpc::TaskInfoGcsService.grpc_client.AddTaskEventData - 298 total (0 active), Execution time: mean = 854.155 us, total = 254.538 ms, Queueing time: mean = 0.000 s, max = -0.000 s, min = 9223372036.855 s, total = 0.000 s
	PeriodicalRunner.RunFnPeriodically - 1 total (0 active), Execution time: mean = 447.200 us, total = 447.200 us, Queueing time: mean = 10.000 us, max = 10.000 us, min = 10.000 us, total = 10.000 us
Other Stats:
	gcs_grpc_in_progress:0
	event_aggregator_grpc_in_progress:0
	current number of task status events in buffer: 0
	current number of profile events in buffer: 0
	current number of dropped task attempts tracked: 0
	total task events sent: 0.0494938 MiB
	total number of task attempts sent: 152
	total number of task attempts dropped reported: 0
	total number of sent failure: 0
	num status task events dropped: 0
	num profile task events dropped: 0
	num ray task events reported to aggregator: 0
	num ray task events failed to report to aggregator: 0
	num of task attempts dropped reported to aggregator: 0
	num of failed requests to aggregator: 0

[2025-12-15 09:31:22,436 I 24756 25560] core_worker.cc:419: Event stats:


Global stats: 5324 total (8 active)
Queueing time: mean = 6.464 ms, max = 142.117 ms, min = -0.001 s, total = 34.413 s
Execution time:  mean = 14.777 ms, total = 78.674 s
Event stats:
	CoreWorker.RecoverObjects - 3316 total (1 active), Execution time: mean = 9.537 us, total = 31.625 ms, Queueing time: mean = 8.598 ms, max = 142.117 ms, min = -0.001 s, total = 28.511 s
	NodeManagerService.grpc_client.ReportWorkerBacklog.OnReplyReceived - 358 total (0 active), Execution time: mean = 23.299 us, total = 8.341 ms, Queueing time: mean = 142.551 us, max = 15.147 ms, min = 4.900 us, total = 51.033 ms
	CoreWorker.ExitIfParentRayletDies - 358 total (1 active), Execution time: mean = 80.204 us, total = 28.713 ms, Queueing time: mean = 7.131 ms, max = 44.980 ms, min = -0.001 s, total = 2.553 s
	NodeManagerService.grpc_client.ReportWorkerBacklog - 358 total (0 active), Execution time: mean = 1.012 ms, total = 362.163 ms, Queueing time: mean = 0.000 s, max = -0.000 s, min = 9223372036.855 s, total = 0.000 s
	CoreWorker.InternalHeartbeat - 358 total (1 active), Execution time: mean = 276.596 us, total = 99.021 ms, Queueing time: mean = 6.885 ms, max = 44.427 ms, min = -0.001 s, total = 2.465 s
	CoreWorkerService.grpc_server.PushTask.HandleRequestImpl - 149 total (0 active), Execution time: mean = 40.149 us, total = 5.982 ms, Queueing time: mean = 25.520 us, max = 255.700 us, min = 7.700 us, total = 3.803 ms
	CoreWorkerService.grpc_server.PushTask - 149 total (0 active), Execution time: mean = 523.939 ms, total = 78.067 s, Queueing time: mean = 0.000 s, max = -0.000 s, min = 9223372036.855 s, total = 0.000 s
	CoreWorker.RecordMetrics - 72 total (1 active), Execution time: mean = 167.556 us, total = 12.064 ms, Queueing time: mean = 7.232 ms, max = 15.514 ms, min = -0.000 s, total = 520.669 ms
	NodeManagerService.grpc_client.PinObjectIDs.OnReplyReceived - 37 total (0 active), Execution time: mean = 131.311 us, total = 4.859 ms, Queueing time: mean = 17.481 us, max = 72.700 us, min = 9.300 us, total = 646.800 us
	NodeManagerService.grpc_client.PinObjectIDs - 37 total (0 active), Execution time: mean = 869.462 us, total = 32.170 ms, Queueing time: mean = 0.000 s, max = -0.000 s, min = 9223372036.855 s, total = 0.000 s
	CoreWorkerService.grpc_server.ActorCallArgWaitComplete.HandleRequestImpl - 37 total (0 active), Execution time: mean = 107.757 us, total = 3.987 ms, Queueing time: mean = 47.157 us, max = 289.200 us, min = 7.700 us, total = 1.745 ms
	CoreWorkerService.grpc_server.ActorCallArgWaitComplete - 37 total (0 active), Execution time: mean = 221.711 us, total = 8.203 ms, Queueing time: mean = 0.000 s, max = -0.000 s, min = 9223372036.855 s, total = 0.000 s
	CoreWorker.TryDelPendingObjectRefStreams - 36 total (1 active), Execution time: mean = 7.361 us, total = 265.000 us, Queueing time: mean = 6.810 ms, max = 15.611 ms, min = 20.100 us, total = 245.151 ms
	PeriodicalRunner.RunFnPeriodically - 7 total (0 active), Execution time: mean = 293.314 us, total = 2.053 ms, Queueing time: mean = 770.171 us, max = 2.047 ms, min = 10.100 us, total = 5.391 ms
	CoreWorker.PrintEventStats - 6 total (1 active, 1 running), Execution time: mean = 946.617 us, total = 5.680 ms, Queueing time: mean = 7.786 ms, max = 16.043 ms, min = 3.024 ms, total = 46.715 ms
	Publisher.CheckDeadSubscribers - 2 total (1 active), Execution time: mean = 1.400 us, total = 2.800 us, Queueing time: mean = 2.770 ms, max = 5.540 ms, min = 5.540 ms, total = 5.540 ms
	ray::rpc::InternalPubSubGcsService.grpc_client.GcsSubscriberCommandBatch.OnReplyReceived - 1 total (0 active), Execution time: mean = 262.400 us, total = 262.400 us, Queueing time: mean = 1.973 ms, max = 1.973 ms, min = 1.973 ms, total = 1.973 ms
	ray::rpc::NodeInfoGcsService.grpc_client.GetAllNodeInfo - 1 total (0 active), Execution time: mean = 690.700 us, total = 690.700 us, Queueing time: mean = 0.000 s, max = -0.000 s, min = 9223372036.855 s, total = 0.000 s
	ray::rpc::InternalPubSubGcsService.grpc_client.GcsSubscriberPoll - 1 total (1 active), Execution time: mean = 0.000 s, total = 0.000 s, Queueing time: mean = 0.000 s, max = -0.000 s, min = 9223372036.855 s, total = 0.000 s
	ray::rpc::WorkerInfoGcsService.grpc_client.AddWorkerInfo.OnReplyReceived - 1 total (0 active), Execution time: mean = 40.400 us, total = 40.400 us, Queueing time: mean = 1.954 ms, max = 1.954 ms, min = 1.954 ms, total = 1.954 ms
	ray::rpc::InternalPubSubGcsService.grpc_client.GcsSubscriberCommandBatch - 1 total (0 active), Execution time: mean = 312.100 us, total = 312.100 us, Queueing time: mean = 0.000 s, max = -0.000 s, min = 9223372036.855 s, total = 0.000 s
	ray::rpc::NodeInfoGcsService.grpc_client.GetAllNodeInfo.OnReplyReceived - 1 total (0 active), Execution time: mean = 187.800 us, total = 187.800 us, Queueing time: mean = 7.400 us, max = 7.400 us, min = 7.400 us, total = 7.400 us
	ray::rpc::WorkerInfoGcsService.grpc_client.AddWorkerInfo - 1 total (0 active), Execution time: mean = 512.300 us, total = 512.300 us, Queueing time: mean = 0.000 s, max = -0.000 s, min = 9223372036.855 s, total = 0.000 s

-----------------
Task execution event stats:

Global stats: 17437 total (1 active)
Queueing time: mean = 10.739 ms, max = 11.863 s, min = -0.007 s, total = 187.260 s
Execution time:  mean = 4.498 ms, total = 78.429 s
Event stats:
	CoreWorker.CheckSignal - 17250 total (1 active), Execution time: mean = 24.663 us, total = 425.432 ms, Queueing time: mean = 10.855 ms, max = 11.863 s, min = -0.007 s, total = 187.253 s
	CoreWorker.HandlePushTaskActor - 148 total (0 active), Execution time: mean = 446.205 ms, total = 66.038 s, Queueing time: mean = 22.311 us, max = 168.800 us, min = 3.700 us, total = 3.302 ms
	CoreWorker.ArgWaitComplete - 37 total (0 active), Execution time: mean = 2.544 ms, total = 94.145 ms, Queueing time: mean = 89.984 us, max = 1.184 ms, min = 7.300 us, total = 3.329 ms
	PeriodicalRunner.RunFnPeriodically - 1 total (0 active), Execution time: mean = 23.300 us, total = 23.300 us, Queueing time: mean = 4.700 us, max = 4.700 us, min = 4.700 us, total = 4.700 us
	CoreWorker.HandlePushTask - 1 total (0 active), Execution time: mean = 11.871 s, total = 11.871 s, Queueing time: mean = 9.900 us, max = 9.900 us, min = 9.900 us, total = 9.900 us

-----------------
Task Event stats:

IO Service Stats:

Global stats: 1075 total (1 active)
Queueing time: mean = 2.347 ms, max = 46.493 ms, min = -0.001 s, total = 2.523 s
Execution time:  mean = 390.226 us, total = 419.493 ms
Event stats:
	CoreWorker.deadline_timer.flush_task_events - 358 total (1 active), Execution time: mean = 307.125 us, total = 109.951 ms, Queueing time: mean = 6.913 ms, max = 46.493 ms, min = -0.001 s, total = 2.475 s
	ray::rpc::TaskInfoGcsService.grpc_client.AddTaskEventData.OnReplyReceived - 358 total (0 active), Execution time: mean = 28.627 us, total = 10.248 ms, Queueing time: mean = 134.739 us, max = 13.395 ms, min = 5.400 us, total = 48.236 ms
	ray::rpc::TaskInfoGcsService.grpc_client.AddTaskEventData - 358 total (0 active), Execution time: mean = 834.767 us, total = 298.847 ms, Queueing time: mean = 0.000 s, max = -0.000 s, min = 9223372036.855 s, total = 0.000 s
	PeriodicalRunner.RunFnPeriodically - 1 total (0 active), Execution time: mean = 447.200 us, total = 447.200 us, Queueing time: mean = 10.000 us, max = 10.000 us, min = 10.000 us, total = 10.000 us
Other Stats:
	gcs_grpc_in_progress:0
	event_aggregator_grpc_in_progress:0
	current number of task status events in buffer: 0
	current number of profile events in buffer: 0
	current number of dropped task attempts tracked: 0
	total task events sent: 0.0610323 MiB
	total number of task attempts sent: 188
	total number of task attempts dropped reported: 0
	total number of sent failure: 0
	num status task events dropped: 0
	num profile task events dropped: 0
	num ray task events reported to aggregator: 0
	num ray task events failed to report to aggregator: 0
	num of task attempts dropped reported to aggregator: 0
	num of failed requests to aggregator: 0

[2025-12-15 09:32:22,448 I 24756 25560] core_worker.cc:419: Event stats:


Global stats: 6219 total (8 active)
Queueing time: mean = 6.458 ms, max = 142.117 ms, min = -0.011 s, total = 40.159 s
Execution time:  mean = 14.681 ms, total = 91.302 s
Event stats:
	CoreWorker.RecoverObjects - 3868 total (1 active), Execution time: mean = 9.489 us, total = 36.702 ms, Queueing time: mean = 8.602 ms, max = 142.117 ms, min = -0.001 s, total = 33.272 s
	NodeManagerService.grpc_client.ReportWorkerBacklog.OnReplyReceived - 418 total (0 active), Execution time: mean = 23.008 us, total = 9.617 ms, Queueing time: mean = 127.474 us, max = 15.147 ms, min = 4.900 us, total = 53.284 ms
	CoreWorker.ExitIfParentRayletDies - 418 total (1 active), Execution time: mean = 80.615 us, total = 33.697 ms, Queueing time: mean = 7.091 ms, max = 44.980 ms, min = -0.001 s, total = 2.964 s
	NodeManagerService.grpc_client.ReportWorkerBacklog - 418 total (0 active), Execution time: mean = 973.772 us, total = 407.037 ms, Queueing time: mean = 0.000 s, max = -0.000 s, min = 9223372036.855 s, total = 0.000 s
	CoreWorker.InternalHeartbeat - 418 total (1 active), Execution time: mean = 275.912 us, total = 115.331 ms, Queueing time: mean = 6.891 ms, max = 44.427 ms, min = -0.001 s, total = 2.880 s
	CoreWorkerService.grpc_server.PushTask.HandleRequestImpl - 177 total (0 active), Execution time: mean = 39.604 us, total = 7.010 ms, Queueing time: mean = 25.203 us, max = 255.700 us, min = 7.700 us, total = 4.461 ms
	CoreWorkerService.grpc_server.PushTask - 177 total (0 active), Execution time: mean = 511.862 ms, total = 90.600 s, Queueing time: mean = 0.000 s, max = -0.000 s, min = 9223372036.855 s, total = 0.000 s
	CoreWorker.RecordMetrics - 84 total (1 active), Execution time: mean = 290.880 us, total = 24.434 ms, Queueing time: mean = 7.386 ms, max = 15.680 ms, min = -0.011 s, total = 620.448 ms
	NodeManagerService.grpc_client.PinObjectIDs.OnReplyReceived - 44 total (0 active), Execution time: mean = 127.630 us, total = 5.616 ms, Queueing time: mean = 16.741 us, max = 72.700 us, min = 7.700 us, total = 736.600 us
	NodeManagerService.grpc_client.PinObjectIDs - 44 total (0 active), Execution time: mean = 869.761 us, total = 38.270 ms, Queueing time: mean = 0.000 s, max = -0.000 s, min = 9223372036.855 s, total = 0.000 s
	CoreWorkerService.grpc_server.ActorCallArgWaitComplete.HandleRequestImpl - 44 total (0 active), Execution time: mean = 96.373 us, total = 4.240 ms, Queueing time: mean = 47.541 us, max = 289.200 us, min = 7.700 us, total = 2.092 ms
	CoreWorkerService.grpc_server.ActorCallArgWaitComplete - 44 total (0 active), Execution time: mean = 214.377 us, total = 9.433 ms, Queueing time: mean = 0.000 s, max = -0.000 s, min = 9223372036.855 s, total = 0.000 s
	CoreWorker.TryDelPendingObjectRefStreams - 42 total (1 active), Execution time: mean = 7.090 us, total = 297.800 us, Queueing time: mean = 6.847 ms, max = 15.611 ms, min = 20.100 us, total = 287.571 ms
	PeriodicalRunner.RunFnPeriodically - 7 total (0 active), Execution time: mean = 293.314 us, total = 2.053 ms, Queueing time: mean = 770.171 us, max = 2.047 ms, min = 10.100 us, total = 5.391 ms
	CoreWorker.PrintEventStats - 7 total (1 active, 1 running), Execution time: mean = 899.471 us, total = 6.296 ms, Queueing time: mean = 8.495 ms, max = 16.043 ms, min = 3.024 ms, total = 59.463 ms
	Publisher.CheckDeadSubscribers - 2 total (1 active), Execution time: mean = 1.400 us, total = 2.800 us, Queueing time: mean = 2.770 ms, max = 5.540 ms, min = 5.540 ms, total = 5.540 ms
	ray::rpc::InternalPubSubGcsService.grpc_client.GcsSubscriberCommandBatch.OnReplyReceived - 1 total (0 active), Execution time: mean = 262.400 us, total = 262.400 us, Queueing time: mean = 1.973 ms, max = 1.973 ms, min = 1.973 ms, total = 1.973 ms
	ray::rpc::NodeInfoGcsService.grpc_client.GetAllNodeInfo - 1 total (0 active), Execution time: mean = 690.700 us, total = 690.700 us, Queueing time: mean = 0.000 s, max = -0.000 s, min = 9223372036.855 s, total = 0.000 s
	ray::rpc::InternalPubSubGcsService.grpc_client.GcsSubscriberPoll - 1 total (1 active), Execution time: mean = 0.000 s, total = 0.000 s, Queueing time: mean = 0.000 s, max = -0.000 s, min = 9223372036.855 s, total = 0.000 s
	ray::rpc::WorkerInfoGcsService.grpc_client.AddWorkerInfo.OnReplyReceived - 1 total (0 active), Execution time: mean = 40.400 us, total = 40.400 us, Queueing time: mean = 1.954 ms, max = 1.954 ms, min = 1.954 ms, total = 1.954 ms
	ray::rpc::InternalPubSubGcsService.grpc_client.GcsSubscriberCommandBatch - 1 total (0 active), Execution time: mean = 312.100 us, total = 312.100 us, Queueing time: mean = 0.000 s, max = -0.000 s, min = 9223372036.855 s, total = 0.000 s
	ray::rpc::NodeInfoGcsService.grpc_client.GetAllNodeInfo.OnReplyReceived - 1 total (0 active), Execution time: mean = 187.800 us, total = 187.800 us, Queueing time: mean = 7.400 us, max = 7.400 us, min = 7.400 us, total = 7.400 us
	ray::rpc::WorkerInfoGcsService.grpc_client.AddWorkerInfo - 1 total (0 active), Execution time: mean = 512.300 us, total = 512.300 us, Queueing time: mean = 0.000 s, max = -0.000 s, min = 9223372036.855 s, total = 0.000 s

-----------------
Task execution event stats:

Global stats: 20381 total (1 active)
Queueing time: mean = 10.703 ms, max = 11.863 s, min = -0.007 s, total = 218.133 s
Execution time:  mean = 4.466 ms, total = 91.017 s
Event stats:
	CoreWorker.CheckSignal - 20159 total (1 active), Execution time: mean = 24.359 us, total = 491.059 ms, Queueing time: mean = 10.820 ms, max = 11.863 s, min = -0.007 s, total = 218.126 s
	CoreWorker.HandlePushTaskActor - 176 total (0 active), Execution time: mean = 446.274 ms, total = 78.544 s, Queueing time: mean = 23.378 us, max = 190.000 us, min = 3.700 us, total = 4.114 ms
	CoreWorker.ArgWaitComplete - 44 total (0 active), Execution time: mean = 2.503 ms, total = 110.141 ms, Queueing time: mean = 80.459 us, max = 1.184 ms, min = 7.300 us, total = 3.540 ms
	PeriodicalRunner.RunFnPeriodically - 1 total (0 active), Execution time: mean = 23.300 us, total = 23.300 us, Queueing time: mean = 4.700 us, max = 4.700 us, min = 4.700 us, total = 4.700 us
	CoreWorker.HandlePushTask - 1 total (0 active), Execution time: mean = 11.871 s, total = 11.871 s, Queueing time: mean = 9.900 us, max = 9.900 us, min = 9.900 us, total = 9.900 us

-----------------
Task Event stats:

IO Service Stats:

Global stats: 1255 total (1 active)
Queueing time: mean = 2.330 ms, max = 46.493 ms, min = -0.001 s, total = 2.924 s
Execution time:  mean = 382.355 us, total = 479.856 ms
Event stats:
	CoreWorker.deadline_timer.flush_task_events - 418 total (1 active), Execution time: mean = 302.679 us, total = 126.520 ms, Queueing time: mean = 6.876 ms, max = 46.493 ms, min = -0.001 s, total = 2.874 s
	ray::rpc::TaskInfoGcsService.grpc_client.AddTaskEventData.OnReplyReceived - 418 total (0 active), Execution time: mean = 28.357 us, total = 11.853 ms, Queueing time: mean = 119.091 us, max = 13.395 ms, min = 5.400 us, total = 49.780 ms
	ray::rpc::TaskInfoGcsService.grpc_client.AddTaskEventData - 418 total (0 active), Execution time: mean = 815.874 us, total = 341.035 ms, Queueing time: mean = 0.000 s, max = -0.000 s, min = 9223372036.855 s, total = 0.000 s
	PeriodicalRunner.RunFnPeriodically - 1 total (0 active), Execution time: mean = 447.200 us, total = 447.200 us, Queueing time: mean = 10.000 us, max = 10.000 us, min = 10.000 us, total = 10.000 us
Other Stats:
	gcs_grpc_in_progress:0
	event_aggregator_grpc_in_progress:0
	current number of task status events in buffer: 0
	current number of profile events in buffer: 0
	current number of dropped task attempts tracked: 0
	total task events sent: 0.0725689 MiB
	total number of task attempts sent: 224
	total number of task attempts dropped reported: 0
	total number of sent failure: 0
	num status task events dropped: 0
	num profile task events dropped: 0
	num ray task events reported to aggregator: 0
	num ray task events failed to report to aggregator: 0
	num of task attempts dropped reported to aggregator: 0
	num of failed requests to aggregator: 0

[2025-12-15 09:33:14,811 I 24756 25560] core_worker.cc:4084: Force kill actor request has received. exiting immediately... The actor is dead because it was killed by `ray.kill`.
[2025-12-15 09:33:14,811 W 24756 25560] core_worker.cc:744: Force exit the process.  Details: Worker exits because the actor is killed. The actor is dead because it was killed by `ray.kill`.
[2025-12-15 09:33:14,848 I 24756 25560] core_worker.cc:580: Sending disconnect message to the local raylet.
[2025-12-15 09:33:14,848 I 24756 25560] raylet_ipc_client.cc:113: RayletIpcClient::Disconnect, exit_type=INTENDED_SYSTEM_EXIT, exit_detail=Worker exits because the actor is killed. The actor is dead because it was killed by `ray.kill`., has creation_task_exception_pb_bytes=0
[2025-12-15 09:33:14,848 W 24756 25560] core_worker.cc:587: Failed to disconnect from the local raylet: IOError: Unknown error
