[2025-12-15 09:25:22,333 I 24700 24676] core_worker_process.cc:739: Constructing CoreWorkerProcess. pid: 24700
[2025-12-15 09:25:22,337 I 24700 24676] io_service_pool.cc:37: IOServicePool is running with 1 io_service.
[2025-12-15 09:25:22,341 I 24700 24676] event.cc:493: Ray Event initialized for CORE_WORKER
[2025-12-15 09:25:22,342 I 24700 24676] event.cc:493: Ray Event initialized for EXPORT_TASK
[2025-12-15 09:25:22,342 I 24700 24676] event.cc:326: Set ray event level to warning
[2025-12-15 09:25:22,342 I 24700 24676] event_aggregator_client.h:50: Initiating the local event aggregator client with port: 63644
[2025-12-15 09:25:22,345 I 24700 24676] grpc_server.cc:141: worker server started, listening on port 50134.
[2025-12-15 09:25:22,348 I 24700 24676] core_worker_process.cc:269: Initializing worker at address: 127.0.0.1:50134 worker_id=4baed99d335dfae26b334c40ebec5862293376cbef8e7a2910a7428d node_id=d674d42f55fa1a681e48a93d8d758a51cc1e6752ad6d71107a5f34fe
[2025-12-15 09:25:22,350 I 24700 24676] task_event_buffer.cc:445: Reporting task events to GCS every 1000ms.
[2025-12-15 09:25:22,353 I 24700 25456] core_worker.cc:419: Event stats:


Global stats: 12 total (10 active)
Queueing time: mean = 13.667 us, max = 130.100 us, min = 33.900 us, total = 164.000 us
Execution time:  mean = 8.600 us, total = 103.200 us
Event stats:
	PeriodicalRunner.RunFnPeriodically - 7 total (5 active, 1 running), Execution time: mean = 14.743 us, total = 103.200 us, Queueing time: mean = 23.429 us, max = 130.100 us, min = 33.900 us, total = 164.000 us
	Publisher.CheckDeadSubscribers - 1 total (1 active), Execution time: mean = 0.000 s, total = 0.000 s, Queueing time: mean = 0.000 s, max = -0.000 s, min = 9223372036.855 s, total = 0.000 s
	ray::rpc::InternalPubSubGcsService.grpc_client.GcsSubscriberCommandBatch - 1 total (1 active), Execution time: mean = 0.000 s, total = 0.000 s, Queueing time: mean = 0.000 s, max = -0.000 s, min = 9223372036.855 s, total = 0.000 s
	CoreWorker.ExitIfParentRayletDies - 1 total (1 active), Execution time: mean = 0.000 s, total = 0.000 s, Queueing time: mean = 0.000 s, max = -0.000 s, min = 9223372036.855 s, total = 0.000 s
	ray::rpc::WorkerInfoGcsService.grpc_client.AddWorkerInfo - 1 total (1 active), Execution time: mean = 0.000 s, total = 0.000 s, Queueing time: mean = 0.000 s, max = -0.000 s, min = 9223372036.855 s, total = 0.000 s
	ray::rpc::InternalPubSubGcsService.grpc_client.GcsSubscriberPoll - 1 total (1 active), Execution time: mean = 0.000 s, total = 0.000 s, Queueing time: mean = 0.000 s, max = -0.000 s, min = 9223372036.855 s, total = 0.000 s

-----------------
Task execution event stats:

Global stats: 0 total (0 active)
Queueing time: mean = -nan(ind) s, max = -0.000 s, min = 9223372036.855 s, total = 0.000 s
Execution time:  mean = -nan(ind) s, total = 0.000 s
Event stats:

-----------------
Task Event stats:

IO Service Stats:

Global stats: 4 total (1 active)
Queueing time: mean = 50.750 us, max = 173.900 us, min = 29.100 us, total = 203.000 us
Execution time:  mean = 287.450 us, total = 1.150 ms
Event stats:
	CoreWorker.deadline_timer.flush_task_events - 1 total (1 active), Execution time: mean = 0.000 s, total = 0.000 s, Queueing time: mean = 0.000 s, max = -0.000 s, min = 9223372036.855 s, total = 0.000 s
	ray::rpc::TaskInfoGcsService.grpc_client.AddTaskEventData.OnReplyReceived - 1 total (0 active), Execution time: mean = 34.300 us, total = 34.300 us, Queueing time: mean = 29.100 us, max = 29.100 us, min = 29.100 us, total = 29.100 us
	ray::rpc::TaskInfoGcsService.grpc_client.AddTaskEventData - 1 total (0 active), Execution time: mean = 673.400 us, total = 673.400 us, Queueing time: mean = 0.000 s, max = -0.000 s, min = 9223372036.855 s, total = 0.000 s
	PeriodicalRunner.RunFnPeriodically - 1 total (0 active), Execution time: mean = 442.100 us, total = 442.100 us, Queueing time: mean = 173.900 us, max = 173.900 us, min = 173.900 us, total = 173.900 us
Other Stats:
	gcs_grpc_in_progress:0
	event_aggregator_grpc_in_progress:0
	current number of task status events in buffer: 0
	current number of profile events in buffer: 0
	current number of dropped task attempts tracked: 0
	total task events sent: 0 MiB
	total number of task attempts sent: 0
	total number of task attempts dropped reported: 0
	total number of sent failure: 0
	num status task events dropped: 0
	num profile task events dropped: 0
	num ray task events reported to aggregator: 0
	num ray task events failed to report to aggregator: 0
	num of task attempts dropped reported to aggregator: 0
	num of failed requests to aggregator: 0

[2025-12-15 09:25:22,356 I 24700 25456] accessor.cc:743: Received notification for node, IsAlive = 1 node_id=d674d42f55fa1a681e48a93d8d758a51cc1e6752ad6d71107a5f34fe
[2025-12-15 09:25:22,356 I 24700 25456] normal_task_submitter.cc:833: Number of alive nodes:1
[2025-12-15 09:25:22,356 I 24700 24676] actor_task_submitter.cc:73: Set actor max pending calls to -1 actor_id=01906e05d3dbd264b93a499801000000
[2025-12-15 09:25:22,356 I 24700 24676] core_worker.cc:2909: Creating actor actor_id=01906e05d3dbd264b93a499801000000
[2025-12-15 09:25:34,243 I 24700 24676] task_receiver.cc:162: Actor creation task finished, task_id: ffffffffffffffff01906e05d3dbd264b93a499801000000, actor_id: 01906e05d3dbd264b93a499801000000, actor_repr_name: 
[2025-12-15 09:25:34,498 W 24700 25480] metric_exporter.cc:105: [1] Export metrics to agent failed: RpcError: RPC Error message: failed to connect to all addresses; last error: UNAVAILABLE: ipv4:127.0.0.1:63644: Connection refused; RPC Error details:  rpc_code: 14. This won't affect Ray, but you can lose metrics from the cluster.
[2025-12-15 09:26:22,373 I 24700 25456] core_worker.cc:419: Event stats:


Global stats: 898 total (9 active)
Queueing time: mean = 6.596 ms, max = 36.919 ms, min = -0.001 s, total = 5.923 s
Execution time:  mean = 21.992 ms, total = 19.749 s
Event stats:
	CoreWorker.RecoverObjects - 552 total (1 active), Execution time: mean = 13.011 us, total = 7.182 ms, Queueing time: mean = 8.869 ms, max = 36.919 ms, min = -0.001 s, total = 4.896 s
	NodeManagerService.grpc_client.ReportWorkerBacklog.OnReplyReceived - 60 total (0 active), Execution time: mean = 20.167 us, total = 1.210 ms, Queueing time: mean = 206.282 us, max = 9.811 ms, min = 7.500 us, total = 12.377 ms
	CoreWorker.ExitIfParentRayletDies - 60 total (1 active), Execution time: mean = 111.472 us, total = 6.688 ms, Queueing time: mean = 6.323 ms, max = 18.037 ms, min = -0.000 s, total = 379.401 ms
	NodeManagerService.grpc_client.ReportWorkerBacklog - 60 total (0 active), Execution time: mean = 1.179 ms, total = 70.748 ms, Queueing time: mean = 0.000 s, max = -0.000 s, min = 9223372036.855 s, total = 0.000 s
	CoreWorker.InternalHeartbeat - 60 total (1 active), Execution time: mean = 332.422 us, total = 19.945 ms, Queueing time: mean = 7.705 ms, max = 17.707 ms, min = -0.000 s, total = 462.327 ms
	CoreWorkerService.grpc_server.PushTask.HandleRequestImpl - 25 total (0 active), Execution time: mean = 51.912 us, total = 1.298 ms, Queueing time: mean = 43.340 us, max = 406.500 us, min = 10.500 us, total = 1.083 ms
	CoreWorkerService.grpc_server.PushTask - 25 total (1 active), Execution time: mean = 784.994 ms, total = 19.625 s, Queueing time: mean = 0.000 s, max = -0.000 s, min = 9223372036.855 s, total = 0.000 s
	CoreWorker.RecordMetrics - 12 total (1 active), Execution time: mean = 239.750 us, total = 2.877 ms, Queueing time: mean = 8.535 ms, max = 14.484 ms, min = -0.000 s, total = 102.420 ms
	PeriodicalRunner.RunFnPeriodically - 7 total (0 active), Execution time: mean = 339.414 us, total = 2.376 ms, Queueing time: mean = 935.071 us, max = 2.359 ms, min = 33.900 us, total = 6.545 ms
	CoreWorkerService.grpc_server.ActorCallArgWaitComplete - 6 total (0 active), Execution time: mean = 184.500 us, total = 1.107 ms, Queueing time: mean = 0.000 s, max = -0.000 s, min = 9223372036.855 s, total = 0.000 s
	CoreWorkerService.grpc_server.ActorCallArgWaitComplete.HandleRequestImpl - 6 total (0 active), Execution time: mean = 85.467 us, total = 512.800 us, Queueing time: mean = 69.717 us, max = 251.300 us, min = 15.000 us, total = 418.300 us
	CoreWorker.TryDelPendingObjectRefStreams - 6 total (1 active), Execution time: mean = 4.417 us, total = 26.500 us, Queueing time: mean = 9.814 ms, max = 16.171 ms, min = 1.270 ms, total = 58.884 ms
	NodeManagerService.grpc_client.PinObjectIDs.OnReplyReceived - 5 total (0 active), Execution time: mean = 149.600 us, total = 748.000 us, Queueing time: mean = 22.260 us, max = 39.800 us, min = 14.400 us, total = 111.300 us
	NodeManagerService.grpc_client.PinObjectIDs - 5 total (0 active), Execution time: mean = 841.300 us, total = 4.207 ms, Queueing time: mean = 0.000 s, max = -0.000 s, min = 9223372036.855 s, total = 0.000 s
	ray::rpc::InternalPubSubGcsService.grpc_client.GcsSubscriberPoll - 1 total (1 active), Execution time: mean = 0.000 s, total = 0.000 s, Queueing time: mean = 0.000 s, max = -0.000 s, min = 9223372036.855 s, total = 0.000 s
	ray::rpc::InternalPubSubGcsService.grpc_client.GcsSubscriberCommandBatch.OnReplyReceived - 1 total (0 active), Execution time: mean = 622.300 us, total = 622.300 us, Queueing time: mean = 1.827 ms, max = 1.827 ms, min = 1.827 ms, total = 1.827 ms
	ray::rpc::NodeInfoGcsService.grpc_client.GetAllNodeInfo - 1 total (0 active), Execution time: mean = 793.200 us, total = 793.200 us, Queueing time: mean = 0.000 s, max = -0.000 s, min = 9223372036.855 s, total = 0.000 s
	ray::rpc::WorkerInfoGcsService.grpc_client.AddWorkerInfo - 1 total (0 active), Execution time: mean = 2.236 ms, total = 2.236 ms, Queueing time: mean = 0.000 s, max = -0.000 s, min = 9223372036.855 s, total = 0.000 s
	ray::rpc::NodeInfoGcsService.grpc_client.GetAllNodeInfo.OnReplyReceived - 1 total (0 active), Execution time: mean = 153.100 us, total = 153.100 us, Queueing time: mean = 137.400 us, max = 137.400 us, min = 137.400 us, total = 137.400 us
	Publisher.CheckDeadSubscribers - 1 total (1 active), Execution time: mean = 0.000 s, total = 0.000 s, Queueing time: mean = 0.000 s, max = -0.000 s, min = 9223372036.855 s, total = 0.000 s
	ray::rpc::InternalPubSubGcsService.grpc_client.GcsSubscriberCommandBatch - 1 total (0 active), Execution time: mean = 908.800 us, total = 908.800 us, Queueing time: mean = 0.000 s, max = -0.000 s, min = 9223372036.855 s, total = 0.000 s
	ray::rpc::WorkerInfoGcsService.grpc_client.AddWorkerInfo.OnReplyReceived - 1 total (0 active), Execution time: mean = 22.900 us, total = 22.900 us, Queueing time: mean = 1.516 ms, max = 1.516 ms, min = 1.516 ms, total = 1.516 ms
	CoreWorker.PrintEventStats - 1 total (1 active, 1 running), Execution time: mean = 0.000 s, total = 0.000 s, Queueing time: mean = 0.000 s, max = -0.000 s, min = 9223372036.855 s, total = 0.000 s

-----------------
Task execution event stats:

Global stats: 2437 total (2 active)
Queueing time: mean = 14.232 ms, max = 11.880 s, min = -0.001 s, total = 34.684 s
Execution time:  mean = 8.071 ms, total = 19.669 s
Event stats:
	CoreWorker.CheckSignal - 2405 total (1 active), Execution time: mean = 23.481 us, total = 56.471 ms, Queueing time: mean = 14.421 ms, max = 11.880 s, min = -0.001 s, total = 34.683 s
	CoreWorker.HandlePushTaskActor - 24 total (1 active, 1 running), Execution time: mean = 321.031 ms, total = 7.705 s, Queueing time: mean = 17.438 us, max = 69.500 us, min = 6.600 us, total = 418.500 us
	CoreWorker.ArgWaitComplete - 6 total (0 active), Execution time: mean = 3.184 ms, total = 19.103 ms, Queueing time: mean = 77.767 us, max = 252.000 us, min = 5.900 us, total = 466.600 us
	PeriodicalRunner.RunFnPeriodically - 1 total (0 active), Execution time: mean = 38.700 us, total = 38.700 us, Queueing time: mean = 5.300 us, max = 5.300 us, min = 5.300 us, total = 5.300 us
	CoreWorker.HandlePushTask - 1 total (0 active), Execution time: mean = 11.889 s, total = 11.889 s, Queueing time: mean = 11.400 us, max = 11.400 us, min = 11.400 us, total = 11.400 us

-----------------
Task Event stats:

IO Service Stats:

Global stats: 181 total (1 active)
Queueing time: mean = 2.626 ms, max = 24.961 ms, min = -0.000 s, total = 475.351 ms
Execution time:  mean = 475.315 us, total = 86.032 ms
Event stats:
	CoreWorker.deadline_timer.flush_task_events - 60 total (1 active), Execution time: mean = 318.062 us, total = 19.084 ms, Queueing time: mean = 7.806 ms, max = 24.961 ms, min = -0.000 s, total = 468.372 ms
	ray::rpc::TaskInfoGcsService.grpc_client.AddTaskEventData.OnReplyReceived - 60 total (0 active), Execution time: mean = 30.915 us, total = 1.855 ms, Queueing time: mean = 113.405 us, max = 4.642 ms, min = 5.400 us, total = 6.804 ms
	ray::rpc::TaskInfoGcsService.grpc_client.AddTaskEventData - 60 total (0 active), Execution time: mean = 1.078 ms, total = 64.651 ms, Queueing time: mean = 0.000 s, max = -0.000 s, min = 9223372036.855 s, total = 0.000 s
	PeriodicalRunner.RunFnPeriodically - 1 total (0 active), Execution time: mean = 442.100 us, total = 442.100 us, Queueing time: mean = 173.900 us, max = 173.900 us, min = 173.900 us, total = 173.900 us
Other Stats:
	gcs_grpc_in_progress:0
	event_aggregator_grpc_in_progress:0
	current number of task status events in buffer: 0
	current number of profile events in buffer: 0
	current number of dropped task attempts tracked: 0
	total task events sent: 0.00992012 MiB
	total number of task attempts sent: 31
	total number of task attempts dropped reported: 0
	total number of sent failure: 0
	num status task events dropped: 0
	num profile task events dropped: 0
	num ray task events reported to aggregator: 0
	num ray task events failed to report to aggregator: 0
	num of task attempts dropped reported to aggregator: 0
	num of failed requests to aggregator: 0

[2025-12-15 09:27:22,379 I 24700 25456] core_worker.cc:419: Event stats:


Global stats: 1784 total (8 active)
Queueing time: mean = 6.546 ms, max = 36.919 ms, min = -0.002 s, total = 11.679 s
Execution time:  mean = 18.185 ms, total = 32.442 s
Event stats:
	CoreWorker.RecoverObjects - 1105 total (1 active), Execution time: mean = 11.183 us, total = 12.357 ms, Queueing time: mean = 8.688 ms, max = 36.919 ms, min = -0.001 s, total = 9.601 s
	NodeManagerService.grpc_client.ReportWorkerBacklog.OnReplyReceived - 120 total (0 active), Execution time: mean = 21.348 us, total = 2.562 ms, Queueing time: mean = 139.898 us, max = 9.811 ms, min = 7.300 us, total = 16.788 ms
	CoreWorker.ExitIfParentRayletDies - 120 total (1 active), Execution time: mean = 88.014 us, total = 10.562 ms, Queueing time: mean = 6.280 ms, max = 19.847 ms, min = -0.000 s, total = 753.584 ms
	NodeManagerService.grpc_client.ReportWorkerBacklog - 120 total (0 active), Execution time: mean = 1.006 ms, total = 120.694 ms, Queueing time: mean = 0.000 s, max = -0.000 s, min = 9223372036.855 s, total = 0.000 s
	CoreWorker.InternalHeartbeat - 120 total (1 active), Execution time: mean = 307.133 us, total = 36.856 ms, Queueing time: mean = 7.966 ms, max = 19.223 ms, min = -0.002 s, total = 955.910 ms
	CoreWorkerService.grpc_server.PushTask.HandleRequestImpl - 49 total (0 active), Execution time: mean = 43.331 us, total = 2.123 ms, Queueing time: mean = 33.480 us, max = 406.500 us, min = 7.700 us, total = 1.641 ms
	CoreWorkerService.grpc_server.PushTask - 49 total (0 active), Execution time: mean = 657.732 ms, total = 32.229 s, Queueing time: mean = 0.000 s, max = -0.000 s, min = 9223372036.855 s, total = 0.000 s
	CoreWorker.RecordMetrics - 24 total (1 active), Execution time: mean = 196.267 us, total = 4.710 ms, Queueing time: mean = 8.455 ms, max = 14.484 ms, min = -0.000 s, total = 202.916 ms
	CoreWorkerService.grpc_server.ActorCallArgWaitComplete - 12 total (0 active), Execution time: mean = 151.067 us, total = 1.813 ms, Queueing time: mean = 0.000 s, max = -0.000 s, min = 9223372036.855 s, total = 0.000 s
	CoreWorkerService.grpc_server.ActorCallArgWaitComplete.HandleRequestImpl - 12 total (0 active), Execution time: mean = 61.967 us, total = 743.600 us, Queueing time: mean = 42.200 us, max = 251.300 us, min = 7.900 us, total = 506.400 us
	NodeManagerService.grpc_client.PinObjectIDs.OnReplyReceived - 12 total (0 active), Execution time: mean = 141.625 us, total = 1.700 ms, Queueing time: mean = 28.517 us, max = 118.900 us, min = 11.400 us, total = 342.200 us
	NodeManagerService.grpc_client.PinObjectIDs - 12 total (0 active), Execution time: mean = 860.367 us, total = 10.324 ms, Queueing time: mean = 0.000 s, max = -0.000 s, min = 9223372036.855 s, total = 0.000 s
	CoreWorker.TryDelPendingObjectRefStreams - 12 total (1 active), Execution time: mean = 5.125 us, total = 61.500 us, Queueing time: mean = 9.790 ms, max = 16.171 ms, min = 1.270 ms, total = 117.480 ms
	PeriodicalRunner.RunFnPeriodically - 7 total (0 active), Execution time: mean = 339.414 us, total = 2.376 ms, Queueing time: mean = 935.071 us, max = 2.359 ms, min = 33.900 us, total = 6.545 ms
	CoreWorker.PrintEventStats - 2 total (1 active, 1 running), Execution time: mean = 688.000 us, total = 1.376 ms, Queueing time: mean = 9.415 ms, max = 18.830 ms, min = 18.830 ms, total = 18.830 ms
	ray::rpc::InternalPubSubGcsService.grpc_client.GcsSubscriberPoll - 1 total (1 active), Execution time: mean = 0.000 s, total = 0.000 s, Queueing time: mean = 0.000 s, max = -0.000 s, min = 9223372036.855 s, total = 0.000 s
	ray::rpc::InternalPubSubGcsService.grpc_client.GcsSubscriberCommandBatch.OnReplyReceived - 1 total (0 active), Execution time: mean = 622.300 us, total = 622.300 us, Queueing time: mean = 1.827 ms, max = 1.827 ms, min = 1.827 ms, total = 1.827 ms
	ray::rpc::NodeInfoGcsService.grpc_client.GetAllNodeInfo - 1 total (0 active), Execution time: mean = 793.200 us, total = 793.200 us, Queueing time: mean = 0.000 s, max = -0.000 s, min = 9223372036.855 s, total = 0.000 s
	ray::rpc::WorkerInfoGcsService.grpc_client.AddWorkerInfo - 1 total (0 active), Execution time: mean = 2.236 ms, total = 2.236 ms, Queueing time: mean = 0.000 s, max = -0.000 s, min = 9223372036.855 s, total = 0.000 s
	ray::rpc::NodeInfoGcsService.grpc_client.GetAllNodeInfo.OnReplyReceived - 1 total (0 active), Execution time: mean = 153.100 us, total = 153.100 us, Queueing time: mean = 137.400 us, max = 137.400 us, min = 137.400 us, total = 137.400 us
	Publisher.CheckDeadSubscribers - 1 total (1 active), Execution time: mean = 0.000 s, total = 0.000 s, Queueing time: mean = 0.000 s, max = -0.000 s, min = 9223372036.855 s, total = 0.000 s
	ray::rpc::InternalPubSubGcsService.grpc_client.GcsSubscriberCommandBatch - 1 total (0 active), Execution time: mean = 908.800 us, total = 908.800 us, Queueing time: mean = 0.000 s, max = -0.000 s, min = 9223372036.855 s, total = 0.000 s
	ray::rpc::WorkerInfoGcsService.grpc_client.AddWorkerInfo.OnReplyReceived - 1 total (0 active), Execution time: mean = 22.900 us, total = 22.900 us, Queueing time: mean = 1.516 ms, max = 1.516 ms, min = 1.516 ms, total = 1.516 ms

-----------------
Task execution event stats:

Global stats: 5454 total (1 active)
Queueing time: mean = 12.105 ms, max = 11.880 s, min = -0.010 s, total = 66.020 s
Execution time:  mean = 5.929 ms, total = 32.337 s
Event stats:
	CoreWorker.CheckSignal - 5392 total (1 active), Execution time: mean = 23.626 us, total = 127.394 ms, Queueing time: mean = 12.244 ms, max = 11.880 s, min = -0.010 s, total = 66.018 s
	CoreWorker.HandlePushTaskActor - 48 total (0 active), Execution time: mean = 422.664 ms, total = 20.288 s, Queueing time: mean = 18.469 us, max = 69.500 us, min = 6.500 us, total = 886.500 us
	CoreWorker.ArgWaitComplete - 12 total (0 active), Execution time: mean = 2.735 ms, total = 32.821 ms, Queueing time: mean = 49.617 us, max = 252.000 us, min = 5.900 us, total = 595.400 us
	PeriodicalRunner.RunFnPeriodically - 1 total (0 active), Execution time: mean = 38.700 us, total = 38.700 us, Queueing time: mean = 5.300 us, max = 5.300 us, min = 5.300 us, total = 5.300 us
	CoreWorker.HandlePushTask - 1 total (0 active), Execution time: mean = 11.889 s, total = 11.889 s, Queueing time: mean = 11.400 us, max = 11.400 us, min = 11.400 us, total = 11.400 us

-----------------
Task Event stats:

IO Service Stats:

Global stats: 361 total (1 active)
Queueing time: mean = 2.687 ms, max = 24.961 ms, min = -0.001 s, total = 970.041 ms
Execution time:  mean = 422.335 us, total = 152.463 ms
Event stats:
	CoreWorker.deadline_timer.flush_task_events - 120 total (1 active), Execution time: mean = 307.493 us, total = 36.899 ms, Queueing time: mean = 8.005 ms, max = 24.961 ms, min = -0.001 s, total = 960.581 ms
	ray::rpc::TaskInfoGcsService.grpc_client.AddTaskEventData.OnReplyReceived - 120 total (0 active), Execution time: mean = 28.587 us, total = 3.430 ms, Queueing time: mean = 77.383 us, max = 4.642 ms, min = 5.400 us, total = 9.286 ms
	ray::rpc::TaskInfoGcsService.grpc_client.AddTaskEventData - 120 total (0 active), Execution time: mean = 930.762 us, total = 111.691 ms, Queueing time: mean = 0.000 s, max = -0.000 s, min = 9223372036.855 s, total = 0.000 s
	PeriodicalRunner.RunFnPeriodically - 1 total (0 active), Execution time: mean = 442.100 us, total = 442.100 us, Queueing time: mean = 173.900 us, max = 173.900 us, min = 173.900 us, total = 173.900 us
Other Stats:
	gcs_grpc_in_progress:0
	event_aggregator_grpc_in_progress:0
	current number of task status events in buffer: 0
	current number of profile events in buffer: 0
	current number of dropped task attempts tracked: 0
	total task events sent: 0.0200367 MiB
	total number of task attempts sent: 62
	total number of task attempts dropped reported: 0
	total number of sent failure: 0
	num status task events dropped: 0
	num profile task events dropped: 0
	num ray task events reported to aggregator: 0
	num ray task events failed to report to aggregator: 0
	num of task attempts dropped reported to aggregator: 0
	num of failed requests to aggregator: 0

[2025-12-15 09:28:22,393 I 24700 25456] core_worker.cc:419: Event stats:


Global stats: 2666 total (8 active)
Queueing time: mean = 6.426 ms, max = 142.328 ms, min = -0.002 s, total = 17.131 s
Execution time:  mean = 16.658 ms, total = 44.411 s
Event stats:
	CoreWorker.RecoverObjects - 1660 total (1 active), Execution time: mean = 10.861 us, total = 18.029 ms, Queueing time: mean = 8.483 ms, max = 142.328 ms, min = -0.001 s, total = 14.081 s
	NodeManagerService.grpc_client.ReportWorkerBacklog.OnReplyReceived - 179 total (0 active), Execution time: mean = 21.882 us, total = 3.917 ms, Queueing time: mean = 241.830 us, max = 14.979 ms, min = 7.300 us, total = 43.288 ms
	CoreWorker.ExitIfParentRayletDies - 179 total (1 active), Execution time: mean = 81.550 us, total = 14.597 ms, Queueing time: mean = 6.337 ms, max = 19.847 ms, min = -0.000 s, total = 1.134 s
	NodeManagerService.grpc_client.ReportWorkerBacklog - 179 total (0 active), Execution time: mean = 1.140 ms, total = 204.087 ms, Queueing time: mean = 0.000 s, max = -0.000 s, min = 9223372036.855 s, total = 0.000 s
	CoreWorker.InternalHeartbeat - 179 total (1 active), Execution time: mean = 302.642 us, total = 54.173 ms, Queueing time: mean = 7.850 ms, max = 46.058 ms, min = -0.002 s, total = 1.405 s
	CoreWorkerService.grpc_server.PushTask.HandleRequestImpl - 73 total (0 active), Execution time: mean = 42.273 us, total = 3.086 ms, Queueing time: mean = 31.077 us, max = 406.500 us, min = 7.700 us, total = 2.269 ms
	CoreWorkerService.grpc_server.PushTask - 73 total (0 active), Execution time: mean = 603.768 ms, total = 44.075 s, Queueing time: mean = 0.000 s, max = -0.000 s, min = 9223372036.855 s, total = 0.000 s
	CoreWorker.RecordMetrics - 36 total (1 active), Execution time: mean = 189.000 us, total = 6.804 ms, Queueing time: mean = 7.918 ms, max = 22.770 ms, min = -0.000 s, total = 285.036 ms
	CoreWorkerService.grpc_server.ActorCallArgWaitComplete - 18 total (0 active), Execution time: mean = 149.128 us, total = 2.684 ms, Queueing time: mean = 0.000 s, max = -0.000 s, min = 9223372036.855 s, total = 0.000 s
	CoreWorkerService.grpc_server.ActorCallArgWaitComplete.HandleRequestImpl - 18 total (0 active), Execution time: mean = 57.828 us, total = 1.041 ms, Queueing time: mean = 36.522 us, max = 251.300 us, min = 7.900 us, total = 657.400 us
	NodeManagerService.grpc_client.PinObjectIDs.OnReplyReceived - 18 total (0 active), Execution time: mean = 135.033 us, total = 2.431 ms, Queueing time: mean = 23.172 us, max = 118.900 us, min = 9.100 us, total = 417.100 us
	NodeManagerService.grpc_client.PinObjectIDs - 18 total (0 active), Execution time: mean = 866.722 us, total = 15.601 ms, Queueing time: mean = 0.000 s, max = -0.000 s, min = 9223372036.855 s, total = 0.000 s
	CoreWorker.TryDelPendingObjectRefStreams - 18 total (1 active), Execution time: mean = 5.778 us, total = 104.000 us, Queueing time: mean = 8.002 ms, max = 16.171 ms, min = 438.500 us, total = 144.029 ms
	PeriodicalRunner.RunFnPeriodically - 7 total (0 active), Execution time: mean = 339.414 us, total = 2.376 ms, Queueing time: mean = 935.071 us, max = 2.359 ms, min = 33.900 us, total = 6.545 ms
	CoreWorker.PrintEventStats - 3 total (1 active, 1 running), Execution time: mean = 745.733 us, total = 2.237 ms, Queueing time: mean = 7.943 ms, max = 18.830 ms, min = 5.000 ms, total = 23.829 ms
	ray::rpc::InternalPubSubGcsService.grpc_client.GcsSubscriberPoll - 1 total (1 active), Execution time: mean = 0.000 s, total = 0.000 s, Queueing time: mean = 0.000 s, max = -0.000 s, min = 9223372036.855 s, total = 0.000 s
	ray::rpc::InternalPubSubGcsService.grpc_client.GcsSubscriberCommandBatch.OnReplyReceived - 1 total (0 active), Execution time: mean = 622.300 us, total = 622.300 us, Queueing time: mean = 1.827 ms, max = 1.827 ms, min = 1.827 ms, total = 1.827 ms
	ray::rpc::NodeInfoGcsService.grpc_client.GetAllNodeInfo - 1 total (0 active), Execution time: mean = 793.200 us, total = 793.200 us, Queueing time: mean = 0.000 s, max = -0.000 s, min = 9223372036.855 s, total = 0.000 s
	ray::rpc::WorkerInfoGcsService.grpc_client.AddWorkerInfo - 1 total (0 active), Execution time: mean = 2.236 ms, total = 2.236 ms, Queueing time: mean = 0.000 s, max = -0.000 s, min = 9223372036.855 s, total = 0.000 s
	ray::rpc::NodeInfoGcsService.grpc_client.GetAllNodeInfo.OnReplyReceived - 1 total (0 active), Execution time: mean = 153.100 us, total = 153.100 us, Queueing time: mean = 137.400 us, max = 137.400 us, min = 137.400 us, total = 137.400 us
	Publisher.CheckDeadSubscribers - 1 total (1 active), Execution time: mean = 0.000 s, total = 0.000 s, Queueing time: mean = 0.000 s, max = -0.000 s, min = 9223372036.855 s, total = 0.000 s
	ray::rpc::InternalPubSubGcsService.grpc_client.GcsSubscriberCommandBatch - 1 total (0 active), Execution time: mean = 908.800 us, total = 908.800 us, Queueing time: mean = 0.000 s, max = -0.000 s, min = 9223372036.855 s, total = 0.000 s
	ray::rpc::WorkerInfoGcsService.grpc_client.AddWorkerInfo.OnReplyReceived - 1 total (0 active), Execution time: mean = 22.900 us, total = 22.900 us, Queueing time: mean = 1.516 ms, max = 1.516 ms, min = 1.516 ms, total = 1.516 ms

-----------------
Task execution event stats:

Global stats: 8369 total (1 active)
Queueing time: mean = 11.606 ms, max = 11.880 s, min = -0.010 s, total = 97.128 s
Execution time:  mean = 5.287 ms, total = 44.244 s
Event stats:
	CoreWorker.CheckSignal - 8277 total (1 active), Execution time: mean = 24.113 us, total = 199.581 ms, Queueing time: mean = 11.734 ms, max = 11.880 s, min = -0.010 s, total = 97.126 s
	CoreWorker.HandlePushTaskActor - 72 total (0 active), Execution time: mean = 445.947 ms, total = 32.108 s, Queueing time: mean = 17.608 us, max = 73.200 us, min = 6.500 us, total = 1.268 ms
	CoreWorker.ArgWaitComplete - 18 total (0 active), Execution time: mean = 2.634 ms, total = 47.416 ms, Queueing time: mean = 46.994 us, max = 252.000 us, min = 5.900 us, total = 845.900 us
	PeriodicalRunner.RunFnPeriodically - 1 total (0 active), Execution time: mean = 38.700 us, total = 38.700 us, Queueing time: mean = 5.300 us, max = 5.300 us, min = 5.300 us, total = 5.300 us
	CoreWorker.HandlePushTask - 1 total (0 active), Execution time: mean = 11.889 s, total = 11.889 s, Queueing time: mean = 11.400 us, max = 11.400 us, min = 11.400 us, total = 11.400 us

-----------------
Task Event stats:

IO Service Stats:

Global stats: 538 total (1 active)
Queueing time: mean = 2.636 ms, max = 43.590 ms, min = -0.001 s, total = 1.418 s
Execution time:  mean = 447.870 us, total = 240.954 ms
Event stats:
	CoreWorker.deadline_timer.flush_task_events - 179 total (1 active), Execution time: mean = 330.968 us, total = 59.243 ms, Queueing time: mean = 7.767 ms, max = 43.590 ms, min = -0.001 s, total = 1.390 s
	ray::rpc::TaskInfoGcsService.grpc_client.AddTaskEventData.OnReplyReceived - 179 total (0 active), Execution time: mean = 33.751 us, total = 6.042 ms, Queueing time: mean = 155.540 us, max = 7.221 ms, min = 5.400 us, total = 27.842 ms
	ray::rpc::TaskInfoGcsService.grpc_client.AddTaskEventData - 179 total (0 active), Execution time: mean = 978.924 us, total = 175.227 ms, Queueing time: mean = 0.000 s, max = -0.000 s, min = 9223372036.855 s, total = 0.000 s
	PeriodicalRunner.RunFnPeriodically - 1 total (0 active), Execution time: mean = 442.100 us, total = 442.100 us, Queueing time: mean = 173.900 us, max = 173.900 us, min = 173.900 us, total = 173.900 us
Other Stats:
	gcs_grpc_in_progress:0
	event_aggregator_grpc_in_progress:0
	current number of task status events in buffer: 0
	current number of profile events in buffer: 0
	current number of dropped task attempts tracked: 0
	total task events sent: 0.0298557 MiB
	total number of task attempts sent: 92
	total number of task attempts dropped reported: 0
	total number of sent failure: 0
	num status task events dropped: 0
	num profile task events dropped: 0
	num ray task events reported to aggregator: 0
	num ray task events failed to report to aggregator: 0
	num of task attempts dropped reported to aggregator: 0
	num of failed requests to aggregator: 0

[2025-12-15 09:29:22,393 I 24700 25456] core_worker.cc:419: Event stats:


Global stats: 3537 total (8 active)
Queueing time: mean = 6.482 ms, max = 142.328 ms, min = -0.002 s, total = 22.927 s
Execution time:  mean = 15.677 ms, total = 55.450 s
Event stats:
	CoreWorker.RecoverObjects - 2212 total (1 active), Execution time: mean = 11.393 us, total = 25.202 ms, Queueing time: mean = 8.519 ms, max = 142.328 ms, min = -0.001 s, total = 18.843 s
	NodeManagerService.grpc_client.ReportWorkerBacklog.OnReplyReceived - 239 total (0 active), Execution time: mean = 22.567 us, total = 5.393 ms, Queueing time: mean = 202.256 us, max = 14.979 ms, min = 7.000 us, total = 48.339 ms
	CoreWorker.ExitIfParentRayletDies - 239 total (1 active), Execution time: mean = 79.831 us, total = 19.079 ms, Queueing time: mean = 6.637 ms, max = 29.055 ms, min = -0.000 s, total = 1.586 s
	NodeManagerService.grpc_client.ReportWorkerBacklog - 239 total (0 active), Execution time: mean = 1.259 ms, total = 300.967 ms, Queueing time: mean = 0.000 s, max = -0.000 s, min = 9223372036.855 s, total = 0.000 s
	CoreWorker.InternalHeartbeat - 239 total (1 active), Execution time: mean = 309.510 us, total = 73.973 ms, Queueing time: mean = 7.825 ms, max = 46.058 ms, min = -0.002 s, total = 1.870 s
	CoreWorkerService.grpc_server.PushTask.HandleRequestImpl - 93 total (0 active), Execution time: mean = 41.934 us, total = 3.900 ms, Queueing time: mean = 32.605 us, max = 406.500 us, min = 7.700 us, total = 3.032 ms
	CoreWorkerService.grpc_server.PushTask - 93 total (0 active), Execution time: mean = 591.080 ms, total = 54.970 s, Queueing time: mean = 0.000 s, max = -0.000 s, min = 9223372036.855 s, total = 0.000 s
	CoreWorker.RecordMetrics - 48 total (1 active), Execution time: mean = 184.529 us, total = 8.857 ms, Queueing time: mean = 7.429 ms, max = 22.770 ms, min = -0.000 s, total = 356.577 ms
	CoreWorker.TryDelPendingObjectRefStreams - 24 total (1 active), Execution time: mean = 6.258 us, total = 150.200 us, Queueing time: mean = 7.168 ms, max = 16.171 ms, min = 438.500 us, total = 172.034 ms
	CoreWorkerService.grpc_server.ActorCallArgWaitComplete - 23 total (0 active), Execution time: mean = 150.009 us, total = 3.450 ms, Queueing time: mean = 0.000 s, max = -0.000 s, min = 9223372036.855 s, total = 0.000 s
	CoreWorkerService.grpc_server.ActorCallArgWaitComplete.HandleRequestImpl - 23 total (0 active), Execution time: mean = 51.178 us, total = 1.177 ms, Queueing time: mean = 33.439 us, max = 251.300 us, min = 7.900 us, total = 769.100 us
	NodeManagerService.grpc_client.PinObjectIDs.OnReplyReceived - 23 total (0 active), Execution time: mean = 174.470 us, total = 4.013 ms, Queueing time: mean = 39.139 us, max = 418.200 us, min = 9.100 us, total = 900.200 us
	NodeManagerService.grpc_client.PinObjectIDs - 23 total (0 active), Execution time: mean = 938.687 us, total = 21.590 ms, Queueing time: mean = 0.000 s, max = -0.000 s, min = 9223372036.855 s, total = 0.000 s
	PeriodicalRunner.RunFnPeriodically - 7 total (0 active), Execution time: mean = 339.414 us, total = 2.376 ms, Queueing time: mean = 935.071 us, max = 2.359 ms, min = 33.900 us, total = 6.545 ms
	CoreWorker.PrintEventStats - 4 total (1 active, 1 running), Execution time: mean = 1.080 ms, total = 4.322 ms, Queueing time: mean = 8.982 ms, max = 18.830 ms, min = 5.000 ms, total = 35.929 ms
	ray::rpc::InternalPubSubGcsService.grpc_client.GcsSubscriberPoll - 1 total (1 active), Execution time: mean = 0.000 s, total = 0.000 s, Queueing time: mean = 0.000 s, max = -0.000 s, min = 9223372036.855 s, total = 0.000 s
	ray::rpc::InternalPubSubGcsService.grpc_client.GcsSubscriberCommandBatch.OnReplyReceived - 1 total (0 active), Execution time: mean = 622.300 us, total = 622.300 us, Queueing time: mean = 1.827 ms, max = 1.827 ms, min = 1.827 ms, total = 1.827 ms
	ray::rpc::NodeInfoGcsService.grpc_client.GetAllNodeInfo - 1 total (0 active), Execution time: mean = 793.200 us, total = 793.200 us, Queueing time: mean = 0.000 s, max = -0.000 s, min = 9223372036.855 s, total = 0.000 s
	ray::rpc::WorkerInfoGcsService.grpc_client.AddWorkerInfo - 1 total (0 active), Execution time: mean = 2.236 ms, total = 2.236 ms, Queueing time: mean = 0.000 s, max = -0.000 s, min = 9223372036.855 s, total = 0.000 s
	ray::rpc::NodeInfoGcsService.grpc_client.GetAllNodeInfo.OnReplyReceived - 1 total (0 active), Execution time: mean = 153.100 us, total = 153.100 us, Queueing time: mean = 137.400 us, max = 137.400 us, min = 137.400 us, total = 137.400 us
	Publisher.CheckDeadSubscribers - 1 total (1 active), Execution time: mean = 0.000 s, total = 0.000 s, Queueing time: mean = 0.000 s, max = -0.000 s, min = 9223372036.855 s, total = 0.000 s
	ray::rpc::InternalPubSubGcsService.grpc_client.GcsSubscriberCommandBatch - 1 total (0 active), Execution time: mean = 908.800 us, total = 908.800 us, Queueing time: mean = 0.000 s, max = -0.000 s, min = 9223372036.855 s, total = 0.000 s
	ray::rpc::WorkerInfoGcsService.grpc_client.AddWorkerInfo.OnReplyReceived - 1 total (0 active), Execution time: mean = 22.900 us, total = 22.900 us, Queueing time: mean = 1.516 ms, max = 1.516 ms, min = 1.516 ms, total = 1.516 ms

-----------------
Task execution event stats:

Global stats: 11417 total (1 active)
Queueing time: mean = 11.110 ms, max = 11.880 s, min = -0.010 s, total = 126.842 s
Execution time:  mean = 4.836 ms, total = 55.209 s
Event stats:
	CoreWorker.CheckSignal - 11300 total (1 active), Execution time: mean = 24.690 us, total = 278.998 ms, Queueing time: mean = 11.225 ms, max = 11.880 s, min = -0.010 s, total = 126.840 s
	CoreWorker.HandlePushTaskActor - 92 total (0 active), Execution time: mean = 467.175 ms, total = 42.980 s, Queueing time: mean = 17.679 us, max = 85.500 us, min = 5.100 us, total = 1.627 ms
	CoreWorker.ArgWaitComplete - 23 total (0 active), Execution time: mean = 2.645 ms, total = 60.839 ms, Queueing time: mean = 40.009 us, max = 252.000 us, min = 5.900 us, total = 920.200 us
	PeriodicalRunner.RunFnPeriodically - 1 total (0 active), Execution time: mean = 38.700 us, total = 38.700 us, Queueing time: mean = 5.300 us, max = 5.300 us, min = 5.300 us, total = 5.300 us
	CoreWorker.HandlePushTask - 1 total (0 active), Execution time: mean = 11.889 s, total = 11.889 s, Queueing time: mean = 11.400 us, max = 11.400 us, min = 11.400 us, total = 11.400 us

-----------------
Task Event stats:

IO Service Stats:

Global stats: 718 total (1 active)
Queueing time: mean = 2.651 ms, max = 43.590 ms, min = -0.001 s, total = 1.903 s
Execution time:  mean = 506.169 us, total = 363.429 ms
Event stats:
	CoreWorker.deadline_timer.flush_task_events - 239 total (1 active), Execution time: mean = 338.309 us, total = 80.856 ms, Queueing time: mean = 7.818 ms, max = 43.590 ms, min = -0.001 s, total = 1.868 s
	ray::rpc::TaskInfoGcsService.grpc_client.AddTaskEventData.OnReplyReceived - 239 total (0 active), Execution time: mean = 32.122 us, total = 7.677 ms, Queueing time: mean = 145.776 us, max = 7.221 ms, min = 5.400 us, total = 34.840 ms
	ray::rpc::TaskInfoGcsService.grpc_client.AddTaskEventData - 239 total (0 active), Execution time: mean = 1.148 ms, total = 274.454 ms, Queueing time: mean = 0.000 s, max = -0.000 s, min = 9223372036.855 s, total = 0.000 s
	PeriodicalRunner.RunFnPeriodically - 1 total (0 active), Execution time: mean = 442.100 us, total = 442.100 us, Queueing time: mean = 173.900 us, max = 173.900 us, min = 173.900 us, total = 173.900 us
Other Stats:
	gcs_grpc_in_progress:0
	event_aggregator_grpc_in_progress:0
	current number of task status events in buffer: 0
	current number of profile events in buffer: 0
	current number of dropped task attempts tracked: 0
	total task events sent: 0.0380383 MiB
	total number of task attempts sent: 117
	total number of task attempts dropped reported: 0
	total number of sent failure: 0
	num status task events dropped: 0
	num profile task events dropped: 0
	num ray task events reported to aggregator: 0
	num ray task events failed to report to aggregator: 0
	num of task attempts dropped reported to aggregator: 0
	num of failed requests to aggregator: 0

[2025-12-15 09:30:22,408 I 24700 25456] core_worker.cc:419: Event stats:


Global stats: 4431 total (8 active)
Queueing time: mean = 6.441 ms, max = 142.328 ms, min = -0.002 s, total = 28.542 s
Execution time:  mean = 15.307 ms, total = 67.823 s
Event stats:
	CoreWorker.RecoverObjects - 2765 total (1 active), Execution time: mean = 10.983 us, total = 30.368 ms, Queueing time: mean = 8.535 ms, max = 142.328 ms, min = -0.001 s, total = 23.600 s
	CoreWorker.ExitIfParentRayletDies - 299 total (1 active), Execution time: mean = 79.702 us, total = 23.831 ms, Queueing time: mean = 6.472 ms, max = 29.055 ms, min = -0.001 s, total = 1.935 s
	NodeManagerService.grpc_client.ReportWorkerBacklog.OnReplyReceived - 298 total (0 active), Execution time: mean = 22.217 us, total = 6.621 ms, Queueing time: mean = 168.324 us, max = 14.979 ms, min = 7.000 us, total = 50.161 ms
	NodeManagerService.grpc_client.ReportWorkerBacklog - 298 total (0 active), Execution time: mean = 1.153 ms, total = 343.604 ms, Queueing time: mean = 0.000 s, max = -0.000 s, min = 9223372036.855 s, total = 0.000 s
	CoreWorker.InternalHeartbeat - 298 total (1 active), Execution time: mean = 298.724 us, total = 89.020 ms, Queueing time: mean = 7.412 ms, max = 46.058 ms, min = -0.002 s, total = 2.209 s
	CoreWorkerService.grpc_server.PushTask.HandleRequestImpl - 121 total (0 active), Execution time: mean = 41.715 us, total = 5.048 ms, Queueing time: mean = 31.041 us, max = 406.500 us, min = 7.700 us, total = 3.756 ms
	CoreWorkerService.grpc_server.PushTask - 121 total (0 active), Execution time: mean = 555.893 ms, total = 67.263 s, Queueing time: mean = 0.000 s, max = -0.000 s, min = 9223372036.855 s, total = 0.000 s
	CoreWorker.RecordMetrics - 60 total (1 active), Execution time: mean = 175.865 us, total = 10.552 ms, Queueing time: mean = 7.577 ms, max = 22.770 ms, min = -0.000 s, total = 454.634 ms
	CoreWorkerService.grpc_server.ActorCallArgWaitComplete - 30 total (0 active), Execution time: mean = 165.203 us, total = 4.956 ms, Queueing time: mean = 0.000 s, max = -0.000 s, min = 9223372036.855 s, total = 0.000 s
	CoreWorkerService.grpc_server.ActorCallArgWaitComplete.HandleRequestImpl - 30 total (0 active), Execution time: mean = 49.907 us, total = 1.497 ms, Queueing time: mean = 39.683 us, max = 251.300 us, min = 7.900 us, total = 1.190 ms
	NodeManagerService.grpc_client.PinObjectIDs.OnReplyReceived - 30 total (0 active), Execution time: mean = 168.430 us, total = 5.053 ms, Queueing time: mean = 35.713 us, max = 418.200 us, min = 9.100 us, total = 1.071 ms
	NodeManagerService.grpc_client.PinObjectIDs - 30 total (0 active), Execution time: mean = 918.530 us, total = 27.556 ms, Queueing time: mean = 0.000 s, max = -0.000 s, min = 9223372036.855 s, total = 0.000 s
	CoreWorker.TryDelPendingObjectRefStreams - 30 total (1 active), Execution time: mean = 6.450 us, total = 193.500 us, Queueing time: mean = 7.782 ms, max = 16.171 ms, min = 176.300 us, total = 233.475 ms
	PeriodicalRunner.RunFnPeriodically - 7 total (0 active), Execution time: mean = 339.414 us, total = 2.376 ms, Queueing time: mean = 935.071 us, max = 2.359 ms, min = 33.900 us, total = 6.545 ms
	CoreWorker.PrintEventStats - 5 total (1 active, 1 running), Execution time: mean = 990.640 us, total = 4.953 ms, Queueing time: mean = 7.094 ms, max = 18.830 ms, min = -0.000 s, total = 35.470 ms
	Publisher.CheckDeadSubscribers - 2 total (1 active), Execution time: mean = 3.300 us, total = 6.600 us, Queueing time: mean = 4.113 ms, max = 8.226 ms, min = 8.226 ms, total = 8.226 ms
	ray::rpc::InternalPubSubGcsService.grpc_client.GcsSubscriberPoll - 1 total (1 active), Execution time: mean = 0.000 s, total = 0.000 s, Queueing time: mean = 0.000 s, max = -0.000 s, min = 9223372036.855 s, total = 0.000 s
	ray::rpc::InternalPubSubGcsService.grpc_client.GcsSubscriberCommandBatch.OnReplyReceived - 1 total (0 active), Execution time: mean = 622.300 us, total = 622.300 us, Queueing time: mean = 1.827 ms, max = 1.827 ms, min = 1.827 ms, total = 1.827 ms
	ray::rpc::NodeInfoGcsService.grpc_client.GetAllNodeInfo - 1 total (0 active), Execution time: mean = 793.200 us, total = 793.200 us, Queueing time: mean = 0.000 s, max = -0.000 s, min = 9223372036.855 s, total = 0.000 s
	ray::rpc::WorkerInfoGcsService.grpc_client.AddWorkerInfo - 1 total (0 active), Execution time: mean = 2.236 ms, total = 2.236 ms, Queueing time: mean = 0.000 s, max = -0.000 s, min = 9223372036.855 s, total = 0.000 s
	ray::rpc::NodeInfoGcsService.grpc_client.GetAllNodeInfo.OnReplyReceived - 1 total (0 active), Execution time: mean = 153.100 us, total = 153.100 us, Queueing time: mean = 137.400 us, max = 137.400 us, min = 137.400 us, total = 137.400 us
	ray::rpc::InternalPubSubGcsService.grpc_client.GcsSubscriberCommandBatch - 1 total (0 active), Execution time: mean = 908.800 us, total = 908.800 us, Queueing time: mean = 0.000 s, max = -0.000 s, min = 9223372036.855 s, total = 0.000 s
	ray::rpc::WorkerInfoGcsService.grpc_client.AddWorkerInfo.OnReplyReceived - 1 total (0 active), Execution time: mean = 22.900 us, total = 22.900 us, Queueing time: mean = 1.516 ms, max = 1.516 ms, min = 1.516 ms, total = 1.516 ms

-----------------
Task execution event stats:

Global stats: 14381 total (1 active)
Queueing time: mean = 10.954 ms, max = 11.880 s, min = -0.010 s, total = 157.526 s
Execution time:  mean = 4.696 ms, total = 67.538 s
Event stats:
	CoreWorker.CheckSignal - 14229 total (1 active), Execution time: mean = 24.207 us, total = 344.445 ms, Queueing time: mean = 11.070 ms, max = 11.880 s, min = -0.010 s, total = 157.514 s
	CoreWorker.HandlePushTaskActor - 120 total (0 active), Execution time: mean = 460.131 ms, total = 55.216 s, Queueing time: mean = 88.926 us, max = 6.030 ms, min = 5.100 us, total = 10.671 ms
	CoreWorker.ArgWaitComplete - 30 total (0 active), Execution time: mean = 2.964 ms, total = 88.927 ms, Queueing time: mean = 47.677 us, max = 252.000 us, min = 5.900 us, total = 1.430 ms
	PeriodicalRunner.RunFnPeriodically - 1 total (0 active), Execution time: mean = 38.700 us, total = 38.700 us, Queueing time: mean = 5.300 us, max = 5.300 us, min = 5.300 us, total = 5.300 us
	CoreWorker.HandlePushTask - 1 total (0 active), Execution time: mean = 11.889 s, total = 11.889 s, Queueing time: mean = 11.400 us, max = 11.400 us, min = 11.400 us, total = 11.400 us

-----------------
Task Event stats:

IO Service Stats:

Global stats: 895 total (1 active)
Queueing time: mean = 2.507 ms, max = 43.590 ms, min = -0.001 s, total = 2.244 s
Execution time:  mean = 470.397 us, total = 421.005 ms
Event stats:
	CoreWorker.deadline_timer.flush_task_events - 298 total (1 active), Execution time: mean = 323.526 us, total = 96.411 ms, Queueing time: mean = 7.406 ms, max = 43.590 ms, min = -0.001 s, total = 2.207 s
	ray::rpc::TaskInfoGcsService.grpc_client.AddTaskEventData.OnReplyReceived - 298 total (0 active), Execution time: mean = 30.430 us, total = 9.068 ms, Queueing time: mean = 122.739 us, max = 7.221 ms, min = 5.400 us, total = 36.576 ms
	ray::rpc::TaskInfoGcsService.grpc_client.AddTaskEventData - 298 total (0 active), Execution time: mean = 1.057 ms, total = 315.084 ms, Queueing time: mean = 0.000 s, max = -0.000 s, min = 9223372036.855 s, total = 0.000 s
	PeriodicalRunner.RunFnPeriodically - 1 total (0 active), Execution time: mean = 442.100 us, total = 442.100 us, Queueing time: mean = 173.900 us, max = 173.900 us, min = 173.900 us, total = 173.900 us
Other Stats:
	gcs_grpc_in_progress:0
	event_aggregator_grpc_in_progress:0
	current number of task status events in buffer: 0
	current number of profile events in buffer: 0
	current number of dropped task attempts tracked: 0
	total task events sent: 0.0494938 MiB
	total number of task attempts sent: 152
	total number of task attempts dropped reported: 0
	total number of sent failure: 0
	num status task events dropped: 0
	num profile task events dropped: 0
	num ray task events reported to aggregator: 0
	num ray task events failed to report to aggregator: 0
	num of task attempts dropped reported to aggregator: 0
	num of failed requests to aggregator: 0

[2025-12-15 09:31:22,420 I 24700 25456] core_worker.cc:419: Event stats:


Global stats: 5325 total (8 active)
Queueing time: mean = 6.415 ms, max = 142.328 ms, min = -0.002 s, total = 34.162 s
Execution time:  mean = 14.785 ms, total = 78.731 s
Event stats:
	CoreWorker.RecoverObjects - 3317 total (1 active), Execution time: mean = 10.578 us, total = 35.087 ms, Queueing time: mean = 8.570 ms, max = 142.328 ms, min = -0.001 s, total = 28.426 s
	NodeManagerService.grpc_client.ReportWorkerBacklog.OnReplyReceived - 358 total (0 active), Execution time: mean = 21.623 us, total = 7.741 ms, Queueing time: mean = 146.169 us, max = 14.979 ms, min = 6.300 us, total = 52.328 ms
	CoreWorker.ExitIfParentRayletDies - 358 total (1 active), Execution time: mean = 78.078 us, total = 27.952 ms, Queueing time: mean = 6.520 ms, max = 29.055 ms, min = -0.001 s, total = 2.334 s
	NodeManagerService.grpc_client.ReportWorkerBacklog - 358 total (0 active), Execution time: mean = 1.089 ms, total = 389.931 ms, Queueing time: mean = 0.000 s, max = -0.000 s, min = 9223372036.855 s, total = 0.000 s
	CoreWorker.InternalHeartbeat - 358 total (1 active), Execution time: mean = 297.486 us, total = 106.500 ms, Queueing time: mean = 6.914 ms, max = 46.058 ms, min = -0.002 s, total = 2.475 s
	CoreWorkerService.grpc_server.PushTask.HandleRequestImpl - 149 total (0 active), Execution time: mean = 41.319 us, total = 6.157 ms, Queueing time: mean = 29.245 us, max = 406.500 us, min = 7.700 us, total = 4.357 ms
	CoreWorkerService.grpc_server.PushTask - 149 total (0 active), Execution time: mean = 524.067 ms, total = 78.086 s, Queueing time: mean = 0.000 s, max = -0.000 s, min = 9223372036.855 s, total = 0.000 s
	CoreWorker.RecordMetrics - 72 total (1 active), Execution time: mean = 173.681 us, total = 12.505 ms, Queueing time: mean = 7.471 ms, max = 22.770 ms, min = -0.000 s, total = 537.915 ms
	CoreWorkerService.grpc_server.ActorCallArgWaitComplete - 37 total (0 active), Execution time: mean = 159.814 us, total = 5.913 ms, Queueing time: mean = 0.000 s, max = -0.000 s, min = 9223372036.855 s, total = 0.000 s
	CoreWorkerService.grpc_server.ActorCallArgWaitComplete.HandleRequestImpl - 37 total (0 active), Execution time: mean = 47.746 us, total = 1.767 ms, Queueing time: mean = 36.343 us, max = 251.300 us, min = 7.700 us, total = 1.345 ms
	NodeManagerService.grpc_client.PinObjectIDs.OnReplyReceived - 37 total (0 active), Execution time: mean = 155.192 us, total = 5.742 ms, Queueing time: mean = 32.732 us, max = 418.200 us, min = 7.700 us, total = 1.211 ms
	NodeManagerService.grpc_client.PinObjectIDs - 37 total (0 active), Execution time: mean = 894.178 us, total = 33.085 ms, Queueing time: mean = 0.000 s, max = -0.000 s, min = 9223372036.855 s, total = 0.000 s
	CoreWorker.TryDelPendingObjectRefStreams - 36 total (1 active), Execution time: mean = 6.150 us, total = 221.400 us, Queueing time: mean = 7.298 ms, max = 16.171 ms, min = 9.300 us, total = 262.739 ms
	PeriodicalRunner.RunFnPeriodically - 7 total (0 active), Execution time: mean = 339.414 us, total = 2.376 ms, Queueing time: mean = 935.071 us, max = 2.359 ms, min = 33.900 us, total = 6.545 ms
	CoreWorker.PrintEventStats - 6 total (1 active, 1 running), Execution time: mean = 946.400 us, total = 5.678 ms, Queueing time: mean = 8.177 ms, max = 18.830 ms, min = -0.000 s, total = 49.062 ms
	Publisher.CheckDeadSubscribers - 2 total (1 active), Execution time: mean = 3.300 us, total = 6.600 us, Queueing time: mean = 4.113 ms, max = 8.226 ms, min = 8.226 ms, total = 8.226 ms
	ray::rpc::InternalPubSubGcsService.grpc_client.GcsSubscriberPoll - 1 total (1 active), Execution time: mean = 0.000 s, total = 0.000 s, Queueing time: mean = 0.000 s, max = -0.000 s, min = 9223372036.855 s, total = 0.000 s
	ray::rpc::InternalPubSubGcsService.grpc_client.GcsSubscriberCommandBatch.OnReplyReceived - 1 total (0 active), Execution time: mean = 622.300 us, total = 622.300 us, Queueing time: mean = 1.827 ms, max = 1.827 ms, min = 1.827 ms, total = 1.827 ms
	ray::rpc::NodeInfoGcsService.grpc_client.GetAllNodeInfo - 1 total (0 active), Execution time: mean = 793.200 us, total = 793.200 us, Queueing time: mean = 0.000 s, max = -0.000 s, min = 9223372036.855 s, total = 0.000 s
	ray::rpc::WorkerInfoGcsService.grpc_client.AddWorkerInfo - 1 total (0 active), Execution time: mean = 2.236 ms, total = 2.236 ms, Queueing time: mean = 0.000 s, max = -0.000 s, min = 9223372036.855 s, total = 0.000 s
	ray::rpc::NodeInfoGcsService.grpc_client.GetAllNodeInfo.OnReplyReceived - 1 total (0 active), Execution time: mean = 153.100 us, total = 153.100 us, Queueing time: mean = 137.400 us, max = 137.400 us, min = 137.400 us, total = 137.400 us
	ray::rpc::InternalPubSubGcsService.grpc_client.GcsSubscriberCommandBatch - 1 total (0 active), Execution time: mean = 908.800 us, total = 908.800 us, Queueing time: mean = 0.000 s, max = -0.000 s, min = 9223372036.855 s, total = 0.000 s
	ray::rpc::WorkerInfoGcsService.grpc_client.AddWorkerInfo.OnReplyReceived - 1 total (0 active), Execution time: mean = 22.900 us, total = 22.900 us, Queueing time: mean = 1.516 ms, max = 1.516 ms, min = 1.516 ms, total = 1.516 ms

-----------------
Task execution event stats:

Global stats: 17446 total (1 active)
Queueing time: mean = 10.730 ms, max = 11.880 s, min = -0.010 s, total = 187.189 s
Execution time:  mean = 4.495 ms, total = 78.421 s
Event stats:
	CoreWorker.CheckSignal - 17259 total (1 active), Execution time: mean = 23.899 us, total = 412.469 ms, Queueing time: mean = 10.845 ms, max = 11.880 s, min = -0.010 s, total = 187.176 s
	CoreWorker.HandlePushTaskActor - 148 total (0 active), Execution time: mean = 446.034 ms, total = 66.013 s, Queueing time: mean = 74.993 us, max = 6.030 ms, min = 5.100 us, total = 11.099 ms
	CoreWorker.ArgWaitComplete - 37 total (0 active), Execution time: mean = 2.876 ms, total = 106.398 ms, Queueing time: mean = 41.657 us, max = 252.000 us, min = 5.900 us, total = 1.541 ms
	PeriodicalRunner.RunFnPeriodically - 1 total (0 active), Execution time: mean = 38.700 us, total = 38.700 us, Queueing time: mean = 5.300 us, max = 5.300 us, min = 5.300 us, total = 5.300 us
	CoreWorker.HandlePushTask - 1 total (0 active), Execution time: mean = 11.889 s, total = 11.889 s, Queueing time: mean = 11.400 us, max = 11.400 us, min = 11.400 us, total = 11.400 us

-----------------
Task Event stats:

IO Service Stats:

Global stats: 1075 total (1 active)
Queueing time: mean = 2.338 ms, max = 43.590 ms, min = -0.001 s, total = 2.513 s
Execution time:  mean = 445.570 us, total = 478.987 ms
Event stats:
	CoreWorker.deadline_timer.flush_task_events - 358 total (1 active), Execution time: mean = 312.887 us, total = 112.014 ms, Queueing time: mean = 6.914 ms, max = 43.590 ms, min = -0.001 s, total = 2.475 s
	ray::rpc::TaskInfoGcsService.grpc_client.AddTaskEventData.OnReplyReceived - 358 total (0 active), Execution time: mean = 29.386 us, total = 10.520 ms, Queueing time: mean = 105.777 us, max = 7.221 ms, min = 5.400 us, total = 37.868 ms
	ray::rpc::TaskInfoGcsService.grpc_client.AddTaskEventData - 358 total (0 active), Execution time: mean = 994.445 us, total = 356.011 ms, Queueing time: mean = 0.000 s, max = -0.000 s, min = 9223372036.855 s, total = 0.000 s
	PeriodicalRunner.RunFnPeriodically - 1 total (0 active), Execution time: mean = 442.100 us, total = 442.100 us, Queueing time: mean = 173.900 us, max = 173.900 us, min = 173.900 us, total = 173.900 us
Other Stats:
	gcs_grpc_in_progress:0
	event_aggregator_grpc_in_progress:0
	current number of task status events in buffer: 0
	current number of profile events in buffer: 0
	current number of dropped task attempts tracked: 0
	total task events sent: 0.0609493 MiB
	total number of task attempts sent: 187
	total number of task attempts dropped reported: 0
	total number of sent failure: 0
	num status task events dropped: 0
	num profile task events dropped: 0
	num ray task events reported to aggregator: 0
	num ray task events failed to report to aggregator: 0
	num of task attempts dropped reported to aggregator: 0
	num of failed requests to aggregator: 0

[2025-12-15 09:32:22,432 I 24700 25456] core_worker.cc:419: Event stats:


Global stats: 6220 total (8 active)
Queueing time: mean = 6.423 ms, max = 142.328 ms, min = -0.002 s, total = 39.951 s
Execution time:  mean = 14.746 ms, total = 91.719 s
Event stats:
	CoreWorker.RecoverObjects - 3869 total (1 active), Execution time: mean = 10.399 us, total = 40.236 ms, Queueing time: mean = 8.578 ms, max = 142.328 ms, min = -0.001 s, total = 33.187 s
	NodeManagerService.grpc_client.ReportWorkerBacklog.OnReplyReceived - 418 total (0 active), Execution time: mean = 21.258 us, total = 8.886 ms, Queueing time: mean = 129.067 us, max = 14.979 ms, min = 6.300 us, total = 53.950 ms
	CoreWorker.ExitIfParentRayletDies - 418 total (1 active), Execution time: mean = 76.724 us, total = 32.071 ms, Queueing time: mean = 6.648 ms, max = 29.055 ms, min = -0.001 s, total = 2.779 s
	NodeManagerService.grpc_client.ReportWorkerBacklog - 418 total (0 active), Execution time: mean = 1.070 ms, total = 447.373 ms, Queueing time: mean = 0.000 s, max = -0.000 s, min = 9223372036.855 s, total = 0.000 s
	CoreWorker.InternalHeartbeat - 418 total (1 active), Execution time: mean = 292.136 us, total = 122.113 ms, Queueing time: mean = 6.917 ms, max = 46.058 ms, min = -0.002 s, total = 2.891 s
	CoreWorkerService.grpc_server.PushTask.HandleRequestImpl - 177 total (0 active), Execution time: mean = 40.298 us, total = 7.133 ms, Queueing time: mean = 26.962 us, max = 406.500 us, min = 7.700 us, total = 4.772 ms
	CoreWorkerService.grpc_server.PushTask - 177 total (0 active), Execution time: mean = 513.996 ms, total = 90.977 s, Queueing time: mean = 0.000 s, max = -0.000 s, min = 9223372036.855 s, total = 0.000 s
	CoreWorker.RecordMetrics - 84 total (1 active), Execution time: mean = 174.205 us, total = 14.633 ms, Queueing time: mean = 7.708 ms, max = 22.770 ms, min = -0.000 s, total = 647.495 ms
	CoreWorkerService.grpc_server.ActorCallArgWaitComplete - 44 total (0 active), Execution time: mean = 172.686 us, total = 7.598 ms, Queueing time: mean = 0.000 s, max = -0.000 s, min = 9223372036.855 s, total = 0.000 s
	CoreWorkerService.grpc_server.ActorCallArgWaitComplete.HandleRequestImpl - 44 total (0 active), Execution time: mean = 50.341 us, total = 2.215 ms, Queueing time: mean = 40.080 us, max = 262.800 us, min = 7.700 us, total = 1.764 ms
	NodeManagerService.grpc_client.PinObjectIDs.OnReplyReceived - 44 total (0 active), Execution time: mean = 146.670 us, total = 6.454 ms, Queueing time: mean = 29.673 us, max = 418.200 us, min = 7.700 us, total = 1.306 ms
	NodeManagerService.grpc_client.PinObjectIDs - 44 total (0 active), Execution time: mean = 898.518 us, total = 39.535 ms, Queueing time: mean = 0.000 s, max = -0.000 s, min = 9223372036.855 s, total = 0.000 s
	CoreWorker.TryDelPendingObjectRefStreams - 42 total (1 active), Execution time: mean = 6.179 us, total = 259.500 us, Queueing time: mean = 7.264 ms, max = 16.171 ms, min = 9.300 us, total = 305.090 ms
	PeriodicalRunner.RunFnPeriodically - 7 total (0 active), Execution time: mean = 339.414 us, total = 2.376 ms, Queueing time: mean = 935.071 us, max = 2.359 ms, min = 33.900 us, total = 6.545 ms
	CoreWorker.PrintEventStats - 7 total (1 active, 1 running), Execution time: mean = 895.271 us, total = 6.267 ms, Queueing time: mean = 8.724 ms, max = 18.830 ms, min = -0.000 s, total = 61.065 ms
	Publisher.CheckDeadSubscribers - 2 total (1 active), Execution time: mean = 3.300 us, total = 6.600 us, Queueing time: mean = 4.113 ms, max = 8.226 ms, min = 8.226 ms, total = 8.226 ms
	ray::rpc::InternalPubSubGcsService.grpc_client.GcsSubscriberPoll - 1 total (1 active), Execution time: mean = 0.000 s, total = 0.000 s, Queueing time: mean = 0.000 s, max = -0.000 s, min = 9223372036.855 s, total = 0.000 s
	ray::rpc::InternalPubSubGcsService.grpc_client.GcsSubscriberCommandBatch.OnReplyReceived - 1 total (0 active), Execution time: mean = 622.300 us, total = 622.300 us, Queueing time: mean = 1.827 ms, max = 1.827 ms, min = 1.827 ms, total = 1.827 ms
	ray::rpc::NodeInfoGcsService.grpc_client.GetAllNodeInfo - 1 total (0 active), Execution time: mean = 793.200 us, total = 793.200 us, Queueing time: mean = 0.000 s, max = -0.000 s, min = 9223372036.855 s, total = 0.000 s
	ray::rpc::WorkerInfoGcsService.grpc_client.AddWorkerInfo - 1 total (0 active), Execution time: mean = 2.236 ms, total = 2.236 ms, Queueing time: mean = 0.000 s, max = -0.000 s, min = 9223372036.855 s, total = 0.000 s
	ray::rpc::NodeInfoGcsService.grpc_client.GetAllNodeInfo.OnReplyReceived - 1 total (0 active), Execution time: mean = 153.100 us, total = 153.100 us, Queueing time: mean = 137.400 us, max = 137.400 us, min = 137.400 us, total = 137.400 us
	ray::rpc::InternalPubSubGcsService.grpc_client.GcsSubscriberCommandBatch - 1 total (0 active), Execution time: mean = 908.800 us, total = 908.800 us, Queueing time: mean = 0.000 s, max = -0.000 s, min = 9223372036.855 s, total = 0.000 s
	ray::rpc::WorkerInfoGcsService.grpc_client.AddWorkerInfo.OnReplyReceived - 1 total (0 active), Execution time: mean = 22.900 us, total = 22.900 us, Queueing time: mean = 1.516 ms, max = 1.516 ms, min = 1.516 ms, total = 1.516 ms

-----------------
Task execution event stats:

Global stats: 20367 total (1 active)
Queueing time: mean = 10.718 ms, max = 11.880 s, min = -0.010 s, total = 218.294 s
Execution time:  mean = 4.486 ms, total = 91.368 s
Event stats:
	CoreWorker.CheckSignal - 20145 total (1 active), Execution time: mean = 23.640 us, total = 476.237 ms, Queueing time: mean = 10.835 ms, max = 11.880 s, min = -0.010 s, total = 218.280 s
	CoreWorker.HandlePushTaskActor - 176 total (0 active), Execution time: mean = 448.179 ms, total = 78.880 s, Queueing time: mean = 66.215 us, max = 6.030 ms, min = 5.100 us, total = 11.654 ms
	CoreWorker.ArgWaitComplete - 44 total (0 active), Execution time: mean = 2.797 ms, total = 123.067 ms, Queueing time: mean = 43.755 us, max = 252.000 us, min = 5.100 us, total = 1.925 ms
	PeriodicalRunner.RunFnPeriodically - 1 total (0 active), Execution time: mean = 38.700 us, total = 38.700 us, Queueing time: mean = 5.300 us, max = 5.300 us, min = 5.300 us, total = 5.300 us
	CoreWorker.HandlePushTask - 1 total (0 active), Execution time: mean = 11.889 s, total = 11.889 s, Queueing time: mean = 11.400 us, max = 11.400 us, min = 11.400 us, total = 11.400 us

-----------------
Task Event stats:

IO Service Stats:

Global stats: 1255 total (1 active)
Queueing time: mean = 2.336 ms, max = 43.590 ms, min = -0.001 s, total = 2.931 s
Execution time:  mean = 453.112 us, total = 568.655 ms
Event stats:
	CoreWorker.deadline_timer.flush_task_events - 418 total (1 active), Execution time: mean = 305.910 us, total = 127.870 ms, Queueing time: mean = 6.917 ms, max = 43.590 ms, min = -0.001 s, total = 2.891 s
	ray::rpc::TaskInfoGcsService.grpc_client.AddTaskEventData.OnReplyReceived - 418 total (0 active), Execution time: mean = 29.051 us, total = 12.143 ms, Queueing time: mean = 95.110 us, max = 7.221 ms, min = 5.400 us, total = 39.756 ms
	ray::rpc::TaskInfoGcsService.grpc_client.AddTaskEventData - 418 total (0 active), Execution time: mean = 1.024 ms, total = 428.200 ms, Queueing time: mean = 0.000 s, max = -0.000 s, min = 9223372036.855 s, total = 0.000 s
	PeriodicalRunner.RunFnPeriodically - 1 total (0 active), Execution time: mean = 442.100 us, total = 442.100 us, Queueing time: mean = 173.900 us, max = 173.900 us, min = 173.900 us, total = 173.900 us
Other Stats:
	gcs_grpc_in_progress:0
	event_aggregator_grpc_in_progress:0
	current number of task status events in buffer: 0
	current number of profile events in buffer: 0
	current number of dropped task attempts tracked: 0
	total task events sent: 0.0724859 MiB
	total number of task attempts sent: 223
	total number of task attempts dropped reported: 0
	total number of sent failure: 0
	num status task events dropped: 0
	num profile task events dropped: 0
	num ray task events reported to aggregator: 0
	num ray task events failed to report to aggregator: 0
	num of task attempts dropped reported to aggregator: 0
	num of failed requests to aggregator: 0

[2025-12-15 09:33:14,810 I 24700 25456] core_worker.cc:4084: Force kill actor request has received. exiting immediately... The actor is dead because it was killed by `ray.kill`.
[2025-12-15 09:33:14,811 W 24700 25456] core_worker.cc:744: Force exit the process.  Details: Worker exits because the actor is killed. The actor is dead because it was killed by `ray.kill`.
[2025-12-15 09:33:14,849 I 24700 25456] core_worker.cc:580: Sending disconnect message to the local raylet.
[2025-12-15 09:33:14,849 I 24700 25456] raylet_ipc_client.cc:113: RayletIpcClient::Disconnect, exit_type=INTENDED_SYSTEM_EXIT, exit_detail=Worker exits because the actor is killed. The actor is dead because it was killed by `ray.kill`., has creation_task_exception_pb_bytes=0
[2025-12-15 09:33:14,850 W 24700 25456] core_worker.cc:587: Failed to disconnect from the local raylet: IOError: Unknown error
