[2025-12-15 09:25:07,593 I 22556 22700] core_worker_process.cc:739: Constructing CoreWorkerProcess. pid: 22556
[2025-12-15 09:25:07,608 I 22556 22700] io_service_pool.cc:37: IOServicePool is running with 1 io_service.
[2025-12-15 09:25:07,616 I 22556 22700] event.cc:493: Ray Event initialized for CORE_WORKER
[2025-12-15 09:25:07,616 I 22556 22700] event.cc:493: Ray Event initialized for EXPORT_TASK
[2025-12-15 09:25:07,616 I 22556 22700] event.cc:326: Set ray event level to warning
[2025-12-15 09:25:07,617 I 22556 22700] event_aggregator_client.h:50: Initiating the local event aggregator client with port: 63644
[2025-12-15 09:25:07,622 I 22556 22700] grpc_server.cc:141: worker server started, listening on port 61195.
[2025-12-15 09:25:07,626 I 22556 22700] core_worker_process.cc:269: Initializing worker at address: 127.0.0.1:61195 worker_id=77a02fb9450732fbf4ce7cdcd4ea36b9c1e6b7504f19ab1ec6f6c82f node_id=d674d42f55fa1a681e48a93d8d758a51cc1e6752ad6d71107a5f34fe
[2025-12-15 09:25:07,629 I 22556 22700] task_event_buffer.cc:445: Reporting task events to GCS every 1000ms.
[2025-12-15 09:25:07,632 I 22556 24064] core_worker.cc:419: Event stats:


Global stats: 12 total (10 active)
Queueing time: mean = 70.000 us, max = 565.500 us, min = 274.500 us, total = 840.000 us
Execution time:  mean = 5.183 us, total = 62.200 us
Event stats:
	PeriodicalRunner.RunFnPeriodically - 7 total (5 active, 1 running), Execution time: mean = 8.886 us, total = 62.200 us, Queueing time: mean = 120.000 us, max = 565.500 us, min = 274.500 us, total = 840.000 us
	ray::rpc::WorkerInfoGcsService.grpc_client.AddWorkerInfo - 1 total (1 active), Execution time: mean = 0.000 s, total = 0.000 s, Queueing time: mean = 0.000 s, max = -0.000 s, min = 9223372036.855 s, total = 0.000 s
	Publisher.CheckDeadSubscribers - 1 total (1 active), Execution time: mean = 0.000 s, total = 0.000 s, Queueing time: mean = 0.000 s, max = -0.000 s, min = 9223372036.855 s, total = 0.000 s
	ray::rpc::InternalPubSubGcsService.grpc_client.GcsSubscriberCommandBatch - 1 total (1 active), Execution time: mean = 0.000 s, total = 0.000 s, Queueing time: mean = 0.000 s, max = -0.000 s, min = 9223372036.855 s, total = 0.000 s
	ray::rpc::InternalPubSubGcsService.grpc_client.GcsSubscriberPoll - 1 total (1 active), Execution time: mean = 0.000 s, total = 0.000 s, Queueing time: mean = 0.000 s, max = -0.000 s, min = 9223372036.855 s, total = 0.000 s
	CoreWorker.ExitIfParentRayletDies - 1 total (1 active), Execution time: mean = 0.000 s, total = 0.000 s, Queueing time: mean = 0.000 s, max = -0.000 s, min = 9223372036.855 s, total = 0.000 s

-----------------
Task execution event stats:

Global stats: 0 total (0 active)
Queueing time: mean = -nan(ind) s, max = -0.000 s, min = 9223372036.855 s, total = 0.000 s
Execution time:  mean = -nan(ind) s, total = 0.000 s
Event stats:

-----------------
Task Event stats:

IO Service Stats:

Global stats: 4 total (1 active)
Queueing time: mean = 9.200 us, max = 28.100 us, min = 8.700 us, total = 36.800 us
Execution time:  mean = 439.550 us, total = 1.758 ms
Event stats:
	ray::rpc::TaskInfoGcsService.grpc_client.AddTaskEventData - 1 total (0 active), Execution time: mean = 1.198 ms, total = 1.198 ms, Queueing time: mean = 0.000 s, max = -0.000 s, min = 9223372036.855 s, total = 0.000 s
	ray::rpc::TaskInfoGcsService.grpc_client.AddTaskEventData.OnReplyReceived - 1 total (0 active), Execution time: mean = 36.500 us, total = 36.500 us, Queueing time: mean = 8.700 us, max = 8.700 us, min = 8.700 us, total = 8.700 us
	CoreWorker.deadline_timer.flush_task_events - 1 total (1 active), Execution time: mean = 0.000 s, total = 0.000 s, Queueing time: mean = 0.000 s, max = -0.000 s, min = 9223372036.855 s, total = 0.000 s
	PeriodicalRunner.RunFnPeriodically - 1 total (0 active), Execution time: mean = 524.000 us, total = 524.000 us, Queueing time: mean = 28.100 us, max = 28.100 us, min = 28.100 us, total = 28.100 us
Other Stats:
	gcs_grpc_in_progress:0
	event_aggregator_grpc_in_progress:0
	current number of task status events in buffer: 0
	current number of profile events in buffer: 0
	current number of dropped task attempts tracked: 0
	total task events sent: 0 MiB
	total number of task attempts sent: 0
	total number of task attempts dropped reported: 0
	total number of sent failure: 0
	num status task events dropped: 0
	num profile task events dropped: 0
	num ray task events reported to aggregator: 0
	num ray task events failed to report to aggregator: 0
	num of task attempts dropped reported to aggregator: 0
	num of failed requests to aggregator: 0

[2025-12-15 09:25:07,634 I 22556 24064] accessor.cc:743: Received notification for node, IsAlive = 1 node_id=d674d42f55fa1a681e48a93d8d758a51cc1e6752ad6d71107a5f34fe
[2025-12-15 09:25:07,635 I 22556 24064] normal_task_submitter.cc:833: Number of alive nodes:1
[2025-12-15 09:25:09,057 I 22556 24064] core_worker.cc:653: Exit signal received, this process will exit after all outstanding tasks have finished, exit_type=INTENDED_SYSTEM_EXIT, detail=Worker exits because it was idle (it doesn't have objects it owns while no task or actor has been scheduled) for a long time.
[2025-12-15 09:25:09,057 I 22556 22700] core_worker.cc:689: Wait for currently executing tasks in the underlying thread pools to finish.
[2025-12-15 09:25:09,057 I 22556 22700] core_worker.cc:723: Releasing local references, then draining reference counter.
[2025-12-15 09:25:09,059 I 22556 22700] core_worker.cc:580: Sending disconnect message to the local raylet.
[2025-12-15 09:25:09,059 I 22556 22700] raylet_ipc_client.cc:113: RayletIpcClient::Disconnect, exit_type=INTENDED_SYSTEM_EXIT, exit_detail=Worker exits because it was idle (it doesn't have objects it owns while no task or actor has been scheduled) for a long time., has creation_task_exception_pb_bytes=0
[2025-12-15 09:25:09,059 I 22556 22700] core_worker.cc:585: Disconnected from the local raylet.
[2025-12-15 09:25:09,060 I 22556 22700] core_worker.cc:502: Shutting down.
[2025-12-15 09:25:09,060 I 22556 22700] task_event_buffer.cc:456: Shutting down TaskEventBuffer.
[2025-12-15 09:25:09,060 I 22556 16148] task_event_buffer.cc:424: Task event buffer io service stopped.
[2025-12-15 09:25:09,060 I 22556 22700] core_worker.cc:520: Waiting for joining a core worker io thread. If it hangs here, there might be deadlock or a high load in the core worker io service.
[2025-12-15 09:25:09,060 I 22556 24064] core_worker_process.cc:203: Core worker main io service stopped.
[2025-12-15 09:25:09,062 I 22556 22700] core_worker.cc:532: Disconnecting a GCS client.
[2025-12-15 09:25:09,062 I 22556 22700] core_worker.cc:539: Core worker ready to be deallocated.
[2025-12-15 09:25:09,062 I 22556 22700] core_worker_process.cc:892: Task execution loop terminated. Removing the global worker.
[2025-12-15 09:25:09,062 I 22556 22700] core_worker.cc:493: Core worker is destructed
[2025-12-15 09:25:09,062 I 22556 22700] task_event_buffer.cc:456: Shutting down TaskEventBuffer.
[2025-12-15 09:25:09,323 I 22556 22700] core_worker_process.cc:788: Destructing CoreWorkerProcessImpl. pid: 22556
[2025-12-15 09:25:09,323 I 22556 22700] io_service_pool.cc:49: IOServicePool is stopped.
[2025-12-15 09:25:09,674 I 22556 22700] stats.h:143: Stats module has shutdown.
[2025-12-15 09:25:09,709 W 22556 22700] core_worker_process.cc:802: The core worker process is not initialized yet or already shutdown.
