[2025-12-15 09:25:07,526 I 18232 18272] core_worker_process.cc:739: Constructing CoreWorkerProcess. pid: 18232
[2025-12-15 09:25:07,542 I 18232 18272] io_service_pool.cc:37: IOServicePool is running with 1 io_service.
[2025-12-15 09:25:07,551 I 18232 18272] event.cc:493: Ray Event initialized for CORE_WORKER
[2025-12-15 09:25:07,552 I 18232 18272] event.cc:493: Ray Event initialized for EXPORT_TASK
[2025-12-15 09:25:07,552 I 18232 18272] event.cc:326: Set ray event level to warning
[2025-12-15 09:25:07,552 I 18232 18272] event_aggregator_client.h:50: Initiating the local event aggregator client with port: 63644
[2025-12-15 09:25:07,563 I 18232 18272] grpc_server.cc:141: worker server started, listening on port 61179.
[2025-12-15 09:25:07,567 I 18232 18272] core_worker_process.cc:269: Initializing worker at address: 127.0.0.1:61179 worker_id=2c10499afc7efdaa9d443c61c5ab13144bc7798eea23fd068b054f7d node_id=d674d42f55fa1a681e48a93d8d758a51cc1e6752ad6d71107a5f34fe
[2025-12-15 09:25:07,572 I 18232 18272] task_event_buffer.cc:445: Reporting task events to GCS every 1000ms.
[2025-12-15 09:25:07,583 I 18232 5736] core_worker.cc:419: Event stats:


Global stats: 13 total (10 active)
Queueing time: mean = 4.708 us, max = 36.700 us, min = 24.500 us, total = 61.200 us
Execution time:  mean = 211.715 us, total = 2.752 ms
Event stats:
	PeriodicalRunner.RunFnPeriodically - 7 total (5 active, 1 running), Execution time: mean = 216.086 us, total = 1.513 ms, Queueing time: mean = 8.743 us, max = 36.700 us, min = 24.500 us, total = 61.200 us
	Publisher.CheckDeadSubscribers - 1 total (1 active), Execution time: mean = 0.000 s, total = 0.000 s, Queueing time: mean = 0.000 s, max = -0.000 s, min = 9223372036.855 s, total = 0.000 s
	ray::rpc::InternalPubSubGcsService.grpc_client.GcsSubscriberCommandBatch - 1 total (0 active), Execution time: mean = 1.240 ms, total = 1.240 ms, Queueing time: mean = 0.000 s, max = -0.000 s, min = 9223372036.855 s, total = 0.000 s
	CoreWorker.ExitIfParentRayletDies - 1 total (1 active), Execution time: mean = 0.000 s, total = 0.000 s, Queueing time: mean = 0.000 s, max = -0.000 s, min = 9223372036.855 s, total = 0.000 s
	ray::rpc::WorkerInfoGcsService.grpc_client.AddWorkerInfo - 1 total (1 active), Execution time: mean = 0.000 s, total = 0.000 s, Queueing time: mean = 0.000 s, max = -0.000 s, min = 9223372036.855 s, total = 0.000 s
	ray::rpc::InternalPubSubGcsService.grpc_client.GcsSubscriberCommandBatch.OnReplyReceived - 1 total (1 active), Execution time: mean = 0.000 s, total = 0.000 s, Queueing time: mean = 0.000 s, max = -0.000 s, min = 9223372036.855 s, total = 0.000 s
	ray::rpc::InternalPubSubGcsService.grpc_client.GcsSubscriberPoll - 1 total (1 active), Execution time: mean = 0.000 s, total = 0.000 s, Queueing time: mean = 0.000 s, max = -0.000 s, min = 9223372036.855 s, total = 0.000 s

-----------------
Task execution event stats:

Global stats: 0 total (0 active)
Queueing time: mean = -nan(ind) s, max = -0.000 s, min = 9223372036.855 s, total = 0.000 s
Execution time:  mean = -nan(ind) s, total = 0.000 s
Event stats:

-----------------
Task Event stats:

IO Service Stats:

Global stats: 4 total (1 active)
Queueing time: mean = 87.275 us, max = 337.200 us, min = 11.900 us, total = 349.100 us
Execution time:  mean = 2.028 ms, total = 8.112 ms
Event stats:
	CoreWorker.deadline_timer.flush_task_events - 1 total (1 active), Execution time: mean = 0.000 s, total = 0.000 s, Queueing time: mean = 0.000 s, max = -0.000 s, min = 9223372036.855 s, total = 0.000 s
	PeriodicalRunner.RunFnPeriodically - 1 total (0 active), Execution time: mean = 2.720 ms, total = 2.720 ms, Queueing time: mean = 337.200 us, max = 337.200 us, min = 337.200 us, total = 337.200 us
	ray::rpc::TaskInfoGcsService.grpc_client.AddTaskEventData - 1 total (0 active), Execution time: mean = 5.353 ms, total = 5.353 ms, Queueing time: mean = 0.000 s, max = -0.000 s, min = 9223372036.855 s, total = 0.000 s
	ray::rpc::TaskInfoGcsService.grpc_client.AddTaskEventData.OnReplyReceived - 1 total (0 active), Execution time: mean = 39.200 us, total = 39.200 us, Queueing time: mean = 11.900 us, max = 11.900 us, min = 11.900 us, total = 11.900 us
Other Stats:
	gcs_grpc_in_progress:0
	event_aggregator_grpc_in_progress:0
	current number of task status events in buffer: 0
	current number of profile events in buffer: 0
	current number of dropped task attempts tracked: 0
	total task events sent: 0 MiB
	total number of task attempts sent: 0
	total number of task attempts dropped reported: 0
	total number of sent failure: 0
	num status task events dropped: 0
	num profile task events dropped: 0
	num ray task events reported to aggregator: 0
	num ray task events failed to report to aggregator: 0
	num of task attempts dropped reported to aggregator: 0
	num of failed requests to aggregator: 0

[2025-12-15 09:25:07,590 I 18232 5736] accessor.cc:743: Received notification for node, IsAlive = 1 node_id=d674d42f55fa1a681e48a93d8d758a51cc1e6752ad6d71107a5f34fe
[2025-12-15 09:25:07,591 I 18232 5736] normal_task_submitter.cc:833: Number of alive nodes:1
[2025-12-15 09:25:19,688 W 18232 10264] metric_exporter.cc:105: [1] Export metrics to agent failed: RpcError: RPC Error message: failed to connect to all addresses; last error: UNAVAILABLE: ipv4:127.0.0.1:63644: Connection refused; RPC Error details:  rpc_code: 14. This won't affect Ray, but you can lose metrics from the cluster.
[2025-12-15 09:26:07,588 I 18232 5736] core_worker.cc:419: Event stats:


Global stats: 830 total (8 active)
Queueing time: mean = 6.785 ms, max = 26.238 ms, min = -0.001 s, total = 5.631 s
Execution time:  mean = 201.768 us, total = 167.468 ms
Event stats:
	CoreWorker.RecoverObjects - 554 total (1 active), Execution time: mean = 7.803 us, total = 4.323 ms, Queueing time: mean = 8.458 ms, max = 26.238 ms, min = -0.000 s, total = 4.686 s
	NodeManagerService.grpc_client.ReportWorkerBacklog.OnReplyReceived - 60 total (0 active), Execution time: mean = 25.750 us, total = 1.545 ms, Queueing time: mean = 63.498 us, max = 2.030 ms, min = 8.300 us, total = 3.810 ms
	CoreWorker.ExitIfParentRayletDies - 60 total (1 active), Execution time: mean = 58.473 us, total = 3.508 ms, Queueing time: mean = 6.960 ms, max = 15.765 ms, min = -0.001 s, total = 417.607 ms
	NodeManagerService.grpc_client.ReportWorkerBacklog - 60 total (0 active), Execution time: mean = 1.125 ms, total = 67.482 ms, Queueing time: mean = 0.000 s, max = -0.000 s, min = 9223372036.855 s, total = 0.000 s
	CoreWorker.InternalHeartbeat - 60 total (1 active), Execution time: mean = 257.863 us, total = 15.472 ms, Queueing time: mean = 6.705 ms, max = 15.635 ms, min = -0.000 s, total = 402.285 ms
	CoreWorker.RecordMetrics - 12 total (1 active), Execution time: mean = 101.175 us, total = 1.214 ms, Queueing time: mean = 4.042 ms, max = 14.873 ms, min = -0.000 s, total = 48.504 ms
	PeriodicalRunner.RunFnPeriodically - 7 total (0 active), Execution time: mean = 1.245 ms, total = 8.713 ms, Queueing time: mean = 2.440 ms, max = 8.048 ms, min = 24.500 us, total = 17.079 ms
	CoreWorker.TryDelPendingObjectRefStreams - 6 total (1 active), Execution time: mean = 10.000 us, total = 60.000 us, Queueing time: mean = 7.799 ms, max = 15.294 ms, min = 307.900 us, total = 46.796 ms
	ray::rpc::InternalPubSubGcsService.grpc_client.GcsSubscriberPoll - 1 total (1 active), Execution time: mean = 0.000 s, total = 0.000 s, Queueing time: mean = 0.000 s, max = -0.000 s, min = 9223372036.855 s, total = 0.000 s
	CoreWorkerService.grpc_server.PushTask.HandleRequestImpl - 1 total (0 active), Execution time: mean = 1.354 ms, total = 1.354 ms, Queueing time: mean = 12.900 us, max = 12.900 us, min = 12.900 us, total = 12.900 us
	CoreWorkerService.grpc_server.PushTask - 1 total (0 active), Execution time: mean = 51.040 ms, total = 51.040 ms, Queueing time: mean = 0.000 s, max = -0.000 s, min = 9223372036.855 s, total = 0.000 s
	ray::rpc::InternalPubSubGcsService.grpc_client.GcsSubscriberCommandBatch.OnReplyReceived - 1 total (0 active), Execution time: mean = 268.800 us, total = 268.800 us, Queueing time: mean = 7.211 ms, max = 7.211 ms, min = 7.211 ms, total = 7.211 ms
	ray::rpc::NodeInfoGcsService.grpc_client.GetAllNodeInfo - 1 total (0 active), Execution time: mean = 655.800 us, total = 655.800 us, Queueing time: mean = 0.000 s, max = -0.000 s, min = 9223372036.855 s, total = 0.000 s
	ray::rpc::WorkerInfoGcsService.grpc_client.AddWorkerInfo - 1 total (0 active), Execution time: mean = 9.258 ms, total = 9.258 ms, Queueing time: mean = 0.000 s, max = -0.000 s, min = 9223372036.855 s, total = 0.000 s
	ray::rpc::NodeInfoGcsService.grpc_client.GetAllNodeInfo.OnReplyReceived - 1 total (0 active), Execution time: mean = 1.306 ms, total = 1.306 ms, Queueing time: mean = 18.600 us, max = 18.600 us, min = 18.600 us, total = 18.600 us
	Publisher.CheckDeadSubscribers - 1 total (1 active), Execution time: mean = 0.000 s, total = 0.000 s, Queueing time: mean = 0.000 s, max = -0.000 s, min = 9223372036.855 s, total = 0.000 s
	CoreWorker.PrintEventStats - 1 total (1 active, 1 running), Execution time: mean = 0.000 s, total = 0.000 s, Queueing time: mean = 0.000 s, max = -0.000 s, min = 9223372036.855 s, total = 0.000 s
	ray::rpc::InternalPubSubGcsService.grpc_client.GcsSubscriberCommandBatch - 1 total (0 active), Execution time: mean = 1.240 ms, total = 1.240 ms, Queueing time: mean = 0.000 s, max = -0.000 s, min = 9223372036.855 s, total = 0.000 s
	ray::rpc::WorkerInfoGcsService.grpc_client.AddWorkerInfo.OnReplyReceived - 1 total (0 active), Execution time: mean = 27.200 us, total = 27.200 us, Queueing time: mean = 2.271 ms, max = 2.271 ms, min = 2.271 ms, total = 2.271 ms

-----------------
Task execution event stats:

Global stats: 3660 total (1 active)
Queueing time: mean = 6.384 ms, max = 51.950 ms, min = -0.000 s, total = 23.367 s
Execution time:  mean = 34.632 us, total = 126.751 ms
Event stats:
	CoreWorker.CheckSignal - 3658 total (1 active), Execution time: mean = 21.074 us, total = 77.090 ms, Queueing time: mean = 6.388 ms, max = 51.950 ms, min = -0.000 s, total = 23.367 s
	PeriodicalRunner.RunFnPeriodically - 1 total (0 active), Execution time: mean = 273.800 us, total = 273.800 us, Queueing time: mean = 8.800 us, max = 8.800 us, min = 8.800 us, total = 8.800 us
	CoreWorker.HandlePushTask - 1 total (0 active), Execution time: mean = 49.388 ms, total = 49.388 ms, Queueing time: mean = 53.800 us, max = 53.800 us, min = 53.800 us, total = 53.800 us

-----------------
Task Event stats:

IO Service Stats:

Global stats: 181 total (1 active)
Queueing time: mean = 2.264 ms, max = 15.515 ms, min = -0.000 s, total = 409.746 ms
Execution time:  mean = 696.428 us, total = 126.053 ms
Event stats:
	CoreWorker.deadline_timer.flush_task_events - 60 total (1 active), Execution time: mean = 338.250 us, total = 20.295 ms, Queueing time: mean = 6.794 ms, max = 15.515 ms, min = -0.000 s, total = 407.652 ms
	ray::rpc::TaskInfoGcsService.grpc_client.AddTaskEventData - 60 total (0 active), Execution time: mean = 1.689 ms, total = 101.334 ms, Queueing time: mean = 0.000 s, max = -0.000 s, min = 9223372036.855 s, total = 0.000 s
	ray::rpc::TaskInfoGcsService.grpc_client.AddTaskEventData.OnReplyReceived - 60 total (0 active), Execution time: mean = 28.415 us, total = 1.705 ms, Queueing time: mean = 29.278 us, max = 345.100 us, min = 6.900 us, total = 1.757 ms
	PeriodicalRunner.RunFnPeriodically - 1 total (0 active), Execution time: mean = 2.720 ms, total = 2.720 ms, Queueing time: mean = 337.200 us, max = 337.200 us, min = 337.200 us, total = 337.200 us
Other Stats:
	gcs_grpc_in_progress:0
	event_aggregator_grpc_in_progress:0
	current number of task status events in buffer: 0
	current number of profile events in buffer: 0
	current number of dropped task attempts tracked: 0
	total task events sent: 0.00073719 MiB
	total number of task attempts sent: 1
	total number of task attempts dropped reported: 0
	total number of sent failure: 0
	num status task events dropped: 0
	num profile task events dropped: 0
	num ray task events reported to aggregator: 0
	num ray task events failed to report to aggregator: 0
	num of task attempts dropped reported to aggregator: 0
	num of failed requests to aggregator: 0

[2025-12-15 09:27:07,600 I 18232 5736] core_worker.cc:419: Event stats:


Global stats: 1641 total (8 active)
Queueing time: mean = 7.014 ms, max = 26.238 ms, min = -0.001 s, total = 11.510 s
Execution time:  mean = 144.114 us, total = 236.491 ms
Event stats:
	CoreWorker.RecoverObjects - 1106 total (1 active), Execution time: mean = 7.827 us, total = 8.657 ms, Queueing time: mean = 8.571 ms, max = 26.238 ms, min = -0.001 s, total = 9.480 s
	NodeManagerService.grpc_client.ReportWorkerBacklog.OnReplyReceived - 120 total (0 active), Execution time: mean = 22.626 us, total = 2.715 ms, Queueing time: mean = 49.292 us, max = 2.030 ms, min = 6.100 us, total = 5.915 ms
	CoreWorker.ExitIfParentRayletDies - 120 total (1 active), Execution time: mean = 55.047 us, total = 6.606 ms, Queueing time: mean = 7.177 ms, max = 18.230 ms, min = -0.001 s, total = 861.191 ms
	NodeManagerService.grpc_client.ReportWorkerBacklog - 120 total (0 active), Execution time: mean = 921.566 us, total = 110.588 ms, Queueing time: mean = 0.000 s, max = -0.000 s, min = 9223372036.855 s, total = 0.000 s
	CoreWorker.InternalHeartbeat - 120 total (1 active), Execution time: mean = 260.373 us, total = 31.245 ms, Queueing time: mean = 6.942 ms, max = 18.008 ms, min = -0.000 s, total = 833.036 ms
	CoreWorker.RecordMetrics - 24 total (1 active), Execution time: mean = 78.079 us, total = 1.874 ms, Queueing time: mean = 7.989 ms, max = 19.793 ms, min = -0.000 s, total = 191.733 ms
	CoreWorker.TryDelPendingObjectRefStreams - 12 total (1 active), Execution time: mean = 11.333 us, total = 136.000 us, Queueing time: mean = 8.945 ms, max = 16.108 ms, min = 121.200 us, total = 107.341 ms
	PeriodicalRunner.RunFnPeriodically - 7 total (0 active), Execution time: mean = 1.245 ms, total = 8.713 ms, Queueing time: mean = 2.440 ms, max = 8.048 ms, min = 24.500 us, total = 17.079 ms
	CoreWorker.PrintEventStats - 2 total (1 active, 1 running), Execution time: mean = 404.000 us, total = 808.000 us, Queueing time: mean = 2.439 ms, max = 4.877 ms, min = 4.877 ms, total = 4.877 ms
	ray::rpc::InternalPubSubGcsService.grpc_client.GcsSubscriberPoll - 1 total (1 active), Execution time: mean = 0.000 s, total = 0.000 s, Queueing time: mean = 0.000 s, max = -0.000 s, min = 9223372036.855 s, total = 0.000 s
	CoreWorkerService.grpc_server.PushTask.HandleRequestImpl - 1 total (0 active), Execution time: mean = 1.354 ms, total = 1.354 ms, Queueing time: mean = 12.900 us, max = 12.900 us, min = 12.900 us, total = 12.900 us
	CoreWorkerService.grpc_server.PushTask - 1 total (0 active), Execution time: mean = 51.040 ms, total = 51.040 ms, Queueing time: mean = 0.000 s, max = -0.000 s, min = 9223372036.855 s, total = 0.000 s
	ray::rpc::InternalPubSubGcsService.grpc_client.GcsSubscriberCommandBatch.OnReplyReceived - 1 total (0 active), Execution time: mean = 268.800 us, total = 268.800 us, Queueing time: mean = 7.211 ms, max = 7.211 ms, min = 7.211 ms, total = 7.211 ms
	ray::rpc::NodeInfoGcsService.grpc_client.GetAllNodeInfo - 1 total (0 active), Execution time: mean = 655.800 us, total = 655.800 us, Queueing time: mean = 0.000 s, max = -0.000 s, min = 9223372036.855 s, total = 0.000 s
	ray::rpc::WorkerInfoGcsService.grpc_client.AddWorkerInfo - 1 total (0 active), Execution time: mean = 9.258 ms, total = 9.258 ms, Queueing time: mean = 0.000 s, max = -0.000 s, min = 9223372036.855 s, total = 0.000 s
	ray::rpc::NodeInfoGcsService.grpc_client.GetAllNodeInfo.OnReplyReceived - 1 total (0 active), Execution time: mean = 1.306 ms, total = 1.306 ms, Queueing time: mean = 18.600 us, max = 18.600 us, min = 18.600 us, total = 18.600 us
	Publisher.CheckDeadSubscribers - 1 total (1 active), Execution time: mean = 0.000 s, total = 0.000 s, Queueing time: mean = 0.000 s, max = -0.000 s, min = 9223372036.855 s, total = 0.000 s
	ray::rpc::InternalPubSubGcsService.grpc_client.GcsSubscriberCommandBatch - 1 total (0 active), Execution time: mean = 1.240 ms, total = 1.240 ms, Queueing time: mean = 0.000 s, max = -0.000 s, min = 9223372036.855 s, total = 0.000 s
	ray::rpc::WorkerInfoGcsService.grpc_client.AddWorkerInfo.OnReplyReceived - 1 total (0 active), Execution time: mean = 27.200 us, total = 27.200 us, Queueing time: mean = 2.271 ms, max = 2.271 ms, min = 2.271 ms, total = 2.271 ms

-----------------
Task execution event stats:

Global stats: 7329 total (1 active)
Queueing time: mean = 6.362 ms, max = 51.950 ms, min = -0.000 s, total = 46.627 s
Execution time:  mean = 28.253 us, total = 207.064 ms
Event stats:
	CoreWorker.CheckSignal - 7327 total (1 active), Execution time: mean = 21.482 us, total = 157.402 ms, Queueing time: mean = 6.364 ms, max = 51.950 ms, min = -0.000 s, total = 46.627 s
	PeriodicalRunner.RunFnPeriodically - 1 total (0 active), Execution time: mean = 273.800 us, total = 273.800 us, Queueing time: mean = 8.800 us, max = 8.800 us, min = 8.800 us, total = 8.800 us
	CoreWorker.HandlePushTask - 1 total (0 active), Execution time: mean = 49.388 ms, total = 49.388 ms, Queueing time: mean = 53.800 us, max = 53.800 us, min = 53.800 us, total = 53.800 us

-----------------
Task Event stats:

IO Service Stats:

Global stats: 361 total (1 active)
Queueing time: mean = 2.326 ms, max = 18.330 ms, min = -0.001 s, total = 839.597 ms
Execution time:  mean = 540.766 us, total = 195.217 ms
Event stats:
	CoreWorker.deadline_timer.flush_task_events - 120 total (1 active), Execution time: mean = 324.919 us, total = 38.990 ms, Queueing time: mean = 6.964 ms, max = 18.330 ms, min = -0.001 s, total = 835.691 ms
	ray::rpc::TaskInfoGcsService.grpc_client.AddTaskEventData - 120 total (0 active), Execution time: mean = 1.252 ms, total = 150.215 ms, Queueing time: mean = 0.000 s, max = -0.000 s, min = 9223372036.855 s, total = 0.000 s
	ray::rpc::TaskInfoGcsService.grpc_client.AddTaskEventData.OnReplyReceived - 120 total (0 active), Execution time: mean = 27.429 us, total = 3.292 ms, Queueing time: mean = 29.743 us, max = 345.100 us, min = 6.600 us, total = 3.569 ms
	PeriodicalRunner.RunFnPeriodically - 1 total (0 active), Execution time: mean = 2.720 ms, total = 2.720 ms, Queueing time: mean = 337.200 us, max = 337.200 us, min = 337.200 us, total = 337.200 us
Other Stats:
	gcs_grpc_in_progress:0
	event_aggregator_grpc_in_progress:0
	current number of task status events in buffer: 0
	current number of profile events in buffer: 0
	current number of dropped task attempts tracked: 0
	total task events sent: 0.00073719 MiB
	total number of task attempts sent: 1
	total number of task attempts dropped reported: 0
	total number of sent failure: 0
	num status task events dropped: 0
	num profile task events dropped: 0
	num ray task events reported to aggregator: 0
	num ray task events failed to report to aggregator: 0
	num of task attempts dropped reported to aggregator: 0
	num of failed requests to aggregator: 0

[2025-12-15 09:28:07,617 I 18232 5736] core_worker.cc:419: Event stats:


Global stats: 2447 total (8 active)
Queueing time: mean = 7.158 ms, max = 99.343 ms, min = -0.001 s, total = 17.514 s
Execution time:  mean = 146.370 us, total = 358.168 ms
Event stats:
	CoreWorker.RecoverObjects - 1657 total (1 active), Execution time: mean = 8.218 us, total = 13.618 ms, Queueing time: mean = 8.645 ms, max = 84.257 ms, min = -0.001 s, total = 14.325 s
	NodeManagerService.grpc_client.ReportWorkerBacklog.OnReplyReceived - 179 total (0 active), Execution time: mean = 24.066 us, total = 4.308 ms, Queueing time: mean = 610.337 us, max = 99.343 ms, min = 6.100 us, total = 109.250 ms
	CoreWorker.ExitIfParentRayletDies - 179 total (1 active), Execution time: mean = 56.070 us, total = 10.037 ms, Queueing time: mean = 7.208 ms, max = 21.907 ms, min = -0.001 s, total = 1.290 s
	NodeManagerService.grpc_client.ReportWorkerBacklog - 179 total (0 active), Execution time: mean = 1.078 ms, total = 192.955 ms, Queueing time: mean = 0.000 s, max = -0.000 s, min = 9223372036.855 s, total = 0.000 s
	CoreWorker.InternalHeartbeat - 179 total (1 active), Execution time: mean = 331.266 us, total = 59.297 ms, Queueing time: mean = 7.190 ms, max = 33.193 ms, min = -0.000 s, total = 1.287 s
	CoreWorker.RecordMetrics - 36 total (1 active), Execution time: mean = 69.044 us, total = 2.486 ms, Queueing time: mean = 8.010 ms, max = 19.793 ms, min = -0.000 s, total = 288.372 ms
	CoreWorker.TryDelPendingObjectRefStreams - 18 total (1 active), Execution time: mean = 10.822 us, total = 194.800 us, Queueing time: mean = 9.577 ms, max = 16.108 ms, min = 121.200 us, total = 172.392 ms
	PeriodicalRunner.RunFnPeriodically - 7 total (0 active), Execution time: mean = 1.245 ms, total = 8.713 ms, Queueing time: mean = 2.440 ms, max = 8.048 ms, min = 24.500 us, total = 17.079 ms
	CoreWorker.PrintEventStats - 3 total (1 active, 1 running), Execution time: mean = 470.367 us, total = 1.411 ms, Queueing time: mean = 5.211 ms, max = 10.757 ms, min = 4.877 ms, total = 15.634 ms
	ray::rpc::InternalPubSubGcsService.grpc_client.GcsSubscriberPoll - 1 total (1 active), Execution time: mean = 0.000 s, total = 0.000 s, Queueing time: mean = 0.000 s, max = -0.000 s, min = 9223372036.855 s, total = 0.000 s
	CoreWorkerService.grpc_server.PushTask.HandleRequestImpl - 1 total (0 active), Execution time: mean = 1.354 ms, total = 1.354 ms, Queueing time: mean = 12.900 us, max = 12.900 us, min = 12.900 us, total = 12.900 us
	CoreWorkerService.grpc_server.PushTask - 1 total (0 active), Execution time: mean = 51.040 ms, total = 51.040 ms, Queueing time: mean = 0.000 s, max = -0.000 s, min = 9223372036.855 s, total = 0.000 s
	ray::rpc::InternalPubSubGcsService.grpc_client.GcsSubscriberCommandBatch.OnReplyReceived - 1 total (0 active), Execution time: mean = 268.800 us, total = 268.800 us, Queueing time: mean = 7.211 ms, max = 7.211 ms, min = 7.211 ms, total = 7.211 ms
	ray::rpc::NodeInfoGcsService.grpc_client.GetAllNodeInfo - 1 total (0 active), Execution time: mean = 655.800 us, total = 655.800 us, Queueing time: mean = 0.000 s, max = -0.000 s, min = 9223372036.855 s, total = 0.000 s
	ray::rpc::WorkerInfoGcsService.grpc_client.AddWorkerInfo - 1 total (0 active), Execution time: mean = 9.258 ms, total = 9.258 ms, Queueing time: mean = 0.000 s, max = -0.000 s, min = 9223372036.855 s, total = 0.000 s
	ray::rpc::NodeInfoGcsService.grpc_client.GetAllNodeInfo.OnReplyReceived - 1 total (0 active), Execution time: mean = 1.306 ms, total = 1.306 ms, Queueing time: mean = 18.600 us, max = 18.600 us, min = 18.600 us, total = 18.600 us
	Publisher.CheckDeadSubscribers - 1 total (1 active), Execution time: mean = 0.000 s, total = 0.000 s, Queueing time: mean = 0.000 s, max = -0.000 s, min = 9223372036.855 s, total = 0.000 s
	ray::rpc::InternalPubSubGcsService.grpc_client.GcsSubscriberCommandBatch - 1 total (0 active), Execution time: mean = 1.240 ms, total = 1.240 ms, Queueing time: mean = 0.000 s, max = -0.000 s, min = 9223372036.855 s, total = 0.000 s
	ray::rpc::WorkerInfoGcsService.grpc_client.AddWorkerInfo.OnReplyReceived - 1 total (0 active), Execution time: mean = 27.200 us, total = 27.200 us, Queueing time: mean = 2.271 ms, max = 2.271 ms, min = 2.271 ms, total = 2.271 ms

-----------------
Task execution event stats:

Global stats: 10926 total (1 active)
Queueing time: mean = 6.463 ms, max = 137.447 ms, min = -0.000 s, total = 70.613 s
Execution time:  mean = 26.081 us, total = 284.959 ms
Event stats:
	CoreWorker.CheckSignal - 10924 total (1 active), Execution time: mean = 21.539 us, total = 235.297 ms, Queueing time: mean = 6.464 ms, max = 137.447 ms, min = -0.000 s, total = 70.613 s
	PeriodicalRunner.RunFnPeriodically - 1 total (0 active), Execution time: mean = 273.800 us, total = 273.800 us, Queueing time: mean = 8.800 us, max = 8.800 us, min = 8.800 us, total = 8.800 us
	CoreWorker.HandlePushTask - 1 total (0 active), Execution time: mean = 49.388 ms, total = 49.388 ms, Queueing time: mean = 53.800 us, max = 53.800 us, min = 53.800 us, total = 53.800 us

-----------------
Task Event stats:

IO Service Stats:

Global stats: 538 total (1 active)
Queueing time: mean = 2.481 ms, max = 34.540 ms, min = -0.001 s, total = 1.335 s
Execution time:  mean = 700.899 us, total = 377.084 ms
Event stats:
	CoreWorker.deadline_timer.flush_task_events - 179 total (1 active), Execution time: mean = 370.789 us, total = 66.371 ms, Queueing time: mean = 7.123 ms, max = 34.540 ms, min = -0.001 s, total = 1.275 s
	ray::rpc::TaskInfoGcsService.grpc_client.AddTaskEventData - 179 total (0 active), Execution time: mean = 1.694 ms, total = 303.168 ms, Queueing time: mean = 0.000 s, max = -0.000 s, min = 9223372036.855 s, total = 0.000 s
	ray::rpc::TaskInfoGcsService.grpc_client.AddTaskEventData.OnReplyReceived - 179 total (0 active), Execution time: mean = 26.955 us, total = 4.825 ms, Queueing time: mean = 332.720 us, max = 16.919 ms, min = 6.200 us, total = 59.557 ms
	PeriodicalRunner.RunFnPeriodically - 1 total (0 active), Execution time: mean = 2.720 ms, total = 2.720 ms, Queueing time: mean = 337.200 us, max = 337.200 us, min = 337.200 us, total = 337.200 us
Other Stats:
	gcs_grpc_in_progress:0
	event_aggregator_grpc_in_progress:0
	current number of task status events in buffer: 0
	current number of profile events in buffer: 0
	current number of dropped task attempts tracked: 0
	total task events sent: 0.00073719 MiB
	total number of task attempts sent: 1
	total number of task attempts dropped reported: 0
	total number of sent failure: 0
	num status task events dropped: 0
	num profile task events dropped: 0
	num ray task events reported to aggregator: 0
	num ray task events failed to report to aggregator: 0
	num of task attempts dropped reported to aggregator: 0
	num of failed requests to aggregator: 0

[2025-12-15 09:29:07,624 I 18232 5736] core_worker.cc:419: Event stats:


Global stats: 3260 total (8 active)
Queueing time: mean = 7.116 ms, max = 99.343 ms, min = -0.001 s, total = 23.199 s
Execution time:  mean = 137.660 us, total = 448.771 ms
Event stats:
	CoreWorker.RecoverObjects - 2211 total (1 active), Execution time: mean = 8.488 us, total = 18.766 ms, Queueing time: mean = 8.563 ms, max = 84.257 ms, min = -0.001 s, total = 18.934 s
	NodeManagerService.grpc_client.ReportWorkerBacklog.OnReplyReceived - 239 total (0 active), Execution time: mean = 33.754 us, total = 8.067 ms, Queueing time: mean = 480.905 us, max = 99.343 ms, min = 6.100 us, total = 114.936 ms
	CoreWorker.ExitIfParentRayletDies - 239 total (1 active), Execution time: mean = 55.435 us, total = 13.249 ms, Queueing time: mean = 7.294 ms, max = 21.907 ms, min = -0.001 s, total = 1.743 s
	NodeManagerService.grpc_client.ReportWorkerBacklog - 239 total (0 active), Execution time: mean = 1.035 ms, total = 247.339 ms, Queueing time: mean = 0.000 s, max = -0.000 s, min = 9223372036.855 s, total = 0.000 s
	CoreWorker.InternalHeartbeat - 239 total (1 active), Execution time: mean = 326.736 us, total = 78.090 ms, Queueing time: mean = 7.443 ms, max = 33.193 ms, min = -0.000 s, total = 1.779 s
	CoreWorker.RecordMetrics - 48 total (1 active), Execution time: mean = 90.915 us, total = 4.364 ms, Queueing time: mean = 7.647 ms, max = 19.793 ms, min = -0.000 s, total = 367.051 ms
	CoreWorker.TryDelPendingObjectRefStreams - 24 total (1 active), Execution time: mean = 10.492 us, total = 251.800 us, Queueing time: mean = 8.547 ms, max = 16.867 ms, min = -0.000 s, total = 205.122 ms
	PeriodicalRunner.RunFnPeriodically - 7 total (0 active), Execution time: mean = 1.245 ms, total = 8.713 ms, Queueing time: mean = 2.440 ms, max = 8.048 ms, min = 24.500 us, total = 17.079 ms
	CoreWorker.PrintEventStats - 4 total (1 active, 1 running), Execution time: mean = 1.195 ms, total = 4.781 ms, Queueing time: mean = 7.401 ms, max = 13.970 ms, min = 4.877 ms, total = 29.604 ms
	ray::rpc::InternalPubSubGcsService.grpc_client.GcsSubscriberPoll - 1 total (1 active), Execution time: mean = 0.000 s, total = 0.000 s, Queueing time: mean = 0.000 s, max = -0.000 s, min = 9223372036.855 s, total = 0.000 s
	CoreWorkerService.grpc_server.PushTask.HandleRequestImpl - 1 total (0 active), Execution time: mean = 1.354 ms, total = 1.354 ms, Queueing time: mean = 12.900 us, max = 12.900 us, min = 12.900 us, total = 12.900 us
	CoreWorkerService.grpc_server.PushTask - 1 total (0 active), Execution time: mean = 51.040 ms, total = 51.040 ms, Queueing time: mean = 0.000 s, max = -0.000 s, min = 9223372036.855 s, total = 0.000 s
	ray::rpc::InternalPubSubGcsService.grpc_client.GcsSubscriberCommandBatch.OnReplyReceived - 1 total (0 active), Execution time: mean = 268.800 us, total = 268.800 us, Queueing time: mean = 7.211 ms, max = 7.211 ms, min = 7.211 ms, total = 7.211 ms
	ray::rpc::NodeInfoGcsService.grpc_client.GetAllNodeInfo - 1 total (0 active), Execution time: mean = 655.800 us, total = 655.800 us, Queueing time: mean = 0.000 s, max = -0.000 s, min = 9223372036.855 s, total = 0.000 s
	ray::rpc::WorkerInfoGcsService.grpc_client.AddWorkerInfo - 1 total (0 active), Execution time: mean = 9.258 ms, total = 9.258 ms, Queueing time: mean = 0.000 s, max = -0.000 s, min = 9223372036.855 s, total = 0.000 s
	ray::rpc::NodeInfoGcsService.grpc_client.GetAllNodeInfo.OnReplyReceived - 1 total (0 active), Execution time: mean = 1.306 ms, total = 1.306 ms, Queueing time: mean = 18.600 us, max = 18.600 us, min = 18.600 us, total = 18.600 us
	Publisher.CheckDeadSubscribers - 1 total (1 active), Execution time: mean = 0.000 s, total = 0.000 s, Queueing time: mean = 0.000 s, max = -0.000 s, min = 9223372036.855 s, total = 0.000 s
	ray::rpc::InternalPubSubGcsService.grpc_client.GcsSubscriberCommandBatch - 1 total (0 active), Execution time: mean = 1.240 ms, total = 1.240 ms, Queueing time: mean = 0.000 s, max = -0.000 s, min = 9223372036.855 s, total = 0.000 s
	ray::rpc::WorkerInfoGcsService.grpc_client.AddWorkerInfo.OnReplyReceived - 1 total (0 active), Execution time: mean = 27.200 us, total = 27.200 us, Queueing time: mean = 2.271 ms, max = 2.271 ms, min = 2.271 ms, total = 2.271 ms

-----------------
Task execution event stats:

Global stats: 14550 total (1 active)
Queueing time: mean = 6.482 ms, max = 137.447 ms, min = -0.001 s, total = 94.312 s
Execution time:  mean = 26.002 us, total = 378.324 ms
Event stats:
	CoreWorker.CheckSignal - 14548 total (1 active), Execution time: mean = 22.592 us, total = 328.662 ms, Queueing time: mean = 6.483 ms, max = 137.447 ms, min = -0.001 s, total = 94.312 s
	PeriodicalRunner.RunFnPeriodically - 1 total (0 active), Execution time: mean = 273.800 us, total = 273.800 us, Queueing time: mean = 8.800 us, max = 8.800 us, min = 8.800 us, total = 8.800 us
	CoreWorker.HandlePushTask - 1 total (0 active), Execution time: mean = 49.388 ms, total = 49.388 ms, Queueing time: mean = 53.800 us, max = 53.800 us, min = 53.800 us, total = 53.800 us

-----------------
Task Event stats:

IO Service Stats:

Global stats: 718 total (1 active)
Queueing time: mean = 2.565 ms, max = 34.540 ms, min = -0.001 s, total = 1.842 s
Execution time:  mean = 649.574 us, total = 466.394 ms
Event stats:
	CoreWorker.deadline_timer.flush_task_events - 239 total (1 active), Execution time: mean = 377.356 us, total = 90.188 ms, Queueing time: mean = 7.438 ms, max = 34.540 ms, min = -0.001 s, total = 1.778 s
	ray::rpc::TaskInfoGcsService.grpc_client.AddTaskEventData - 239 total (0 active), Execution time: mean = 1.532 ms, total = 366.134 ms, Queueing time: mean = 0.000 s, max = -0.000 s, min = 9223372036.855 s, total = 0.000 s
	ray::rpc::TaskInfoGcsService.grpc_client.AddTaskEventData.OnReplyReceived - 239 total (0 active), Execution time: mean = 30.765 us, total = 7.353 ms, Queueing time: mean = 267.200 us, max = 16.919 ms, min = 6.200 us, total = 63.861 ms
	PeriodicalRunner.RunFnPeriodically - 1 total (0 active), Execution time: mean = 2.720 ms, total = 2.720 ms, Queueing time: mean = 337.200 us, max = 337.200 us, min = 337.200 us, total = 337.200 us
Other Stats:
	gcs_grpc_in_progress:0
	event_aggregator_grpc_in_progress:0
	current number of task status events in buffer: 0
	current number of profile events in buffer: 0
	current number of dropped task attempts tracked: 0
	total task events sent: 0.00073719 MiB
	total number of task attempts sent: 1
	total number of task attempts dropped reported: 0
	total number of sent failure: 0
	num status task events dropped: 0
	num profile task events dropped: 0
	num ray task events reported to aggregator: 0
	num ray task events failed to report to aggregator: 0
	num of task attempts dropped reported to aggregator: 0
	num of failed requests to aggregator: 0

[2025-12-15 09:30:07,640 I 18232 5736] core_worker.cc:419: Event stats:


Global stats: 4069 total (8 active)
Queueing time: mean = 7.105 ms, max = 99.343 ms, min = -0.001 s, total = 28.911 s
Execution time:  mean = 127.501 us, total = 518.802 ms
Event stats:
	CoreWorker.RecoverObjects - 2764 total (1 active), Execution time: mean = 8.269 us, total = 22.857 ms, Queueing time: mean = 8.578 ms, max = 84.257 ms, min = -0.001 s, total = 23.710 s
	NodeManagerService.grpc_client.ReportWorkerBacklog.OnReplyReceived - 298 total (0 active), Execution time: mean = 30.870 us, total = 9.199 ms, Queueing time: mean = 390.613 us, max = 99.343 ms, min = 6.100 us, total = 116.403 ms
	CoreWorker.ExitIfParentRayletDies - 298 total (1 active), Execution time: mean = 56.447 us, total = 16.821 ms, Queueing time: mean = 7.166 ms, max = 21.907 ms, min = -0.001 s, total = 2.135 s
	NodeManagerService.grpc_client.ReportWorkerBacklog - 298 total (0 active), Execution time: mean = 978.140 us, total = 291.486 ms, Queueing time: mean = 0.000 s, max = -0.000 s, min = 9223372036.855 s, total = 0.000 s
	CoreWorker.InternalHeartbeat - 298 total (1 active), Execution time: mean = 312.232 us, total = 93.045 ms, Queueing time: mean = 7.218 ms, max = 33.193 ms, min = -0.000 s, total = 2.151 s
	CoreWorker.RecordMetrics - 60 total (1 active), Execution time: mean = 83.742 us, total = 5.024 ms, Queueing time: mean = 7.988 ms, max = 19.793 ms, min = -0.000 s, total = 479.272 ms
	CoreWorker.TryDelPendingObjectRefStreams - 30 total (1 active), Execution time: mean = 10.427 us, total = 312.800 us, Queueing time: mean = 8.519 ms, max = 16.867 ms, min = -0.000 s, total = 255.562 ms
	PeriodicalRunner.RunFnPeriodically - 7 total (0 active), Execution time: mean = 1.245 ms, total = 8.713 ms, Queueing time: mean = 2.440 ms, max = 8.048 ms, min = 24.500 us, total = 17.079 ms
	CoreWorker.PrintEventStats - 5 total (1 active, 1 running), Execution time: mean = 1.236 ms, total = 6.178 ms, Queueing time: mean = 7.184 ms, max = 13.970 ms, min = 4.877 ms, total = 35.917 ms
	Publisher.CheckDeadSubscribers - 2 total (1 active), Execution time: mean = 7.900 us, total = 15.800 us, Queueing time: mean = -0.000 s, max = -0.000 s, min = -0.000 s, total = -0.000 s
	ray::rpc::InternalPubSubGcsService.grpc_client.GcsSubscriberPoll - 1 total (1 active), Execution time: mean = 0.000 s, total = 0.000 s, Queueing time: mean = 0.000 s, max = -0.000 s, min = 9223372036.855 s, total = 0.000 s
	CoreWorkerService.grpc_server.PushTask.HandleRequestImpl - 1 total (0 active), Execution time: mean = 1.354 ms, total = 1.354 ms, Queueing time: mean = 12.900 us, max = 12.900 us, min = 12.900 us, total = 12.900 us
	CoreWorkerService.grpc_server.PushTask - 1 total (0 active), Execution time: mean = 51.040 ms, total = 51.040 ms, Queueing time: mean = 0.000 s, max = -0.000 s, min = 9223372036.855 s, total = 0.000 s
	ray::rpc::InternalPubSubGcsService.grpc_client.GcsSubscriberCommandBatch.OnReplyReceived - 1 total (0 active), Execution time: mean = 268.800 us, total = 268.800 us, Queueing time: mean = 7.211 ms, max = 7.211 ms, min = 7.211 ms, total = 7.211 ms
	ray::rpc::NodeInfoGcsService.grpc_client.GetAllNodeInfo - 1 total (0 active), Execution time: mean = 655.800 us, total = 655.800 us, Queueing time: mean = 0.000 s, max = -0.000 s, min = 9223372036.855 s, total = 0.000 s
	ray::rpc::WorkerInfoGcsService.grpc_client.AddWorkerInfo - 1 total (0 active), Execution time: mean = 9.258 ms, total = 9.258 ms, Queueing time: mean = 0.000 s, max = -0.000 s, min = 9223372036.855 s, total = 0.000 s
	ray::rpc::NodeInfoGcsService.grpc_client.GetAllNodeInfo.OnReplyReceived - 1 total (0 active), Execution time: mean = 1.306 ms, total = 1.306 ms, Queueing time: mean = 18.600 us, max = 18.600 us, min = 18.600 us, total = 18.600 us
	ray::rpc::InternalPubSubGcsService.grpc_client.GcsSubscriberCommandBatch - 1 total (0 active), Execution time: mean = 1.240 ms, total = 1.240 ms, Queueing time: mean = 0.000 s, max = -0.000 s, min = 9223372036.855 s, total = 0.000 s
	ray::rpc::WorkerInfoGcsService.grpc_client.AddWorkerInfo.OnReplyReceived - 1 total (0 active), Execution time: mean = 27.200 us, total = 27.200 us, Queueing time: mean = 2.271 ms, max = 2.271 ms, min = 2.271 ms, total = 2.271 ms

-----------------
Task execution event stats:

Global stats: 18227 total (1 active)
Queueing time: mean = 6.447 ms, max = 137.447 ms, min = -0.001 s, total = 117.503 s
Execution time:  mean = 24.806 us, total = 452.148 ms
Event stats:
	CoreWorker.CheckSignal - 18225 total (1 active), Execution time: mean = 22.084 us, total = 402.486 ms, Queueing time: mean = 6.447 ms, max = 137.447 ms, min = -0.001 s, total = 117.502 s
	PeriodicalRunner.RunFnPeriodically - 1 total (0 active), Execution time: mean = 273.800 us, total = 273.800 us, Queueing time: mean = 8.800 us, max = 8.800 us, min = 8.800 us, total = 8.800 us
	CoreWorker.HandlePushTask - 1 total (0 active), Execution time: mean = 49.388 ms, total = 49.388 ms, Queueing time: mean = 53.800 us, max = 53.800 us, min = 53.800 us, total = 53.800 us

-----------------
Task Event stats:

IO Service Stats:

Global stats: 895 total (1 active)
Queueing time: mean = 2.493 ms, max = 34.540 ms, min = -0.001 s, total = 2.231 s
Execution time:  mean = 586.232 us, total = 524.678 ms
Event stats:
	CoreWorker.deadline_timer.flush_task_events - 298 total (1 active), Execution time: mean = 355.384 us, total = 105.904 ms, Queueing time: mean = 7.267 ms, max = 34.540 ms, min = -0.001 s, total = 2.166 s
	ray::rpc::TaskInfoGcsService.grpc_client.AddTaskEventData - 298 total (0 active), Execution time: mean = 1.366 ms, total = 407.146 ms, Queueing time: mean = 0.000 s, max = -0.000 s, min = 9223372036.855 s, total = 0.000 s
	ray::rpc::TaskInfoGcsService.grpc_client.AddTaskEventData.OnReplyReceived - 298 total (0 active), Execution time: mean = 29.892 us, total = 8.908 ms, Queueing time: mean = 219.754 us, max = 16.919 ms, min = 6.200 us, total = 65.487 ms
	PeriodicalRunner.RunFnPeriodically - 1 total (0 active), Execution time: mean = 2.720 ms, total = 2.720 ms, Queueing time: mean = 337.200 us, max = 337.200 us, min = 337.200 us, total = 337.200 us
Other Stats:
	gcs_grpc_in_progress:0
	event_aggregator_grpc_in_progress:0
	current number of task status events in buffer: 0
	current number of profile events in buffer: 0
	current number of dropped task attempts tracked: 0
	total task events sent: 0.00073719 MiB
	total number of task attempts sent: 1
	total number of task attempts dropped reported: 0
	total number of sent failure: 0
	num status task events dropped: 0
	num profile task events dropped: 0
	num ray task events reported to aggregator: 0
	num ray task events failed to report to aggregator: 0
	num of task attempts dropped reported to aggregator: 0
	num of failed requests to aggregator: 0

[2025-12-15 09:31:07,652 I 18232 5736] core_worker.cc:419: Event stats:


Global stats: 4879 total (8 active)
Queueing time: mean = 7.087 ms, max = 99.343 ms, min = -0.003 s, total = 34.576 s
Execution time:  mean = 120.387 us, total = 587.366 ms
Event stats:
	CoreWorker.RecoverObjects - 3315 total (1 active), Execution time: mean = 8.047 us, total = 26.675 ms, Queueing time: mean = 8.613 ms, max = 84.257 ms, min = -0.001 s, total = 28.553 s
	NodeManagerService.grpc_client.ReportWorkerBacklog.OnReplyReceived - 358 total (0 active), Execution time: mean = 29.123 us, total = 10.426 ms, Queueing time: mean = 329.797 us, max = 99.343 ms, min = 6.100 us, total = 118.067 ms
	CoreWorker.ExitIfParentRayletDies - 358 total (1 active), Execution time: mean = 57.335 us, total = 20.526 ms, Queueing time: mean = 6.757 ms, max = 21.907 ms, min = -0.001 s, total = 2.419 s
	NodeManagerService.grpc_client.ReportWorkerBacklog - 358 total (0 active), Execution time: mean = 938.390 us, total = 335.943 ms, Queueing time: mean = 0.000 s, max = -0.000 s, min = 9223372036.855 s, total = 0.000 s
	CoreWorker.InternalHeartbeat - 358 total (1 active), Execution time: mean = 299.572 us, total = 107.247 ms, Queueing time: mean = 7.094 ms, max = 33.193 ms, min = -0.001 s, total = 2.540 s
	CoreWorker.RecordMetrics - 72 total (1 active), Execution time: mean = 78.724 us, total = 5.668 ms, Queueing time: mean = 8.165 ms, max = 24.038 ms, min = -0.003 s, total = 587.857 ms
	CoreWorker.TryDelPendingObjectRefStreams - 36 total (1 active), Execution time: mean = 9.533 us, total = 343.200 us, Queueing time: mean = 7.824 ms, max = 16.867 ms, min = -0.000 s, total = 281.654 ms
	PeriodicalRunner.RunFnPeriodically - 7 total (0 active), Execution time: mean = 1.245 ms, total = 8.713 ms, Queueing time: mean = 2.440 ms, max = 8.048 ms, min = 24.500 us, total = 17.079 ms
	CoreWorker.PrintEventStats - 6 total (1 active, 1 running), Execution time: mean = 1.110 ms, total = 6.658 ms, Queueing time: mean = 8.448 ms, max = 14.769 ms, min = 4.877 ms, total = 50.687 ms
	Publisher.CheckDeadSubscribers - 2 total (1 active), Execution time: mean = 7.900 us, total = 15.800 us, Queueing time: mean = -0.000 s, max = -0.000 s, min = -0.000 s, total = -0.000 s
	ray::rpc::InternalPubSubGcsService.grpc_client.GcsSubscriberPoll - 1 total (1 active), Execution time: mean = 0.000 s, total = 0.000 s, Queueing time: mean = 0.000 s, max = -0.000 s, min = 9223372036.855 s, total = 0.000 s
	CoreWorkerService.grpc_server.PushTask.HandleRequestImpl - 1 total (0 active), Execution time: mean = 1.354 ms, total = 1.354 ms, Queueing time: mean = 12.900 us, max = 12.900 us, min = 12.900 us, total = 12.900 us
	CoreWorkerService.grpc_server.PushTask - 1 total (0 active), Execution time: mean = 51.040 ms, total = 51.040 ms, Queueing time: mean = 0.000 s, max = -0.000 s, min = 9223372036.855 s, total = 0.000 s
	ray::rpc::InternalPubSubGcsService.grpc_client.GcsSubscriberCommandBatch.OnReplyReceived - 1 total (0 active), Execution time: mean = 268.800 us, total = 268.800 us, Queueing time: mean = 7.211 ms, max = 7.211 ms, min = 7.211 ms, total = 7.211 ms
	ray::rpc::NodeInfoGcsService.grpc_client.GetAllNodeInfo - 1 total (0 active), Execution time: mean = 655.800 us, total = 655.800 us, Queueing time: mean = 0.000 s, max = -0.000 s, min = 9223372036.855 s, total = 0.000 s
	ray::rpc::WorkerInfoGcsService.grpc_client.AddWorkerInfo - 1 total (0 active), Execution time: mean = 9.258 ms, total = 9.258 ms, Queueing time: mean = 0.000 s, max = -0.000 s, min = 9223372036.855 s, total = 0.000 s
	ray::rpc::NodeInfoGcsService.grpc_client.GetAllNodeInfo.OnReplyReceived - 1 total (0 active), Execution time: mean = 1.306 ms, total = 1.306 ms, Queueing time: mean = 18.600 us, max = 18.600 us, min = 18.600 us, total = 18.600 us
	ray::rpc::InternalPubSubGcsService.grpc_client.GcsSubscriberCommandBatch - 1 total (0 active), Execution time: mean = 1.240 ms, total = 1.240 ms, Queueing time: mean = 0.000 s, max = -0.000 s, min = 9223372036.855 s, total = 0.000 s
	ray::rpc::WorkerInfoGcsService.grpc_client.AddWorkerInfo.OnReplyReceived - 1 total (0 active), Execution time: mean = 27.200 us, total = 27.200 us, Queueing time: mean = 2.271 ms, max = 2.271 ms, min = 2.271 ms, total = 2.271 ms

-----------------
Task execution event stats:

Global stats: 21911 total (1 active)
Queueing time: mean = 6.418 ms, max = 137.447 ms, min = -0.001 s, total = 140.618 s
Execution time:  mean = 23.957 us, total = 524.919 ms
Event stats:
	CoreWorker.CheckSignal - 21909 total (1 active), Execution time: mean = 21.692 us, total = 475.257 ms, Queueing time: mean = 6.418 ms, max = 137.447 ms, min = -0.001 s, total = 140.618 s
	PeriodicalRunner.RunFnPeriodically - 1 total (0 active), Execution time: mean = 273.800 us, total = 273.800 us, Queueing time: mean = 8.800 us, max = 8.800 us, min = 8.800 us, total = 8.800 us
	CoreWorker.HandlePushTask - 1 total (0 active), Execution time: mean = 49.388 ms, total = 49.388 ms, Queueing time: mean = 53.800 us, max = 53.800 us, min = 53.800 us, total = 53.800 us

-----------------
Task Event stats:

IO Service Stats:

Global stats: 1075 total (1 active)
Queueing time: mean = 2.480 ms, max = 34.540 ms, min = -0.001 s, total = 2.666 s
Execution time:  mean = 549.688 us, total = 590.915 ms
Event stats:
	CoreWorker.deadline_timer.flush_task_events - 358 total (1 active), Execution time: mean = 345.222 us, total = 123.590 ms, Queueing time: mean = 7.258 ms, max = 34.540 ms, min = -0.001 s, total = 2.598 s
	ray::rpc::TaskInfoGcsService.grpc_client.AddTaskEventData - 358 total (0 active), Execution time: mean = 1.268 ms, total = 454.043 ms, Queueing time: mean = 0.000 s, max = -0.000 s, min = 9223372036.855 s, total = 0.000 s
	ray::rpc::TaskInfoGcsService.grpc_client.AddTaskEventData.OnReplyReceived - 358 total (0 active), Execution time: mean = 29.504 us, total = 10.562 ms, Queueing time: mean = 188.382 us, max = 16.919 ms, min = 6.200 us, total = 67.441 ms
	PeriodicalRunner.RunFnPeriodically - 1 total (0 active), Execution time: mean = 2.720 ms, total = 2.720 ms, Queueing time: mean = 337.200 us, max = 337.200 us, min = 337.200 us, total = 337.200 us
Other Stats:
	gcs_grpc_in_progress:0
	event_aggregator_grpc_in_progress:0
	current number of task status events in buffer: 0
	current number of profile events in buffer: 0
	current number of dropped task attempts tracked: 0
	total task events sent: 0.00073719 MiB
	total number of task attempts sent: 1
	total number of task attempts dropped reported: 0
	total number of sent failure: 0
	num status task events dropped: 0
	num profile task events dropped: 0
	num ray task events reported to aggregator: 0
	num ray task events failed to report to aggregator: 0
	num of task attempts dropped reported to aggregator: 0
	num of failed requests to aggregator: 0

[2025-12-15 09:32:07,663 I 18232 5736] core_worker.cc:419: Event stats:


Global stats: 5688 total (8 active)
Queueing time: mean = 7.090 ms, max = 99.343 ms, min = -0.003 s, total = 40.328 s
Execution time:  mean = 115.585 us, total = 657.447 ms
Event stats:
	CoreWorker.RecoverObjects - 3868 total (1 active), Execution time: mean = 7.917 us, total = 30.623 ms, Queueing time: mean = 8.612 ms, max = 84.257 ms, min = -0.001 s, total = 33.310 s
	CoreWorker.ExitIfParentRayletDies - 418 total (1 active), Execution time: mean = 58.780 us, total = 24.570 ms, Queueing time: mean = 6.763 ms, max = 21.907 ms, min = -0.001 s, total = 2.827 s
	NodeManagerService.grpc_client.ReportWorkerBacklog.OnReplyReceived - 417 total (0 active), Execution time: mean = 27.749 us, total = 11.571 ms, Queueing time: mean = 287.419 us, max = 99.343 ms, min = 6.100 us, total = 119.854 ms
	NodeManagerService.grpc_client.ReportWorkerBacklog - 417 total (0 active), Execution time: mean = 913.260 us, total = 380.829 ms, Queueing time: mean = 0.000 s, max = -0.000 s, min = 9223372036.855 s, total = 0.000 s
	CoreWorker.InternalHeartbeat - 417 total (1 active), Execution time: mean = 292.200 us, total = 121.848 ms, Queueing time: mean = 7.091 ms, max = 33.193 ms, min = -0.001 s, total = 2.957 s
	CoreWorker.RecordMetrics - 84 total (1 active), Execution time: mean = 74.469 us, total = 6.255 ms, Queueing time: mean = 8.302 ms, max = 24.038 ms, min = -0.003 s, total = 697.361 ms
	CoreWorker.TryDelPendingObjectRefStreams - 42 total (1 active), Execution time: mean = 9.086 us, total = 381.600 us, Queueing time: mean = 7.830 ms, max = 16.867 ms, min = -0.000 s, total = 328.846 ms
	PeriodicalRunner.RunFnPeriodically - 7 total (0 active), Execution time: mean = 1.245 ms, total = 8.713 ms, Queueing time: mean = 2.440 ms, max = 8.048 ms, min = 24.500 us, total = 17.079 ms
	CoreWorker.PrintEventStats - 7 total (1 active, 1 running), Execution time: mean = 1.070 ms, total = 7.489 ms, Queueing time: mean = 8.805 ms, max = 14.769 ms, min = 4.877 ms, total = 61.637 ms
	Publisher.CheckDeadSubscribers - 2 total (1 active), Execution time: mean = 7.900 us, total = 15.800 us, Queueing time: mean = -0.000 s, max = -0.000 s, min = -0.000 s, total = -0.000 s
	ray::rpc::InternalPubSubGcsService.grpc_client.GcsSubscriberPoll - 1 total (1 active), Execution time: mean = 0.000 s, total = 0.000 s, Queueing time: mean = 0.000 s, max = -0.000 s, min = 9223372036.855 s, total = 0.000 s
	CoreWorkerService.grpc_server.PushTask.HandleRequestImpl - 1 total (0 active), Execution time: mean = 1.354 ms, total = 1.354 ms, Queueing time: mean = 12.900 us, max = 12.900 us, min = 12.900 us, total = 12.900 us
	CoreWorkerService.grpc_server.PushTask - 1 total (0 active), Execution time: mean = 51.040 ms, total = 51.040 ms, Queueing time: mean = 0.000 s, max = -0.000 s, min = 9223372036.855 s, total = 0.000 s
	ray::rpc::InternalPubSubGcsService.grpc_client.GcsSubscriberCommandBatch.OnReplyReceived - 1 total (0 active), Execution time: mean = 268.800 us, total = 268.800 us, Queueing time: mean = 7.211 ms, max = 7.211 ms, min = 7.211 ms, total = 7.211 ms
	ray::rpc::NodeInfoGcsService.grpc_client.GetAllNodeInfo - 1 total (0 active), Execution time: mean = 655.800 us, total = 655.800 us, Queueing time: mean = 0.000 s, max = -0.000 s, min = 9223372036.855 s, total = 0.000 s
	ray::rpc::WorkerInfoGcsService.grpc_client.AddWorkerInfo - 1 total (0 active), Execution time: mean = 9.258 ms, total = 9.258 ms, Queueing time: mean = 0.000 s, max = -0.000 s, min = 9223372036.855 s, total = 0.000 s
	ray::rpc::NodeInfoGcsService.grpc_client.GetAllNodeInfo.OnReplyReceived - 1 total (0 active), Execution time: mean = 1.306 ms, total = 1.306 ms, Queueing time: mean = 18.600 us, max = 18.600 us, min = 18.600 us, total = 18.600 us
	ray::rpc::InternalPubSubGcsService.grpc_client.GcsSubscriberCommandBatch - 1 total (0 active), Execution time: mean = 1.240 ms, total = 1.240 ms, Queueing time: mean = 0.000 s, max = -0.000 s, min = 9223372036.855 s, total = 0.000 s
	ray::rpc::WorkerInfoGcsService.grpc_client.AddWorkerInfo.OnReplyReceived - 1 total (0 active), Execution time: mean = 27.200 us, total = 27.200 us, Queueing time: mean = 2.271 ms, max = 2.271 ms, min = 2.271 ms, total = 2.271 ms

-----------------
Task execution event stats:

Global stats: 25589 total (1 active)
Queueing time: mean = 6.401 ms, max = 137.447 ms, min = -0.001 s, total = 163.792 s
Execution time:  mean = 23.428 us, total = 599.494 ms
Event stats:
	CoreWorker.CheckSignal - 25587 total (1 active), Execution time: mean = 21.489 us, total = 549.832 ms, Queueing time: mean = 6.401 ms, max = 137.447 ms, min = -0.001 s, total = 163.791 s
	PeriodicalRunner.RunFnPeriodically - 1 total (0 active), Execution time: mean = 273.800 us, total = 273.800 us, Queueing time: mean = 8.800 us, max = 8.800 us, min = 8.800 us, total = 8.800 us
	CoreWorker.HandlePushTask - 1 total (0 active), Execution time: mean = 49.388 ms, total = 49.388 ms, Queueing time: mean = 53.800 us, max = 53.800 us, min = 53.800 us, total = 53.800 us

-----------------
Task Event stats:

IO Service Stats:

Global stats: 1252 total (1 active)
Queueing time: mean = 2.425 ms, max = 34.540 ms, min = -0.001 s, total = 3.036 s
Execution time:  mean = 522.599 us, total = 654.294 ms
Event stats:
	CoreWorker.deadline_timer.flush_task_events - 417 total (1 active), Execution time: mean = 337.231 us, total = 140.625 ms, Queueing time: mean = 7.112 ms, max = 34.540 ms, min = -0.001 s, total = 2.966 s
	ray::rpc::TaskInfoGcsService.grpc_client.AddTaskEventData - 417 total (0 active), Execution time: mean = 1.196 ms, total = 498.706 ms, Queueing time: mean = 0.000 s, max = -0.000 s, min = 9223372036.855 s, total = 0.000 s
	ray::rpc::TaskInfoGcsService.grpc_client.AddTaskEventData.OnReplyReceived - 417 total (0 active), Execution time: mean = 29.360 us, total = 12.243 ms, Queueing time: mean = 167.482 us, max = 16.919 ms, min = 6.200 us, total = 69.840 ms
	PeriodicalRunner.RunFnPeriodically - 1 total (0 active), Execution time: mean = 2.720 ms, total = 2.720 ms, Queueing time: mean = 337.200 us, max = 337.200 us, min = 337.200 us, total = 337.200 us
Other Stats:
	gcs_grpc_in_progress:0
	event_aggregator_grpc_in_progress:0
	current number of task status events in buffer: 0
	current number of profile events in buffer: 0
	current number of dropped task attempts tracked: 0
	total task events sent: 0.00073719 MiB
	total number of task attempts sent: 1
	total number of task attempts dropped reported: 0
	total number of sent failure: 0
	num status task events dropped: 0
	num profile task events dropped: 0
	num ray task events reported to aggregator: 0
	num ray task events failed to report to aggregator: 0
	num of task attempts dropped reported to aggregator: 0
	num of failed requests to aggregator: 0

[2025-12-15 09:33:07,668 I 18232 5736] core_worker.cc:419: Event stats:


Global stats: 6496 total (8 active)
Queueing time: mean = 7.116 ms, max = 99.343 ms, min = -0.003 s, total = 46.223 s
Execution time:  mean = 111.564 us, total = 724.717 ms
Event stats:
	CoreWorker.RecoverObjects - 4418 total (1 active), Execution time: mean = 7.865 us, total = 34.747 ms, Queueing time: mean = 8.665 ms, max = 84.257 ms, min = -0.001 s, total = 38.283 s
	NodeManagerService.grpc_client.ReportWorkerBacklog.OnReplyReceived - 477 total (0 active), Execution time: mean = 26.541 us, total = 12.660 ms, Queueing time: mean = 253.890 us, max = 99.343 ms, min = 6.100 us, total = 121.106 ms
	CoreWorker.ExitIfParentRayletDies - 477 total (1 active), Execution time: mean = 59.231 us, total = 28.253 ms, Queueing time: mean = 6.791 ms, max = 40.661 ms, min = -0.001 s, total = 3.239 s
	NodeManagerService.grpc_client.ReportWorkerBacklog - 477 total (0 active), Execution time: mean = 887.218 us, total = 423.203 ms, Queueing time: mean = 0.000 s, max = -0.000 s, min = 9223372036.855 s, total = 0.000 s
	CoreWorker.InternalHeartbeat - 477 total (1 active), Execution time: mean = 284.301 us, total = 135.612 ms, Queueing time: mean = 6.859 ms, max = 33.193 ms, min = -0.001 s, total = 3.272 s
	CoreWorker.RecordMetrics - 96 total (1 active), Execution time: mean = 71.603 us, total = 6.874 ms, Queueing time: mean = 8.420 ms, max = 24.038 ms, min = -0.003 s, total = 808.343 ms
	CoreWorker.TryDelPendingObjectRefStreams - 48 total (1 active), Execution time: mean = 8.902 us, total = 427.300 us, Queueing time: mean = 8.372 ms, max = 16.867 ms, min = -0.000 s, total = 401.873 ms
	CoreWorker.PrintEventStats - 8 total (1 active, 1 running), Execution time: mean = 1.133 ms, total = 9.062 ms, Queueing time: mean = 8.884 ms, max = 14.769 ms, min = 4.877 ms, total = 71.070 ms
	PeriodicalRunner.RunFnPeriodically - 7 total (0 active), Execution time: mean = 1.245 ms, total = 8.713 ms, Queueing time: mean = 2.440 ms, max = 8.048 ms, min = 24.500 us, total = 17.079 ms
	Publisher.CheckDeadSubscribers - 2 total (1 active), Execution time: mean = 7.900 us, total = 15.800 us, Queueing time: mean = -0.000 s, max = -0.000 s, min = -0.000 s, total = -0.000 s
	ray::rpc::InternalPubSubGcsService.grpc_client.GcsSubscriberPoll - 1 total (1 active), Execution time: mean = 0.000 s, total = 0.000 s, Queueing time: mean = 0.000 s, max = -0.000 s, min = 9223372036.855 s, total = 0.000 s
	CoreWorkerService.grpc_server.PushTask.HandleRequestImpl - 1 total (0 active), Execution time: mean = 1.354 ms, total = 1.354 ms, Queueing time: mean = 12.900 us, max = 12.900 us, min = 12.900 us, total = 12.900 us
	CoreWorkerService.grpc_server.PushTask - 1 total (0 active), Execution time: mean = 51.040 ms, total = 51.040 ms, Queueing time: mean = 0.000 s, max = -0.000 s, min = 9223372036.855 s, total = 0.000 s
	ray::rpc::InternalPubSubGcsService.grpc_client.GcsSubscriberCommandBatch.OnReplyReceived - 1 total (0 active), Execution time: mean = 268.800 us, total = 268.800 us, Queueing time: mean = 7.211 ms, max = 7.211 ms, min = 7.211 ms, total = 7.211 ms
	ray::rpc::NodeInfoGcsService.grpc_client.GetAllNodeInfo - 1 total (0 active), Execution time: mean = 655.800 us, total = 655.800 us, Queueing time: mean = 0.000 s, max = -0.000 s, min = 9223372036.855 s, total = 0.000 s
	ray::rpc::WorkerInfoGcsService.grpc_client.AddWorkerInfo - 1 total (0 active), Execution time: mean = 9.258 ms, total = 9.258 ms, Queueing time: mean = 0.000 s, max = -0.000 s, min = 9223372036.855 s, total = 0.000 s
	ray::rpc::NodeInfoGcsService.grpc_client.GetAllNodeInfo.OnReplyReceived - 1 total (0 active), Execution time: mean = 1.306 ms, total = 1.306 ms, Queueing time: mean = 18.600 us, max = 18.600 us, min = 18.600 us, total = 18.600 us
	ray::rpc::InternalPubSubGcsService.grpc_client.GcsSubscriberCommandBatch - 1 total (0 active), Execution time: mean = 1.240 ms, total = 1.240 ms, Queueing time: mean = 0.000 s, max = -0.000 s, min = 9223372036.855 s, total = 0.000 s
	ray::rpc::WorkerInfoGcsService.grpc_client.AddWorkerInfo.OnReplyReceived - 1 total (0 active), Execution time: mean = 27.200 us, total = 27.200 us, Queueing time: mean = 2.271 ms, max = 2.271 ms, min = 2.271 ms, total = 2.271 ms

-----------------
Task execution event stats:

Global stats: 29275 total (1 active)
Queueing time: mean = 6.384 ms, max = 137.447 ms, min = -0.001 s, total = 186.882 s
Execution time:  mean = 22.984 us, total = 672.869 ms
Event stats:
	CoreWorker.CheckSignal - 29273 total (1 active), Execution time: mean = 21.289 us, total = 623.207 ms, Queueing time: mean = 6.384 ms, max = 137.447 ms, min = -0.001 s, total = 186.882 s
	PeriodicalRunner.RunFnPeriodically - 1 total (0 active), Execution time: mean = 273.800 us, total = 273.800 us, Queueing time: mean = 8.800 us, max = 8.800 us, min = 8.800 us, total = 8.800 us
	CoreWorker.HandlePushTask - 1 total (0 active), Execution time: mean = 49.388 ms, total = 49.388 ms, Queueing time: mean = 53.800 us, max = 53.800 us, min = 53.800 us, total = 53.800 us

-----------------
Task Event stats:

IO Service Stats:

Global stats: 1432 total (1 active)
Queueing time: mean = 2.329 ms, max = 34.540 ms, min = -0.001 s, total = 3.335 s
Execution time:  mean = 506.828 us, total = 725.778 ms
Event stats:
	CoreWorker.deadline_timer.flush_task_events - 477 total (1 active), Execution time: mean = 327.102 us, total = 156.028 ms, Queueing time: mean = 6.841 ms, max = 34.540 ms, min = -0.001 s, total = 3.263 s
	ray::rpc::TaskInfoGcsService.grpc_client.AddTaskEventData - 477 total (0 active), Execution time: mean = 1.160 ms, total = 553.274 ms, Queueing time: mean = 0.000 s, max = -0.000 s, min = 9223372036.855 s, total = 0.000 s
	ray::rpc::TaskInfoGcsService.grpc_client.AddTaskEventData.OnReplyReceived - 477 total (0 active), Execution time: mean = 28.842 us, total = 13.758 ms, Queueing time: mean = 150.428 us, max = 16.919 ms, min = 6.200 us, total = 71.754 ms
	PeriodicalRunner.RunFnPeriodically - 1 total (0 active), Execution time: mean = 2.720 ms, total = 2.720 ms, Queueing time: mean = 337.200 us, max = 337.200 us, min = 337.200 us, total = 337.200 us
Other Stats:
	gcs_grpc_in_progress:0
	event_aggregator_grpc_in_progress:0
	current number of task status events in buffer: 0
	current number of profile events in buffer: 0
	current number of dropped task attempts tracked: 0
	total task events sent: 0.00073719 MiB
	total number of task attempts sent: 1
	total number of task attempts dropped reported: 0
	total number of sent failure: 0
	num status task events dropped: 0
	num profile task events dropped: 0
	num ray task events reported to aggregator: 0
	num ray task events failed to report to aggregator: 0
	num of task attempts dropped reported to aggregator: 0
	num of failed requests to aggregator: 0

[2025-12-15 09:33:15,356 W 18232 5736] core_worker.cc:744: Force exit the process.  Details: Worker force exits because its job has finished
[2025-12-15 09:33:15,387 I 18232 5736] core_worker.cc:580: Sending disconnect message to the local raylet.
[2025-12-15 09:33:15,387 I 18232 5736] raylet_ipc_client.cc:113: RayletIpcClient::Disconnect, exit_type=INTENDED_SYSTEM_EXIT, exit_detail=Worker force exits because its job has finished, has creation_task_exception_pb_bytes=0
[2025-12-15 09:33:15,388 I 18232 5736] core_worker.cc:585: Disconnected from the local raylet.
