[2025-12-15 09:25:22,300 I 10972 15764] core_worker_process.cc:739: Constructing CoreWorkerProcess. pid: 10972
[2025-12-15 09:25:22,303 I 10972 15764] io_service_pool.cc:37: IOServicePool is running with 1 io_service.
[2025-12-15 09:25:22,307 I 10972 15764] event.cc:493: Ray Event initialized for CORE_WORKER
[2025-12-15 09:25:22,308 I 10972 15764] event.cc:493: Ray Event initialized for EXPORT_TASK
[2025-12-15 09:25:22,308 I 10972 15764] event.cc:326: Set ray event level to warning
[2025-12-15 09:25:22,308 I 10972 15764] event_aggregator_client.h:50: Initiating the local event aggregator client with port: 63644
[2025-12-15 09:25:22,310 I 10972 15764] grpc_server.cc:141: worker server started, listening on port 50124.
[2025-12-15 09:25:22,313 I 10972 15764] core_worker_process.cc:269: Initializing worker at address: 127.0.0.1:50124 worker_id=4e6bc5f7b346a8b117f01b53270d3624a9e00722d5441433e870df4b node_id=d674d42f55fa1a681e48a93d8d758a51cc1e6752ad6d71107a5f34fe
[2025-12-15 09:25:22,314 I 10972 15764] task_event_buffer.cc:445: Reporting task events to GCS every 1000ms.
[2025-12-15 09:25:22,317 I 10972 15964] core_worker.cc:419: Event stats:


Global stats: 14 total (10 active)
Queueing time: mean = 1.893 us, max = 17.500 us, min = 9.000 us, total = 26.500 us
Execution time:  mean = 82.236 us, total = 1.151 ms
Event stats:
	PeriodicalRunner.RunFnPeriodically - 7 total (5 active, 1 running), Execution time: mean = 37.286 us, total = 261.000 us, Queueing time: mean = 3.786 us, max = 17.500 us, min = 9.000 us, total = 26.500 us
	ray::rpc::WorkerInfoGcsService.grpc_client.AddWorkerInfo.OnReplyReceived - 1 total (1 active), Execution time: mean = 0.000 s, total = 0.000 s, Queueing time: mean = 0.000 s, max = -0.000 s, min = 9223372036.855 s, total = 0.000 s
	ray::rpc::WorkerInfoGcsService.grpc_client.AddWorkerInfo - 1 total (0 active), Execution time: mean = 517.400 us, total = 517.400 us, Queueing time: mean = 0.000 s, max = -0.000 s, min = 9223372036.855 s, total = 0.000 s
	ray::rpc::InternalPubSubGcsService.grpc_client.GcsSubscriberPoll - 1 total (1 active), Execution time: mean = 0.000 s, total = 0.000 s, Queueing time: mean = 0.000 s, max = -0.000 s, min = 9223372036.855 s, total = 0.000 s
	Publisher.CheckDeadSubscribers - 1 total (1 active), Execution time: mean = 0.000 s, total = 0.000 s, Queueing time: mean = 0.000 s, max = -0.000 s, min = 9223372036.855 s, total = 0.000 s
	ray::rpc::InternalPubSubGcsService.grpc_client.GcsSubscriberCommandBatch - 1 total (0 active), Execution time: mean = 372.900 us, total = 372.900 us, Queueing time: mean = 0.000 s, max = -0.000 s, min = 9223372036.855 s, total = 0.000 s
	CoreWorker.ExitIfParentRayletDies - 1 total (1 active), Execution time: mean = 0.000 s, total = 0.000 s, Queueing time: mean = 0.000 s, max = -0.000 s, min = 9223372036.855 s, total = 0.000 s
	ray::rpc::InternalPubSubGcsService.grpc_client.GcsSubscriberCommandBatch.OnReplyReceived - 1 total (1 active), Execution time: mean = 0.000 s, total = 0.000 s, Queueing time: mean = 0.000 s, max = -0.000 s, min = 9223372036.855 s, total = 0.000 s

-----------------
Task execution event stats:

Global stats: 0 total (0 active)
Queueing time: mean = -nan(ind) s, max = -0.000 s, min = 9223372036.855 s, total = 0.000 s
Execution time:  mean = -nan(ind) s, total = 0.000 s
Event stats:

-----------------
Task Event stats:

IO Service Stats:

Global stats: 4 total (1 active)
Queueing time: mean = 5.600 us, max = 11.300 us, min = 11.100 us, total = 22.400 us
Execution time:  mean = 330.500 us, total = 1.322 ms
Event stats:
	PeriodicalRunner.RunFnPeriodically - 1 total (0 active), Execution time: mean = 469.800 us, total = 469.800 us, Queueing time: mean = 11.300 us, max = 11.300 us, min = 11.300 us, total = 11.300 us
	ray::rpc::TaskInfoGcsService.grpc_client.AddTaskEventData.OnReplyReceived - 1 total (0 active), Execution time: mean = 26.000 us, total = 26.000 us, Queueing time: mean = 11.100 us, max = 11.100 us, min = 11.100 us, total = 11.100 us
	CoreWorker.deadline_timer.flush_task_events - 1 total (1 active), Execution time: mean = 0.000 s, total = 0.000 s, Queueing time: mean = 0.000 s, max = -0.000 s, min = 9223372036.855 s, total = 0.000 s
	ray::rpc::TaskInfoGcsService.grpc_client.AddTaskEventData - 1 total (0 active), Execution time: mean = 826.200 us, total = 826.200 us, Queueing time: mean = 0.000 s, max = -0.000 s, min = 9223372036.855 s, total = 0.000 s
Other Stats:
	gcs_grpc_in_progress:0
	event_aggregator_grpc_in_progress:0
	current number of task status events in buffer: 0
	current number of profile events in buffer: 0
	current number of dropped task attempts tracked: 0
	total task events sent: 0 MiB
	total number of task attempts sent: 0
	total number of task attempts dropped reported: 0
	total number of sent failure: 0
	num status task events dropped: 0
	num profile task events dropped: 0
	num ray task events reported to aggregator: 0
	num ray task events failed to report to aggregator: 0
	num of task attempts dropped reported to aggregator: 0
	num of failed requests to aggregator: 0

[2025-12-15 09:25:22,319 I 10972 15964] accessor.cc:743: Received notification for node, IsAlive = 1 node_id=d674d42f55fa1a681e48a93d8d758a51cc1e6752ad6d71107a5f34fe
[2025-12-15 09:25:22,319 I 10972 15964] normal_task_submitter.cc:833: Number of alive nodes:1
[2025-12-15 09:25:22,320 I 10972 15764] actor_task_submitter.cc:73: Set actor max pending calls to -1 actor_id=2a9f328824b1b85e44f323fe01000000
[2025-12-15 09:25:22,320 I 10972 15764] core_worker.cc:2909: Creating actor actor_id=2a9f328824b1b85e44f323fe01000000
[2025-12-15 09:25:34,243 I 10972 15764] task_receiver.cc:162: Actor creation task finished, task_id: ffffffffffffffff2a9f328824b1b85e44f323fe01000000, actor_id: 2a9f328824b1b85e44f323fe01000000, actor_repr_name: 
[2025-12-15 09:25:34,501 W 10972 14456] metric_exporter.cc:105: [1] Export metrics to agent failed: RpcError: RPC Error message: failed to connect to all addresses; last error: UNAVAILABLE: ipv4:127.0.0.1:63644: Connection refused; RPC Error details:  rpc_code: 14. This won't affect Ray, but you can lose metrics from the cluster.
[2025-12-15 09:26:22,319 I 10972 15964] core_worker.cc:419: Event stats:


Global stats: 902 total (9 active)
Queueing time: mean = 6.581 ms, max = 67.858 ms, min = -0.000 s, total = 5.936 s
Execution time:  mean = 21.937 ms, total = 19.787 s
Event stats:
	CoreWorker.RecoverObjects - 552 total (1 active), Execution time: mean = 8.645 us, total = 4.772 ms, Queueing time: mean = 8.874 ms, max = 67.858 ms, min = -0.000 s, total = 4.898 s
	NodeManagerService.grpc_client.ReportWorkerBacklog.OnReplyReceived - 60 total (0 active), Execution time: mean = 27.560 us, total = 1.654 ms, Queueing time: mean = 65.768 us, max = 1.105 ms, min = 8.400 us, total = 3.946 ms
	NodeManagerService.grpc_client.ReportWorkerBacklog - 60 total (0 active), Execution time: mean = 838.280 us, total = 50.297 ms, Queueing time: mean = 0.000 s, max = -0.000 s, min = 9223372036.855 s, total = 0.000 s
	CoreWorker.InternalHeartbeat - 60 total (1 active), Execution time: mean = 288.087 us, total = 17.285 ms, Queueing time: mean = 6.964 ms, max = 18.618 ms, min = -0.000 s, total = 417.829 ms
	CoreWorker.ExitIfParentRayletDies - 60 total (1 active), Execution time: mean = 38.107 us, total = 2.286 ms, Queueing time: mean = 7.245 ms, max = 18.801 ms, min = -0.000 s, total = 434.695 ms
	CoreWorkerService.grpc_server.PushTask.HandleRequestImpl - 27 total (0 active), Execution time: mean = 50.337 us, total = 1.359 ms, Queueing time: mean = 29.074 us, max = 99.000 us, min = 8.000 us, total = 785.000 us
	CoreWorkerService.grpc_server.PushTask - 27 total (1 active), Execution time: mean = 729.485 ms, total = 19.696 s, Queueing time: mean = 0.000 s, max = -0.000 s, min = 9223372036.855 s, total = 0.000 s
	CoreWorker.RecordMetrics - 12 total (1 active), Execution time: mean = 202.275 us, total = 2.427 ms, Queueing time: mean = 10.265 ms, max = 15.678 ms, min = 2.239 ms, total = 123.175 ms
	PeriodicalRunner.RunFnPeriodically - 7 total (0 active), Execution time: mean = 320.871 us, total = 2.246 ms, Queueing time: mean = 900.629 us, max = 2.238 ms, min = 9.000 us, total = 6.304 ms
	CoreWorker.TryDelPendingObjectRefStreams - 6 total (1 active), Execution time: mean = 8.017 us, total = 48.100 us, Queueing time: mean = 7.805 ms, max = 15.557 ms, min = 569.400 us, total = 46.827 ms
	CoreWorkerService.grpc_server.ActorCallArgWaitComplete.HandleRequestImpl - 6 total (0 active), Execution time: mean = 59.500 us, total = 357.000 us, Queueing time: mean = 40.200 us, max = 151.400 us, min = 8.900 us, total = 241.200 us
	CoreWorkerService.grpc_server.ActorCallArgWaitComplete - 6 total (0 active), Execution time: mean = 164.700 us, total = 988.200 us, Queueing time: mean = 0.000 s, max = -0.000 s, min = 9223372036.855 s, total = 0.000 s
	NodeManagerService.grpc_client.PinObjectIDs.OnReplyReceived - 5 total (0 active), Execution time: mean = 112.040 us, total = 560.200 us, Queueing time: mean = 26.540 us, max = 79.300 us, min = 10.100 us, total = 132.700 us
	NodeManagerService.grpc_client.PinObjectIDs - 5 total (0 active), Execution time: mean = 875.220 us, total = 4.376 ms, Queueing time: mean = 0.000 s, max = -0.000 s, min = 9223372036.855 s, total = 0.000 s
	ray::rpc::NodeInfoGcsService.grpc_client.GetAllNodeInfo - 1 total (0 active), Execution time: mean = 654.400 us, total = 654.400 us, Queueing time: mean = 0.000 s, max = -0.000 s, min = 9223372036.855 s, total = 0.000 s
	ray::rpc::InternalPubSubGcsService.grpc_client.GcsSubscriberCommandBatch.OnReplyReceived - 1 total (0 active), Execution time: mean = 331.800 us, total = 331.800 us, Queueing time: mean = 2.107 ms, max = 2.107 ms, min = 2.107 ms, total = 2.107 ms
	ray::rpc::NodeInfoGcsService.grpc_client.GetAllNodeInfo.OnReplyReceived - 1 total (0 active), Execution time: mean = 147.900 us, total = 147.900 us, Queueing time: mean = 15.400 us, max = 15.400 us, min = 15.400 us, total = 15.400 us
	ray::rpc::InternalPubSubGcsService.grpc_client.GcsSubscriberPoll - 1 total (1 active), Execution time: mean = 0.000 s, total = 0.000 s, Queueing time: mean = 0.000 s, max = -0.000 s, min = 9223372036.855 s, total = 0.000 s
	ray::rpc::WorkerInfoGcsService.grpc_client.AddWorkerInfo.OnReplyReceived - 1 total (0 active), Execution time: mean = 41.600 us, total = 41.600 us, Queueing time: mean = 2.071 ms, max = 2.071 ms, min = 2.071 ms, total = 2.071 ms
	ray::rpc::InternalPubSubGcsService.grpc_client.GcsSubscriberCommandBatch - 1 total (0 active), Execution time: mean = 372.900 us, total = 372.900 us, Queueing time: mean = 0.000 s, max = -0.000 s, min = 9223372036.855 s, total = 0.000 s
	Publisher.CheckDeadSubscribers - 1 total (1 active), Execution time: mean = 0.000 s, total = 0.000 s, Queueing time: mean = 0.000 s, max = -0.000 s, min = 9223372036.855 s, total = 0.000 s
	CoreWorker.PrintEventStats - 1 total (1 active, 1 running), Execution time: mean = 0.000 s, total = 0.000 s, Queueing time: mean = 0.000 s, max = -0.000 s, min = 9223372036.855 s, total = 0.000 s
	ray::rpc::WorkerInfoGcsService.grpc_client.AddWorkerInfo - 1 total (0 active), Execution time: mean = 517.400 us, total = 517.400 us, Queueing time: mean = 0.000 s, max = -0.000 s, min = 9223372036.855 s, total = 0.000 s

-----------------
Task execution event stats:

Global stats: 2438 total (2 active)
Queueing time: mean = 14.248 ms, max = 11.918 s, min = -0.006 s, total = 34.738 s
Execution time:  mean = 8.094 ms, total = 19.732 s
Event stats:
	CoreWorker.CheckSignal - 2404 total (1 active), Execution time: mean = 19.961 us, total = 47.987 ms, Queueing time: mean = 14.450 ms, max = 11.918 s, min = -0.006 s, total = 34.737 s
	CoreWorker.HandlePushTaskActor - 26 total (1 active, 1 running), Execution time: mean = 297.492 ms, total = 7.735 s, Queueing time: mean = 17.308 us, max = 68.300 us, min = 6.100 us, total = 450.000 us
	CoreWorker.ArgWaitComplete - 6 total (0 active), Execution time: mean = 3.955 ms, total = 23.727 ms, Queueing time: mean = 67.450 us, max = 145.100 us, min = 8.800 us, total = 404.700 us
	PeriodicalRunner.RunFnPeriodically - 1 total (0 active), Execution time: mean = 18.500 us, total = 18.500 us, Queueing time: mean = 4.500 us, max = 4.500 us, min = 4.500 us, total = 4.500 us
	CoreWorker.HandlePushTask - 1 total (0 active), Execution time: mean = 11.926 s, total = 11.926 s, Queueing time: mean = 7.400 us, max = 7.400 us, min = 7.400 us, total = 7.400 us

-----------------
Task Event stats:

IO Service Stats:

Global stats: 181 total (1 active)
Queueing time: mean = 2.333 ms, max = 21.690 ms, min = -0.000 s, total = 422.321 ms
Execution time:  mean = 419.150 us, total = 75.866 ms
Event stats:
	ray::rpc::TaskInfoGcsService.grpc_client.AddTaskEventData.OnReplyReceived - 60 total (0 active), Execution time: mean = 29.917 us, total = 1.795 ms, Queueing time: mean = 50.728 us, max = 522.700 us, min = 7.700 us, total = 3.044 ms
	CoreWorker.deadline_timer.flush_task_events - 60 total (1 active), Execution time: mean = 338.550 us, total = 20.313 ms, Queueing time: mean = 6.988 ms, max = 21.690 ms, min = -0.000 s, total = 419.266 ms
	ray::rpc::TaskInfoGcsService.grpc_client.AddTaskEventData - 60 total (0 active), Execution time: mean = 888.138 us, total = 53.288 ms, Queueing time: mean = 0.000 s, max = -0.000 s, min = 9223372036.855 s, total = 0.000 s
	PeriodicalRunner.RunFnPeriodically - 1 total (0 active), Execution time: mean = 469.800 us, total = 469.800 us, Queueing time: mean = 11.300 us, max = 11.300 us, min = 11.300 us, total = 11.300 us
Other Stats:
	gcs_grpc_in_progress:0
	event_aggregator_grpc_in_progress:0
	current number of task status events in buffer: 0
	current number of profile events in buffer: 0
	current number of dropped task attempts tracked: 0
	total task events sent: 0.0106573 MiB
	total number of task attempts sent: 33
	total number of task attempts dropped reported: 0
	total number of sent failure: 0
	num status task events dropped: 0
	num profile task events dropped: 0
	num ray task events reported to aggregator: 0
	num ray task events failed to report to aggregator: 0
	num of task attempts dropped reported to aggregator: 0
	num of failed requests to aggregator: 0

[2025-12-15 09:27:22,331 I 10972 15964] core_worker.cc:419: Event stats:


Global stats: 1787 total (8 active)
Queueing time: mean = 6.456 ms, max = 67.858 ms, min = -0.001 s, total = 11.536 s
Execution time:  mean = 18.284 ms, total = 32.673 s
Event stats:
	CoreWorker.RecoverObjects - 1104 total (1 active), Execution time: mean = 9.460 us, total = 10.444 ms, Queueing time: mean = 8.719 ms, max = 67.858 ms, min = -0.000 s, total = 9.625 s
	NodeManagerService.grpc_client.ReportWorkerBacklog.OnReplyReceived - 120 total (0 active), Execution time: mean = 24.528 us, total = 2.943 ms, Queueing time: mean = 63.089 us, max = 2.006 ms, min = 7.800 us, total = 7.571 ms
	NodeManagerService.grpc_client.ReportWorkerBacklog - 120 total (0 active), Execution time: mean = 826.796 us, total = 99.216 ms, Queueing time: mean = 0.000 s, max = -0.000 s, min = 9223372036.855 s, total = 0.000 s
	CoreWorker.InternalHeartbeat - 120 total (1 active), Execution time: mean = 287.012 us, total = 34.441 ms, Queueing time: mean = 6.367 ms, max = 19.572 ms, min = -0.000 s, total = 764.053 ms
	CoreWorker.ExitIfParentRayletDies - 120 total (1 active), Execution time: mean = 41.626 us, total = 4.995 ms, Queueing time: mean = 6.758 ms, max = 19.742 ms, min = -0.001 s, total = 810.903 ms
	CoreWorkerService.grpc_server.PushTask.HandleRequestImpl - 51 total (0 active), Execution time: mean = 44.706 us, total = 2.280 ms, Queueing time: mean = 35.200 us, max = 114.900 us, min = 8.000 us, total = 1.795 ms
	CoreWorkerService.grpc_server.PushTask - 51 total (0 active), Execution time: mean = 637.159 ms, total = 32.495 s, Queueing time: mean = 0.000 s, max = -0.000 s, min = 9223372036.855 s, total = 0.000 s
	CoreWorker.RecordMetrics - 24 total (1 active), Execution time: mean = 177.317 us, total = 4.256 ms, Queueing time: mean = 9.317 ms, max = 15.678 ms, min = 564.700 us, total = 223.620 ms
	CoreWorker.TryDelPendingObjectRefStreams - 12 total (1 active), Execution time: mean = 7.608 us, total = 91.300 us, Queueing time: mean = 7.555 ms, max = 15.557 ms, min = 43.400 us, total = 90.656 ms
	NodeManagerService.grpc_client.PinObjectIDs.OnReplyReceived - 12 total (0 active), Execution time: mean = 112.950 us, total = 1.355 ms, Queueing time: mean = 20.058 us, max = 79.300 us, min = 10.100 us, total = 240.700 us
	NodeManagerService.grpc_client.PinObjectIDs - 12 total (0 active), Execution time: mean = 858.650 us, total = 10.304 ms, Queueing time: mean = 0.000 s, max = -0.000 s, min = 9223372036.855 s, total = 0.000 s
	CoreWorkerService.grpc_server.ActorCallArgWaitComplete.HandleRequestImpl - 12 total (0 active), Execution time: mean = 39.908 us, total = 478.900 us, Queueing time: mean = 28.258 us, max = 151.400 us, min = 7.600 us, total = 339.100 us
	CoreWorkerService.grpc_server.ActorCallArgWaitComplete - 12 total (0 active), Execution time: mean = 141.525 us, total = 1.698 ms, Queueing time: mean = 0.000 s, max = -0.000 s, min = 9223372036.855 s, total = 0.000 s
	PeriodicalRunner.RunFnPeriodically - 7 total (0 active), Execution time: mean = 320.871 us, total = 2.246 ms, Queueing time: mean = 900.629 us, max = 2.238 ms, min = 9.000 us, total = 6.304 ms
	CoreWorker.PrintEventStats - 2 total (1 active, 1 running), Execution time: mean = 670.400 us, total = 1.341 ms, Queueing time: mean = 662.950 us, max = 1.326 ms, min = 1.326 ms, total = 1.326 ms
	ray::rpc::NodeInfoGcsService.grpc_client.GetAllNodeInfo - 1 total (0 active), Execution time: mean = 654.400 us, total = 654.400 us, Queueing time: mean = 0.000 s, max = -0.000 s, min = 9223372036.855 s, total = 0.000 s
	ray::rpc::InternalPubSubGcsService.grpc_client.GcsSubscriberCommandBatch.OnReplyReceived - 1 total (0 active), Execution time: mean = 331.800 us, total = 331.800 us, Queueing time: mean = 2.107 ms, max = 2.107 ms, min = 2.107 ms, total = 2.107 ms
	ray::rpc::NodeInfoGcsService.grpc_client.GetAllNodeInfo.OnReplyReceived - 1 total (0 active), Execution time: mean = 147.900 us, total = 147.900 us, Queueing time: mean = 15.400 us, max = 15.400 us, min = 15.400 us, total = 15.400 us
	ray::rpc::InternalPubSubGcsService.grpc_client.GcsSubscriberPoll - 1 total (1 active), Execution time: mean = 0.000 s, total = 0.000 s, Queueing time: mean = 0.000 s, max = -0.000 s, min = 9223372036.855 s, total = 0.000 s
	ray::rpc::WorkerInfoGcsService.grpc_client.AddWorkerInfo.OnReplyReceived - 1 total (0 active), Execution time: mean = 41.600 us, total = 41.600 us, Queueing time: mean = 2.071 ms, max = 2.071 ms, min = 2.071 ms, total = 2.071 ms
	ray::rpc::InternalPubSubGcsService.grpc_client.GcsSubscriberCommandBatch - 1 total (0 active), Execution time: mean = 372.900 us, total = 372.900 us, Queueing time: mean = 0.000 s, max = -0.000 s, min = 9223372036.855 s, total = 0.000 s
	Publisher.CheckDeadSubscribers - 1 total (1 active), Execution time: mean = 0.000 s, total = 0.000 s, Queueing time: mean = 0.000 s, max = -0.000 s, min = 9223372036.855 s, total = 0.000 s
	ray::rpc::WorkerInfoGcsService.grpc_client.AddWorkerInfo - 1 total (0 active), Execution time: mean = 517.400 us, total = 517.400 us, Queueing time: mean = 0.000 s, max = -0.000 s, min = 9223372036.855 s, total = 0.000 s

-----------------
Task execution event stats:

Global stats: 5440 total (1 active)
Queueing time: mean = 12.166 ms, max = 11.918 s, min = -0.007 s, total = 66.185 s
Execution time:  mean = 5.989 ms, total = 32.582 s
Event stats:
	CoreWorker.CheckSignal - 5376 total (1 active), Execution time: mean = 19.804 us, total = 106.468 ms, Queueing time: mean = 12.311 ms, max = 11.918 s, min = -0.007 s, total = 66.183 s
	CoreWorker.HandlePushTaskActor - 50 total (0 active), Execution time: mean = 410.205 ms, total = 20.510 s, Queueing time: mean = 21.316 us, max = 68.300 us, min = 6.100 us, total = 1.066 ms
	CoreWorker.ArgWaitComplete - 12 total (0 active), Execution time: mean = 3.297 ms, total = 39.568 ms, Queueing time: mean = 39.050 us, max = 145.100 us, min = 6.700 us, total = 468.600 us
	PeriodicalRunner.RunFnPeriodically - 1 total (0 active), Execution time: mean = 18.500 us, total = 18.500 us, Queueing time: mean = 4.500 us, max = 4.500 us, min = 4.500 us, total = 4.500 us
	CoreWorker.HandlePushTask - 1 total (0 active), Execution time: mean = 11.926 s, total = 11.926 s, Queueing time: mean = 7.400 us, max = 7.400 us, min = 7.400 us, total = 7.400 us

-----------------
Task Event stats:

IO Service Stats:

Global stats: 361 total (1 active)
Queueing time: mean = 2.166 ms, max = 21.690 ms, min = -0.001 s, total = 781.762 ms
Execution time:  mean = 415.561 us, total = 150.018 ms
Event stats:
	ray::rpc::TaskInfoGcsService.grpc_client.AddTaskEventData.OnReplyReceived - 120 total (0 active), Execution time: mean = 30.433 us, total = 3.652 ms, Queueing time: mean = 38.653 us, max = 522.700 us, min = 6.600 us, total = 4.638 ms
	CoreWorker.deadline_timer.flush_task_events - 120 total (1 active), Execution time: mean = 343.850 us, total = 41.262 ms, Queueing time: mean = 6.476 ms, max = 21.690 ms, min = -0.001 s, total = 777.112 ms
	ray::rpc::TaskInfoGcsService.grpc_client.AddTaskEventData - 120 total (0 active), Execution time: mean = 871.948 us, total = 104.634 ms, Queueing time: mean = 0.000 s, max = -0.000 s, min = 9223372036.855 s, total = 0.000 s
	PeriodicalRunner.RunFnPeriodically - 1 total (0 active), Execution time: mean = 469.800 us, total = 469.800 us, Queueing time: mean = 11.300 us, max = 11.300 us, min = 11.300 us, total = 11.300 us
Other Stats:
	gcs_grpc_in_progress:0
	event_aggregator_grpc_in_progress:0
	current number of task status events in buffer: 0
	current number of profile events in buffer: 0
	current number of dropped task attempts tracked: 0
	total task events sent: 0.020751 MiB
	total number of task attempts sent: 64
	total number of task attempts dropped reported: 0
	total number of sent failure: 0
	num status task events dropped: 0
	num profile task events dropped: 0
	num ray task events reported to aggregator: 0
	num ray task events failed to report to aggregator: 0
	num of task attempts dropped reported to aggregator: 0
	num of failed requests to aggregator: 0

[2025-12-15 09:28:22,334 I 10972 15964] core_worker.cc:419: Event stats:


Global stats: 2667 total (8 active)
Queueing time: mean = 6.487 ms, max = 85.447 ms, min = -0.001 s, total = 17.302 s
Execution time:  mean = 16.813 ms, total = 44.840 s
Event stats:
	CoreWorker.RecoverObjects - 1657 total (1 active), Execution time: mean = 10.961 us, total = 18.162 ms, Queueing time: mean = 8.635 ms, max = 85.447 ms, min = -0.001 s, total = 14.308 s
	NodeManagerService.grpc_client.ReportWorkerBacklog.OnReplyReceived - 179 total (0 active), Execution time: mean = 25.192 us, total = 4.509 ms, Queueing time: mean = 114.870 us, max = 7.938 ms, min = 7.300 us, total = 20.562 ms
	NodeManagerService.grpc_client.ReportWorkerBacklog - 179 total (0 active), Execution time: mean = 979.313 us, total = 175.297 ms, Queueing time: mean = 0.000 s, max = -0.000 s, min = 9223372036.855 s, total = 0.000 s
	CoreWorker.InternalHeartbeat - 179 total (1 active), Execution time: mean = 356.778 us, total = 63.863 ms, Queueing time: mean = 6.726 ms, max = 62.307 ms, min = -0.000 s, total = 1.204 s
	CoreWorker.ExitIfParentRayletDies - 179 total (1 active), Execution time: mean = 45.251 us, total = 8.100 ms, Queueing time: mean = 7.047 ms, max = 63.484 ms, min = -0.001 s, total = 1.261 s
	CoreWorkerService.grpc_server.PushTask.HandleRequestImpl - 75 total (0 active), Execution time: mean = 42.631 us, total = 3.197 ms, Queueing time: mean = 34.068 us, max = 114.900 us, min = 8.000 us, total = 2.555 ms
	CoreWorkerService.grpc_server.PushTask - 75 total (0 active), Execution time: mean = 593.762 ms, total = 44.532 s, Queueing time: mean = 0.000 s, max = -0.000 s, min = 9223372036.855 s, total = 0.000 s
	CoreWorker.RecordMetrics - 36 total (1 active), Execution time: mean = 190.714 us, total = 6.866 ms, Queueing time: mean = 9.366 ms, max = 34.214 ms, min = 267.700 us, total = 337.163 ms
	CoreWorker.TryDelPendingObjectRefStreams - 18 total (1 active), Execution time: mean = 7.539 us, total = 135.700 us, Queueing time: mean = 8.025 ms, max = 15.788 ms, min = 43.400 us, total = 144.444 ms
	NodeManagerService.grpc_client.PinObjectIDs.OnReplyReceived - 18 total (0 active), Execution time: mean = 109.756 us, total = 1.976 ms, Queueing time: mean = 17.950 us, max = 79.300 us, min = 7.800 us, total = 323.100 us
	NodeManagerService.grpc_client.PinObjectIDs - 18 total (0 active), Execution time: mean = 864.450 us, total = 15.560 ms, Queueing time: mean = 0.000 s, max = -0.000 s, min = 9223372036.855 s, total = 0.000 s
	CoreWorkerService.grpc_server.ActorCallArgWaitComplete.HandleRequestImpl - 18 total (0 active), Execution time: mean = 33.750 us, total = 607.500 us, Queueing time: mean = 22.872 us, max = 151.400 us, min = 7.500 us, total = 411.700 us
	CoreWorkerService.grpc_server.ActorCallArgWaitComplete - 18 total (0 active), Execution time: mean = 140.806 us, total = 2.534 ms, Queueing time: mean = 0.000 s, max = -0.000 s, min = 9223372036.855 s, total = 0.000 s
	PeriodicalRunner.RunFnPeriodically - 7 total (0 active), Execution time: mean = 320.871 us, total = 2.246 ms, Queueing time: mean = 900.629 us, max = 2.238 ms, min = 9.000 us, total = 6.304 ms
	CoreWorker.PrintEventStats - 3 total (1 active, 1 running), Execution time: mean = 770.400 us, total = 2.311 ms, Queueing time: mean = 4.153 ms, max = 11.133 ms, min = 1.326 ms, total = 12.459 ms
	ray::rpc::NodeInfoGcsService.grpc_client.GetAllNodeInfo - 1 total (0 active), Execution time: mean = 654.400 us, total = 654.400 us, Queueing time: mean = 0.000 s, max = -0.000 s, min = 9223372036.855 s, total = 0.000 s
	ray::rpc::InternalPubSubGcsService.grpc_client.GcsSubscriberCommandBatch.OnReplyReceived - 1 total (0 active), Execution time: mean = 331.800 us, total = 331.800 us, Queueing time: mean = 2.107 ms, max = 2.107 ms, min = 2.107 ms, total = 2.107 ms
	ray::rpc::NodeInfoGcsService.grpc_client.GetAllNodeInfo.OnReplyReceived - 1 total (0 active), Execution time: mean = 147.900 us, total = 147.900 us, Queueing time: mean = 15.400 us, max = 15.400 us, min = 15.400 us, total = 15.400 us
	ray::rpc::InternalPubSubGcsService.grpc_client.GcsSubscriberPoll - 1 total (1 active), Execution time: mean = 0.000 s, total = 0.000 s, Queueing time: mean = 0.000 s, max = -0.000 s, min = 9223372036.855 s, total = 0.000 s
	ray::rpc::WorkerInfoGcsService.grpc_client.AddWorkerInfo.OnReplyReceived - 1 total (0 active), Execution time: mean = 41.600 us, total = 41.600 us, Queueing time: mean = 2.071 ms, max = 2.071 ms, min = 2.071 ms, total = 2.071 ms
	ray::rpc::InternalPubSubGcsService.grpc_client.GcsSubscriberCommandBatch - 1 total (0 active), Execution time: mean = 372.900 us, total = 372.900 us, Queueing time: mean = 0.000 s, max = -0.000 s, min = 9223372036.855 s, total = 0.000 s
	Publisher.CheckDeadSubscribers - 1 total (1 active), Execution time: mean = 0.000 s, total = 0.000 s, Queueing time: mean = 0.000 s, max = -0.000 s, min = 9223372036.855 s, total = 0.000 s
	ray::rpc::WorkerInfoGcsService.grpc_client.AddWorkerInfo - 1 total (0 active), Execution time: mean = 517.400 us, total = 517.400 us, Queueing time: mean = 0.000 s, max = -0.000 s, min = 9223372036.855 s, total = 0.000 s

-----------------
Task execution event stats:

Global stats: 8299 total (1 active)
Queueing time: mean = 11.790 ms, max = 11.918 s, min = -0.007 s, total = 97.847 s
Execution time:  mean = 5.382 ms, total = 44.669 s
Event stats:
	CoreWorker.CheckSignal - 8205 total (1 active), Execution time: mean = 20.523 us, total = 168.390 ms, Queueing time: mean = 11.925 ms, max = 11.918 s, min = -0.007 s, total = 97.845 s
	CoreWorker.HandlePushTaskActor - 74 total (0 active), Execution time: mean = 439.459 ms, total = 32.520 s, Queueing time: mean = 21.516 us, max = 94.700 us, min = 5.900 us, total = 1.592 ms
	CoreWorker.ArgWaitComplete - 18 total (0 active), Execution time: mean = 3.058 ms, total = 55.051 ms, Queueing time: mean = 30.072 us, max = 145.100 us, min = 6.700 us, total = 541.300 us
	PeriodicalRunner.RunFnPeriodically - 1 total (0 active), Execution time: mean = 18.500 us, total = 18.500 us, Queueing time: mean = 4.500 us, max = 4.500 us, min = 4.500 us, total = 4.500 us
	CoreWorker.HandlePushTask - 1 total (0 active), Execution time: mean = 11.926 s, total = 11.926 s, Queueing time: mean = 7.400 us, max = 7.400 us, min = 7.400 us, total = 7.400 us

-----------------
Task Event stats:

IO Service Stats:

Global stats: 538 total (1 active)
Queueing time: mean = 2.135 ms, max = 21.690 ms, min = -0.001 s, total = 1.149 s
Execution time:  mean = 435.464 us, total = 234.279 ms
Event stats:
	ray::rpc::TaskInfoGcsService.grpc_client.AddTaskEventData.OnReplyReceived - 179 total (0 active), Execution time: mean = 31.928 us, total = 5.715 ms, Queueing time: mean = 120.297 us, max = 12.925 ms, min = 6.000 us, total = 21.533 ms
	CoreWorker.deadline_timer.flush_task_events - 179 total (1 active), Execution time: mean = 343.745 us, total = 61.530 ms, Queueing time: mean = 6.297 ms, max = 21.690 ms, min = -0.001 s, total = 1.127 s
	ray::rpc::TaskInfoGcsService.grpc_client.AddTaskEventData - 179 total (0 active), Execution time: mean = 930.525 us, total = 166.564 ms, Queueing time: mean = 0.000 s, max = -0.000 s, min = 9223372036.855 s, total = 0.000 s
	PeriodicalRunner.RunFnPeriodically - 1 total (0 active), Execution time: mean = 469.800 us, total = 469.800 us, Queueing time: mean = 11.300 us, max = 11.300 us, min = 11.300 us, total = 11.300 us
Other Stats:
	gcs_grpc_in_progress:0
	event_aggregator_grpc_in_progress:0
	current number of task status events in buffer: 0
	current number of profile events in buffer: 0
	current number of dropped task attempts tracked: 0
	total task events sent: 0.0306282 MiB
	total number of task attempts sent: 95
	total number of task attempts dropped reported: 0
	total number of sent failure: 0
	num status task events dropped: 0
	num profile task events dropped: 0
	num ray task events reported to aggregator: 0
	num ray task events failed to report to aggregator: 0
	num of task attempts dropped reported to aggregator: 0
	num of failed requests to aggregator: 0

[2025-12-15 09:29:22,346 I 10972 15964] core_worker.cc:419: Event stats:


Global stats: 3539 total (8 active)
Queueing time: mean = 6.505 ms, max = 85.447 ms, min = -0.001 s, total = 23.021 s
Execution time:  mean = 15.694 ms, total = 55.542 s
Event stats:
	CoreWorker.RecoverObjects - 2210 total (1 active), Execution time: mean = 11.466 us, total = 25.339 ms, Queueing time: mean = 8.605 ms, max = 85.447 ms, min = -0.001 s, total = 19.018 s
	NodeManagerService.grpc_client.ReportWorkerBacklog.OnReplyReceived - 239 total (0 active), Execution time: mean = 28.767 us, total = 6.875 ms, Queueing time: mean = 271.839 us, max = 40.756 ms, min = 7.300 us, total = 64.969 ms
	NodeManagerService.grpc_client.ReportWorkerBacklog - 239 total (0 active), Execution time: mean = 984.100 us, total = 235.200 ms, Queueing time: mean = 0.000 s, max = -0.000 s, min = 9223372036.855 s, total = 0.000 s
	CoreWorker.InternalHeartbeat - 239 total (1 active), Execution time: mean = 342.669 us, total = 81.898 ms, Queueing time: mean = 6.793 ms, max = 62.307 ms, min = -0.000 s, total = 1.623 s
	CoreWorker.ExitIfParentRayletDies - 239 total (1 active), Execution time: mean = 50.995 us, total = 12.188 ms, Queueing time: mean = 7.090 ms, max = 63.484 ms, min = -0.001 s, total = 1.695 s
	CoreWorkerService.grpc_server.PushTask.HandleRequestImpl - 95 total (0 active), Execution time: mean = 41.845 us, total = 3.975 ms, Queueing time: mean = 35.127 us, max = 155.200 us, min = 7.100 us, total = 3.337 ms
	CoreWorkerService.grpc_server.PushTask - 95 total (0 active), Execution time: mean = 580.308 ms, total = 55.129 s, Queueing time: mean = 0.000 s, max = -0.000 s, min = 9223372036.855 s, total = 0.000 s
	CoreWorker.RecordMetrics - 48 total (1 active), Execution time: mean = 174.200 us, total = 8.362 ms, Queueing time: mean = 8.703 ms, max = 34.214 ms, min = 33.500 us, total = 417.739 ms
	CoreWorker.TryDelPendingObjectRefStreams - 24 total (1 active), Execution time: mean = 7.317 us, total = 175.600 us, Queueing time: mean = 7.342 ms, max = 15.788 ms, min = 43.400 us, total = 176.206 ms
	NodeManagerService.grpc_client.PinObjectIDs.OnReplyReceived - 23 total (0 active), Execution time: mean = 119.200 us, total = 2.742 ms, Queueing time: mean = 20.057 us, max = 79.300 us, min = 7.800 us, total = 461.300 us
	NodeManagerService.grpc_client.PinObjectIDs - 23 total (0 active), Execution time: mean = 905.017 us, total = 20.815 ms, Queueing time: mean = 0.000 s, max = -0.000 s, min = 9223372036.855 s, total = 0.000 s
	CoreWorkerService.grpc_server.ActorCallArgWaitComplete.HandleRequestImpl - 23 total (0 active), Execution time: mean = 32.896 us, total = 756.600 us, Queueing time: mean = 22.170 us, max = 151.400 us, min = 7.500 us, total = 509.900 us
	CoreWorkerService.grpc_server.ActorCallArgWaitComplete - 23 total (0 active), Execution time: mean = 140.635 us, total = 3.235 ms, Queueing time: mean = 0.000 s, max = -0.000 s, min = 9223372036.855 s, total = 0.000 s
	PeriodicalRunner.RunFnPeriodically - 7 total (0 active), Execution time: mean = 320.871 us, total = 2.246 ms, Queueing time: mean = 900.629 us, max = 2.238 ms, min = 9.000 us, total = 6.304 ms
	CoreWorker.PrintEventStats - 4 total (1 active, 1 running), Execution time: mean = 1.677 ms, total = 6.710 ms, Queueing time: mean = 2.882 ms, max = 11.133 ms, min = -0.001 s, total = 11.526 ms
	ray::rpc::NodeInfoGcsService.grpc_client.GetAllNodeInfo - 1 total (0 active), Execution time: mean = 654.400 us, total = 654.400 us, Queueing time: mean = 0.000 s, max = -0.000 s, min = 9223372036.855 s, total = 0.000 s
	ray::rpc::InternalPubSubGcsService.grpc_client.GcsSubscriberCommandBatch.OnReplyReceived - 1 total (0 active), Execution time: mean = 331.800 us, total = 331.800 us, Queueing time: mean = 2.107 ms, max = 2.107 ms, min = 2.107 ms, total = 2.107 ms
	ray::rpc::NodeInfoGcsService.grpc_client.GetAllNodeInfo.OnReplyReceived - 1 total (0 active), Execution time: mean = 147.900 us, total = 147.900 us, Queueing time: mean = 15.400 us, max = 15.400 us, min = 15.400 us, total = 15.400 us
	ray::rpc::InternalPubSubGcsService.grpc_client.GcsSubscriberPoll - 1 total (1 active), Execution time: mean = 0.000 s, total = 0.000 s, Queueing time: mean = 0.000 s, max = -0.000 s, min = 9223372036.855 s, total = 0.000 s
	ray::rpc::WorkerInfoGcsService.grpc_client.AddWorkerInfo.OnReplyReceived - 1 total (0 active), Execution time: mean = 41.600 us, total = 41.600 us, Queueing time: mean = 2.071 ms, max = 2.071 ms, min = 2.071 ms, total = 2.071 ms
	ray::rpc::InternalPubSubGcsService.grpc_client.GcsSubscriberCommandBatch - 1 total (0 active), Execution time: mean = 372.900 us, total = 372.900 us, Queueing time: mean = 0.000 s, max = -0.000 s, min = 9223372036.855 s, total = 0.000 s
	Publisher.CheckDeadSubscribers - 1 total (1 active), Execution time: mean = 0.000 s, total = 0.000 s, Queueing time: mean = 0.000 s, max = -0.000 s, min = 9223372036.855 s, total = 0.000 s
	ray::rpc::WorkerInfoGcsService.grpc_client.AddWorkerInfo - 1 total (0 active), Execution time: mean = 517.400 us, total = 517.400 us, Queueing time: mean = 0.000 s, max = -0.000 s, min = 9223372036.855 s, total = 0.000 s

-----------------
Task execution event stats:

Global stats: 11323 total (1 active)
Queueing time: mean = 11.288 ms, max = 11.918 s, min = -0.007 s, total = 127.820 s
Execution time:  mean = 4.886 ms, total = 55.329 s
Event stats:
	CoreWorker.CheckSignal - 11204 total (1 active), Execution time: mean = 21.270 us, total = 238.304 ms, Queueing time: mean = 11.408 ms, max = 11.918 s, min = -0.007 s, total = 127.817 s
	CoreWorker.HandlePushTaskActor - 94 total (0 active), Execution time: mean = 458.468 ms, total = 43.096 s, Queueing time: mean = 21.017 us, max = 94.700 us, min = 5.900 us, total = 1.976 ms
	CoreWorker.ArgWaitComplete - 23 total (0 active), Execution time: mean = 2.983 ms, total = 68.620 ms, Queueing time: mean = 37.648 us, max = 173.400 us, min = 6.700 us, total = 865.900 us
	PeriodicalRunner.RunFnPeriodically - 1 total (0 active), Execution time: mean = 18.500 us, total = 18.500 us, Queueing time: mean = 4.500 us, max = 4.500 us, min = 4.500 us, total = 4.500 us
	CoreWorker.HandlePushTask - 1 total (0 active), Execution time: mean = 11.926 s, total = 11.926 s, Queueing time: mean = 7.400 us, max = 7.400 us, min = 7.400 us, total = 7.400 us

-----------------
Task Event stats:

IO Service Stats:

Global stats: 718 total (1 active)
Queueing time: mean = 2.241 ms, max = 37.540 ms, min = -0.001 s, total = 1.609 s
Execution time:  mean = 524.475 us, total = 376.573 ms
Event stats:
	ray::rpc::TaskInfoGcsService.grpc_client.AddTaskEventData.OnReplyReceived - 239 total (0 active), Execution time: mean = 33.555 us, total = 8.020 ms, Queueing time: mean = 135.203 us, max = 12.925 ms, min = 6.000 us, total = 32.313 ms
	CoreWorker.deadline_timer.flush_task_events - 239 total (1 active), Execution time: mean = 450.797 us, total = 107.740 ms, Queueing time: mean = 6.597 ms, max = 37.540 ms, min = -0.001 s, total = 1.577 s
	ray::rpc::TaskInfoGcsService.grpc_client.AddTaskEventData - 239 total (0 active), Execution time: mean = 1.089 ms, total = 260.344 ms, Queueing time: mean = 0.000 s, max = -0.000 s, min = 9223372036.855 s, total = 0.000 s
	PeriodicalRunner.RunFnPeriodically - 1 total (0 active), Execution time: mean = 469.800 us, total = 469.800 us, Queueing time: mean = 11.300 us, max = 11.300 us, min = 11.300 us, total = 11.300 us
Other Stats:
	gcs_grpc_in_progress:0
	event_aggregator_grpc_in_progress:0
	current number of task status events in buffer: 0
	current number of profile events in buffer: 0
	current number of dropped task attempts tracked: 0
	total task events sent: 0.0387917 MiB
	total number of task attempts sent: 120
	total number of task attempts dropped reported: 0
	total number of sent failure: 0
	num status task events dropped: 0
	num profile task events dropped: 0
	num ray task events reported to aggregator: 0
	num ray task events failed to report to aggregator: 0
	num of task attempts dropped reported to aggregator: 0
	num of failed requests to aggregator: 0

[2025-12-15 09:30:22,359 I 10972 15964] core_worker.cc:419: Event stats:


Global stats: 4431 total (8 active)
Queueing time: mean = 6.467 ms, max = 85.447 ms, min = -0.003 s, total = 28.653 s
Execution time:  mean = 15.304 ms, total = 67.810 s
Event stats:
	CoreWorker.RecoverObjects - 2762 total (1 active), Execution time: mean = 10.741 us, total = 29.666 ms, Queueing time: mean = 8.627 ms, max = 85.447 ms, min = -0.001 s, total = 23.828 s
	NodeManagerService.grpc_client.ReportWorkerBacklog.OnReplyReceived - 298 total (0 active), Execution time: mean = 27.605 us, total = 8.226 ms, Queueing time: mean = 259.251 us, max = 40.756 ms, min = 7.300 us, total = 77.257 ms
	NodeManagerService.grpc_client.ReportWorkerBacklog - 298 total (0 active), Execution time: mean = 944.876 us, total = 281.573 ms, Queueing time: mean = 0.000 s, max = -0.000 s, min = 9223372036.855 s, total = 0.000 s
	CoreWorker.InternalHeartbeat - 298 total (1 active), Execution time: mean = 356.599 us, total = 106.266 ms, Queueing time: mean = 6.636 ms, max = 62.307 ms, min = -0.000 s, total = 1.978 s
	CoreWorker.ExitIfParentRayletDies - 298 total (1 active), Execution time: mean = 56.419 us, total = 16.813 ms, Queueing time: mean = 6.792 ms, max = 63.484 ms, min = -0.001 s, total = 2.024 s
	CoreWorkerService.grpc_server.PushTask.HandleRequestImpl - 123 total (0 active), Execution time: mean = 40.054 us, total = 4.927 ms, Queueing time: mean = 33.547 us, max = 155.200 us, min = 7.100 us, total = 4.126 ms
	CoreWorkerService.grpc_server.PushTask - 123 total (0 active), Execution time: mean = 547.188 ms, total = 67.304 s, Queueing time: mean = 0.000 s, max = -0.000 s, min = 9223372036.855 s, total = 0.000 s
	CoreWorker.RecordMetrics - 60 total (1 active), Execution time: mean = 172.422 us, total = 10.345 ms, Queueing time: mean = 8.188 ms, max = 34.214 ms, min = -0.000 s, total = 491.263 ms
	CoreWorker.TryDelPendingObjectRefStreams - 30 total (1 active), Execution time: mean = 7.257 us, total = 217.700 us, Queueing time: mean = 7.369 ms, max = 15.788 ms, min = 43.400 us, total = 221.070 ms
	NodeManagerService.grpc_client.PinObjectIDs.OnReplyReceived - 30 total (0 active), Execution time: mean = 123.913 us, total = 3.717 ms, Queueing time: mean = 18.933 us, max = 79.300 us, min = 7.800 us, total = 568.000 us
	NodeManagerService.grpc_client.PinObjectIDs - 30 total (0 active), Execution time: mean = 904.260 us, total = 27.128 ms, Queueing time: mean = 0.000 s, max = -0.000 s, min = 9223372036.855 s, total = 0.000 s
	CoreWorkerService.grpc_server.ActorCallArgWaitComplete.HandleRequestImpl - 30 total (0 active), Execution time: mean = 30.950 us, total = 928.500 us, Queueing time: mean = 24.703 us, max = 151.400 us, min = 7.000 us, total = 741.100 us
	CoreWorkerService.grpc_server.ActorCallArgWaitComplete - 30 total (0 active), Execution time: mean = 143.887 us, total = 4.317 ms, Queueing time: mean = 0.000 s, max = -0.000 s, min = 9223372036.855 s, total = 0.000 s
	PeriodicalRunner.RunFnPeriodically - 7 total (0 active), Execution time: mean = 320.871 us, total = 2.246 ms, Queueing time: mean = 900.629 us, max = 2.238 ms, min = 9.000 us, total = 6.304 ms
	CoreWorker.PrintEventStats - 5 total (1 active, 1 running), Execution time: mean = 1.475 ms, total = 7.376 ms, Queueing time: mean = 4.464 ms, max = 11.133 ms, min = -0.001 s, total = 22.322 ms
	Publisher.CheckDeadSubscribers - 2 total (1 active), Execution time: mean = 3.950 us, total = 7.900 us, Queueing time: mean = -0.002 s, max = -0.000 s, min = -0.003 s, total = -0.003 s
	ray::rpc::NodeInfoGcsService.grpc_client.GetAllNodeInfo - 1 total (0 active), Execution time: mean = 654.400 us, total = 654.400 us, Queueing time: mean = 0.000 s, max = -0.000 s, min = 9223372036.855 s, total = 0.000 s
	ray::rpc::InternalPubSubGcsService.grpc_client.GcsSubscriberCommandBatch.OnReplyReceived - 1 total (0 active), Execution time: mean = 331.800 us, total = 331.800 us, Queueing time: mean = 2.107 ms, max = 2.107 ms, min = 2.107 ms, total = 2.107 ms
	ray::rpc::NodeInfoGcsService.grpc_client.GetAllNodeInfo.OnReplyReceived - 1 total (0 active), Execution time: mean = 147.900 us, total = 147.900 us, Queueing time: mean = 15.400 us, max = 15.400 us, min = 15.400 us, total = 15.400 us
	ray::rpc::InternalPubSubGcsService.grpc_client.GcsSubscriberPoll - 1 total (1 active), Execution time: mean = 0.000 s, total = 0.000 s, Queueing time: mean = 0.000 s, max = -0.000 s, min = 9223372036.855 s, total = 0.000 s
	ray::rpc::WorkerInfoGcsService.grpc_client.AddWorkerInfo.OnReplyReceived - 1 total (0 active), Execution time: mean = 41.600 us, total = 41.600 us, Queueing time: mean = 2.071 ms, max = 2.071 ms, min = 2.071 ms, total = 2.071 ms
	ray::rpc::InternalPubSubGcsService.grpc_client.GcsSubscriberCommandBatch - 1 total (0 active), Execution time: mean = 372.900 us, total = 372.900 us, Queueing time: mean = 0.000 s, max = -0.000 s, min = 9223372036.855 s, total = 0.000 s
	ray::rpc::WorkerInfoGcsService.grpc_client.AddWorkerInfo - 1 total (0 active), Execution time: mean = 517.400 us, total = 517.400 us, Queueing time: mean = 0.000 s, max = -0.000 s, min = 9223372036.855 s, total = 0.000 s

-----------------
Task execution event stats:

Global stats: 14292 total (1 active)
Queueing time: mean = 11.087 ms, max = 11.918 s, min = -0.007 s, total = 158.451 s
Execution time:  mean = 4.726 ms, total = 67.540 s
Event stats:
	CoreWorker.CheckSignal - 14138 total (1 active), Execution time: mean = 20.906 us, total = 295.568 ms, Queueing time: mean = 11.207 ms, max = 11.918 s, min = -0.007 s, total = 158.445 s
	CoreWorker.HandlePushTaskActor - 122 total (0 active), Execution time: mean = 452.720 ms, total = 55.232 s, Queueing time: mean = 38.057 us, max = 2.220 ms, min = 5.900 us, total = 4.643 ms
	CoreWorker.ArgWaitComplete - 30 total (0 active), Execution time: mean = 2.880 ms, total = 86.406 ms, Queueing time: mean = 42.963 us, max = 260.900 us, min = 6.700 us, total = 1.289 ms
	PeriodicalRunner.RunFnPeriodically - 1 total (0 active), Execution time: mean = 18.500 us, total = 18.500 us, Queueing time: mean = 4.500 us, max = 4.500 us, min = 4.500 us, total = 4.500 us
	CoreWorker.HandlePushTask - 1 total (0 active), Execution time: mean = 11.926 s, total = 11.926 s, Queueing time: mean = 7.400 us, max = 7.400 us, min = 7.400 us, total = 7.400 us

-----------------
Task Event stats:

IO Service Stats:

Global stats: 898 total (1 active)
Queueing time: mean = 2.182 ms, max = 37.540 ms, min = -0.001 s, total = 1.959 s
Execution time:  mean = 491.298 us, total = 441.186 ms
Event stats:
	ray::rpc::TaskInfoGcsService.grpc_client.AddTaskEventData.OnReplyReceived - 299 total (0 active), Execution time: mean = 32.576 us, total = 9.740 ms, Queueing time: mean = 114.426 us, max = 12.925 ms, min = 6.000 us, total = 34.214 ms
	CoreWorker.deadline_timer.flush_task_events - 299 total (1 active), Execution time: mean = 420.859 us, total = 125.837 ms, Queueing time: mean = 6.439 ms, max = 37.540 ms, min = -0.001 s, total = 1.925 s
	ray::rpc::TaskInfoGcsService.grpc_client.AddTaskEventData - 299 total (0 active), Execution time: mean = 1.021 ms, total = 305.139 ms, Queueing time: mean = 0.000 s, max = -0.000 s, min = 9223372036.855 s, total = 0.000 s
	PeriodicalRunner.RunFnPeriodically - 1 total (0 active), Execution time: mean = 469.800 us, total = 469.800 us, Queueing time: mean = 11.300 us, max = 11.300 us, min = 11.300 us, total = 11.300 us
Other Stats:
	gcs_grpc_in_progress:0
	event_aggregator_grpc_in_progress:0
	current number of task status events in buffer: 0
	current number of profile events in buffer: 0
	current number of dropped task attempts tracked: 0
	total task events sent: 0.0502205 MiB
	total number of task attempts sent: 155
	total number of task attempts dropped reported: 0
	total number of sent failure: 0
	num status task events dropped: 0
	num profile task events dropped: 0
	num ray task events reported to aggregator: 0
	num ray task events failed to report to aggregator: 0
	num of task attempts dropped reported to aggregator: 0
	num of failed requests to aggregator: 0

[2025-12-15 09:31:22,371 I 10972 15964] core_worker.cc:419: Event stats:


Global stats: 5326 total (8 active)
Queueing time: mean = 6.456 ms, max = 85.447 ms, min = -0.003 s, total = 34.385 s
Execution time:  mean = 14.773 ms, total = 78.680 s
Event stats:
	CoreWorker.RecoverObjects - 3314 total (1 active), Execution time: mean = 10.157 us, total = 33.659 ms, Queueing time: mean = 8.645 ms, max = 85.447 ms, min = -0.001 s, total = 28.650 s
	NodeManagerService.grpc_client.ReportWorkerBacklog.OnReplyReceived - 358 total (0 active), Execution time: mean = 26.972 us, total = 9.656 ms, Queueing time: mean = 222.230 us, max = 40.756 ms, min = 7.300 us, total = 79.558 ms
	NodeManagerService.grpc_client.ReportWorkerBacklog - 358 total (0 active), Execution time: mean = 925.536 us, total = 331.342 ms, Queueing time: mean = 0.000 s, max = -0.000 s, min = 9223372036.855 s, total = 0.000 s
	CoreWorker.InternalHeartbeat - 358 total (1 active), Execution time: mean = 341.275 us, total = 122.176 ms, Queueing time: mean = 6.630 ms, max = 62.307 ms, min = -0.000 s, total = 2.374 s
	CoreWorker.ExitIfParentRayletDies - 358 total (1 active), Execution time: mean = 60.148 us, total = 21.533 ms, Queueing time: mean = 6.728 ms, max = 63.484 ms, min = -0.001 s, total = 2.408 s
	CoreWorkerService.grpc_server.PushTask.HandleRequestImpl - 151 total (0 active), Execution time: mean = 38.864 us, total = 5.869 ms, Queueing time: mean = 33.791 us, max = 155.200 us, min = 7.100 us, total = 5.103 ms
	CoreWorkerService.grpc_server.PushTask - 151 total (0 active), Execution time: mean = 517.130 ms, total = 78.087 s, Queueing time: mean = 0.000 s, max = -0.000 s, min = 9223372036.855 s, total = 0.000 s
	CoreWorker.RecordMetrics - 72 total (1 active), Execution time: mean = 166.774 us, total = 12.008 ms, Queueing time: mean = 7.981 ms, max = 34.214 ms, min = -0.000 s, total = 574.659 ms
	NodeManagerService.grpc_client.PinObjectIDs.OnReplyReceived - 37 total (0 active), Execution time: mean = 119.895 us, total = 4.436 ms, Queueing time: mean = 17.824 us, max = 79.300 us, min = 7.800 us, total = 659.500 us
	NodeManagerService.grpc_client.PinObjectIDs - 37 total (0 active), Execution time: mean = 905.732 us, total = 33.512 ms, Queueing time: mean = 0.000 s, max = -0.000 s, min = 9223372036.855 s, total = 0.000 s
	CoreWorkerService.grpc_server.ActorCallArgWaitComplete.HandleRequestImpl - 37 total (0 active), Execution time: mean = 30.932 us, total = 1.145 ms, Queueing time: mean = 25.132 us, max = 151.400 us, min = 7.000 us, total = 929.900 us
	CoreWorkerService.grpc_server.ActorCallArgWaitComplete - 37 total (0 active), Execution time: mean = 146.192 us, total = 5.409 ms, Queueing time: mean = 0.000 s, max = -0.000 s, min = 9223372036.855 s, total = 0.000 s
	CoreWorker.TryDelPendingObjectRefStreams - 36 total (1 active), Execution time: mean = 7.128 us, total = 256.600 us, Queueing time: mean = 6.988 ms, max = 15.788 ms, min = -0.000 s, total = 251.568 ms
	PeriodicalRunner.RunFnPeriodically - 7 total (0 active), Execution time: mean = 320.871 us, total = 2.246 ms, Queueing time: mean = 900.629 us, max = 2.238 ms, min = 9.000 us, total = 6.304 ms
	CoreWorker.PrintEventStats - 6 total (1 active, 1 running), Execution time: mean = 1.332 ms, total = 7.989 ms, Queueing time: mean = 5.675 ms, max = 11.730 ms, min = -0.001 s, total = 34.053 ms
	Publisher.CheckDeadSubscribers - 2 total (1 active), Execution time: mean = 3.950 us, total = 7.900 us, Queueing time: mean = -0.002 s, max = -0.000 s, min = -0.003 s, total = -0.003 s
	ray::rpc::NodeInfoGcsService.grpc_client.GetAllNodeInfo - 1 total (0 active), Execution time: mean = 654.400 us, total = 654.400 us, Queueing time: mean = 0.000 s, max = -0.000 s, min = 9223372036.855 s, total = 0.000 s
	ray::rpc::InternalPubSubGcsService.grpc_client.GcsSubscriberCommandBatch.OnReplyReceived - 1 total (0 active), Execution time: mean = 331.800 us, total = 331.800 us, Queueing time: mean = 2.107 ms, max = 2.107 ms, min = 2.107 ms, total = 2.107 ms
	ray::rpc::NodeInfoGcsService.grpc_client.GetAllNodeInfo.OnReplyReceived - 1 total (0 active), Execution time: mean = 147.900 us, total = 147.900 us, Queueing time: mean = 15.400 us, max = 15.400 us, min = 15.400 us, total = 15.400 us
	ray::rpc::InternalPubSubGcsService.grpc_client.GcsSubscriberPoll - 1 total (1 active), Execution time: mean = 0.000 s, total = 0.000 s, Queueing time: mean = 0.000 s, max = -0.000 s, min = 9223372036.855 s, total = 0.000 s
	ray::rpc::WorkerInfoGcsService.grpc_client.AddWorkerInfo.OnReplyReceived - 1 total (0 active), Execution time: mean = 41.600 us, total = 41.600 us, Queueing time: mean = 2.071 ms, max = 2.071 ms, min = 2.071 ms, total = 2.071 ms
	ray::rpc::InternalPubSubGcsService.grpc_client.GcsSubscriberCommandBatch - 1 total (0 active), Execution time: mean = 372.900 us, total = 372.900 us, Queueing time: mean = 0.000 s, max = -0.000 s, min = 9223372036.855 s, total = 0.000 s
	ray::rpc::WorkerInfoGcsService.grpc_client.AddWorkerInfo - 1 total (0 active), Execution time: mean = 517.400 us, total = 517.400 us, Queueing time: mean = 0.000 s, max = -0.000 s, min = 9223372036.855 s, total = 0.000 s

-----------------
Task execution event stats:

Global stats: 17360 total (1 active)
Queueing time: mean = 10.835 ms, max = 11.918 s, min = -0.008 s, total = 188.089 s
Execution time:  mean = 4.515 ms, total = 78.372 s
Event stats:
	CoreWorker.CheckSignal - 17171 total (1 active), Execution time: mean = 20.623 us, total = 354.117 ms, Queueing time: mean = 10.953 ms, max = 11.918 s, min = -0.008 s, total = 188.082 s
	CoreWorker.HandlePushTaskActor - 150 total (0 active), Execution time: mean = 439.920 ms, total = 65.988 s, Queueing time: mean = 36.095 us, max = 2.220 ms, min = 5.900 us, total = 5.414 ms
	CoreWorker.ArgWaitComplete - 37 total (0 active), Execution time: mean = 2.817 ms, total = 104.230 ms, Queueing time: mean = 38.200 us, max = 260.900 us, min = 6.700 us, total = 1.413 ms
	PeriodicalRunner.RunFnPeriodically - 1 total (0 active), Execution time: mean = 18.500 us, total = 18.500 us, Queueing time: mean = 4.500 us, max = 4.500 us, min = 4.500 us, total = 4.500 us
	CoreWorker.HandlePushTask - 1 total (0 active), Execution time: mean = 11.926 s, total = 11.926 s, Queueing time: mean = 7.400 us, max = 7.400 us, min = 7.400 us, total = 7.400 us

-----------------
Task Event stats:

IO Service Stats:

Global stats: 1075 total (1 active)
Queueing time: mean = 2.184 ms, max = 37.540 ms, min = -0.001 s, total = 2.348 s
Execution time:  mean = 466.250 us, total = 501.219 ms
Event stats:
	ray::rpc::TaskInfoGcsService.grpc_client.AddTaskEventData.OnReplyReceived - 358 total (0 active), Execution time: mean = 31.825 us, total = 11.393 ms, Queueing time: mean = 100.056 us, max = 12.925 ms, min = 5.500 us, total = 35.820 ms
	CoreWorker.deadline_timer.flush_task_events - 358 total (1 active), Execution time: mean = 398.600 us, total = 142.699 ms, Queueing time: mean = 6.458 ms, max = 37.540 ms, min = -0.001 s, total = 2.312 s
	ray::rpc::TaskInfoGcsService.grpc_client.AddTaskEventData - 358 total (0 active), Execution time: mean = 968.315 us, total = 346.657 ms, Queueing time: mean = 0.000 s, max = -0.000 s, min = 9223372036.855 s, total = 0.000 s
	PeriodicalRunner.RunFnPeriodically - 1 total (0 active), Execution time: mean = 469.800 us, total = 469.800 us, Queueing time: mean = 11.300 us, max = 11.300 us, min = 11.300 us, total = 11.300 us
Other Stats:
	gcs_grpc_in_progress:0
	event_aggregator_grpc_in_progress:0
	current number of task status events in buffer: 0
	current number of profile events in buffer: 0
	current number of dropped task attempts tracked: 0
	total task events sent: 0.0616493 MiB
	total number of task attempts sent: 190
	total number of task attempts dropped reported: 0
	total number of sent failure: 0
	num status task events dropped: 0
	num profile task events dropped: 0
	num ray task events reported to aggregator: 0
	num ray task events failed to report to aggregator: 0
	num of task attempts dropped reported to aggregator: 0
	num of failed requests to aggregator: 0

[2025-12-15 09:32:22,384 I 10972 15964] core_worker.cc:419: Event stats:


Global stats: 6222 total (8 active)
Queueing time: mean = 6.462 ms, max = 85.447 ms, min = -0.003 s, total = 40.208 s
Execution time:  mean = 14.722 ms, total = 91.601 s
Event stats:
	CoreWorker.RecoverObjects - 3867 total (1 active), Execution time: mean = 9.809 us, total = 37.929 ms, Queueing time: mean = 8.644 ms, max = 85.447 ms, min = -0.001 s, total = 33.427 s
	NodeManagerService.grpc_client.ReportWorkerBacklog.OnReplyReceived - 418 total (0 active), Execution time: mean = 26.668 us, total = 11.147 ms, Queueing time: mean = 195.866 us, max = 40.756 ms, min = 5.700 us, total = 81.872 ms
	NodeManagerService.grpc_client.ReportWorkerBacklog - 418 total (0 active), Execution time: mean = 906.633 us, total = 378.972 ms, Queueing time: mean = 0.000 s, max = -0.000 s, min = 9223372036.855 s, total = 0.000 s
	CoreWorker.InternalHeartbeat - 418 total (1 active), Execution time: mean = 327.587 us, total = 136.931 ms, Queueing time: mean = 6.716 ms, max = 62.307 ms, min = -0.000 s, total = 2.807 s
	CoreWorker.ExitIfParentRayletDies - 418 total (1 active), Execution time: mean = 61.216 us, total = 25.588 ms, Queueing time: mean = 6.749 ms, max = 63.484 ms, min = -0.001 s, total = 2.821 s
	CoreWorkerService.grpc_server.PushTask.HandleRequestImpl - 179 total (0 active), Execution time: mean = 40.296 us, total = 7.213 ms, Queueing time: mean = 33.050 us, max = 155.200 us, min = 7.100 us, total = 5.916 ms
	CoreWorkerService.grpc_server.PushTask - 179 total (0 active), Execution time: mean = 507.955 ms, total = 90.924 s, Queueing time: mean = 0.000 s, max = -0.000 s, min = 9223372036.855 s, total = 0.000 s
	CoreWorker.RecordMetrics - 84 total (1 active), Execution time: mean = 164.573 us, total = 13.824 ms, Queueing time: mean = 8.153 ms, max = 34.214 ms, min = -0.000 s, total = 684.852 ms
	NodeManagerService.grpc_client.PinObjectIDs.OnReplyReceived - 44 total (0 active), Execution time: mean = 118.475 us, total = 5.213 ms, Queueing time: mean = 18.552 us, max = 79.300 us, min = 7.500 us, total = 816.300 us
	NodeManagerService.grpc_client.PinObjectIDs - 44 total (0 active), Execution time: mean = 899.439 us, total = 39.575 ms, Queueing time: mean = 0.000 s, max = -0.000 s, min = 9223372036.855 s, total = 0.000 s
	CoreWorkerService.grpc_server.ActorCallArgWaitComplete.HandleRequestImpl - 44 total (0 active), Execution time: mean = 30.782 us, total = 1.354 ms, Queueing time: mean = 24.982 us, max = 151.400 us, min = 7.000 us, total = 1.099 ms
	CoreWorkerService.grpc_server.ActorCallArgWaitComplete - 44 total (0 active), Execution time: mean = 144.532 us, total = 6.359 ms, Queueing time: mean = 0.000 s, max = -0.000 s, min = 9223372036.855 s, total = 0.000 s
	CoreWorker.TryDelPendingObjectRefStreams - 42 total (1 active), Execution time: mean = 7.283 us, total = 305.900 us, Queueing time: mean = 7.748 ms, max = 16.022 ms, min = -0.000 s, total = 325.406 ms
	CoreWorker.PrintEventStats - 7 total (1 active, 1 running), Execution time: mean = 1.267 ms, total = 8.872 ms, Queueing time: mean = 6.560 ms, max = 11.870 ms, min = -0.001 s, total = 45.923 ms
	PeriodicalRunner.RunFnPeriodically - 7 total (0 active), Execution time: mean = 320.871 us, total = 2.246 ms, Queueing time: mean = 900.629 us, max = 2.238 ms, min = 9.000 us, total = 6.304 ms
	Publisher.CheckDeadSubscribers - 2 total (1 active), Execution time: mean = 3.950 us, total = 7.900 us, Queueing time: mean = -0.002 s, max = -0.000 s, min = -0.003 s, total = -0.003 s
	ray::rpc::NodeInfoGcsService.grpc_client.GetAllNodeInfo - 1 total (0 active), Execution time: mean = 654.400 us, total = 654.400 us, Queueing time: mean = 0.000 s, max = -0.000 s, min = 9223372036.855 s, total = 0.000 s
	ray::rpc::InternalPubSubGcsService.grpc_client.GcsSubscriberCommandBatch.OnReplyReceived - 1 total (0 active), Execution time: mean = 331.800 us, total = 331.800 us, Queueing time: mean = 2.107 ms, max = 2.107 ms, min = 2.107 ms, total = 2.107 ms
	ray::rpc::NodeInfoGcsService.grpc_client.GetAllNodeInfo.OnReplyReceived - 1 total (0 active), Execution time: mean = 147.900 us, total = 147.900 us, Queueing time: mean = 15.400 us, max = 15.400 us, min = 15.400 us, total = 15.400 us
	ray::rpc::InternalPubSubGcsService.grpc_client.GcsSubscriberPoll - 1 total (1 active), Execution time: mean = 0.000 s, total = 0.000 s, Queueing time: mean = 0.000 s, max = -0.000 s, min = 9223372036.855 s, total = 0.000 s
	ray::rpc::WorkerInfoGcsService.grpc_client.AddWorkerInfo.OnReplyReceived - 1 total (0 active), Execution time: mean = 41.600 us, total = 41.600 us, Queueing time: mean = 2.071 ms, max = 2.071 ms, min = 2.071 ms, total = 2.071 ms
	ray::rpc::InternalPubSubGcsService.grpc_client.GcsSubscriberCommandBatch - 1 total (0 active), Execution time: mean = 372.900 us, total = 372.900 us, Queueing time: mean = 0.000 s, max = -0.000 s, min = 9223372036.855 s, total = 0.000 s
	ray::rpc::WorkerInfoGcsService.grpc_client.AddWorkerInfo - 1 total (0 active), Execution time: mean = 517.400 us, total = 517.400 us, Queueing time: mean = 0.000 s, max = -0.000 s, min = 9223372036.855 s, total = 0.000 s

-----------------
Task execution event stats:

Global stats: 20285 total (1 active)
Queueing time: mean = 10.804 ms, max = 11.918 s, min = -0.008 s, total = 219.159 s
Execution time:  mean = 4.499 ms, total = 91.256 s
Event stats:
	CoreWorker.CheckSignal - 20061 total (1 active), Execution time: mean = 20.420 us, total = 409.637 ms, Queueing time: mean = 10.924 ms, max = 11.918 s, min = -0.008 s, total = 219.151 s
	CoreWorker.HandlePushTaskActor - 178 total (0 active), Execution time: mean = 442.682 ms, total = 78.797 s, Queueing time: mean = 34.705 us, max = 2.220 ms, min = 5.900 us, total = 6.178 ms
	CoreWorker.ArgWaitComplete - 44 total (0 active), Execution time: mean = 2.800 ms, total = 123.205 ms, Queueing time: mean = 34.982 us, max = 260.900 us, min = 6.700 us, total = 1.539 ms
	PeriodicalRunner.RunFnPeriodically - 1 total (0 active), Execution time: mean = 18.500 us, total = 18.500 us, Queueing time: mean = 4.500 us, max = 4.500 us, min = 4.500 us, total = 4.500 us
	CoreWorker.HandlePushTask - 1 total (0 active), Execution time: mean = 11.926 s, total = 11.926 s, Queueing time: mean = 7.400 us, max = 7.400 us, min = 7.400 us, total = 7.400 us

-----------------
Task Event stats:

IO Service Stats:

Global stats: 1255 total (1 active)
Queueing time: mean = 2.235 ms, max = 37.540 ms, min = -0.001 s, total = 2.805 s
Execution time:  mean = 448.892 us, total = 563.360 ms
Event stats:
	ray::rpc::TaskInfoGcsService.grpc_client.AddTaskEventData.OnReplyReceived - 418 total (0 active), Execution time: mean = 31.264 us, total = 13.068 ms, Queueing time: mean = 90.848 us, max = 12.925 ms, min = 5.500 us, total = 37.974 ms
	CoreWorker.deadline_timer.flush_task_events - 418 total (1 active), Execution time: mean = 381.975 us, total = 159.666 ms, Queueing time: mean = 6.619 ms, max = 37.540 ms, min = -0.001 s, total = 2.767 s
	ray::rpc::TaskInfoGcsService.grpc_client.AddTaskEventData - 418 total (0 active), Execution time: mean = 933.387 us, total = 390.156 ms, Queueing time: mean = 0.000 s, max = -0.000 s, min = 9223372036.855 s, total = 0.000 s
	PeriodicalRunner.RunFnPeriodically - 1 total (0 active), Execution time: mean = 469.800 us, total = 469.800 us, Queueing time: mean = 11.300 us, max = 11.300 us, min = 11.300 us, total = 11.300 us
Other Stats:
	gcs_grpc_in_progress:0
	event_aggregator_grpc_in_progress:0
	current number of task status events in buffer: 0
	current number of profile events in buffer: 0
	current number of dropped task attempts tracked: 0
	total task events sent: 0.0732403 MiB
	total number of task attempts sent: 227
	total number of task attempts dropped reported: 0
	total number of sent failure: 0
	num status task events dropped: 0
	num profile task events dropped: 0
	num ray task events reported to aggregator: 0
	num ray task events failed to report to aggregator: 0
	num of task attempts dropped reported to aggregator: 0
	num of failed requests to aggregator: 0

[2025-12-15 09:33:14,809 I 10972 15964] core_worker.cc:4084: Force kill actor request has received. exiting immediately... The actor is dead because it was killed by `ray.kill`.
[2025-12-15 09:33:14,809 W 10972 15964] core_worker.cc:744: Force exit the process.  Details: Worker exits because the actor is killed. The actor is dead because it was killed by `ray.kill`.
[2025-12-15 09:33:14,845 I 10972 15964] core_worker.cc:580: Sending disconnect message to the local raylet.
[2025-12-15 09:33:14,846 I 10972 15964] raylet_ipc_client.cc:113: RayletIpcClient::Disconnect, exit_type=INTENDED_SYSTEM_EXIT, exit_detail=Worker exits because the actor is killed. The actor is dead because it was killed by `ray.kill`., has creation_task_exception_pb_bytes=0
[2025-12-15 09:33:14,846 W 10972 15964] core_worker.cc:587: Failed to disconnect from the local raylet: IOError: Unknown error
