[2025-12-15 09:25:07,650 I 2252 20328] core_worker_process.cc:739: Constructing CoreWorkerProcess. pid: 2252
[2025-12-15 09:25:07,654 I 2252 20328] io_service_pool.cc:37: IOServicePool is running with 1 io_service.
[2025-12-15 09:25:07,661 I 2252 20328] event.cc:493: Ray Event initialized for CORE_WORKER
[2025-12-15 09:25:07,662 I 2252 20328] event.cc:493: Ray Event initialized for EXPORT_TASK
[2025-12-15 09:25:07,662 I 2252 20328] event.cc:326: Set ray event level to warning
[2025-12-15 09:25:07,662 I 2252 20328] event_aggregator_client.h:50: Initiating the local event aggregator client with port: 63644
[2025-12-15 09:25:07,665 I 2252 20328] grpc_server.cc:141: worker server started, listening on port 61209.
[2025-12-15 09:25:07,667 I 2252 20328] core_worker_process.cc:269: Initializing worker at address: 127.0.0.1:61209 worker_id=5ea669b3bede62022539321cf6ef489646baa7f697470f8fab4b6140 node_id=d674d42f55fa1a681e48a93d8d758a51cc1e6752ad6d71107a5f34fe
[2025-12-15 09:25:07,669 I 2252 20328] task_event_buffer.cc:445: Reporting task events to GCS every 1000ms.
[2025-12-15 09:25:07,672 I 2252 24620] core_worker.cc:419: Event stats:


Global stats: 13 total (10 active)
Queueing time: mean = 3.223 us, max = 32.200 us, min = 9.700 us, total = 41.900 us
Execution time:  mean = 53.508 us, total = 695.600 us
Event stats:
	PeriodicalRunner.RunFnPeriodically - 7 total (5 active, 1 running), Execution time: mean = 9.314 us, total = 65.200 us, Queueing time: mean = 5.986 us, max = 32.200 us, min = 9.700 us, total = 41.900 us
	Publisher.CheckDeadSubscribers - 1 total (1 active), Execution time: mean = 0.000 s, total = 0.000 s, Queueing time: mean = 0.000 s, max = -0.000 s, min = 9223372036.855 s, total = 0.000 s
	ray::rpc::InternalPubSubGcsService.grpc_client.GcsSubscriberCommandBatch - 1 total (1 active), Execution time: mean = 0.000 s, total = 0.000 s, Queueing time: mean = 0.000 s, max = -0.000 s, min = 9223372036.855 s, total = 0.000 s
	CoreWorker.ExitIfParentRayletDies - 1 total (1 active), Execution time: mean = 0.000 s, total = 0.000 s, Queueing time: mean = 0.000 s, max = -0.000 s, min = 9223372036.855 s, total = 0.000 s
	ray::rpc::WorkerInfoGcsService.grpc_client.AddWorkerInfo - 1 total (0 active), Execution time: mean = 630.400 us, total = 630.400 us, Queueing time: mean = 0.000 s, max = -0.000 s, min = 9223372036.855 s, total = 0.000 s
	ray::rpc::WorkerInfoGcsService.grpc_client.AddWorkerInfo.OnReplyReceived - 1 total (1 active), Execution time: mean = 0.000 s, total = 0.000 s, Queueing time: mean = 0.000 s, max = -0.000 s, min = 9223372036.855 s, total = 0.000 s
	ray::rpc::InternalPubSubGcsService.grpc_client.GcsSubscriberPoll - 1 total (1 active), Execution time: mean = 0.000 s, total = 0.000 s, Queueing time: mean = 0.000 s, max = -0.000 s, min = 9223372036.855 s, total = 0.000 s

-----------------
Task execution event stats:

Global stats: 0 total (0 active)
Queueing time: mean = -nan(ind) s, max = -0.000 s, min = 9223372036.855 s, total = 0.000 s
Execution time:  mean = -nan(ind) s, total = 0.000 s
Event stats:

-----------------
Task Event stats:

IO Service Stats:

Global stats: 4 total (1 active)
Queueing time: mean = 7.250 us, max = 19.500 us, min = 9.500 us, total = 29.000 us
Execution time:  mean = 310.775 us, total = 1.243 ms
Event stats:
	CoreWorker.deadline_timer.flush_task_events - 1 total (1 active), Execution time: mean = 0.000 s, total = 0.000 s, Queueing time: mean = 0.000 s, max = -0.000 s, min = 9223372036.855 s, total = 0.000 s
	PeriodicalRunner.RunFnPeriodically - 1 total (0 active), Execution time: mean = 426.800 us, total = 426.800 us, Queueing time: mean = 9.500 us, max = 9.500 us, min = 9.500 us, total = 9.500 us
	ray::rpc::TaskInfoGcsService.grpc_client.AddTaskEventData - 1 total (0 active), Execution time: mean = 780.700 us, total = 780.700 us, Queueing time: mean = 0.000 s, max = -0.000 s, min = 9223372036.855 s, total = 0.000 s
	ray::rpc::TaskInfoGcsService.grpc_client.AddTaskEventData.OnReplyReceived - 1 total (0 active), Execution time: mean = 35.600 us, total = 35.600 us, Queueing time: mean = 19.500 us, max = 19.500 us, min = 19.500 us, total = 19.500 us
Other Stats:
	gcs_grpc_in_progress:0
	event_aggregator_grpc_in_progress:0
	current number of task status events in buffer: 0
	current number of profile events in buffer: 0
	current number of dropped task attempts tracked: 0
	total task events sent: 0 MiB
	total number of task attempts sent: 0
	total number of task attempts dropped reported: 0
	total number of sent failure: 0
	num status task events dropped: 0
	num profile task events dropped: 0
	num ray task events reported to aggregator: 0
	num ray task events failed to report to aggregator: 0
	num of task attempts dropped reported to aggregator: 0
	num of failed requests to aggregator: 0

[2025-12-15 09:25:07,674 I 2252 24620] accessor.cc:743: Received notification for node, IsAlive = 1 node_id=d674d42f55fa1a681e48a93d8d758a51cc1e6752ad6d71107a5f34fe
[2025-12-15 09:25:07,674 I 2252 24620] normal_task_submitter.cc:833: Number of alive nodes:1
[2025-12-15 09:25:08,846 I 2252 24620] core_worker.cc:653: Exit signal received, this process will exit after all outstanding tasks have finished, exit_type=INTENDED_SYSTEM_EXIT, detail=Worker exits because it was idle (it doesn't have objects it owns while no task or actor has been scheduled) for a long time.
[2025-12-15 09:25:08,846 I 2252 20328] core_worker.cc:689: Wait for currently executing tasks in the underlying thread pools to finish.
[2025-12-15 09:25:08,846 I 2252 20328] core_worker.cc:723: Releasing local references, then draining reference counter.
[2025-12-15 09:25:08,848 I 2252 20328] core_worker.cc:580: Sending disconnect message to the local raylet.
[2025-12-15 09:25:08,848 I 2252 20328] raylet_ipc_client.cc:113: RayletIpcClient::Disconnect, exit_type=INTENDED_SYSTEM_EXIT, exit_detail=Worker exits because it was idle (it doesn't have objects it owns while no task or actor has been scheduled) for a long time., has creation_task_exception_pb_bytes=0
[2025-12-15 09:25:08,849 I 2252 20328] core_worker.cc:585: Disconnected from the local raylet.
[2025-12-15 09:25:08,849 I 2252 20328] core_worker.cc:502: Shutting down.
[2025-12-15 09:25:08,849 I 2252 20328] task_event_buffer.cc:456: Shutting down TaskEventBuffer.
[2025-12-15 09:25:08,849 I 2252 24712] task_event_buffer.cc:424: Task event buffer io service stopped.
[2025-12-15 09:25:08,850 I 2252 20328] core_worker.cc:520: Waiting for joining a core worker io thread. If it hangs here, there might be deadlock or a high load in the core worker io service.
[2025-12-15 09:25:08,850 I 2252 24620] core_worker_process.cc:203: Core worker main io service stopped.
[2025-12-15 09:25:08,852 I 2252 20328] core_worker.cc:532: Disconnecting a GCS client.
[2025-12-15 09:25:08,852 I 2252 20328] core_worker.cc:539: Core worker ready to be deallocated.
[2025-12-15 09:25:08,852 I 2252 20328] core_worker_process.cc:892: Task execution loop terminated. Removing the global worker.
[2025-12-15 09:25:08,852 I 2252 20328] core_worker.cc:493: Core worker is destructed
[2025-12-15 09:25:08,852 I 2252 20328] task_event_buffer.cc:456: Shutting down TaskEventBuffer.
[2025-12-15 09:25:09,108 I 2252 20328] core_worker_process.cc:788: Destructing CoreWorkerProcessImpl. pid: 2252
[2025-12-15 09:25:09,108 I 2252 20328] io_service_pool.cc:49: IOServicePool is stopped.
[2025-12-15 09:25:09,458 I 2252 20328] stats.h:143: Stats module has shutdown.
[2025-12-15 09:25:09,505 W 2252 20328] core_worker_process.cc:802: The core worker process is not initialized yet or already shutdown.
